4.575  C  100/x     -100  -652.5767   -662.52927  9.95257
4.575  C  100/x     -95   -654.01835  -662.52927  8.51092
4.575  C  100/x     -90   -655.28086  -662.52927  7.24841
4.575  C  100/x     -85   -656.38595  -662.52927  6.14332
4.575  C  100/x     -80   -657.35172  -662.52927  5.17755
4.575  C  100/x     -75   -658.19363  -662.52927  4.33564
4.575  C  100/x     -70   -658.92526  -662.52927  3.60401
4.575  C  100/x     -65   -659.55878  -662.52927  2.97049
4.575  C  100/x     -60   -660.10512  -662.52927  2.42415
4.575  C  100/x     -55   -660.57416  -662.52927  1.95511
4.575  C  100/x     -50   -660.97472  -662.52927  1.55455
4.575  C  100/x     -45   -661.3147   -662.52927  1.21457
4.575  C  100/x     -40   -661.60104  -662.52927  0.92823
4.575  C  100/x     -35   -661.83985  -662.52927  0.68942
4.575  C  100/x     -30   -662.03638  -662.52927  0.49289
4.575  C  100/x     -25   -662.19514  -662.52927  0.33413
4.575  C  100/x     -20   -662.31987  -662.52927  0.2094
4.575  C  100/x     -15   -662.41363  -662.52927  0.11564
4.575  C  100/x     -14   -662.42888  -662.52927  0.10039
4.575  C  100/x     -13   -662.443    -662.52927  0.08627
4.575  C  100/x     -12   -662.45602  -662.52927  0.07325
4.575  C  100/x     -11   -662.46793  -662.52927  0.06134
4.575  C  100/x     -10   -662.47875  -662.52927  0.05052
4.575  C  100/x     -9    -662.48851  -662.52927  0.04076
4.575  C  100/x     -8    -662.49719  -662.52927  0.03208
4.575  C  100/x     -7    -662.50482  -662.52927  0.02445
4.575  C  100/x     -6    -662.5114   -662.52927  0.01787
4.575  C  100/x     -5    -662.51695  -662.52927  0.01232
4.575  C  100/x     -4    -662.52146  -662.52927  0.00781
4.575  C  100/x     -3    -662.52494  -662.52927  0.00433
4.575  C  100/x     -2    -662.52741  -662.52927  0.00186
4.575  C  100/x     -1    -662.52885  -662.52927  0.00042
4.575  C  100/x     0     -662.52927  -662.52927  0
4.575  C  100/x     1     -662.52868  -662.52927  0.00059
4.575  C  100/x     2     -662.52708  -662.52927  0.00219
4.575  C  100/x     3     -662.52446  -662.52927  0.00481
4.575  C  100/x     4     -662.52083  -662.52927  0.00844
4.575  C  100/x     5     -662.51617  -662.52927  0.0131
4.575  C  100/x     6     -662.5105   -662.52927  0.01877
4.575  C  100/x     7     -662.50379  -662.52927  0.02548
4.575  C  100/x     8     -662.49606  -662.52927  0.03321
4.575  C  100/x     9     -662.48729  -662.52927  0.04198
4.575  C  100/x     10    -662.47747  -662.52927  0.0518
4.575  C  100/x     11    -662.4666   -662.52927  0.06267
4.575  C  100/x     12    -662.45467  -662.52927  0.0746
4.575  C  100/x     13    -662.44167  -662.52927  0.0876
4.575  C  100/x     14    -662.42758  -662.52927  0.10169
4.575  C  100/x     15    -662.41239  -662.52927  0.11688
4.575  C  100/x     20    -662.31951  -662.52927  0.20976
4.575  C  100/x     25    -662.19675  -662.52927  0.33252
4.575  C  100/x     30    -662.04139  -662.52927  0.48788
4.575  C  100/x     35    -661.84998  -662.52927  0.67929
4.575  C  100/x     40    -661.61837  -662.52927  0.9109
4.575  C  100/x     45    -661.34161  -662.52927  1.18766
4.575  C  100/x     50    -661.014    -662.52927  1.51527
4.575  C  100/x     55    -660.62899  -662.52927  1.90028
4.575  C  100/x     60    -660.17912  -662.52927  2.35015
4.575  C  100/x     65    -659.65598  -662.52927  2.87329
4.575  C  100/x     70    -659.05016  -662.52927  3.47911
4.575  C  100/x     75    -658.35115  -662.52927  4.17812
4.575  C  100/x     80    -657.54733  -662.52927  4.98194
4.575  C  100/x     85    -656.62575  -662.52927  5.90352
4.575  C  100/x     90    -655.57195  -662.52927  6.95732
4.575  C  100/x     95    -654.3693   -662.52927  8.15997
4.575  C  100/x     100   -652.99806  -662.52927  9.53121
4.575  C  110/xy    -100  -656.88079  -662.52927  5.64848
4.575  C  110/xy    -95   -657.43507  -662.52927  5.0942
4.575  C  110/xy    -90   -657.96587  -662.52927  4.5634
4.575  C  110/xy    -85   -658.47067  -662.52927  4.0586
4.575  C  110/xy    -80   -658.94756  -662.52927  3.58171
4.575  C  110/xy    -75   -659.39515  -662.52927  3.13412
4.575  C  110/xy    -70   -659.81252  -662.52927  2.71675
4.575  C  110/xy    -65   -660.19915  -662.52927  2.33012
4.575  C  110/xy    -60   -660.5548   -662.52927  1.97447
4.575  C  110/xy    -55   -660.87951  -662.52927  1.64976
4.575  C  110/xy    -50   -661.17352  -662.52927  1.35575
4.575  C  110/xy    -45   -661.43719  -662.52927  1.09208
4.575  C  110/xy    -40   -661.67101  -662.52927  0.85826
4.575  C  110/xy    -35   -661.87553  -662.52927  0.65374
4.575  C  110/xy    -30   -662.05129  -662.52927  0.47798
4.575  C  110/xy    -25   -662.19885  -662.52927  0.33042
4.575  C  110/xy    -20   -662.31873  -662.52927  0.21054
4.575  C  110/xy    -15   -662.41138  -662.52927  0.11789
4.575  C  110/xy    -14   -662.42668  -662.52927  0.10259
4.575  C  110/xy    -13   -662.4409   -662.52927  0.08837
4.575  C  110/xy    -12   -662.45406  -662.52927  0.07521
4.575  C  110/xy    -11   -662.46615  -662.52927  0.06312
4.575  C  110/xy    -10   -662.47718  -662.52927  0.05209
4.575  C  110/xy    -9    -662.48714  -662.52927  0.04213
4.575  C  110/xy    -8    -662.49605  -662.52927  0.03322
4.575  C  110/xy    -7    -662.50389  -662.52927  0.02538
4.575  C  110/xy    -6    -662.51068  -662.52927  0.01859
4.575  C  110/xy    -5    -662.51641  -662.52927  0.01286
4.575  C  110/xy    -4    -662.52109  -662.52927  0.00818
4.575  C  110/xy    -3    -662.52471  -662.52927  0.00456
4.575  C  110/xy    -2    -662.52729  -662.52927  0.00198
4.575  C  110/xy    -1    -662.52881  -662.52927  0.00046
4.575  C  110/xy    0     -662.52927  -662.52927  0
4.575  C  110/xy    1     -662.52869  -662.52927  0.00058
4.575  C  110/xy    2     -662.52705  -662.52927  0.00222
4.575  C  110/xy    3     -662.52437  -662.52927  0.0049
4.575  C  110/xy    4     -662.52063  -662.52927  0.00864
4.575  C  110/xy    5     -662.51584  -662.52927  0.01343
4.575  C  110/xy    6     -662.50999  -662.52927  0.01928
4.575  C  110/xy    7     -662.5031   -662.52927  0.02617
4.575  C  110/xy    8     -662.49514  -662.52927  0.03413
4.575  C  110/xy    9     -662.48614  -662.52927  0.04313
4.575  C  110/xy    10    -662.47607  -662.52927  0.0532
4.575  C  110/xy    11    -662.46495  -662.52927  0.06432
4.575  C  110/xy    12    -662.45277  -662.52927  0.0765
4.575  C  110/xy    13    -662.43952  -662.52927  0.08975
4.575  C  110/xy    14    -662.42521  -662.52927  0.10406
4.575  C  110/xy    15    -662.40984  -662.52927  0.11943
4.575  C  110/xy    20    -662.3169   -662.52927  0.21237
4.575  C  110/xy    25    -662.19693  -662.52927  0.33234
4.575  C  110/xy    30    -662.04952  -662.52927  0.47975
4.575  C  110/xy    35    -661.8742   -662.52927  0.65507
4.575  C  110/xy    40    -661.67045  -662.52927  0.85882
4.575  C  110/xy    45    -661.43773  -662.52927  1.09154
4.575  C  110/xy    50    -661.17549  -662.52927  1.35378
4.575  C  110/xy    55    -660.88327  -662.52927  1.646
4.575  C  110/xy    60    -660.56066  -662.52927  1.96861
4.575  C  110/xy    65    -660.20742  -662.52927  2.32185
4.575  C  110/xy    70    -659.82349  -662.52927  2.70578
4.575  C  110/xy    75    -659.40905  -662.52927  3.12022
4.575  C  110/xy    80    -658.96458  -662.52927  3.56469
4.575  C  110/xy    85    -658.49092  -662.52927  4.03835
4.575  C  110/xy    90    -657.98935  -662.52927  4.53992
4.575  C  110/xy    95    -657.46164  -662.52927  5.06763
4.575  C  110/xy    100   -656.91015  -662.52927  5.61912
4.575  C  110/xz    -100  -657.81707  -662.52927  4.7122
4.575  C  110/xz    -95   -658.25042  -662.52927  4.27885
4.575  C  110/xz    -90   -658.67104  -662.52927  3.85823
4.575  C  110/xz    -85   -659.07614  -662.52927  3.45313
4.575  C  110/xz    -80   -659.46335  -662.52927  3.06592
4.575  C  110/xz    -75   -659.83082  -662.52927  2.69845
4.575  C  110/xz    -70   -660.17706  -662.52927  2.35221
4.575  C  110/xz    -65   -660.50093  -662.52927  2.02834
4.575  C  110/xz    -60   -660.80163  -662.52927  1.72764
4.575  C  110/xz    -55   -661.07858  -662.52927  1.45069
4.575  C  110/xz    -50   -661.33144  -662.52927  1.19783
4.575  C  110/xz    -45   -661.56002  -662.52927  0.96925
4.575  C  110/xz    -40   -661.76426  -662.52927  0.76501
4.575  C  110/xz    -35   -661.9442   -662.52927  0.58507
4.575  C  110/xz    -30   -662.0999   -662.52927  0.42937
4.575  C  110/xz    -25   -662.23147  -662.52927  0.2978
4.575  C  110/xz    -20   -662.339    -662.52927  0.19027
4.575  C  110/xz    -15   -662.42255  -662.52927  0.10672
4.575  C  110/xz    -14   -662.43638  -662.52927  0.09289
4.575  C  110/xz    -13   -662.44926  -662.52927  0.08001
4.575  C  110/xz    -12   -662.46118  -662.52927  0.06809
4.575  C  110/xz    -11   -662.47214  -662.52927  0.05713
4.575  C  110/xz    -10   -662.48215  -662.52927  0.04712
4.575  C  110/xz    -9    -662.49119  -662.52927  0.03808
4.575  C  110/xz    -8    -662.49927  -662.52927  0.03
4.575  C  110/xz    -7    -662.5064   -662.52927  0.02287
4.575  C  110/xz    -6    -662.51256  -662.52927  0.01671
4.575  C  110/xz    -5    -662.51776  -662.52927  0.01151
4.575  C  110/xz    -4    -662.52199  -662.52927  0.00728
4.575  C  110/xz    -3    -662.52526  -662.52927  0.00401
4.575  C  110/xz    -2    -662.52757  -662.52927  0.0017
4.575  C  110/xz    -1    -662.52891  -662.52927  0.00036
4.575  C  110/xz    0     -662.52927  -662.52927  0
4.575  C  110/xz    1     -662.52867  -662.52927  0.0006
4.575  C  110/xz    2     -662.5271   -662.52927  0.00217
4.575  C  110/xz    3     -662.52455  -662.52927  0.00472
4.575  C  110/xz    4     -662.52102  -662.52927  0.00825
4.575  C  110/xz    5     -662.51652  -662.52927  0.01275
4.575  C  110/xz    6     -662.51103  -662.52927  0.01824
4.575  C  110/xz    7     -662.50456  -662.52927  0.02471
4.575  C  110/xz    8     -662.49711  -662.52927  0.03216
4.575  C  110/xz    9     -662.48866  -662.52927  0.04061
4.575  C  110/xz    10    -662.47923  -662.52927  0.05004
4.575  C  110/xz    11    -662.4688   -662.52927  0.06047
4.575  C  110/xz    12    -662.45737  -662.52927  0.0719
4.575  C  110/xz    13    -662.44494  -662.52927  0.08433
4.575  C  110/xz    14    -662.4315   -662.52927  0.09777
4.575  C  110/xz    15    -662.41706  -662.52927  0.11221
4.575  C  110/xz    20    -662.32959  -662.52927  0.19968
4.575  C  110/xz    25    -662.21631  -662.52927  0.31296
4.575  C  110/xz    30    -662.07667  -662.52927  0.4526
4.575  C  110/xz    35    -661.91001  -662.52927  0.61926
4.575  C  110/xz    40    -661.71566  -662.52927  0.81361
4.575  C  110/xz    45    -661.49291  -662.52927  1.03636
4.575  C  110/xz    50    -661.24106  -662.52927  1.28821
4.575  C  110/xz    55    -660.95945  -662.52927  1.56982
4.575  C  110/xz    60    -660.6475   -662.52927  1.88177
4.575  C  110/xz    65    -660.30475  -662.52927  2.22452
4.575  C  110/xz    70    -659.93093  -662.52927  2.59834
4.575  C  110/xz    75    -659.52596  -662.52927  3.00331
4.575  C  110/xz    80    -659.09007  -662.52927  3.4392
4.575  C  110/xz    85    -658.62382  -662.52927  3.90545
4.575  C  110/xz    90    -658.1282   -662.52927  4.40107
4.575  C  110/xz    95    -657.60466  -662.52927  4.92461
4.575  C  110/xz    100   -657.05524  -662.52927  5.47403
4.575  C  111/bxyz  -100  -657.90631  -662.52927  4.62296
4.575  C  111/bxyz  -95   -658.27805  -662.52927  4.25122
4.575  C  111/bxyz  -90   -658.64835  -662.52927  3.88092
4.575  C  111/bxyz  -85   -659.01407  -662.52927  3.5152
4.575  C  111/bxyz  -80   -659.37224  -662.52927  3.15703
4.575  C  111/bxyz  -75   -659.72015  -662.52927  2.80912
4.575  C  111/bxyz  -70   -660.05527  -662.52927  2.474
4.575  C  111/bxyz  -65   -660.37534  -662.52927  2.15393
4.575  C  111/bxyz  -60   -660.67832  -662.52927  1.85095
4.575  C  111/bxyz  -55   -660.96242  -662.52927  1.56685
4.575  C  111/bxyz  -50   -661.22606  -662.52927  1.30321
4.575  C  111/bxyz  -45   -661.4679   -662.52927  1.06137
4.575  C  111/bxyz  -40   -661.68677  -662.52927  0.8425
4.575  C  111/bxyz  -35   -661.88175  -662.52927  0.64752
4.575  C  111/bxyz  -30   -662.05203  -662.52927  0.47724
4.575  C  111/bxyz  -25   -662.19701  -662.52927  0.33226
4.575  C  111/bxyz  -20   -662.3162   -662.52927  0.21307
4.575  C  111/bxyz  -15   -662.40924  -662.52927  0.12003
4.575  C  111/bxyz  -14   -662.42468  -662.52927  0.10459
4.575  C  111/bxyz  -13   -662.43907  -662.52927  0.0902
4.575  C  111/bxyz  -12   -662.4524   -662.52927  0.07687
4.575  C  111/bxyz  -11   -662.46467  -662.52927  0.0646
4.575  C  111/bxyz  -10   -662.47587  -662.52927  0.0534
4.575  C  111/bxyz  -9    -662.48601  -662.52927  0.04326
4.575  C  111/bxyz  -8    -662.49509  -662.52927  0.03418
4.575  C  111/bxyz  -7    -662.50309  -662.52927  0.02618
4.575  C  111/bxyz  -6    -662.51004  -662.52927  0.01923
4.575  C  111/bxyz  -5    -662.51591  -662.52927  0.01336
4.575  C  111/bxyz  -4    -662.52072  -662.52927  0.00855
4.575  C  111/bxyz  -3    -662.52446  -662.52927  0.00481
4.575  C  111/bxyz  -2    -662.52714  -662.52927  0.00213
4.575  C  111/bxyz  -1    -662.52874  -662.52927  0.00053
4.575  C  111/bxyz  0     -662.52927  -662.52927  0
4.575  C  111/bxyz  1     -662.52874  -662.52927  0.00053
4.575  C  111/bxyz  2     -662.52714  -662.52927  0.00213
4.575  C  111/bxyz  3     -662.52446  -662.52927  0.00481
4.575  C  111/bxyz  4     -662.52072  -662.52927  0.00855
4.575  C  111/bxyz  5     -662.51591  -662.52927  0.01336
4.575  C  111/bxyz  6     -662.51004  -662.52927  0.01923
4.575  C  111/bxyz  7     -662.50309  -662.52927  0.02618
4.575  C  111/bxyz  8     -662.49509  -662.52927  0.03418
4.575  C  111/bxyz  9     -662.48601  -662.52927  0.04326
4.575  C  111/bxyz  10    -662.47587  -662.52927  0.0534
4.575  C  111/bxyz  11    -662.46467  -662.52927  0.0646
4.575  C  111/bxyz  12    -662.4524   -662.52927  0.07687
4.575  C  111/bxyz  13    -662.43907  -662.52927  0.0902
4.575  C  111/bxyz  14    -662.42468  -662.52927  0.10459
4.575  C  111/bxyz  15    -662.40924  -662.52927  0.12003
4.575  C  111/bxyz  20    -662.3162   -662.52927  0.21307
4.575  C  111/bxyz  25    -662.19701  -662.52927  0.33226
4.575  C  111/bxyz  30    -662.05203  -662.52927  0.47724
4.575  C  111/bxyz  35    -661.88175  -662.52927  0.64752
4.575  C  111/bxyz  40    -661.68677  -662.52927  0.8425
4.575  C  111/bxyz  45    -661.4679   -662.52927  1.06137
4.575  C  111/bxyz  50    -661.22606  -662.52927  1.30321
4.575  C  111/bxyz  55    -660.96242  -662.52927  1.56685
4.575  C  111/bxyz  60    -660.67832  -662.52927  1.85095
4.575  C  111/bxyz  65    -660.37534  -662.52927  2.15393
4.575  C  111/bxyz  70    -660.05527  -662.52927  2.474
4.575  C  111/bxyz  75    -659.72015  -662.52927  2.80912
4.575  C  111/bxyz  80    -659.37224  -662.52927  3.15703
4.575  C  111/bxyz  85    -659.01407  -662.52927  3.5152
4.575  C  111/bxyz  90    -658.64835  -662.52927  3.88092
4.575  C  111/bxyz  95    -658.27805  -662.52927  4.25122
4.575  C  111/bxyz  100   -657.90631  -662.52927  4.62296
4.575  C  111/xyz   -100  -658.45994  -662.52927  4.06933
4.575  C  111/xyz   -95   -658.76776  -662.52927  3.76151
4.575  C  111/xyz   -90   -659.07826  -662.52927  3.45101
4.575  C  111/xyz   -85   -659.3885   -662.52927  3.14077
4.575  C  111/xyz   -80   -659.69563  -662.52927  2.83364
4.575  C  111/xyz   -75   -659.99695  -662.52927  2.53232
4.575  C  111/xyz   -70   -660.28987  -662.52927  2.2394
4.575  C  111/xyz   -65   -660.57203  -662.52927  1.95724
4.575  C  111/xyz   -60   -660.84123  -662.52927  1.68804
4.575  C  111/xyz   -55   -661.09548  -662.52927  1.43379
4.575  C  111/xyz   -50   -661.33301  -662.52927  1.19626
4.575  C  111/xyz   -45   -661.55223  -662.52927  0.97704
4.575  C  111/xyz   -40   -661.75176  -662.52927  0.77751
4.575  C  111/xyz   -35   -661.93039  -662.52927  0.59888
4.575  C  111/xyz   -30   -662.08711  -662.52927  0.44216
4.575  C  111/xyz   -25   -662.22106  -662.52927  0.30821
4.575  C  111/xyz   -20   -662.33154  -662.52927  0.19773
4.575  C  111/xyz   -15   -662.41799  -662.52927  0.11128
4.575  C  111/xyz   -14   -662.43236  -662.52927  0.09691
4.575  C  111/xyz   -13   -662.44574  -662.52927  0.08353
4.575  C  111/xyz   -12   -662.45814  -662.52927  0.07113
4.575  C  111/xyz   -11   -662.46956  -662.52927  0.05971
4.575  C  111/xyz   -10   -662.47998  -662.52927  0.04929
4.575  C  111/xyz   -9    -662.48941  -662.52927  0.03986
4.575  C  111/xyz   -8    -662.49784  -662.52927  0.03143
4.575  C  111/xyz   -7    -662.50528  -662.52927  0.02399
4.575  C  111/xyz   -6    -662.51172  -662.52927  0.01755
4.575  C  111/xyz   -5    -662.51715  -662.52927  0.01212
4.575  C  111/xyz   -4    -662.52159  -662.52927  0.00768
4.575  C  111/xyz   -3    -662.52502  -662.52927  0.00425
4.575  C  111/xyz   -2    -662.52744  -662.52927  0.00183
4.575  C  111/xyz   -1    -662.52886  -662.52927  0.00041
4.575  C  111/xyz   0     -662.52927  -662.52927  0
4.575  C  111/xyz   1     -662.52867  -662.52927  0.0006
4.575  C  111/xyz   2     -662.52706  -662.52927  0.00221
4.575  C  111/xyz   3     -662.52444  -662.52927  0.00483
4.575  C  111/xyz   4     -662.5208   -662.52927  0.00847
4.575  C  111/xyz   5     -662.51615  -662.52927  0.01312
4.575  C  111/xyz   6     -662.51049  -662.52927  0.01878
4.575  C  111/xyz   7     -662.50381  -662.52927  0.02546
4.575  C  111/xyz   8     -662.49612  -662.52927  0.03315
4.575  C  111/xyz   9     -662.48741  -662.52927  0.04186
4.575  C  111/xyz   10    -662.47768  -662.52927  0.05159
4.575  C  111/xyz   11    -662.46694  -662.52927  0.06233
4.575  C  111/xyz   12    -662.45518  -662.52927  0.07409
4.575  C  111/xyz   13    -662.44241  -662.52927  0.08686
4.575  C  111/xyz   14    -662.42862  -662.52927  0.10065
4.575  C  111/xyz   15    -662.41382  -662.52927  0.11545
4.575  C  111/xyz   20    -662.32459  -662.52927  0.20468
4.575  C  111/xyz   25    -662.21013  -662.52927  0.31914
4.575  C  111/xyz   30    -662.07067  -662.52927  0.4586
4.575  C  111/xyz   35    -661.90656  -662.52927  0.62271
4.575  C  111/xyz   40    -661.71828  -662.52927  0.81099
4.575  C  111/xyz   45    -661.50645  -662.52927  1.02282
4.575  C  111/xyz   50    -661.27192  -662.52927  1.25735
4.575  C  111/xyz   55    -661.01567  -662.52927  1.5136
4.575  C  111/xyz   60    -660.73894  -662.52927  1.79033
4.575  C  111/xyz   65    -660.44317  -662.52927  2.0861
4.575  C  111/xyz   70    -660.13004  -662.52927  2.39923
4.575  C  111/xyz   75    -659.80146  -662.52927  2.72781
4.575  C  111/xyz   80    -659.45961  -662.52927  3.06966
4.575  C  111/xyz   85    -659.10688  -662.52927  3.42239
4.575  C  111/xyz   90    -658.74591  -662.52927  3.78336
4.575  C  111/xyz   95    -658.37954  -662.52927  4.14973
4.575  C  111/xyz   100   -658.01081  -662.52927  4.51846
