4.575  Zr  100/x    -100  -646.85953  -662.52927  15.6697
4.575  Zr  100/x    -95   -649.07439  -662.52927  13.4549
4.575  Zr  100/x    -90   -651.05732  -662.52927  11.4719
4.575  Zr  100/x    -85   -652.8229   -662.52927  9.70637
4.575  Zr  100/x    -80   -654.3762   -662.52927  8.15307
4.575  Zr  100/x    -75   -655.73094  -662.52927  6.79833
4.575  Zr  100/x    -70   -656.90569  -662.52927  5.62358
4.575  Zr  100/x    -65   -657.91957  -662.52927  4.6097
4.575  Zr  100/x    -60   -658.79067  -662.52927  3.7386
4.575  Zr  100/x    -55   -659.53531  -662.52927  2.99396
4.575  Zr  100/x    -50   -660.16806  -662.52927  2.36121
4.575  Zr  100/x    -45   -660.70178  -662.52927  1.82749
4.575  Zr  100/x    -40   -661.14776  -662.52927  1.38151
4.575  Zr  100/x    -35   -661.516    -662.52927  1.01327
4.575  Zr  100/x    -30   -661.81525  -662.52927  0.71402
4.575  Zr  100/x    -25   -662.05324  -662.52927  0.47603
4.575  Zr  100/x    -20   -662.23669  -662.52927  0.29258
4.575  Zr  100/x    -15   -662.37139  -662.52927  0.15788
4.575  Zr  100/x    -14   -662.39293  -662.52927  0.13634
4.575  Zr  100/x    -13   -662.41276  -662.52927  0.11651
4.575  Zr  100/x    -12   -662.43091  -662.52927  0.09836
4.575  Zr  100/x    -11   -662.44741  -662.52927  0.08186
4.575  Zr  100/x    -10   -662.46231  -662.52927  0.06696
4.575  Zr  100/x    -9    -662.47564  -662.52927  0.05363
4.575  Zr  100/x    -8    -662.4874   -662.52927  0.04187
4.575  Zr  100/x    -7    -662.49766  -662.52927  0.03161
4.575  Zr  100/x    -6    -662.50641  -662.52927  0.02286
4.575  Zr  100/x    -5    -662.51372  -662.52927  0.01555
4.575  Zr  100/x    -4    -662.51959  -662.52927  0.00968
4.575  Zr  100/x    -3    -662.52405  -662.52927  0.00522
4.575  Zr  100/x    -2    -662.52713  -662.52927  0.00214
4.575  Zr  100/x    -1    -662.52888  -662.52927  0.00039
4.575  Zr  100/x    0     -662.52927  -662.52927  0
4.575  Zr  100/x    1     -662.52837  -662.52927  0.0009
4.575  Zr  100/x    2     -662.52617  -662.52927  0.0031
4.575  Zr  100/x    3     -662.52272  -662.52927  0.00655
4.575  Zr  100/x    4     -662.51803  -662.52927  0.01124
4.575  Zr  100/x    5     -662.51212  -662.52927  0.01715
4.575  Zr  100/x    6     -662.50501  -662.52927  0.02426
4.575  Zr  100/x    7     -662.49672  -662.52927  0.03255
4.575  Zr  100/x    8     -662.48727  -662.52927  0.042
4.575  Zr  100/x    9     -662.47669  -662.52927  0.05258
4.575  Zr  100/x    10    -662.46498  -662.52927  0.06429
4.575  Zr  100/x    11    -662.45218  -662.52927  0.07709
4.575  Zr  100/x    12    -662.43828  -662.52927  0.09099
4.575  Zr  100/x    13    -662.42332  -662.52927  0.10595
4.575  Zr  100/x    14    -662.40731  -662.52927  0.12196
4.575  Zr  100/x    15    -662.39027  -662.52927  0.139
4.575  Zr  100/x    20    -662.29011  -662.52927  0.23916
4.575  Zr  100/x    25    -662.16646  -662.52927  0.36281
4.575  Zr  100/x    30    -662.02111  -662.52927  0.50816
4.575  Zr  100/x    35    -661.85585  -662.52927  0.67342
4.575  Zr  100/x    40    -661.67245  -662.52927  0.85682
4.575  Zr  100/x    45    -661.47276  -662.52927  1.05651
4.575  Zr  100/x    50    -661.25907  -662.52927  1.2702
4.575  Zr  100/x    55    -661.0348   -662.52927  1.49447
4.575  Zr  100/x    60    -660.80342  -662.52927  1.72585
4.575  Zr  100/x    65    -660.56626  -662.52927  1.96301
4.575  Zr  100/x    70    -660.32261  -662.52927  2.20666
4.575  Zr  100/x    75    -660.072    -662.52927  2.45727
4.575  Zr  100/x    80    -659.81445  -662.52927  2.71482
4.575  Zr  100/x    85    -659.54964  -662.52927  2.97963
4.575  Zr  100/x    90    -659.27673  -662.52927  3.25254
4.575  Zr  100/x    95    -658.99497  -662.52927  3.5343
4.575  Zr  100/x    100   -658.70405  -662.52927  3.82522
4.575  Zr  100/y    -100  -648.88163  -662.52927  13.6476
4.575  Zr  100/y    -95   -650.83611  -662.52927  11.6932
4.575  Zr  100/y    -90   -652.56082  -662.52927  9.96845
4.575  Zr  100/y    -85   -654.07321  -662.52927  8.45606
4.575  Zr  100/y    -80   -655.39361  -662.52927  7.13566
4.575  Zr  100/y    -75   -656.54288  -662.52927  5.98639
4.575  Zr  100/y    -70   -657.5408   -662.52927  4.98847
4.575  Zr  100/y    -65   -658.40525  -662.52927  4.12402
4.575  Zr  100/y    -60   -659.15203  -662.52927  3.37724
4.575  Zr  100/y    -55   -659.79501  -662.52927  2.73426
4.575  Zr  100/y    -50   -660.34628  -662.52927  2.18299
4.575  Zr  100/y    -45   -660.81636  -662.52927  1.71291
4.575  Zr  100/y    -40   -661.21439  -662.52927  1.31488
4.575  Zr  100/y    -35   -661.54825  -662.52927  0.98102
4.575  Zr  100/y    -30   -661.82468  -662.52927  0.70459
4.575  Zr  100/y    -25   -662.04936  -662.52927  0.47991
4.575  Zr  100/y    -20   -662.227    -662.52927  0.30227
4.575  Zr  100/y    -15   -662.36136  -662.52927  0.16791
4.575  Zr  100/y    -14   -662.3833   -662.52927  0.14597
4.575  Zr  100/y    -13   -662.40365  -662.52927  0.12562
4.575  Zr  100/y    -12   -662.42242  -662.52927  0.10685
4.575  Zr  100/y    -11   -662.43964  -662.52927  0.08963
4.575  Zr  100/y    -10   -662.45531  -662.52927  0.07396
4.575  Zr  100/y    -9    -662.46945  -662.52927  0.05982
4.575  Zr  100/y    -8    -662.48206  -662.52927  0.04721
4.575  Zr  100/y    -7    -662.49317  -662.52927  0.0361
4.575  Zr  100/y    -6    -662.50277  -662.52927  0.0265
4.575  Zr  100/y    -5    -662.51088  -662.52927  0.01839
4.575  Zr  100/y    -4    -662.51751  -662.52927  0.01176
4.575  Zr  100/y    -3    -662.52266  -662.52927  0.00661
4.575  Zr  100/y    -2    -662.52634  -662.52927  0.00293
4.575  Zr  100/y    -1    -662.52854  -662.52927  0.00073
4.575  Zr  100/y    0     -662.52927  -662.52927  0
4.575  Zr  100/y    1     -662.52854  -662.52927  0.00073
4.575  Zr  100/y    2     -662.52634  -662.52927  0.00293
4.575  Zr  100/y    3     -662.52266  -662.52927  0.00661
4.575  Zr  100/y    4     -662.51751  -662.52927  0.01176
4.575  Zr  100/y    5     -662.51088  -662.52927  0.01839
4.575  Zr  100/y    6     -662.50277  -662.52927  0.0265
4.575  Zr  100/y    7     -662.49317  -662.52927  0.0361
4.575  Zr  100/y    8     -662.48206  -662.52927  0.04721
4.575  Zr  100/y    9     -662.46945  -662.52927  0.05982
4.575  Zr  100/y    10    -662.45531  -662.52927  0.07396
4.575  Zr  100/y    11    -662.43964  -662.52927  0.08963
4.575  Zr  100/y    12    -662.42242  -662.52927  0.10685
4.575  Zr  100/y    13    -662.40365  -662.52927  0.12562
4.575  Zr  100/y    14    -662.3833   -662.52927  0.14597
4.575  Zr  100/y    15    -662.36136  -662.52927  0.16791
4.575  Zr  100/y    20    -662.227    -662.52927  0.30227
4.575  Zr  100/y    25    -662.04936  -662.52927  0.47991
4.575  Zr  100/y    30    -661.82468  -662.52927  0.70459
4.575  Zr  100/y    35    -661.54825  -662.52927  0.98102
4.575  Zr  100/y    40    -661.21439  -662.52927  1.31488
4.575  Zr  100/y    45    -660.81636  -662.52927  1.71291
4.575  Zr  100/y    50    -660.34628  -662.52927  2.18299
4.575  Zr  100/y    55    -659.79501  -662.52927  2.73426
4.575  Zr  100/y    60    -659.15203  -662.52927  3.37724
4.575  Zr  100/y    65    -658.40525  -662.52927  4.12402
4.575  Zr  100/y    70    -657.5408   -662.52927  4.98847
4.575  Zr  100/y    75    -656.54288  -662.52927  5.98639
4.575  Zr  100/y    80    -655.39361  -662.52927  7.13566
4.575  Zr  100/y    85    -654.07321  -662.52927  8.45606
4.575  Zr  100/y    90    -652.56082  -662.52927  9.96845
4.575  Zr  100/y    95    -650.83611  -662.52927  11.6932
4.575  Zr  100/y    100   -648.88163  -662.52927  13.6476
4.575  Zr  110/xz   -100  -653.61351  -662.52927  8.91576
4.575  Zr  110/xz   -95   -654.48563  -662.52927  8.04364
4.575  Zr  110/xz   -90   -655.33354  -662.52927  7.19573
4.575  Zr  110/xz   -85   -656.14916  -662.52927  6.38011
4.575  Zr  110/xz   -80   -656.9249   -662.52927  5.60437
4.575  Zr  110/xz   -75   -657.65471  -662.52927  4.87456
4.575  Zr  110/xz   -70   -658.33427  -662.52927  4.195
4.575  Zr  110/xz   -65   -658.9609   -662.52927  3.56837
4.575  Zr  110/xz   -60   -659.53321  -662.52927  2.99606
4.575  Zr  110/xz   -55   -660.05081  -662.52927  2.47846
4.575  Zr  110/xz   -50   -660.51415  -662.52927  2.01512
4.575  Zr  110/xz   -45   -660.92427  -662.52927  1.605
4.575  Zr  110/xz   -40   -661.28272  -662.52927  1.24655
4.575  Zr  110/xz   -35   -661.59136  -662.52927  0.93791
4.575  Zr  110/xz   -30   -661.85221  -662.52927  0.67706
4.575  Zr  110/xz   -25   -662.06742  -662.52927  0.46185
4.575  Zr  110/xz   -20   -662.23907  -662.52927  0.2902
4.575  Zr  110/xz   -15   -662.36921  -662.52927  0.16006
4.575  Zr  110/xz   -14   -662.39043  -662.52927  0.13884
4.575  Zr  110/xz   -13   -662.41009  -662.52927  0.11918
4.575  Zr  110/xz   -12   -662.42819  -662.52927  0.10108
4.575  Zr  110/xz   -11   -662.44475  -662.52927  0.08452
4.575  Zr  110/xz   -10   -662.45979  -662.52927  0.06948
4.575  Zr  110/xz   -9    -662.47332  -662.52927  0.05595
4.575  Zr  110/xz   -8    -662.48535  -662.52927  0.04392
4.575  Zr  110/xz   -7    -662.4959   -662.52927  0.03337
4.575  Zr  110/xz   -6    -662.50498  -662.52927  0.02429
4.575  Zr  110/xz   -5    -662.5126   -662.52927  0.01667
4.575  Zr  110/xz   -4    -662.51878  -662.52927  0.01049
4.575  Zr  110/xz   -3    -662.52352  -662.52927  0.00575
4.575  Zr  110/xz   -2    -662.52684  -662.52927  0.00243
4.575  Zr  110/xz   -1    -662.52876  -662.52927  0.00051
4.575  Zr  110/xz   0     -662.52927  -662.52927  0
4.575  Zr  110/xz   1     -662.5284   -662.52927  0.00087
4.575  Zr  110/xz   2     -662.52615  -662.52927  0.00312
4.575  Zr  110/xz   3     -662.52253  -662.52927  0.00674
4.575  Zr  110/xz   4     -662.51755  -662.52927  0.01172
4.575  Zr  110/xz   5     -662.51123  -662.52927  0.01804
4.575  Zr  110/xz   6     -662.50356  -662.52927  0.02571
4.575  Zr  110/xz   7     -662.49457  -662.52927  0.0347
4.575  Zr  110/xz   8     -662.48426  -662.52927  0.04501
4.575  Zr  110/xz   9     -662.47263  -662.52927  0.05664
4.575  Zr  110/xz   10    -662.45969  -662.52927  0.06958
4.575  Zr  110/xz   11    -662.44546  -662.52927  0.08381
4.575  Zr  110/xz   12    -662.42994  -662.52927  0.09933
4.575  Zr  110/xz   13    -662.41313  -662.52927  0.11614
4.575  Zr  110/xz   14    -662.39505  -662.52927  0.13422
4.575  Zr  110/xz   15    -662.37569  -662.52927  0.15358
4.575  Zr  110/xz   20    -662.26003  -662.52927  0.26924
4.575  Zr  110/xz   25    -662.11334  -662.52927  0.41593
4.575  Zr  110/xz   30    -661.93609  -662.52927  0.59318
4.575  Zr  110/xz   35    -661.72863  -662.52927  0.80064
4.575  Zr  110/xz   40    -661.49121  -662.52927  1.03806
4.575  Zr  110/xz   45    -661.22404  -662.52927  1.30523
4.575  Zr  110/xz   50    -660.92728  -662.52927  1.60199
4.575  Zr  110/xz   55    -660.60108  -662.52927  1.92819
4.575  Zr  110/xz   60    -660.24565  -662.52927  2.28362
4.575  Zr  110/xz   65    -659.86122  -662.52927  2.66805
4.575  Zr  110/xz   70    -659.44811  -662.52927  3.08116
4.575  Zr  110/xz   75    -659.00676  -662.52927  3.52251
4.575  Zr  110/xz   80    -658.53788  -662.52927  3.99139
4.575  Zr  110/xz   85    -658.04244  -662.52927  4.48683
4.575  Zr  110/xz   90    -657.5219   -662.52927  5.00737
4.575  Zr  110/xz   95    -656.97827  -662.52927  5.551
4.575  Zr  110/xz   100   -656.4138   -662.52927  6.11547
4.575  Zr  110/yz   -100  -653.77698  -662.52927  8.75229
4.575  Zr  110/yz   -95   -654.67069  -662.52927  7.85858
4.575  Zr  110/yz   -90   -655.52597  -662.52927  7.0033
4.575  Zr  110/yz   -85   -656.33693  -662.52927  6.19234
4.575  Zr  110/yz   -80   -657.09907  -662.52927  5.4302
4.575  Zr  110/yz   -75   -657.80938  -662.52927  4.71989
4.575  Zr  110/yz   -70   -658.46617  -662.52927  4.0631
4.575  Zr  110/yz   -65   -659.06884  -662.52927  3.46043
4.575  Zr  110/yz   -60   -659.61759  -662.52927  2.91168
4.575  Zr  110/yz   -55   -660.11325  -662.52927  2.41602
4.575  Zr  110/yz   -50   -660.55712  -662.52927  1.97215
4.575  Zr  110/yz   -45   -660.95082  -662.52927  1.57845
4.575  Zr  110/yz   -40   -661.29615  -662.52927  1.23312
4.575  Zr  110/yz   -35   -661.59503  -662.52927  0.93424
4.575  Zr  110/yz   -30   -661.84939  -662.52927  0.67988
4.575  Zr  110/yz   -25   -662.06105  -662.52927  0.46822
4.575  Zr  110/yz   -20   -662.23171  -662.52927  0.29756
4.575  Zr  110/yz   -15   -662.36282  -662.52927  0.16645
4.575  Zr  110/yz   -14   -662.38441  -662.52927  0.14486
4.575  Zr  110/yz   -13   -662.40448  -662.52927  0.12479
4.575  Zr  110/yz   -12   -662.42303  -662.52927  0.10624
4.575  Zr  110/yz   -11   -662.44007  -662.52927  0.0892
4.575  Zr  110/yz   -10   -662.4556   -662.52927  0.07367
4.575  Zr  110/yz   -9    -662.46964  -662.52927  0.05963
4.575  Zr  110/yz   -8    -662.48218  -662.52927  0.04709
4.575  Zr  110/yz   -7    -662.49324  -662.52927  0.03603
4.575  Zr  110/yz   -6    -662.50281  -662.52927  0.02646
4.575  Zr  110/yz   -5    -662.5109   -662.52927  0.01837
4.575  Zr  110/yz   -4    -662.51752  -662.52927  0.01175
4.575  Zr  110/yz   -3    -662.52266  -662.52927  0.00661
4.575  Zr  110/yz   -2    -662.52634  -662.52927  0.00293
4.575  Zr  110/yz   -1    -662.52854  -662.52927  0.00073
4.575  Zr  110/yz   0     -662.52927  -662.52927  0
4.575  Zr  110/yz   1     -662.52854  -662.52927  0.00073
4.575  Zr  110/yz   2     -662.52634  -662.52927  0.00293
4.575  Zr  110/yz   3     -662.52266  -662.52927  0.00661
4.575  Zr  110/yz   4     -662.51752  -662.52927  0.01175
4.575  Zr  110/yz   5     -662.5109   -662.52927  0.01837
4.575  Zr  110/yz   6     -662.50281  -662.52927  0.02646
4.575  Zr  110/yz   7     -662.49324  -662.52927  0.03603
4.575  Zr  110/yz   8     -662.48218  -662.52927  0.04709
4.575  Zr  110/yz   9     -662.46964  -662.52927  0.05963
4.575  Zr  110/yz   10    -662.4556   -662.52927  0.07367
4.575  Zr  110/yz   11    -662.44007  -662.52927  0.0892
4.575  Zr  110/yz   12    -662.42303  -662.52927  0.10624
4.575  Zr  110/yz   13    -662.40448  -662.52927  0.12479
4.575  Zr  110/yz   14    -662.38441  -662.52927  0.14486
4.575  Zr  110/yz   15    -662.36282  -662.52927  0.16645
4.575  Zr  110/yz   20    -662.23171  -662.52927  0.29756
4.575  Zr  110/yz   25    -662.06105  -662.52927  0.46822
4.575  Zr  110/yz   30    -661.84939  -662.52927  0.67988
4.575  Zr  110/yz   35    -661.59503  -662.52927  0.93424
4.575  Zr  110/yz   40    -661.29615  -662.52927  1.23312
4.575  Zr  110/yz   45    -660.95082  -662.52927  1.57845
4.575  Zr  110/yz   50    -660.55712  -662.52927  1.97215
4.575  Zr  110/yz   55    -660.11325  -662.52927  2.41602
4.575  Zr  110/yz   60    -659.61759  -662.52927  2.91168
4.575  Zr  110/yz   65    -659.06884  -662.52927  3.46043
4.575  Zr  110/yz   70    -658.46617  -662.52927  4.0631
4.575  Zr  110/yz   75    -657.80938  -662.52927  4.71989
4.575  Zr  110/yz   80    -657.09907  -662.52927  5.4302
4.575  Zr  110/yz   85    -656.33693  -662.52927  6.19234
4.575  Zr  110/yz   90    -655.52597  -662.52927  7.0033
4.575  Zr  110/yz   95    -654.67069  -662.52927  7.85858
4.575  Zr  110/yz   100   -653.77698  -662.52927  8.75229
4.575  Zr  111/xyz  -100  -654.78218  -662.52927  7.74709
4.575  Zr  111/xyz  -95   -655.47201  -662.52927  7.05726
4.575  Zr  111/xyz  -90   -656.15286  -662.52927  6.37641
4.575  Zr  111/xyz  -85   -656.81769  -662.52927  5.71158
4.575  Zr  111/xyz  -80   -657.46019  -662.52927  5.06908
4.575  Zr  111/xyz  -75   -658.07488  -662.52927  4.45439
4.575  Zr  111/xyz  -70   -658.65711  -662.52927  3.87216
4.575  Zr  111/xyz  -65   -659.20313  -662.52927  3.32614
4.575  Zr  111/xyz  -60   -659.71006  -662.52927  2.81921
4.575  Zr  111/xyz  -55   -660.17581  -662.52927  2.35346
4.575  Zr  111/xyz  -50   -660.59903  -662.52927  1.93024
4.575  Zr  111/xyz  -45   -660.97904  -662.52927  1.55023
4.575  Zr  111/xyz  -40   -661.31571  -662.52927  1.21356
4.575  Zr  111/xyz  -35   -661.60931  -662.52927  0.91996
4.575  Zr  111/xyz  -30   -661.86044  -662.52927  0.66883
4.575  Zr  111/xyz  -25   -662.06991  -662.52927  0.45936
4.575  Zr  111/xyz  -20   -662.23873  -662.52927  0.29054
4.575  Zr  111/xyz  -15   -662.36798  -662.52927  0.16129
4.575  Zr  111/xyz  -14   -662.38917  -662.52927  0.1401
4.575  Zr  111/xyz  -13   -662.40884  -662.52927  0.12043
4.575  Zr  111/xyz  -12   -662.42699  -662.52927  0.10228
4.575  Zr  111/xyz  -11   -662.44363  -662.52927  0.08564
4.575  Zr  111/xyz  -10   -662.45876  -662.52927  0.07051
4.575  Zr  111/xyz  -9    -662.4724   -662.52927  0.05687
4.575  Zr  111/xyz  -8    -662.48455  -662.52927  0.04472
4.575  Zr  111/xyz  -7    -662.49522  -662.52927  0.03405
4.575  Zr  111/xyz  -6    -662.50443  -662.52927  0.02484
4.575  Zr  111/xyz  -5    -662.51218  -662.52927  0.01709
4.575  Zr  111/xyz  -4    -662.51847  -662.52927  0.0108
4.575  Zr  111/xyz  -3    -662.52332  -662.52927  0.00595
4.575  Zr  111/xyz  -2    -662.52673  -662.52927  0.00254
4.575  Zr  111/xyz  -1    -662.52872  -662.52927  0.00055
4.575  Zr  111/xyz  0     -662.52927  -662.52927  0
4.575  Zr  111/xyz  1     -662.52842  -662.52927  0.00085
4.575  Zr  111/xyz  2     -662.52615  -662.52927  0.00312
4.575  Zr  111/xyz  3     -662.52249  -662.52927  0.00678
4.575  Zr  111/xyz  4     -662.51743  -662.52927  0.01184
4.575  Zr  111/xyz  5     -662.51099  -662.52927  0.01828
4.575  Zr  111/xyz  6     -662.50316  -662.52927  0.02611
4.575  Zr  111/xyz  7     -662.49395  -662.52927  0.03532
4.575  Zr  111/xyz  8     -662.48338  -662.52927  0.04589
4.575  Zr  111/xyz  9     -662.47144  -662.52927  0.05783
4.575  Zr  111/xyz  10    -662.45814  -662.52927  0.07113
4.575  Zr  111/xyz  11    -662.44349  -662.52927  0.08578
4.575  Zr  111/xyz  12    -662.42749  -662.52927  0.10178
4.575  Zr  111/xyz  13    -662.41014  -662.52927  0.11913
4.575  Zr  111/xyz  14    -662.39145  -662.52927  0.13782
4.575  Zr  111/xyz  15    -662.37143  -662.52927  0.15784
4.575  Zr  111/xyz  20    -662.25138  -662.52927  0.27789
4.575  Zr  111/xyz  25    -662.09844  -662.52927  0.43083
4.575  Zr  111/xyz  30    -661.91291  -662.52927  0.61636
4.575  Zr  111/xyz  35    -661.69505  -662.52927  0.83422
4.575  Zr  111/xyz  40    -661.44508  -662.52927  1.08419
4.575  Zr  111/xyz  45    -661.16324  -662.52927  1.36603
4.575  Zr  111/xyz  50    -660.8498   -662.52927  1.67947
4.575  Zr  111/xyz  55    -660.50515  -662.52927  2.02412
4.575  Zr  111/xyz  60    -660.12981  -662.52927  2.39946
4.575  Zr  111/xyz  65    -659.72448  -662.52927  2.80479
4.575  Zr  111/xyz  70    -659.2901   -662.52927  3.23917
4.575  Zr  111/xyz  75    -658.82787  -662.52927  3.7014
4.575  Zr  111/xyz  80    -658.33935  -662.52927  4.18992
4.575  Zr  111/xyz  85    -657.82645  -662.52927  4.70282
4.575  Zr  111/xyz  90    -657.29155  -662.52927  5.23772
4.575  Zr  111/xyz  95    -656.73755  -662.52927  5.79172
4.575  Zr  111/xyz  100   -656.16792  -662.52927  6.36135
