4.600  Zr  100/x    -100  -647.70171  -663.49089  15.7892
4.600  Zr  100/x    -95   -649.94947  -663.49089  13.5414
4.600  Zr  100/x    -90   -651.95921  -663.49089  11.5317
4.600  Zr  100/x    -85   -653.74547  -663.49089  9.74542
4.600  Zr  100/x    -80   -655.3142   -663.49089  8.17669
4.600  Zr  100/x    -75   -656.68022  -663.49089  6.81067
4.600  Zr  100/x    -70   -657.86297  -663.49089  5.62792
4.600  Zr  100/x    -65   -658.88229  -663.49089  4.6086
4.600  Zr  100/x    -60   -659.75683  -663.49089  3.73406
4.600  Zr  100/x    -55   -660.50338  -663.49089  2.98751
4.600  Zr  100/x    -50   -661.13693  -663.49089  2.35396
4.600  Zr  100/x    -45   -661.67066  -663.49089  1.82023
4.600  Zr  100/x    -40   -662.11612  -663.49089  1.37477
4.600  Zr  100/x    -35   -662.48348  -663.49089  1.00741
4.600  Zr  100/x    -30   -662.78165  -663.49089  0.70924
4.600  Zr  100/x    -25   -663.01845  -663.49089  0.47244
4.600  Zr  100/x    -20   -663.20074  -663.49089  0.29015
4.600  Zr  100/x    -15   -663.33442  -663.49089  0.15647
4.600  Zr  100/x    -14   -663.35579  -663.49089  0.1351
4.600  Zr  100/x    -13   -663.37545  -663.49089  0.11544
4.600  Zr  100/x    -12   -663.39344  -663.49089  0.09745
4.600  Zr  100/x    -11   -663.4098   -663.49089  0.08109
4.600  Zr  100/x    -10   -663.42457  -663.49089  0.06632
4.600  Zr  100/x    -9    -663.43776  -663.49089  0.05313
4.600  Zr  100/x    -8    -663.44943  -663.49089  0.04146
4.600  Zr  100/x    -7    -663.45959  -663.49089  0.0313
4.600  Zr  100/x    -6    -663.46827  -663.49089  0.02262
4.600  Zr  100/x    -5    -663.4755   -663.49089  0.01539
4.600  Zr  100/x    -4    -663.48131  -663.49089  0.00958
4.600  Zr  100/x    -3    -663.48572  -663.49089  0.00517
4.600  Zr  100/x    -2    -663.48878  -663.49089  0.00211
4.600  Zr  100/x    -1    -663.49049  -663.49089  0.0004
4.600  Zr  100/x    0     -663.49089  -663.49089  0
4.600  Zr  100/x    1     -663.48999  -663.49089  0.0009
4.600  Zr  100/x    2     -663.48782  -663.49089  0.00307
4.600  Zr  100/x    3     -663.4844   -663.49089  0.00649
4.600  Zr  100/x    4     -663.47976  -663.49089  0.01113
4.600  Zr  100/x    5     -663.47391  -663.49089  0.01698
4.600  Zr  100/x    6     -663.46687  -663.49089  0.02402
4.600  Zr  100/x    7     -663.45867  -663.49089  0.03222
4.600  Zr  100/x    8     -663.44933  -663.49089  0.04156
4.600  Zr  100/x    9     -663.43885  -663.49089  0.05204
4.600  Zr  100/x    10    -663.42727  -663.49089  0.06362
4.600  Zr  100/x    11    -663.4146   -663.49089  0.07629
4.600  Zr  100/x    12    -663.40086  -663.49089  0.09003
4.600  Zr  100/x    13    -663.38606  -663.49089  0.10483
4.600  Zr  100/x    14    -663.37023  -663.49089  0.12066
4.600  Zr  100/x    15    -663.35337  -663.49089  0.13752
4.600  Zr  100/x    20    -663.25431  -663.49089  0.23658
4.600  Zr  100/x    25    -663.13202  -663.49089  0.35887
4.600  Zr  100/x    30    -662.98825  -663.49089  0.50264
4.600  Zr  100/x    35    -662.82468  -663.49089  0.66621
4.600  Zr  100/x    40    -662.64295  -663.49089  0.84794
4.600  Zr  100/x    45    -662.44484  -663.49089  1.04605
4.600  Zr  100/x    50    -662.2326   -663.49089  1.25829
4.600  Zr  100/x    55    -662.00954  -663.49089  1.48135
4.600  Zr  100/x    60    -661.77914  -663.49089  1.71175
4.600  Zr  100/x    65    -661.54294  -663.49089  1.94795
4.600  Zr  100/x    70    -661.30041  -663.49089  2.19048
4.600  Zr  100/x    75    -661.05094  -663.49089  2.43995
4.600  Zr  100/x    80    -660.79461  -663.49089  2.69628
4.600  Zr  100/x    85    -660.53124  -663.49089  2.95965
4.600  Zr  100/x    90    -660.26003  -663.49089  3.23086
4.600  Zr  100/x    95    -659.98014  -663.49089  3.51075
4.600  Zr  100/x    100   -659.69116  -663.49089  3.79973
4.600  Zr  100/y    -100  -650.03076  -663.49089  13.4601
4.600  Zr  100/y    -95   -651.97644  -663.49089  11.5145
4.600  Zr  100/y    -90   -653.6896   -663.49089  9.80129
4.600  Zr  100/y    -85   -655.18862  -663.49089  8.30227
4.600  Zr  100/y    -80   -656.49468  -663.49089  6.99621
4.600  Zr  100/y    -75   -657.62934  -663.49089  5.86155
4.600  Zr  100/y    -70   -658.61278  -663.49089  4.87811
4.600  Zr  100/y    -65   -659.46319  -663.49089  4.0277
4.600  Zr  100/y    -60   -660.19652  -663.49089  3.29437
4.600  Zr  100/y    -55   -660.8268   -663.49089  2.66409
4.600  Zr  100/y    -50   -661.36622  -663.49089  2.12467
4.600  Zr  100/y    -45   -661.8254   -663.49089  1.66549
4.600  Zr  100/y    -40   -662.21354  -663.49089  1.27735
4.600  Zr  100/y    -35   -662.53861  -663.49089  0.95228
4.600  Zr  100/y    -30   -662.80739  -663.49089  0.6835
4.600  Zr  100/y    -25   -663.02559  -663.49089  0.4653
4.600  Zr  100/y    -20   -663.19794  -663.49089  0.29295
4.600  Zr  100/y    -15   -663.3282   -663.49089  0.16269
4.600  Zr  100/y    -14   -663.34947  -663.49089  0.14142
4.600  Zr  100/y    -13   -663.36919  -663.49089  0.1217
4.600  Zr  100/y    -12   -663.38738  -663.49089  0.10351
4.600  Zr  100/y    -11   -663.40407  -663.49089  0.08682
4.600  Zr  100/y    -10   -663.41924  -663.49089  0.07165
4.600  Zr  100/y    -9    -663.43294  -663.49089  0.05795
4.600  Zr  100/y    -8    -663.44516  -663.49089  0.04573
4.600  Zr  100/y    -7    -663.45592  -663.49089  0.03497
4.600  Zr  100/y    -6    -663.46522  -663.49089  0.02567
4.600  Zr  100/y    -5    -663.47308  -663.49089  0.01781
4.600  Zr  100/y    -4    -663.4795   -663.49089  0.01139
4.600  Zr  100/y    -3    -663.48449  -663.49089  0.0064
4.600  Zr  100/y    -2    -663.48805  -663.49089  0.00284
4.600  Zr  100/y    -1    -663.49018  -663.49089  0.00071
4.600  Zr  100/y    0     -663.49089  -663.49089  0
4.600  Zr  100/y    1     -663.49018  -663.49089  0.00071
4.600  Zr  100/y    2     -663.48805  -663.49089  0.00284
4.600  Zr  100/y    3     -663.48449  -663.49089  0.0064
4.600  Zr  100/y    4     -663.4795   -663.49089  0.01139
4.600  Zr  100/y    5     -663.47308  -663.49089  0.01781
4.600  Zr  100/y    6     -663.46522  -663.49089  0.02567
4.600  Zr  100/y    7     -663.45592  -663.49089  0.03497
4.600  Zr  100/y    8     -663.44516  -663.49089  0.04573
4.600  Zr  100/y    9     -663.43294  -663.49089  0.05795
4.600  Zr  100/y    10    -663.41924  -663.49089  0.07165
4.600  Zr  100/y    11    -663.40407  -663.49089  0.08682
4.600  Zr  100/y    12    -663.38738  -663.49089  0.10351
4.600  Zr  100/y    13    -663.36919  -663.49089  0.1217
4.600  Zr  100/y    14    -663.34947  -663.49089  0.14142
4.600  Zr  100/y    15    -663.3282   -663.49089  0.16269
4.600  Zr  100/y    20    -663.19794  -663.49089  0.29295
4.600  Zr  100/y    25    -663.02559  -663.49089  0.4653
4.600  Zr  100/y    30    -662.80739  -663.49089  0.6835
4.600  Zr  100/y    35    -662.53861  -663.49089  0.95228
4.600  Zr  100/y    40    -662.21354  -663.49089  1.27735
4.600  Zr  100/y    45    -661.8254   -663.49089  1.66549
4.600  Zr  100/y    50    -661.36622  -663.49089  2.12467
4.600  Zr  100/y    55    -660.8268   -663.49089  2.66409
4.600  Zr  100/y    60    -660.19652  -663.49089  3.29437
4.600  Zr  100/y    65    -659.46319  -663.49089  4.0277
4.600  Zr  100/y    70    -658.61278  -663.49089  4.87811
4.600  Zr  100/y    75    -657.62934  -663.49089  5.86155
4.600  Zr  100/y    80    -656.49468  -663.49089  6.99621
4.600  Zr  100/y    85    -655.18862  -663.49089  8.30227
4.600  Zr  100/y    90    -653.6896   -663.49089  9.80129
4.600  Zr  100/y    95    -651.97644  -663.49089  11.5145
4.600  Zr  100/y    100   -650.03076  -663.49089  13.4601
4.600  Zr  110/xz   -100  -654.69784  -663.49089  8.79305
4.600  Zr  110/xz   -95   -655.55936  -663.49089  7.93153
4.600  Zr  110/xz   -90   -656.39645  -663.49089  7.09444
4.600  Zr  110/xz   -85   -657.20154  -663.49089  6.28935
4.600  Zr  110/xz   -80   -657.96731  -663.49089  5.52358
4.600  Zr  110/xz   -75   -658.68776  -663.49089  4.80313
4.600  Zr  110/xz   -70   -659.35857  -663.49089  4.13232
4.600  Zr  110/xz   -65   -659.97701  -663.49089  3.51388
4.600  Zr  110/xz   -60   -660.5417   -663.49089  2.94919
4.600  Zr  110/xz   -55   -661.05225  -663.49089  2.43864
4.600  Zr  110/xz   -50   -661.50909  -663.49089  1.9818
4.600  Zr  110/xz   -45   -661.91328  -663.49089  1.57761
4.600  Zr  110/xz   -40   -662.26633  -663.49089  1.22456
4.600  Zr  110/xz   -35   -662.57007  -663.49089  0.92082
4.600  Zr  110/xz   -30   -662.82657  -663.49089  0.66432
4.600  Zr  110/xz   -25   -663.03799  -663.49089  0.4529
4.600  Zr  110/xz   -20   -663.20647  -663.49089  0.28442
4.600  Zr  110/xz   -15   -663.33411  -663.49089  0.15678
4.600  Zr  110/xz   -14   -663.35491  -663.49089  0.13598
4.600  Zr  110/xz   -13   -663.37417  -663.49089  0.11672
4.600  Zr  110/xz   -12   -663.39191  -663.49089  0.09898
4.600  Zr  110/xz   -11   -663.40814  -663.49089  0.08275
4.600  Zr  110/xz   -10   -663.42288  -663.49089  0.06801
4.600  Zr  110/xz   -9    -663.43612  -663.49089  0.05477
4.600  Zr  110/xz   -8    -663.44791  -663.49089  0.04298
4.600  Zr  110/xz   -7    -663.45824  -663.49089  0.03265
4.600  Zr  110/xz   -6    -663.46712  -663.49089  0.02377
4.600  Zr  110/xz   -5    -663.47459  -663.49089  0.0163
4.600  Zr  110/xz   -4    -663.48063  -663.49089  0.01026
4.600  Zr  110/xz   -3    -663.48527  -663.49089  0.00562
4.600  Zr  110/xz   -2    -663.48852  -663.49089  0.00237
4.600  Zr  110/xz   -1    -663.49039  -663.49089  0.0005
4.600  Zr  110/xz   0     -663.49089  -663.49089  0
4.600  Zr  110/xz   1     -663.49003  -663.49089  0.00086
4.600  Zr  110/xz   2     -663.48783  -663.49089  0.00306
4.600  Zr  110/xz   3     -663.48428  -663.49089  0.00661
4.600  Zr  110/xz   4     -663.47941  -663.49089  0.01148
4.600  Zr  110/xz   5     -663.47322  -663.49089  0.01767
4.600  Zr  110/xz   6     -663.46573  -663.49089  0.02516
4.600  Zr  110/xz   7     -663.45693  -663.49089  0.03396
4.600  Zr  110/xz   8     -663.44684  -663.49089  0.04405
4.600  Zr  110/xz   9     -663.43547  -663.49089  0.05542
4.600  Zr  110/xz   10    -663.42282  -663.49089  0.06807
4.600  Zr  110/xz   11    -663.4089   -663.49089  0.08199
4.600  Zr  110/xz   12    -663.39373  -663.49089  0.09716
4.600  Zr  110/xz   13    -663.3773   -663.49089  0.11359
4.600  Zr  110/xz   14    -663.35962  -663.49089  0.13127
4.600  Zr  110/xz   15    -663.3407   -663.49089  0.15019
4.600  Zr  110/xz   20    -663.22767  -663.49089  0.26322
4.600  Zr  110/xz   25    -663.08435  -663.49089  0.40654
4.600  Zr  110/xz   30    -662.9112   -663.49089  0.57969
4.600  Zr  110/xz   35    -662.70852  -663.49089  0.78237
4.600  Zr  110/xz   40    -662.47651  -663.49089  1.01438
4.600  Zr  110/xz   45    -662.21532  -663.49089  1.27557
4.600  Zr  110/xz   50    -661.92503  -663.49089  1.56586
4.600  Zr  110/xz   55    -661.60573  -663.49089  1.88516
4.600  Zr  110/xz   60    -661.25753  -663.49089  2.23336
4.600  Zr  110/xz   65    -660.88056  -663.49089  2.61033
4.600  Zr  110/xz   70    -660.47508  -663.49089  3.01581
4.600  Zr  110/xz   75    -660.04142  -663.49089  3.44947
4.600  Zr  110/xz   80    -659.58013  -663.49089  3.91076
4.600  Zr  110/xz   85    -659.09202  -663.49089  4.39887
4.600  Zr  110/xz   90    -658.57833  -663.49089  4.91256
4.600  Zr  110/xz   95    -658.04086  -663.49089  5.45003
4.600  Zr  110/xz   100   -657.4819   -663.49089  6.00899
4.600  Zr  110/yz   -100  -654.93111  -663.49089  8.55978
4.600  Zr  110/yz   -95   -655.81023  -663.49089  7.68066
4.600  Zr  110/yz   -90   -656.65084  -663.49089  6.84005
4.600  Zr  110/yz   -85   -657.44714  -663.49089  6.04375
4.600  Zr  110/yz   -80   -658.19475  -663.49089  5.29614
4.600  Zr  110/yz   -75   -658.89081  -663.49089  4.60008
4.600  Zr  110/yz   -70   -659.53376  -663.49089  3.95713
4.600  Zr  110/yz   -65   -660.1231   -663.49089  3.36779
4.600  Zr  110/yz   -60   -660.65913  -663.49089  2.83176
4.600  Zr  110/yz   -55   -661.14276  -663.49089  2.34813
4.600  Zr  110/yz   -50   -661.57537  -663.49089  1.91552
4.600  Zr  110/yz   -45   -661.95865  -663.49089  1.53224
4.600  Zr  110/yz   -40   -662.2945   -663.49089  1.19639
4.600  Zr  110/yz   -35   -662.5849   -663.49089  0.90599
4.600  Zr  110/yz   -30   -662.83181  -663.49089  0.65908
4.600  Zr  110/yz   -25   -663.03714  -663.49089  0.45375
4.600  Zr  110/yz   -20   -663.2026   -663.49089  0.28829
4.600  Zr  110/yz   -15   -663.32965  -663.49089  0.16124
4.600  Zr  110/yz   -14   -663.35057  -663.49089  0.14032
4.600  Zr  110/yz   -13   -663.37001  -663.49089  0.12088
4.600  Zr  110/yz   -12   -663.38798  -663.49089  0.10291
4.600  Zr  110/yz   -11   -663.40448  -663.49089  0.08641
4.600  Zr  110/yz   -10   -663.41953  -663.49089  0.07136
4.600  Zr  110/yz   -9    -663.43313  -663.49089  0.05776
4.600  Zr  110/yz   -8    -663.44527  -663.49089  0.04562
4.600  Zr  110/yz   -7    -663.45599  -663.49089  0.0349
4.600  Zr  110/yz   -6    -663.46526  -663.49089  0.02563
4.600  Zr  110/yz   -5    -663.4731   -663.49089  0.01779
4.600  Zr  110/yz   -4    -663.47951  -663.49089  0.01138
4.600  Zr  110/yz   -3    -663.48449  -663.49089  0.0064
4.600  Zr  110/yz   -2    -663.48805  -663.49089  0.00284
4.600  Zr  110/yz   -1    -663.49018  -663.49089  0.00071
4.600  Zr  110/yz   0     -663.49089  -663.49089  0
4.600  Zr  110/yz   1     -663.49018  -663.49089  0.00071
4.600  Zr  110/yz   2     -663.48805  -663.49089  0.00284
4.600  Zr  110/yz   3     -663.48449  -663.49089  0.0064
4.600  Zr  110/yz   4     -663.47951  -663.49089  0.01138
4.600  Zr  110/yz   5     -663.4731   -663.49089  0.01779
4.600  Zr  110/yz   6     -663.46526  -663.49089  0.02563
4.600  Zr  110/yz   7     -663.45599  -663.49089  0.0349
4.600  Zr  110/yz   8     -663.44527  -663.49089  0.04562
4.600  Zr  110/yz   9     -663.43313  -663.49089  0.05776
4.600  Zr  110/yz   10    -663.41953  -663.49089  0.07136
4.600  Zr  110/yz   11    -663.40448  -663.49089  0.08641
4.600  Zr  110/yz   12    -663.38798  -663.49089  0.10291
4.600  Zr  110/yz   13    -663.37001  -663.49089  0.12088
4.600  Zr  110/yz   14    -663.35057  -663.49089  0.14032
4.600  Zr  110/yz   15    -663.32965  -663.49089  0.16124
4.600  Zr  110/yz   20    -663.2026   -663.49089  0.28829
4.600  Zr  110/yz   25    -663.03714  -663.49089  0.45375
4.600  Zr  110/yz   30    -662.83181  -663.49089  0.65908
4.600  Zr  110/yz   35    -662.5849   -663.49089  0.90599
4.600  Zr  110/yz   40    -662.2945   -663.49089  1.19639
4.600  Zr  110/yz   45    -661.95865  -663.49089  1.53224
4.600  Zr  110/yz   50    -661.57537  -663.49089  1.91552
4.600  Zr  110/yz   55    -661.14276  -663.49089  2.34813
4.600  Zr  110/yz   60    -660.65913  -663.49089  2.83176
4.600  Zr  110/yz   65    -660.1231   -663.49089  3.36779
4.600  Zr  110/yz   70    -659.53376  -663.49089  3.95713
4.600  Zr  110/yz   75    -658.89081  -663.49089  4.60008
4.600  Zr  110/yz   80    -658.19475  -663.49089  5.29614
4.600  Zr  110/yz   85    -657.44714  -663.49089  6.04375
4.600  Zr  110/yz   90    -656.65084  -663.49089  6.84005
4.600  Zr  110/yz   95    -655.81023  -663.49089  7.68066
4.600  Zr  110/yz   100   -654.93111  -663.49089  8.55978
4.600  Zr  111/xyz  -100  -655.89686  -663.49089  7.59403
4.600  Zr  111/xyz  -95   -656.57268  -663.49089  6.91821
4.600  Zr  111/xyz  -90   -657.23992  -663.49089  6.25097
4.600  Zr  111/xyz  -85   -657.89167  -663.49089  5.59922
4.600  Zr  111/xyz  -80   -658.52172  -663.49089  4.96917
4.600  Zr  111/xyz  -75   -659.12465  -663.49089  4.36624
4.600  Zr  111/xyz  -70   -659.69586  -663.49089  3.79503
4.600  Zr  111/xyz  -65   -660.23162  -663.49089  3.25927
4.600  Zr  111/xyz  -60   -660.72905  -663.49089  2.76184
4.600  Zr  111/xyz  -55   -661.18605  -663.49089  2.30484
4.600  Zr  111/xyz  -50   -661.60125  -663.49089  1.88964
4.600  Zr  111/xyz  -45   -661.97393  -663.49089  1.51696
4.600  Zr  111/xyz  -40   -662.30393  -663.49089  1.18696
4.600  Zr  111/xyz  -35   -662.59153  -663.49089  0.89936
4.600  Zr  111/xyz  -30   -662.83734  -663.49089  0.65355
4.600  Zr  111/xyz  -25   -663.04224  -663.49089  0.44865
4.600  Zr  111/xyz  -20   -663.20725  -663.49089  0.28364
4.600  Zr  111/xyz  -15   -663.3335   -663.49089  0.15739
4.600  Zr  111/xyz  -14   -663.3542   -663.49089  0.13669
4.600  Zr  111/xyz  -13   -663.3734   -663.49089  0.11749
4.600  Zr  111/xyz  -12   -663.39111  -663.49089  0.09978
4.600  Zr  111/xyz  -11   -663.40735  -663.49089  0.08354
4.600  Zr  111/xyz  -10   -663.42212  -663.49089  0.06877
4.600  Zr  111/xyz  -9    -663.43543  -663.49089  0.05546
4.600  Zr  111/xyz  -8    -663.44728  -663.49089  0.04361
4.600  Zr  111/xyz  -7    -663.4577   -663.49089  0.03319
4.600  Zr  111/xyz  -6    -663.46668  -663.49089  0.02421
4.600  Zr  111/xyz  -5    -663.47423  -663.49089  0.01666
4.600  Zr  111/xyz  -4    -663.48036  -663.49089  0.01053
4.600  Zr  111/xyz  -3    -663.48509  -663.49089  0.0058
4.600  Zr  111/xyz  -2    -663.48842  -663.49089  0.00247
4.600  Zr  111/xyz  -1    -663.49035  -663.49089  0.00054
4.600  Zr  111/xyz  0     -663.49089  -663.49089  0
4.600  Zr  111/xyz  1     -663.49005  -663.49089  0.00084
4.600  Zr  111/xyz  2     -663.48785  -663.49089  0.00304
4.600  Zr  111/xyz  3     -663.48427  -663.49089  0.00662
4.600  Zr  111/xyz  4     -663.47934  -663.49089  0.01155
4.600  Zr  111/xyz  5     -663.47305  -663.49089  0.01784
4.600  Zr  111/xyz  6     -663.46542  -663.49089  0.02547
4.600  Zr  111/xyz  7     -663.45645  -663.49089  0.03444
4.600  Zr  111/xyz  8     -663.44614  -663.49089  0.04475
4.600  Zr  111/xyz  9     -663.4345   -663.49089  0.05639
4.600  Zr  111/xyz  10    -663.42155  -663.49089  0.06934
4.600  Zr  111/xyz  11    -663.40727  -663.49089  0.08362
4.600  Zr  111/xyz  12    -663.39167  -663.49089  0.09922
4.600  Zr  111/xyz  13    -663.37477  -663.49089  0.11612
4.600  Zr  111/xyz  14    -663.35657  -663.49089  0.13432
4.600  Zr  111/xyz  15    -663.33706  -663.49089  0.15383
4.600  Zr  111/xyz  20    -663.22014  -663.49089  0.27075
4.600  Zr  111/xyz  25    -663.0712   -663.49089  0.41969
4.600  Zr  111/xyz  30    -662.89052  -663.49089  0.60037
4.600  Zr  111/xyz  35    -662.67835  -663.49089  0.81254
4.600  Zr  111/xyz  40    -662.43484  -663.49089  1.05605
4.600  Zr  111/xyz  45    -662.16016  -663.49089  1.33073
4.600  Zr  111/xyz  50    -661.8545   -663.49089  1.63639
4.600  Zr  111/xyz  55    -661.51817  -663.49089  1.97272
4.600  Zr  111/xyz  60    -661.1516   -663.49089  2.33929
4.600  Zr  111/xyz  65    -660.75539  -663.49089  2.7355
4.600  Zr  111/xyz  70    -660.33039  -663.49089  3.1605
4.600  Zr  111/xyz  75    -659.8777   -663.49089  3.61319
4.600  Zr  111/xyz  80    -659.39879  -663.49089  4.0921
4.600  Zr  111/xyz  85    -658.89549  -663.49089  4.5954
4.600  Zr  111/xyz  90    -658.37009  -663.49089  5.1208
4.600  Zr  111/xyz  95    -657.82539  -663.49089  5.6655
4.600  Zr  111/xyz  100   -657.26479  -663.49089  6.2261
