4.600  C  100/x     -100  -653.60511  -663.49089  9.88578
4.600  C  100/x     -95   -655.04687  -663.49089  8.44402
4.600  C  100/x     -90   -656.30794  -663.49089  7.18295
4.600  C  100/x     -85   -657.41033  -663.49089  6.08056
4.600  C  100/x     -80   -658.37238  -663.49089  5.11851
4.600  C  100/x     -75   -659.20976  -663.49089  4.28113
4.600  C  100/x     -70   -659.93628  -663.49089  3.55461
4.600  C  100/x     -65   -660.56434  -663.49089  2.92655
4.600  C  100/x     -60   -661.10507  -663.49089  2.38582
4.600  C  100/x     -55   -661.56854  -663.49089  1.92235
4.600  C  100/x     -50   -661.96374  -663.49089  1.52715
4.600  C  100/x     -45   -662.29867  -663.49089  1.19222
4.600  C  100/x     -40   -662.58037  -663.49089  0.91052
4.600  C  100/x     -35   -662.81499  -663.49089  0.6759
4.600  C  100/x     -30   -663.00788  -663.49089  0.48301
4.600  C  100/x     -25   -663.16355  -663.49089  0.32734
4.600  C  100/x     -20   -663.28578  -663.49089  0.20511
4.600  C  100/x     -15   -663.37762  -663.49089  0.11327
4.600  C  100/x     -14   -663.39255  -663.49089  0.09834
4.600  C  100/x     -13   -663.40638  -663.49089  0.08451
4.600  C  100/x     -12   -663.41913  -663.49089  0.07176
4.600  C  100/x     -11   -663.43079  -663.49089  0.0601
4.600  C  100/x     -10   -663.44139  -663.49089  0.0495
4.600  C  100/x     -9    -663.45094  -663.49089  0.03995
4.600  C  100/x     -8    -663.45945  -663.49089  0.03144
4.600  C  100/x     -7    -663.46692  -663.49089  0.02397
4.600  C  100/x     -6    -663.47337  -663.49089  0.01752
4.600  C  100/x     -5    -663.4788   -663.49089  0.01209
4.600  C  100/x     -4    -663.48323  -663.49089  0.00766
4.600  C  100/x     -3    -663.48664  -663.49089  0.00425
4.600  C  100/x     -2    -663.48906  -663.49089  0.00183
4.600  C  100/x     -1    -663.49047  -663.49089  0.00042
4.600  C  100/x     0     -663.49089  -663.49089  0
4.600  C  100/x     1     -663.49032  -663.49089  0.00057
4.600  C  100/x     2     -663.48876  -663.49089  0.00213
4.600  C  100/x     3     -663.4862   -663.49089  0.00469
4.600  C  100/x     4     -663.48264  -663.49089  0.00825
4.600  C  100/x     5     -663.47809  -663.49089  0.0128
4.600  C  100/x     6     -663.47254  -663.49089  0.01835
4.600  C  100/x     7     -663.46598  -663.49089  0.02491
4.600  C  100/x     8     -663.45841  -663.49089  0.03248
4.600  C  100/x     9     -663.44983  -663.49089  0.04106
4.600  C  100/x     10    -663.44022  -663.49089  0.05067
4.600  C  100/x     11    -663.42958  -663.49089  0.06131
4.600  C  100/x     12    -663.4179   -663.49089  0.07299
4.600  C  100/x     13    -663.40516  -663.49089  0.08573
4.600  C  100/x     14    -663.39136  -663.49089  0.09953
4.600  C  100/x     15    -663.37649  -663.49089  0.1144
4.600  C  100/x     20    -663.28549  -663.49089  0.2054
4.600  C  100/x     25    -663.16514  -663.49089  0.32575
4.600  C  100/x     30    -663.01272  -663.49089  0.47817
4.600  C  100/x     35    -662.82476  -663.49089  0.66613
4.600  C  100/x     40    -662.59706  -663.49089  0.89383
4.600  C  100/x     45    -662.32466  -663.49089  1.16623
4.600  C  100/x     50    -662.00176  -663.49089  1.48913
4.600  C  100/x     55    -661.6217   -663.49089  1.86919
4.600  C  100/x     60    -661.1769   -663.49089  2.31399
4.600  C  100/x     65    -660.65878  -663.49089  2.83211
4.600  C  100/x     70    -660.05771  -663.49089  3.43318
4.600  C  100/x     75    -659.36296  -663.49089  4.12793
4.600  C  100/x     80    -658.56263  -663.49089  4.92826
4.600  C  100/x     85    -657.64352  -663.49089  5.84737
4.600  C  100/x     90    -656.59089  -663.49089  6.9
4.600  C  100/x     95    -655.38788  -663.49089  8.10301
4.600  C  100/x     100   -654.01445  -663.49089  9.47644
4.600  C  110/xy    -100  -657.94302  -663.49089  5.54787
4.600  C  110/xy    -95   -658.48813  -663.49089  5.00276
4.600  C  110/xy    -90   -659.01018  -663.49089  4.48071
4.600  C  110/xy    -85   -659.50661  -663.49089  3.98428
4.600  C  110/xy    -80   -659.97549  -663.49089  3.5154
4.600  C  110/xy    -75   -660.41545  -663.49089  3.07544
4.600  C  110/xy    -70   -660.82559  -663.49089  2.6653
4.600  C  110/xy    -65   -661.20537  -663.49089  2.28552
4.600  C  110/xy    -60   -661.5546   -663.49089  1.93629
4.600  C  110/xy    -55   -661.87333  -663.49089  1.61756
4.600  C  110/xy    -50   -662.1618   -663.49089  1.32909
4.600  C  110/xy    -45   -662.42043  -663.49089  1.07046
4.600  C  110/xy    -40   -662.6497   -663.49089  0.84119
4.600  C  110/xy    -35   -662.85019  -663.49089  0.6407
4.600  C  110/xy    -30   -663.02245  -663.49089  0.46844
4.600  C  110/xy    -25   -663.16706  -663.49089  0.32383
4.600  C  110/xy    -20   -663.28454  -663.49089  0.20635
4.600  C  110/xy    -15   -663.37533  -663.49089  0.11556
4.600  C  110/xy    -14   -663.39032  -663.49089  0.10057
4.600  C  110/xy    -13   -663.40426  -663.49089  0.08663
4.600  C  110/xy    -12   -663.41716  -663.49089  0.07373
4.600  C  110/xy    -11   -663.42901  -663.49089  0.06188
4.600  C  110/xy    -10   -663.43981  -663.49089  0.05108
4.600  C  110/xy    -9    -663.44958  -663.49089  0.04131
4.600  C  110/xy    -8    -663.45831  -663.49089  0.03258
4.600  C  110/xy    -7    -663.466    -663.49089  0.02489
4.600  C  110/xy    -6    -663.47265  -663.49089  0.01824
4.600  C  110/xy    -5    -663.47827  -663.49089  0.01262
4.600  C  110/xy    -4    -663.48286  -663.49089  0.00803
4.600  C  110/xy    -3    -663.48642  -663.49089  0.00447
4.600  C  110/xy    -2    -663.48894  -663.49089  0.00195
4.600  C  110/xy    -1    -663.49043  -663.49089  0.00046
4.600  C  110/xy    0     -663.49089  -663.49089  0
4.600  C  110/xy    1     -663.49033  -663.49089  0.00056
4.600  C  110/xy    2     -663.48873  -663.49089  0.00216
4.600  C  110/xy    3     -663.4861   -663.49089  0.00479
4.600  C  110/xy    4     -663.48244  -663.49089  0.00845
4.600  C  110/xy    5     -663.47774  -663.49089  0.01315
4.600  C  110/xy    6     -663.47202  -663.49089  0.01887
4.600  C  110/xy    7     -663.46527  -663.49089  0.02562
4.600  C  110/xy    8     -663.45748  -663.49089  0.03341
4.600  C  110/xy    9     -663.44865  -663.49089  0.04224
4.600  C  110/xy    10    -663.43879  -663.49089  0.0521
4.600  C  110/xy    11    -663.4279   -663.49089  0.06299
4.600  C  110/xy    12    -663.41597  -663.49089  0.07492
4.600  C  110/xy    13    -663.40299  -663.49089  0.0879
4.600  C  110/xy    14    -663.38897  -663.49089  0.10192
4.600  C  110/xy    15    -663.37391  -663.49089  0.11698
4.600  C  110/xy    20    -663.28285  -663.49089  0.20804
4.600  C  110/xy    25    -663.16529  -663.49089  0.3256
4.600  C  110/xy    30    -663.02083  -663.49089  0.47006
4.600  C  110/xy    35    -662.849    -663.49089  0.64189
4.600  C  110/xy    40    -662.64926  -663.49089  0.84163
4.600  C  110/xy    45    -662.42105  -663.49089  1.06984
4.600  C  110/xy    50    -662.16384  -663.49089  1.32705
4.600  C  110/xy    55    -661.87711  -663.49089  1.61378
4.600  C  110/xy    60    -661.56047  -663.49089  1.93042
4.600  C  110/xy    65    -661.21362  -663.49089  2.27727
4.600  C  110/xy    70    -660.83649  -663.49089  2.6544
4.600  C  110/xy    75    -660.42925  -663.49089  3.06164
4.600  C  110/xy    80    -659.99235  -663.49089  3.49854
4.600  C  110/xy    85    -659.52665  -663.49089  3.96424
4.600  C  110/xy    90    -659.0334   -663.49089  4.45749
4.600  C  110/xy    95    -658.5144   -663.49089  4.97649
4.600  C  110/xy    100   -657.97204  -663.49089  5.51885
4.600  C  110/xz    -100  -658.90351  -663.49089  4.58738
4.600  C  110/xz    -95   -659.32446  -663.49089  4.16643
4.600  C  110/xz    -90   -659.73323  -663.49089  3.75766
4.600  C  110/xz    -85   -660.12706  -663.49089  3.36383
4.600  C  110/xz    -80   -660.50367  -663.49089  2.98722
4.600  C  110/xz    -75   -660.86121  -663.49089  2.62968
4.600  C  110/xz    -70   -661.19819  -663.49089  2.2927
4.600  C  110/xz    -65   -661.51351  -663.49089  1.97738
4.600  C  110/xz    -60   -661.80633  -663.49089  1.68456
4.600  C  110/xz    -55   -662.07609  -663.49089  1.4148
4.600  C  110/xz    -50   -662.32244  -663.49089  1.16845
4.600  C  110/xz    -45   -662.54519  -663.49089  0.9457
4.600  C  110/xz    -40   -662.74427  -663.49089  0.74662
4.600  C  110/xz    -35   -662.91971  -663.49089  0.57118
4.600  C  110/xz    -30   -663.07157  -663.49089  0.41932
4.600  C  110/xz    -25   -663.19994  -663.49089  0.29095
4.600  C  110/xz    -20   -663.30491  -663.49089  0.18598
4.600  C  110/xz    -15   -663.38651  -663.49089  0.10438
4.600  C  110/xz    -14   -663.40003  -663.49089  0.09086
4.600  C  110/xz    -13   -663.41262  -663.49089  0.07827
4.600  C  110/xz    -12   -663.42427  -663.49089  0.06662
4.600  C  110/xz    -11   -663.43498  -663.49089  0.05591
4.600  C  110/xz    -10   -663.44476  -663.49089  0.04613
4.600  C  110/xz    -9    -663.45361  -663.49089  0.03728
4.600  C  110/xz    -8    -663.46151  -663.49089  0.02938
4.600  C  110/xz    -7    -663.46848  -663.49089  0.02241
4.600  C  110/xz    -6    -663.47451  -663.49089  0.01638
4.600  C  110/xz    -5    -663.4796   -663.49089  0.01129
4.600  C  110/xz    -4    -663.48375  -663.49089  0.00714
4.600  C  110/xz    -3    -663.48695  -663.49089  0.00394
4.600  C  110/xz    -2    -663.48921  -663.49089  0.00168
4.600  C  110/xz    -1    -663.49053  -663.49089  0.00036
4.600  C  110/xz    0     -663.49089  -663.49089  0
4.600  C  110/xz    1     -663.49031  -663.49089  0.00058
4.600  C  110/xz    2     -663.48878  -663.49089  0.00211
4.600  C  110/xz    3     -663.48629  -663.49089  0.0046
4.600  C  110/xz    4     -663.48285  -663.49089  0.00804
4.600  C  110/xz    5     -663.47845  -663.49089  0.01244
4.600  C  110/xz    6     -663.47308  -663.49089  0.01781
4.600  C  110/xz    7     -663.46676  -663.49089  0.02413
4.600  C  110/xz    8     -663.45947  -663.49089  0.03142
4.600  C  110/xz    9     -663.45121  -663.49089  0.03968
4.600  C  110/xz    10    -663.44198  -663.49089  0.04891
4.600  C  110/xz    11    -663.43177  -663.49089  0.05912
4.600  C  110/xz    12    -663.42059  -663.49089  0.0703
4.600  C  110/xz    13    -663.40842  -663.49089  0.08247
4.600  C  110/xz    14    -663.39527  -663.49089  0.09562
4.600  C  110/xz    15    -663.38113  -663.49089  0.10976
4.600  C  110/xz    20    -663.29547  -663.49089  0.19542
4.600  C  110/xz    25    -663.18451  -663.49089  0.30638
4.600  C  110/xz    30    -663.04767  -663.49089  0.44322
4.600  C  110/xz    35    -662.88431  -663.49089  0.60658
4.600  C  110/xz    40    -662.69374  -663.49089  0.79715
4.600  C  110/xz    45    -662.47524  -663.49089  1.01565
4.600  C  110/xz    50    -662.2281   -663.49089  1.26279
4.600  C  110/xz    55    -661.95162  -663.49089  1.53927
4.600  C  110/xz    60    -661.64518  -663.49089  1.84571
4.600  C  110/xz    65    -661.30831  -663.49089  2.18258
4.600  C  110/xz    70    -660.94068  -663.49089  2.55021
4.600  C  110/xz    75    -660.54221  -663.49089  2.94868
4.600  C  110/xz    80    -660.11307  -663.49089  3.37782
4.600  C  110/xz    85    -659.65382  -663.49089  3.83707
4.600  C  110/xz    90    -659.16544  -663.49089  4.32545
4.600  C  110/xz    95    -658.64938  -663.49089  4.84151
4.600  C  110/xz    100   -658.1077   -663.49089  5.38319
4.600  C  111/bxyz  -100  -658.96152  -663.49089  4.52937
4.600  C  111/bxyz  -95   -659.32561  -663.49089  4.16528
4.600  C  111/bxyz  -90   -659.68837  -663.49089  3.80252
4.600  C  111/bxyz  -85   -660.0467   -663.49089  3.44419
4.600  C  111/bxyz  -80   -660.39767  -663.49089  3.09322
4.600  C  111/bxyz  -75   -660.73859  -663.49089  2.7523
4.600  C  111/bxyz  -70   -661.06699  -663.49089  2.4239
4.600  C  111/bxyz  -65   -661.38062  -663.49089  2.11027
4.600  C  111/bxyz  -60   -661.6775   -663.49089  1.81339
4.600  C  111/bxyz  -55   -661.95586  -663.49089  1.53503
4.600  C  111/bxyz  -50   -662.21415  -663.49089  1.27674
4.600  C  111/bxyz  -45   -662.45107  -663.49089  1.03982
4.600  C  111/bxyz  -40   -662.66549  -663.49089  0.8254
4.600  C  111/bxyz  -35   -662.85649  -663.49089  0.6344
4.600  C  111/bxyz  -30   -663.0233   -663.49089  0.46759
4.600  C  111/bxyz  -25   -663.16533  -663.49089  0.32556
4.600  C  111/bxyz  -20   -663.28211  -663.49089  0.20878
4.600  C  111/bxyz  -15   -663.37327  -663.49089  0.11762
4.600  C  111/bxyz  -14   -663.3884   -663.49089  0.10249
4.600  C  111/bxyz  -13   -663.4025   -663.49089  0.08839
4.600  C  111/bxyz  -12   -663.41556  -663.49089  0.07533
4.600  C  111/bxyz  -11   -663.42758  -663.49089  0.06331
4.600  C  111/bxyz  -10   -663.43856  -663.49089  0.05233
4.600  C  111/bxyz  -9    -663.4485   -663.49089  0.04239
4.600  C  111/bxyz  -8    -663.45739  -663.49089  0.0335
4.600  C  111/bxyz  -7    -663.46524  -663.49089  0.02565
4.600  C  111/bxyz  -6    -663.47204  -663.49089  0.01885
4.600  C  111/bxyz  -5    -663.4778   -663.49089  0.01309
4.600  C  111/bxyz  -4    -663.48251  -663.49089  0.00838
4.600  C  111/bxyz  -3    -663.48618  -663.49089  0.00471
4.600  C  111/bxyz  -2    -663.4888   -663.49089  0.00209
4.600  C  111/bxyz  -1    -663.49037  -663.49089  0.00052
4.600  C  111/bxyz  0     -663.49089  -663.49089  0
4.600  C  111/bxyz  1     -663.49037  -663.49089  0.00052
4.600  C  111/bxyz  2     -663.4888   -663.49089  0.00209
4.600  C  111/bxyz  3     -663.48618  -663.49089  0.00471
4.600  C  111/bxyz  4     -663.48251  -663.49089  0.00838
4.600  C  111/bxyz  5     -663.4778   -663.49089  0.01309
4.600  C  111/bxyz  6     -663.47204  -663.49089  0.01885
4.600  C  111/bxyz  7     -663.46524  -663.49089  0.02565
4.600  C  111/bxyz  8     -663.45739  -663.49089  0.0335
4.600  C  111/bxyz  9     -663.4485   -663.49089  0.04239
4.600  C  111/bxyz  10    -663.43856  -663.49089  0.05233
4.600  C  111/bxyz  11    -663.42758  -663.49089  0.06331
4.600  C  111/bxyz  12    -663.41556  -663.49089  0.07533
4.600  C  111/bxyz  13    -663.4025   -663.49089  0.08839
4.600  C  111/bxyz  14    -663.3884   -663.49089  0.10249
4.600  C  111/bxyz  15    -663.37327  -663.49089  0.11762
4.600  C  111/bxyz  20    -663.28211  -663.49089  0.20878
4.600  C  111/bxyz  25    -663.16533  -663.49089  0.32556
4.600  C  111/bxyz  30    -663.0233   -663.49089  0.46759
4.600  C  111/bxyz  35    -662.85649  -663.49089  0.6344
4.600  C  111/bxyz  40    -662.66549  -663.49089  0.8254
4.600  C  111/bxyz  45    -662.45107  -663.49089  1.03982
4.600  C  111/bxyz  50    -662.21415  -663.49089  1.27674
4.600  C  111/bxyz  55    -661.95586  -663.49089  1.53503
4.600  C  111/bxyz  60    -661.6775   -663.49089  1.81339
4.600  C  111/bxyz  65    -661.38062  -663.49089  2.11027
4.600  C  111/bxyz  70    -661.06699  -663.49089  2.4239
4.600  C  111/bxyz  75    -660.73859  -663.49089  2.7523
4.600  C  111/bxyz  80    -660.39767  -663.49089  3.09322
4.600  C  111/bxyz  85    -660.0467   -663.49089  3.44419
4.600  C  111/bxyz  90    -659.68837  -663.49089  3.80252
4.600  C  111/bxyz  95    -659.32561  -663.49089  4.16528
4.600  C  111/bxyz  100   -658.96152  -663.49089  4.52937
4.600  C  111/xyz   -100  -659.5221   -663.49089  3.96879
4.600  C  111/xyz   -95   -659.82144  -663.49089  3.66945
4.600  C  111/xyz   -90   -660.12356  -663.49089  3.36733
4.600  C  111/xyz   -85   -660.4256   -663.49089  3.06529
4.600  C  111/xyz   -80   -660.72476  -663.49089  2.76613
4.600  C  111/xyz   -75   -661.01839  -663.49089  2.4725
4.600  C  111/xyz   -70   -661.30396  -663.49089  2.18693
4.600  C  111/xyz   -65   -661.57913  -663.49089  1.91176
4.600  C  111/xyz   -60   -661.84176  -663.49089  1.64913
4.600  C  111/xyz   -55   -662.08988  -663.49089  1.40101
4.600  C  111/xyz   -50   -662.32175  -663.49089  1.16914
4.600  C  111/xyz   -45   -662.53581  -663.49089  0.95508
4.600  C  111/xyz   -40   -662.73069  -663.49089  0.7602
4.600  C  111/xyz   -35   -662.90521  -663.49089  0.58568
4.600  C  111/xyz   -30   -663.05836  -663.49089  0.43253
4.600  C  111/xyz   -25   -663.18931  -663.49089  0.30158
4.600  C  111/xyz   -20   -663.29735  -663.49089  0.19354
4.600  C  111/xyz   -15   -663.38192  -663.49089  0.10897
4.600  C  111/xyz   -14   -663.39598  -663.49089  0.09491
4.600  C  111/xyz   -13   -663.40908  -663.49089  0.08181
4.600  C  111/xyz   -12   -663.42122  -663.49089  0.06967
4.600  C  111/xyz   -11   -663.43239  -663.49089  0.0585
4.600  C  111/xyz   -10   -663.44259  -663.49089  0.0483
4.600  C  111/xyz   -9    -663.45183  -663.49089  0.03906
4.600  C  111/xyz   -8    -663.46009  -663.49089  0.0308
4.600  C  111/xyz   -7    -663.46737  -663.49089  0.02352
4.600  C  111/xyz   -6    -663.47367  -663.49089  0.01722
4.600  C  111/xyz   -5    -663.479    -663.49089  0.01189
4.600  C  111/xyz   -4    -663.48335  -663.49089  0.00754
4.600  C  111/xyz   -3    -663.48671  -663.49089  0.00418
4.600  C  111/xyz   -2    -663.48909  -663.49089  0.0018
4.600  C  111/xyz   -1    -663.49049  -663.49089  0.0004
4.600  C  111/xyz   0     -663.49089  -663.49089  0
4.600  C  111/xyz   1     -663.49031  -663.49089  0.00058
4.600  C  111/xyz   2     -663.48874  -663.49089  0.00215
4.600  C  111/xyz   3     -663.48618  -663.49089  0.00471
4.600  C  111/xyz   4     -663.48262  -663.49089  0.00827
4.600  C  111/xyz   5     -663.47807  -663.49089  0.01282
4.600  C  111/xyz   6     -663.47253  -663.49089  0.01836
4.600  C  111/xyz   7     -663.466    -663.49089  0.02489
4.600  C  111/xyz   8     -663.45847  -663.49089  0.03242
4.600  C  111/xyz   9     -663.44994  -663.49089  0.04095
4.600  C  111/xyz   10    -663.44042  -663.49089  0.05047
4.600  C  111/xyz   11    -663.4299   -663.49089  0.06099
4.600  C  111/xyz   12    -663.4184   -663.49089  0.07249
4.600  C  111/xyz   13    -663.40589  -663.49089  0.085
4.600  C  111/xyz   14    -663.39239  -663.49089  0.0985
4.600  C  111/xyz   15    -663.37789  -663.49089  0.113
4.600  C  111/xyz   20    -663.29051  -663.49089  0.20038
4.600  C  111/xyz   25    -663.1784   -663.49089  0.31249
4.600  C  111/xyz   30    -663.0418   -663.49089  0.44909
4.600  C  111/xyz   35    -662.88105  -663.49089  0.60984
4.600  C  111/xyz   40    -662.69661  -663.49089  0.79428
4.600  C  111/xyz   45    -662.4891   -663.49089  1.00179
4.600  C  111/xyz   50    -662.25934  -663.49089  1.23155
4.600  C  111/xyz   55    -662.00828  -663.49089  1.48261
4.600  C  111/xyz   60    -661.73714  -663.49089  1.75375
4.600  C  111/xyz   65    -661.44734  -663.49089  2.04355
4.600  C  111/xyz   70    -661.1405   -663.49089  2.35039
4.600  C  111/xyz   75    -660.81854  -663.49089  2.67235
4.600  C  111/xyz   80    -660.48356  -663.49089  3.00733
4.600  C  111/xyz   85    -660.13796  -663.49089  3.35293
4.600  C  111/xyz   90    -659.78432  -663.49089  3.70657
4.600  C  111/xyz   95    -659.42546  -663.49089  4.06543
4.600  C  111/xyz   100   -659.06439  -663.49089  4.4265
