4.625  Zr  100/x    -100  -648.18661  -664.10375  15.9171
4.625  Zr  100/x    -95   -650.4689   -664.10375  13.6349
4.625  Zr  100/x    -90   -652.50663  -664.10375  11.5971
4.625  Zr  100/x    -85   -654.31457  -664.10375  9.78918
4.625  Zr  100/x    -80   -655.89963  -664.10375  8.20412
4.625  Zr  100/x    -75   -657.27772  -664.10375  6.82603
4.625  Zr  100/x    -70   -658.46912  -664.10375  5.63463
4.625  Zr  100/x    -65   -659.4944   -664.10375  4.60935
4.625  Zr  100/x    -60   -660.37277  -664.10375  3.73098
4.625  Zr  100/x    -55   -661.12153  -664.10375  2.98222
4.625  Zr  100/x    -50   -661.75608  -664.10375  2.34767
4.625  Zr  100/x    -45   -662.28993  -664.10375  1.81382
4.625  Zr  100/x    -40   -662.73494  -664.10375  1.36881
4.625  Zr  100/x    -35   -663.10153  -664.10375  1.00222
4.625  Zr  100/x    -30   -663.39874  -664.10375  0.70501
4.625  Zr  100/x    -25   -663.63452  -664.10375  0.46923
4.625  Zr  100/x    -20   -663.81579  -664.10375  0.28796
4.625  Zr  100/x    -15   -663.94857  -664.10375  0.15518
4.625  Zr  100/x    -14   -663.96978  -664.10375  0.13397
4.625  Zr  100/x    -13   -663.98928  -664.10375  0.11447
4.625  Zr  100/x    -12   -664.00714  -664.10375  0.09661
4.625  Zr  100/x    -11   -664.02337  -664.10375  0.08038
4.625  Zr  100/x    -10   -664.03801  -664.10375  0.06574
4.625  Zr  100/x    -9    -664.05109  -664.10375  0.05266
4.625  Zr  100/x    -8    -664.06265  -664.10375  0.0411
4.625  Zr  100/x    -7    -664.07273  -664.10375  0.03102
4.625  Zr  100/x    -6    -664.08133  -664.10375  0.02242
4.625  Zr  100/x    -5    -664.08849  -664.10375  0.01526
4.625  Zr  100/x    -4    -664.09425  -664.10375  0.0095
4.625  Zr  100/x    -3    -664.09863  -664.10375  0.00512
4.625  Zr  100/x    -2    -664.10166  -664.10375  0.00209
4.625  Zr  100/x    -1    -664.10335  -664.10375  0.0004
4.625  Zr  100/x    0     -664.10375  -664.10375  0
4.625  Zr  100/x    1     -664.10286  -664.10375  0.00089
4.625  Zr  100/x    2     -664.10072  -664.10375  0.00303
4.625  Zr  100/x    3     -664.09734  -664.10375  0.00641
4.625  Zr  100/x    4     -664.09274  -664.10375  0.01101
4.625  Zr  100/x    5     -664.08696  -664.10375  0.01679
4.625  Zr  100/x    6     -664.08     -664.10375  0.02375
4.625  Zr  100/x    7     -664.07189  -664.10375  0.03186
4.625  Zr  100/x    8     -664.06264  -664.10375  0.04111
4.625  Zr  100/x    9     -664.05229  -664.10375  0.05146
4.625  Zr  100/x    10    -664.04083  -664.10375  0.06292
4.625  Zr  100/x    11    -664.02831  -664.10375  0.07544
4.625  Zr  100/x    12    -664.01472  -664.10375  0.08903
4.625  Zr  100/x    13    -664.00008  -664.10375  0.10367
4.625  Zr  100/x    14    -663.98443  -664.10375  0.11932
4.625  Zr  100/x    15    -663.96776  -664.10375  0.13599
4.625  Zr  100/x    20    -663.86982  -664.10375  0.23393
4.625  Zr  100/x    25    -663.74893  -664.10375  0.35482
4.625  Zr  100/x    30    -663.60679  -664.10375  0.49696
4.625  Zr  100/x    35    -663.445    -664.10375  0.65875
4.625  Zr  100/x    40    -663.26512  -664.10375  0.83863
4.625  Zr  100/x    45    -663.06881  -664.10375  1.03494
4.625  Zr  100/x    50    -662.85824  -664.10375  1.24551
4.625  Zr  100/x    55    -662.6366   -664.10375  1.46715
4.625  Zr  100/x    60    -662.40732  -664.10375  1.69643
4.625  Zr  100/x    65    -662.17218  -664.10375  1.93157
4.625  Zr  100/x    70    -661.93084  -664.10375  2.17291
4.625  Zr  100/x    75    -661.68264  -664.10375  2.42111
4.625  Zr  100/x    80    -661.42765  -664.10375  2.6761
4.625  Zr  100/x    85    -661.16583  -664.10375  2.93792
4.625  Zr  100/x    90    -660.89647  -664.10375  3.20728
4.625  Zr  100/x    95    -660.61864  -664.10375  3.48511
4.625  Zr  100/x    100   -660.33179  -664.10375  3.77196
4.625  Zr  100/y    -100  -650.83508  -664.10375  13.2687
4.625  Zr  100/y    -95   -652.77114  -664.10375  11.3326
4.625  Zr  100/y    -90   -654.47198  -664.10375  9.63177
4.625  Zr  100/y    -85   -655.95698  -664.10375  8.14677
4.625  Zr  100/y    -80   -657.2482   -664.10375  6.85555
4.625  Zr  100/y    -75   -658.36785  -664.10375  5.7359
4.625  Zr  100/y    -70   -659.33654  -664.10375  4.76721
4.625  Zr  100/y    -65   -660.17266  -664.10375  3.93109
4.625  Zr  100/y    -60   -660.89238  -664.10375  3.21137
4.625  Zr  100/y    -55   -661.50984  -664.10375  2.59391
4.625  Zr  100/y    -50   -662.03733  -664.10375  2.06642
4.625  Zr  100/y    -45   -662.48558  -664.10375  1.61817
4.625  Zr  100/y    -40   -662.86383  -664.10375  1.23992
4.625  Zr  100/y    -35   -663.18012  -664.10375  0.92363
4.625  Zr  100/y    -30   -663.44125  -664.10375  0.6625
4.625  Zr  100/y    -25   -663.653    -664.10375  0.45075
4.625  Zr  100/y    -20   -663.82009  -664.10375  0.28366
4.625  Zr  100/y    -15   -663.94627  -664.10375  0.15748
4.625  Zr  100/y    -14   -663.96686  -664.10375  0.13689
4.625  Zr  100/y    -13   -663.98596  -664.10375  0.11779
4.625  Zr  100/y    -12   -664.00357  -664.10375  0.10018
4.625  Zr  100/y    -11   -664.01972  -664.10375  0.08403
4.625  Zr  100/y    -10   -664.03441  -664.10375  0.06934
4.625  Zr  100/y    -9    -664.04766  -664.10375  0.05609
4.625  Zr  100/y    -8    -664.05949  -664.10375  0.04426
4.625  Zr  100/y    -7    -664.0699   -664.10375  0.03385
4.625  Zr  100/y    -6    -664.07891  -664.10375  0.02484
4.625  Zr  100/y    -5    -664.08651  -664.10375  0.01724
4.625  Zr  100/y    -4    -664.09272  -664.10375  0.01103
4.625  Zr  100/y    -3    -664.09755  -664.10375  0.0062
4.625  Zr  100/y    -2    -664.10099  -664.10375  0.00276
4.625  Zr  100/y    -1    -664.10306  -664.10375  0.00069
4.625  Zr  100/y    0     -664.10375  -664.10375  0
4.625  Zr  100/y    1     -664.10306  -664.10375  0.00069
4.625  Zr  100/y    2     -664.10099  -664.10375  0.00276
4.625  Zr  100/y    3     -664.09755  -664.10375  0.0062
4.625  Zr  100/y    4     -664.09272  -664.10375  0.01103
4.625  Zr  100/y    5     -664.08651  -664.10375  0.01724
4.625  Zr  100/y    6     -664.07891  -664.10375  0.02484
4.625  Zr  100/y    7     -664.0699   -664.10375  0.03385
4.625  Zr  100/y    8     -664.05949  -664.10375  0.04426
4.625  Zr  100/y    9     -664.04766  -664.10375  0.05609
4.625  Zr  100/y    10    -664.03441  -664.10375  0.06934
4.625  Zr  100/y    11    -664.01972  -664.10375  0.08403
4.625  Zr  100/y    12    -664.00357  -664.10375  0.10018
4.625  Zr  100/y    13    -663.98596  -664.10375  0.11779
4.625  Zr  100/y    14    -663.96686  -664.10375  0.13689
4.625  Zr  100/y    15    -663.94627  -664.10375  0.15748
4.625  Zr  100/y    20    -663.82009  -664.10375  0.28366
4.625  Zr  100/y    25    -663.653    -664.10375  0.45075
4.625  Zr  100/y    30    -663.44125  -664.10375  0.6625
4.625  Zr  100/y    35    -663.18012  -664.10375  0.92363
4.625  Zr  100/y    40    -662.86383  -664.10375  1.23992
4.625  Zr  100/y    45    -662.48558  -664.10375  1.61817
4.625  Zr  100/y    50    -662.03733  -664.10375  2.06642
4.625  Zr  100/y    55    -661.50984  -664.10375  2.59391
4.625  Zr  100/y    60    -660.89238  -664.10375  3.21137
4.625  Zr  100/y    65    -660.17266  -664.10375  3.93109
4.625  Zr  100/y    70    -659.33654  -664.10375  4.76721
4.625  Zr  100/y    75    -658.36785  -664.10375  5.7359
4.625  Zr  100/y    80    -657.2482   -664.10375  6.85555
4.625  Zr  100/y    85    -655.95698  -664.10375  8.14677
4.625  Zr  100/y    90    -654.47198  -664.10375  9.63177
4.625  Zr  100/y    95    -652.77114  -664.10375  11.3326
4.625  Zr  100/y    100   -650.83508  -664.10375  13.2687
4.625  Zr  110/xz   -100  -655.43225  -664.10375  8.6715
4.625  Zr  110/xz   -95   -656.28351  -664.10375  7.82024
4.625  Zr  110/xz   -90   -657.11003  -664.10375  6.99372
4.625  Zr  110/xz   -85   -657.90473  -664.10375  6.19902
4.625  Zr  110/xz   -80   -658.66057  -664.10375  5.44318
4.625  Zr  110/xz   -75   -659.37167  -664.10375  4.73208
4.625  Zr  110/xz   -70   -660.03371  -664.10375  4.07004
4.625  Zr  110/xz   -65   -660.64394  -664.10375  3.45981
4.625  Zr  110/xz   -60   -661.20096  -664.10375  2.90279
4.625  Zr  110/xz   -55   -661.7044   -664.10375  2.39935
4.625  Zr  110/xz   -50   -662.1547   -664.10375  1.94905
4.625  Zr  110/xz   -45   -662.55294  -664.10375  1.55081
4.625  Zr  110/xz   -40   -662.90062  -664.10375  1.20313
4.625  Zr  110/xz   -35   -663.19956  -664.10375  0.90419
4.625  Zr  110/xz   -30   -663.45182  -664.10375  0.65193
4.625  Zr  110/xz   -25   -663.65957  -664.10375  0.44418
4.625  Zr  110/xz   -20   -663.82497  -664.10375  0.27878
4.625  Zr  110/xz   -15   -663.95017  -664.10375  0.15358
4.625  Zr  110/xz   -14   -663.97056  -664.10375  0.13319
4.625  Zr  110/xz   -13   -663.98944  -664.10375  0.11431
4.625  Zr  110/xz   -12   -664.00682  -664.10375  0.09693
4.625  Zr  110/xz   -11   -664.02272  -664.10375  0.08103
4.625  Zr  110/xz   -10   -664.03716  -664.10375  0.06659
4.625  Zr  110/xz   -9    -664.05014  -664.10375  0.05361
4.625  Zr  110/xz   -8    -664.06168  -664.10375  0.04207
4.625  Zr  110/xz   -7    -664.07179  -664.10375  0.03196
4.625  Zr  110/xz   -6    -664.08049  -664.10375  0.02326
4.625  Zr  110/xz   -5    -664.0878   -664.10375  0.01595
4.625  Zr  110/xz   -4    -664.09371  -664.10375  0.01004
4.625  Zr  110/xz   -3    -664.09825  -664.10375  0.0055
4.625  Zr  110/xz   -2    -664.10143  -664.10375  0.00232
4.625  Zr  110/xz   -1    -664.10326  -664.10375  0.00049
4.625  Zr  110/xz   0     -664.10375  -664.10375  0
4.625  Zr  110/xz   1     -664.10291  -664.10375  0.00084
4.625  Zr  110/xz   2     -664.10075  -664.10375  0.003
4.625  Zr  110/xz   3     -664.09729  -664.10375  0.00646
4.625  Zr  110/xz   4     -664.09252  -664.10375  0.01123
4.625  Zr  110/xz   5     -664.08647  -664.10375  0.01728
4.625  Zr  110/xz   6     -664.07914  -664.10375  0.02461
4.625  Zr  110/xz   7     -664.07054  -664.10375  0.03321
4.625  Zr  110/xz   8     -664.06068  -664.10375  0.04307
4.625  Zr  110/xz   9     -664.04956  -664.10375  0.05419
4.625  Zr  110/xz   10    -664.0372   -664.10375  0.06655
4.625  Zr  110/xz   11    -664.02361  -664.10375  0.08014
4.625  Zr  110/xz   12    -664.00878  -664.10375  0.09497
4.625  Zr  110/xz   13    -663.99273  -664.10375  0.11102
4.625  Zr  110/xz   14    -663.97546  -664.10375  0.12829
4.625  Zr  110/xz   15    -663.95698  -664.10375  0.14677
4.625  Zr  110/xz   20    -663.84659  -664.10375  0.25716
4.625  Zr  110/xz   25    -663.70666  -664.10375  0.39709
4.625  Zr  110/xz   30    -663.53762  -664.10375  0.56613
4.625  Zr  110/xz   35    -663.33976  -664.10375  0.76399
4.625  Zr  110/xz   40    -663.11322  -664.10375  0.99053
4.625  Zr  110/xz   45    -662.8581   -664.10375  1.24565
4.625  Zr  110/xz   50    -662.57439  -664.10375  1.52936
4.625  Zr  110/xz   55    -662.26212  -664.10375  1.84163
4.625  Zr  110/xz   60    -661.9213   -664.10375  2.18245
4.625  Zr  110/xz   65    -661.55201  -664.10375  2.55174
4.625  Zr  110/xz   70    -661.15439  -664.10375  2.94936
4.625  Zr  110/xz   75    -660.72868  -664.10375  3.37507
4.625  Zr  110/xz   80    -660.27532  -664.10375  3.82843
4.625  Zr  110/xz   85    -659.79492  -664.10375  4.30883
4.625  Zr  110/xz   90    -659.28851  -664.10375  4.81524
4.625  Zr  110/xz   95    -658.7577   -664.10375  5.34605
4.625  Zr  110/xz   100   -658.20465  -664.10375  5.8991
4.625  Zr  110/yz   -100  -655.73723  -664.10375  8.36652
4.625  Zr  110/yz   -95   -656.60158  -664.10375  7.50217
4.625  Zr  110/yz   -90   -657.42733  -664.10375  6.67642
4.625  Zr  110/yz   -85   -658.20878  -664.10375  5.89497
4.625  Zr  110/yz   -80   -658.9417   -664.10375  5.16205
4.625  Zr  110/yz   -75   -659.62339  -664.10375  4.48036
4.625  Zr  110/yz   -70   -660.25241  -664.10375  3.85134
4.625  Zr  110/yz   -65   -660.82837  -664.10375  3.27538
4.625  Zr  110/yz   -60   -661.35165  -664.10375  2.7521
4.625  Zr  110/yz   -55   -661.82323  -664.10375  2.28052
4.625  Zr  110/yz   -50   -662.24459  -664.10375  1.85916
4.625  Zr  110/yz   -45   -662.61749  -664.10375  1.48626
4.625  Zr  110/yz   -40   -662.94389  -664.10375  1.15986
4.625  Zr  110/yz   -35   -663.22584  -664.10375  0.87791
4.625  Zr  110/yz   -30   -663.46537  -664.10375  0.63838
4.625  Zr  110/yz   -25   -663.6644   -664.10375  0.43935
4.625  Zr  110/yz   -20   -663.82467  -664.10375  0.27908
4.625  Zr  110/yz   -15   -663.9477   -664.10375  0.15605
4.625  Zr  110/yz   -14   -663.96795  -664.10375  0.1358
4.625  Zr  110/yz   -13   -663.98676  -664.10375  0.11699
4.625  Zr  110/yz   -12   -664.00415  -664.10375  0.0996
4.625  Zr  110/yz   -11   -664.02013  -664.10375  0.08362
4.625  Zr  110/yz   -10   -664.03469  -664.10375  0.06906
4.625  Zr  110/yz   -9    -664.04785  -664.10375  0.0559
4.625  Zr  110/yz   -8    -664.05961  -664.10375  0.04414
4.625  Zr  110/yz   -7    -664.06997  -664.10375  0.03378
4.625  Zr  110/yz   -6    -664.07894  -664.10375  0.02481
4.625  Zr  110/yz   -5    -664.08653  -664.10375  0.01722
4.625  Zr  110/yz   -4    -664.09273  -664.10375  0.01102
4.625  Zr  110/yz   -3    -664.09755  -664.10375  0.0062
4.625  Zr  110/yz   -2    -664.10099  -664.10375  0.00276
4.625  Zr  110/yz   -1    -664.10306  -664.10375  0.00069
4.625  Zr  110/yz   0     -664.10375  -664.10375  0
4.625  Zr  110/yz   1     -664.10306  -664.10375  0.00069
4.625  Zr  110/yz   2     -664.10099  -664.10375  0.00276
4.625  Zr  110/yz   3     -664.09755  -664.10375  0.0062
4.625  Zr  110/yz   4     -664.09273  -664.10375  0.01102
4.625  Zr  110/yz   5     -664.08653  -664.10375  0.01722
4.625  Zr  110/yz   6     -664.07894  -664.10375  0.02481
4.625  Zr  110/yz   7     -664.06997  -664.10375  0.03378
4.625  Zr  110/yz   8     -664.05961  -664.10375  0.04414
4.625  Zr  110/yz   9     -664.04785  -664.10375  0.0559
4.625  Zr  110/yz   10    -664.03469  -664.10375  0.06906
4.625  Zr  110/yz   11    -664.02013  -664.10375  0.08362
4.625  Zr  110/yz   12    -664.00415  -664.10375  0.0996
4.625  Zr  110/yz   13    -663.98676  -664.10375  0.11699
4.625  Zr  110/yz   14    -663.96795  -664.10375  0.1358
4.625  Zr  110/yz   15    -663.9477   -664.10375  0.15605
4.625  Zr  110/yz   20    -663.82467  -664.10375  0.27908
4.625  Zr  110/yz   25    -663.6644   -664.10375  0.43935
4.625  Zr  110/yz   30    -663.46537  -664.10375  0.63838
4.625  Zr  110/yz   35    -663.22584  -664.10375  0.87791
4.625  Zr  110/yz   40    -662.94389  -664.10375  1.15986
4.625  Zr  110/yz   45    -662.61749  -664.10375  1.48626
4.625  Zr  110/yz   50    -662.24459  -664.10375  1.85916
4.625  Zr  110/yz   55    -661.82323  -664.10375  2.28052
4.625  Zr  110/yz   60    -661.35165  -664.10375  2.7521
4.625  Zr  110/yz   65    -660.82837  -664.10375  3.27538
4.625  Zr  110/yz   70    -660.25241  -664.10375  3.85134
4.625  Zr  110/yz   75    -659.62339  -664.10375  4.48036
4.625  Zr  110/yz   80    -658.9417   -664.10375  5.16205
4.625  Zr  110/yz   85    -658.20878  -664.10375  5.89497
4.625  Zr  110/yz   90    -657.42733  -664.10375  6.67642
4.625  Zr  110/yz   95    -656.60158  -664.10375  7.50217
4.625  Zr  110/yz   100   -655.73723  -664.10375  8.36652
4.625  Zr  111/xyz  -100  -656.66235  -664.10375  7.4414
4.625  Zr  111/xyz  -95   -657.32425  -664.10375  6.7795
4.625  Zr  111/xyz  -90   -657.97795  -664.10375  6.1258
4.625  Zr  111/xyz  -85   -658.61665  -664.10375  5.4871
4.625  Zr  111/xyz  -80   -659.23425  -664.10375  4.8695
4.625  Zr  111/xyz  -75   -659.82539  -664.10375  4.27836
4.625  Zr  111/xyz  -70   -660.38551  -664.10375  3.71824
4.625  Zr  111/xyz  -65   -660.91093  -664.10375  3.19282
4.625  Zr  111/xyz  -60   -661.39877  -664.10375  2.70498
4.625  Zr  111/xyz  -55   -661.84695  -664.10375  2.2568
4.625  Zr  111/xyz  -50   -662.25409  -664.10375  1.84966
4.625  Zr  111/xyz  -45   -662.61946  -664.10375  1.48429
4.625  Zr  111/xyz  -40   -662.94286  -664.10375  1.16089
4.625  Zr  111/xyz  -35   -663.22456  -664.10375  0.87919
4.625  Zr  111/xyz  -30   -663.46518  -664.10375  0.63857
4.625  Zr  111/xyz  -25   -663.6656   -664.10375  0.43815
4.625  Zr  111/xyz  -20   -663.82688  -664.10375  0.27687
4.625  Zr  111/xyz  -15   -663.95019  -664.10375  0.15356
4.625  Zr  111/xyz  -14   -663.97039  -664.10375  0.13336
4.625  Zr  111/xyz  -13   -663.98914  -664.10375  0.11461
4.625  Zr  111/xyz  -12   -664.00643  -664.10375  0.09732
4.625  Zr  111/xyz  -11   -664.02227  -664.10375  0.08148
4.625  Zr  111/xyz  -10   -664.03668  -664.10375  0.06707
4.625  Zr  111/xyz  -9    -664.04966  -664.10375  0.05409
4.625  Zr  111/xyz  -8    -664.06123  -664.10375  0.04252
4.625  Zr  111/xyz  -7    -664.07139  -664.10375  0.03236
4.625  Zr  111/xyz  -6    -664.08014  -664.10375  0.02361
4.625  Zr  111/xyz  -5    -664.08751  -664.10375  0.01624
4.625  Zr  111/xyz  -4    -664.09349  -664.10375  0.01026
4.625  Zr  111/xyz  -3    -664.0981   -664.10375  0.00565
4.625  Zr  111/xyz  -2    -664.10134  -664.10375  0.00241
4.625  Zr  111/xyz  -1    -664.10321  -664.10375  0.00054
4.625  Zr  111/xyz  0     -664.10375  -664.10375  0
4.625  Zr  111/xyz  1     -664.10293  -664.10375  0.00082
4.625  Zr  111/xyz  2     -664.10078  -664.10375  0.00297
4.625  Zr  111/xyz  3     -664.0973   -664.10375  0.00645
4.625  Zr  111/xyz  4     -664.09249  -664.10375  0.01126
4.625  Zr  111/xyz  5     -664.08636  -664.10375  0.01739
4.625  Zr  111/xyz  6     -664.07893  -664.10375  0.02482
4.625  Zr  111/xyz  7     -664.07019  -664.10375  0.03356
4.625  Zr  111/xyz  8     -664.06015  -664.10375  0.0436
4.625  Zr  111/xyz  9     -664.04882  -664.10375  0.05493
4.625  Zr  111/xyz  10    -664.0362   -664.10375  0.06755
4.625  Zr  111/xyz  11    -664.0223   -664.10375  0.08145
4.625  Zr  111/xyz  12    -664.00711  -664.10375  0.09664
4.625  Zr  111/xyz  13    -663.99066  -664.10375  0.11309
4.625  Zr  111/xyz  14    -663.97293  -664.10375  0.13082
4.625  Zr  111/xyz  15    -663.95394  -664.10375  0.14981
4.625  Zr  111/xyz  20    -663.84014  -664.10375  0.26361
4.625  Zr  111/xyz  25    -663.69521  -664.10375  0.40854
4.625  Zr  111/xyz  30    -663.51942  -664.10375  0.58433
4.625  Zr  111/xyz  35    -663.31295  -664.10375  0.7908
4.625  Zr  111/xyz  40    -663.07592  -664.10375  1.02783
4.625  Zr  111/xyz  45    -662.80845  -664.10375  1.2953
4.625  Zr  111/xyz  50    -662.51064  -664.10375  1.59311
4.625  Zr  111/xyz  55    -662.18271  -664.10375  1.92104
4.625  Zr  111/xyz  60    -661.82501  -664.10375  2.27874
4.625  Zr  111/xyz  65    -661.43804  -664.10375  2.66571
4.625  Zr  111/xyz  70    -661.02255  -664.10375  3.0812
4.625  Zr  111/xyz  75    -660.57957  -664.10375  3.52418
4.625  Zr  111/xyz  80    -660.11045  -664.10375  3.9933
4.625  Zr  111/xyz  85    -659.61694  -664.10375  4.48681
4.625  Zr  111/xyz  90    -659.10126  -664.10375  5.00249
4.625  Zr  111/xyz  95    -658.5661   -664.10375  5.53765
4.625  Zr  111/xyz  100   -658.01478  -664.10375  6.08897
