4.625  C  100/x     -100  -654.28967  -664.10375  9.81408
4.625  C  100/x     -95   -655.73101  -664.10375  8.37274
4.625  C  100/x     -90   -656.99014  -664.10375  7.11361
4.625  C  100/x     -85   -658.08936  -664.10375  6.01439
4.625  C  100/x     -80   -659.04722  -664.10375  5.05653
4.625  C  100/x     -75   -659.87961  -664.10375  4.22414
4.625  C  100/x     -70   -660.60056  -664.10375  3.50319
4.625  C  100/x     -65   -661.22271  -664.10375  2.88104
4.625  C  100/x     -60   -661.75745  -664.10375  2.3463
4.625  C  100/x     -55   -662.21504  -664.10375  1.88871
4.625  C  100/x     -50   -662.60463  -664.10375  1.49912
4.625  C  100/x     -45   -662.93432  -664.10375  1.16943
4.625  C  100/x     -40   -663.21123  -664.10375  0.89252
4.625  C  100/x     -35   -663.44159  -664.10375  0.66216
4.625  C  100/x     -30   -663.63076  -664.10375  0.47299
4.625  C  100/x     -25   -663.7833   -664.10375  0.32045
4.625  C  100/x     -20   -663.90299  -664.10375  0.20076
4.625  C  100/x     -15   -663.99287  -664.10375  0.11088
4.625  C  100/x     -14   -664.00749  -664.10375  0.09626
4.625  C  100/x     -13   -664.02102  -664.10375  0.08273
4.625  C  100/x     -12   -664.03349  -664.10375  0.07026
4.625  C  100/x     -11   -664.04491  -664.10375  0.05884
4.625  C  100/x     -10   -664.05528  -664.10375  0.04847
4.625  C  100/x     -9    -664.06463  -664.10375  0.03912
4.625  C  100/x     -8    -664.07295  -664.10375  0.0308
4.625  C  100/x     -7    -664.08027  -664.10375  0.02348
4.625  C  100/x     -6    -664.08658  -664.10375  0.01717
4.625  C  100/x     -5    -664.0919   -664.10375  0.01185
4.625  C  100/x     -4    -664.09623  -664.10375  0.00752
4.625  C  100/x     -3    -664.09957  -664.10375  0.00418
4.625  C  100/x     -2    -664.10194  -664.10375  0.00181
4.625  C  100/x     -1    -664.10333  -664.10375  0.00042
4.625  C  100/x     0     -664.10375  -664.104    0
4.625  C  100/x     1     -664.10319  -664.10375  0.00056
4.625  C  100/x     2     -664.10167  -664.10375  0.00208
4.625  C  100/x     3     -664.09917  -664.10375  0.00458
4.625  C  100/x     4     -664.0957   -664.10375  0.00805
4.625  C  100/x     5     -664.09125  -664.10375  0.0125
4.625  C  100/x     6     -664.08582  -664.10375  0.01793
4.625  C  100/x     7     -664.07941  -664.10375  0.02434
4.625  C  100/x     8     -664.07201  -664.10375  0.03174
4.625  C  100/x     9     -664.06362  -664.10375  0.04013
4.625  C  100/x     10    -664.05422  -664.10375  0.04953
4.625  C  100/x     11    -664.04382  -664.10375  0.05993
4.625  C  100/x     12    -664.03239  -664.10375  0.07136
4.625  C  100/x     13    -664.01993  -664.10375  0.08382
4.625  C  100/x     14    -664.00643  -664.10375  0.09732
4.625  C  100/x     15    -663.99187  -664.10375  0.11188
4.625  C  100/x     20    -663.90279  -664.10375  0.20096
4.625  C  100/x     25    -663.7849   -664.10375  0.31885
4.625  C  100/x     30    -663.63546  -664.10375  0.46829
4.625  C  100/x     35    -663.451    -664.10375  0.65275
4.625  C  100/x     40    -663.2273   -664.10375  0.87645
4.625  C  100/x     45    -662.95932  -664.10375  1.14443
4.625  C  100/x     50    -662.64122  -664.10375  1.46253
4.625  C  100/x     55    -662.26622  -664.10375  1.83753
4.625  C  100/x     60    -661.82662  -664.10375  2.27713
4.625  C  100/x     65    -661.31367  -664.10375  2.79008
4.625  C  100/x     70    -660.71754  -664.10375  3.38621
4.625  C  100/x     75    -660.02724  -664.10375  4.07651
4.625  C  100/x     80    -659.2306   -664.10375  4.87315
4.625  C  100/x     85    -658.31415  -664.10375  5.7896
4.625  C  100/x     90    -657.26283  -664.10375  6.84092
4.625  C  100/x     95    -656.05951  -664.10375  8.04424
4.625  C  100/x     100   -654.6839   -664.10375  9.41985
4.625  C  110/xy    -100  -658.6586   -664.10375  5.44515
4.625  C  110/xy    -95   -659.19427  -664.10375  4.90948
4.625  C  110/xy    -90   -659.7073   -664.10375  4.39645
4.625  C  110/xy    -85   -660.19513  -664.10375  3.90862
4.625  C  110/xy    -80   -660.65581  -664.10375  3.44794
4.625  C  110/xy    -75   -661.08796  -664.10375  3.01579
4.625  C  110/xy    -70   -661.4907   -664.10375  2.61305
4.625  C  110/xy    -65   -661.8635   -664.10375  2.24025
4.625  C  110/xy    -60   -662.20618  -664.10375  1.89757
4.625  C  110/xy    -55   -662.51882  -664.10375  1.58493
4.625  C  110/xy    -50   -662.80168  -664.10375  1.30207
4.625  C  110/xy    -45   -663.05518  -664.10375  1.04857
4.625  C  110/xy    -40   -663.27985  -664.10375  0.8239
4.625  C  110/xy    -35   -663.47626  -664.10375  0.62749
4.625  C  110/xy    -30   -663.64498  -664.10375  0.45877
4.625  C  110/xy    -25   -663.7866   -664.10375  0.31715
4.625  C  110/xy    -20   -663.90164  -664.10375  0.20211
4.625  C  110/xy    -15   -663.99054  -664.10375  0.11321
4.625  C  110/xy    -14   -664.00523  -664.10375  0.09852
4.625  C  110/xy    -13   -664.01888  -664.10375  0.08487
4.625  C  110/xy    -12   -664.03151  -664.10375  0.07224
4.625  C  110/xy    -11   -664.04311  -664.10375  0.06064
4.625  C  110/xy    -10   -664.0537   -664.10375  0.05005
4.625  C  110/xy    -9    -664.06326  -664.10375  0.04049
4.625  C  110/xy    -8    -664.07181  -664.10375  0.03194
4.625  C  110/xy    -7    -664.07934  -664.10375  0.02441
4.625  C  110/xy    -6    -664.08586  -664.10375  0.01789
4.625  C  110/xy    -5    -664.09137  -664.10375  0.01238
4.625  C  110/xy    -4    -664.09587  -664.10375  0.00788
4.625  C  110/xy    -3    -664.09935  -664.10375  0.0044
4.625  C  110/xy    -2    -664.10182  -664.10375  0.00193
4.625  C  110/xy    -1    -664.10329  -664.10375  0.00046
4.625  C  110/xy    0     -664.10375  -664.10375  0
4.625  C  110/xy    1     -664.10319  -664.10375  0.00056
4.625  C  110/xy    2     -664.10163  -664.10375  0.00212
4.625  C  110/xy    3     -664.09906  -664.10375  0.00469
4.625  C  110/xy    4     -664.09548  -664.10375  0.00827
4.625  C  110/xy    5     -664.09089  -664.10375  0.01286
4.625  C  110/xy    6     -664.08529  -664.10375  0.01846
4.625  C  110/xy    7     -664.07868  -664.10375  0.02507
4.625  C  110/xy    8     -664.07106  -664.10375  0.03269
4.625  C  110/xy    9     -664.06242  -664.10375  0.04133
4.625  C  110/xy    10    -664.05277  -664.10375  0.05098
4.625  C  110/xy    11    -664.04211  -664.10375  0.06164
4.625  C  110/xy    12    -664.03043  -664.10375  0.07332
4.625  C  110/xy    13    -664.01772  -664.10375  0.08603
4.625  C  110/xy    14    -664.004    -664.10375  0.09975
4.625  C  110/xy    15    -663.98926  -664.10375  0.11449
4.625  C  110/xy    20    -663.90011  -664.10375  0.20364
4.625  C  110/xy    25    -663.78501  -664.10375  0.31874
4.625  C  110/xy    30    -663.64355  -664.10375  0.4602
4.625  C  110/xy    35    -663.47525  -664.10375  0.6285
4.625  C  110/xy    40    -663.27958  -664.10375  0.82417
4.625  C  110/xy    45    -663.05597  -664.10375  1.04778
4.625  C  110/xy    50    -662.80385  -664.10375  1.2999
4.625  C  110/xy    55    -662.5227   -664.10375  1.58105
4.625  C  110/xy    60    -662.2121   -664.10375  1.89165
4.625  C  110/xy    65    -661.87174  -664.10375  2.23201
4.625  C  110/xy    70    -661.50153  -664.10375  2.60222
4.625  C  110/xy    75    -661.10161  -664.10375  3.00214
4.625  C  110/xy    80    -660.67244  -664.10375  3.43131
4.625  C  110/xy    85    -660.21485  -664.10375  3.8889
4.625  C  110/xy    90    -659.73011  -664.10375  4.37364
4.625  C  110/xy    95    -659.22002  -664.10375  4.88373
4.625  C  110/xy    100   -658.68699  -664.10375  5.41676
4.625  C  110/xz    -100  -659.64217  -664.10375  4.46158
4.625  C  110/xz    -95   -660.05054  -664.10375  4.05321
4.625  C  110/xz    -90   -660.44728  -664.10375  3.65647
4.625  C  110/xz    -85   -660.82971  -664.10375  3.27404
4.625  C  110/xz    -80   -661.19558  -664.10375  2.90817
4.625  C  110/xz    -75   -661.54306  -664.10375  2.56069
4.625  C  110/xz    -70   -661.8707   -664.10375  2.23305
4.625  C  110/xz    -65   -662.17737  -664.10375  1.92638
4.625  C  110/xz    -60   -662.46226  -664.10375  1.64149
4.625  C  110/xz    -55   -662.72479  -664.10375  1.37896
4.625  C  110/xz    -50   -662.9646   -664.10375  1.13915
4.625  C  110/xz    -45   -663.18151  -664.10375  0.92224
4.625  C  110/xz    -40   -663.37543  -664.10375  0.72832
4.625  C  110/xz    -35   -663.54638  -664.10375  0.55737
4.625  C  110/xz    -30   -663.69442  -664.10375  0.40933
4.625  C  110/xz    -25   -663.81961  -664.10375  0.28414
4.625  C  110/xz    -20   -663.92203  -664.10375  0.18172
4.625  C  110/xz    -15   -664.0017   -664.10375  0.10205
4.625  C  110/xz    -14   -664.0149   -664.10375  0.08885
4.625  C  110/xz    -13   -664.02719  -664.10375  0.07656
4.625  C  110/xz    -12   -664.03858  -664.10375  0.06517
4.625  C  110/xz    -11   -664.04905  -664.10375  0.0547
4.625  C  110/xz    -10   -664.0586   -664.10375  0.04515
4.625  C  110/xz    -9    -664.06725  -664.10375  0.0365
4.625  C  110/xz    -8    -664.07498  -664.10375  0.02877
4.625  C  110/xz    -7    -664.08179  -664.10375  0.02196
4.625  C  110/xz    -6    -664.08769  -664.10375  0.01606
4.625  C  110/xz    -5    -664.09267  -664.10375  0.01108
4.625  C  110/xz    -4    -664.09673  -664.10375  0.00702
4.625  C  110/xz    -3    -664.09987  -664.10375  0.00388
4.625  C  110/xz    -2    -664.10209  -664.10375  0.00166
4.625  C  110/xz    -1    -664.10338  -664.10375  0.00037
4.625  C  110/xz    0     -664.10375  -664.10375  0
4.625  C  110/xz    1     -664.10319  -664.10375  0.00056
4.625  C  110/xz    2     -664.10169  -664.10375  0.00206
4.625  C  110/xz    3     -664.09927  -664.10375  0.00448
4.625  C  110/xz    4     -664.09591  -664.10375  0.00784
4.625  C  110/xz    5     -664.09161  -664.10375  0.01214
4.625  C  110/xz    6     -664.08638  -664.10375  0.01737
4.625  C  110/xz    7     -664.0802   -664.10375  0.02355
4.625  C  110/xz    8     -664.07307  -664.10375  0.03068
4.625  C  110/xz    9     -664.065    -664.10375  0.03875
4.625  C  110/xz    10    -664.05597  -664.10375  0.04778
4.625  C  110/xz    11    -664.04599  -664.10375  0.05776
4.625  C  110/xz    12    -664.03506  -664.10375  0.06869
4.625  C  110/xz    13    -664.02316  -664.10375  0.08059
4.625  C  110/xz    14    -664.01029  -664.10375  0.09346
4.625  C  110/xz    15    -663.99646  -664.10375  0.10729
4.625  C  110/xz    20    -663.91264  -664.10375  0.19111
4.625  C  110/xz    25    -663.80401  -664.10375  0.29974
4.625  C  110/xz    30    -663.66999  -664.10375  0.43376
4.625  C  110/xz    35    -663.50995  -664.10375  0.5938
4.625  C  110/xz    40    -663.32317  -664.10375  0.78058
4.625  C  110/xz    45    -663.10895  -664.10375  0.9948
4.625  C  110/xz    50    -662.86652  -664.10375  1.23723
4.625  C  110/xz    55    -662.59519  -664.10375  1.50856
4.625  C  110/xz    60    -662.2943   -664.10375  1.80945
4.625  C  110/xz    65    -661.96334  -664.10375  2.14041
4.625  C  110/xz    70    -661.60195  -664.10375  2.5018
4.625  C  110/xz    75    -661.21001  -664.10375  2.89374
4.625  C  110/xz    80    -660.7877   -664.10375  3.31605
4.625  C  110/xz    85    -660.33552  -664.10375  3.76823
4.625  C  110/xz    90    -659.85447  -664.10375  4.24928
4.625  C  110/xz    95    -659.34599  -664.10375  4.75776
4.625  C  110/xz    100   -658.81219  -664.10375  5.29156
4.625  C  111/bxyz  -100  -659.66916  -664.10375  4.43459
4.625  C  111/bxyz  -95   -660.02554  -664.10375  4.07821
4.625  C  111/bxyz  -90   -660.38071  -664.10375  3.72304
4.625  C  111/bxyz  -85   -660.73158  -664.10375  3.37217
4.625  C  111/bxyz  -80   -661.07528  -664.10375  3.02847
4.625  C  111/bxyz  -75   -661.40914  -664.10375  2.69461
4.625  C  111/bxyz  -70   -661.73074  -664.10375  2.37301
4.625  C  111/bxyz  -65   -662.03787  -664.10375  2.06588
4.625  C  111/bxyz  -60   -662.32857  -664.10375  1.77518
4.625  C  111/bxyz  -55   -662.6011   -664.10375  1.50265
4.625  C  111/bxyz  -50   -662.85398  -664.10375  1.24977
4.625  C  111/bxyz  -45   -663.08591  -664.10375  1.01784
4.625  C  111/bxyz  -40   -663.2958   -664.10375  0.80795
4.625  C  111/bxyz  -35   -663.48275  -664.10375  0.621
4.625  C  111/bxyz  -30   -663.64603  -664.10375  0.45772
4.625  C  111/bxyz  -25   -663.78505  -664.10375  0.3187
4.625  C  111/bxyz  -20   -663.89936  -664.10375  0.20439
4.625  C  111/bxyz  -15   -663.9886   -664.10375  0.11515
4.625  C  111/bxyz  -14   -664.00341  -664.10375  0.10034
4.625  C  111/bxyz  -13   -664.01721  -664.10375  0.08654
4.625  C  111/bxyz  -12   -664.03     -664.10375  0.07375
4.625  C  111/bxyz  -11   -664.04177  -664.10375  0.06198
4.625  C  111/bxyz  -10   -664.05251  -664.10375  0.05124
4.625  C  111/bxyz  -9    -664.06224  -664.10375  0.04151
4.625  C  111/bxyz  -8    -664.07095  -664.10375  0.0328
4.625  C  111/bxyz  -7    -664.07863  -664.10375  0.02512
4.625  C  111/bxyz  -6    -664.08529  -664.10375  0.01846
4.625  C  111/bxyz  -5    -664.09093  -664.10375  0.01282
4.625  C  111/bxyz  -4    -664.09554  -664.10375  0.00821
4.625  C  111/bxyz  -3    -664.09913  -664.10375  0.00462
4.625  C  111/bxyz  -2    -664.10169  -664.10375  0.00206
4.625  C  111/bxyz  -1    -664.10323  -664.10375  0.00052
4.625  C  111/bxyz  0     -664.10375  -664.10375  0
4.625  C  111/bxyz  1     -664.10323  -664.10375  0.00052
4.625  C  111/bxyz  2     -664.10169  -664.10375  0.00206
4.625  C  111/bxyz  3     -664.09913  -664.10375  0.00462
4.625  C  111/bxyz  4     -664.09554  -664.10375  0.00821
4.625  C  111/bxyz  5     -664.09093  -664.10375  0.01282
4.625  C  111/bxyz  6     -664.08529  -664.10375  0.01846
4.625  C  111/bxyz  7     -664.07863  -664.10375  0.02512
4.625  C  111/bxyz  8     -664.07095  -664.10375  0.0328
4.625  C  111/bxyz  9     -664.06224  -664.10375  0.04151
4.625  C  111/bxyz  10    -664.05251  -664.10375  0.05124
4.625  C  111/bxyz  11    -664.04177  -664.10375  0.06198
4.625  C  111/bxyz  12    -664.03     -664.10375  0.07375
4.625  C  111/bxyz  13    -664.01721  -664.10375  0.08654
4.625  C  111/bxyz  14    -664.00341  -664.10375  0.10034
4.625  C  111/bxyz  15    -663.9886   -664.10375  0.11515
4.625  C  111/bxyz  20    -663.89936  -664.10375  0.20439
4.625  C  111/bxyz  25    -663.78505  -664.10375  0.3187
4.625  C  111/bxyz  30    -663.64603  -664.10375  0.45772
4.625  C  111/bxyz  35    -663.48275  -664.10375  0.621
4.625  C  111/bxyz  40    -663.2958   -664.10375  0.80795
4.625  C  111/bxyz  45    -663.08591  -664.10375  1.01784
4.625  C  111/bxyz  50    -662.85398  -664.10375  1.24977
4.625  C  111/bxyz  55    -662.6011   -664.10375  1.50265
4.625  C  111/bxyz  60    -662.32857  -664.10375  1.77518
4.625  C  111/bxyz  65    -662.03787  -664.10375  2.06588
4.625  C  111/bxyz  70    -661.73074  -664.10375  2.37301
4.625  C  111/bxyz  75    -661.40914  -664.10375  2.69461
4.625  C  111/bxyz  80    -661.07528  -664.10375  3.02847
4.625  C  111/bxyz  85    -660.73158  -664.10375  3.37217
4.625  C  111/bxyz  90    -660.38071  -664.10375  3.72304
4.625  C  111/bxyz  95    -660.02554  -664.10375  4.07821
4.625  C  111/bxyz  100   -659.66916  -664.10375  4.43459
4.625  C  111/xyz   -100  -660.23544  -664.10375  3.86831
4.625  C  111/xyz   -95   -660.52633  -664.10375  3.57742
4.625  C  111/xyz   -90   -660.8201   -664.10375  3.28365
4.625  C  111/xyz   -85   -661.11394  -664.10375  2.98981
4.625  C  111/xyz   -80   -661.40513  -664.10375  2.69862
4.625  C  111/xyz   -75   -661.69106  -664.10375  2.41269
4.625  C  111/xyz   -70   -661.96927  -664.10375  2.13448
4.625  C  111/xyz   -65   -662.23746  -664.10375  1.86629
4.625  C  111/xyz   -60   -662.49352  -664.10375  1.61023
4.625  C  111/xyz   -55   -662.73551  -664.10375  1.36824
4.625  C  111/xyz   -50   -662.96172  -664.10375  1.14203
4.625  C  111/xyz   -45   -663.17062  -664.10375  0.93313
4.625  C  111/xyz   -40   -663.36085  -664.10375  0.7429
4.625  C  111/xyz   -35   -663.53126  -664.10375  0.57249
4.625  C  111/xyz   -30   -663.68085  -664.10375  0.4229
4.625  C  111/xyz   -25   -663.80879  -664.10375  0.29496
4.625  C  111/xyz   -20   -663.91439  -664.10375  0.18936
4.625  C  111/xyz   -15   -663.99709  -664.10375  0.10666
4.625  C  111/xyz   -14   -664.01084  -664.10375  0.09291
4.625  C  111/xyz   -13   -664.02365  -664.10375  0.0801
4.625  C  111/xyz   -12   -664.03553  -664.10375  0.06822
4.625  C  111/xyz   -11   -664.04646  -664.10375  0.05729
4.625  C  111/xyz   -10   -664.05644  -664.10375  0.04731
4.625  C  111/xyz   -9    -664.06547  -664.10375  0.03828
4.625  C  111/xyz   -8    -664.07356  -664.10375  0.03019
4.625  C  111/xyz   -7    -664.08069  -664.10375  0.02306
4.625  C  111/xyz   -6    -664.08686  -664.10375  0.01689
4.625  C  111/xyz   -5    -664.09208  -664.10375  0.01167
4.625  C  111/xyz   -4    -664.09634  -664.10375  0.00741
4.625  C  111/xyz   -3    -664.09964  -664.10375  0.00411
4.625  C  111/xyz   -2    -664.10197  -664.10375  0.00178
4.625  C  111/xyz   -1    -664.10334  -664.10375  0.00041
4.625  C  111/xyz   0     -664.10375  -664.10375  0
4.625  C  111/xyz   1     -664.10318  -664.10375  0.00057
4.625  C  111/xyz   2     -664.10165  -664.10375  0.0021
4.625  C  111/xyz   3     -664.09915  -664.10375  0.0046
4.625  C  111/xyz   4     -664.09568  -664.10375  0.00807
4.625  C  111/xyz   5     -664.09123  -664.10375  0.01252
4.625  C  111/xyz   6     -664.08581  -664.10375  0.01794
4.625  C  111/xyz   7     -664.07942  -664.10375  0.02433
4.625  C  111/xyz   8     -664.07206  -664.10375  0.03169
4.625  C  111/xyz   9     -664.06372  -664.10375  0.04003
4.625  C  111/xyz   10    -664.05441  -664.10375  0.04934
4.625  C  111/xyz   11    -664.04412  -664.10375  0.05963
4.625  C  111/xyz   12    -664.03286  -664.10375  0.07089
4.625  C  111/xyz   13    -664.02062  -664.10375  0.08313
4.625  C  111/xyz   14    -664.00741  -664.10375  0.09634
4.625  C  111/xyz   15    -663.99323  -664.10375  0.11052
4.625  C  111/xyz   20    -663.90771  -664.10375  0.19604
4.625  C  111/xyz   25    -663.79799  -664.10375  0.30576
4.625  C  111/xyz   30    -663.66429  -664.10375  0.43946
4.625  C  111/xyz   35    -663.50693  -664.10375  0.59682
4.625  C  111/xyz   40    -663.32637  -664.10375  0.77738
4.625  C  111/xyz   45    -663.12321  -664.10375  0.98054
4.625  C  111/xyz   50    -662.89825  -664.10375  1.2055
4.625  C  111/xyz   55    -662.65242  -664.10375  1.45133
4.625  C  111/xyz   60    -662.38692  -664.10375  1.71683
4.625  C  111/xyz   65    -662.10311  -664.10375  2.00064
4.625  C  111/xyz   70    -661.80261  -664.10375  2.30114
4.625  C  111/xyz   75    -661.48729  -664.10375  2.61646
4.625  C  111/xyz   80    -661.15923  -664.10375  2.94452
4.625  C  111/xyz   85    -660.82078  -664.10375  3.28297
4.625  C  111/xyz   90    -660.47449  -664.10375  3.62926
4.625  C  111/xyz   95    -660.12316  -664.10375  3.98059
4.625  C  111/xyz   100   -659.76975  -664.10375  4.334
