4.65837  C  100/x     -100  -654.69528  -664.40512  9.70984
4.65837  C  100/x     -95   -656.13514  -664.40512  8.26998
4.65837  C  100/x     -90   -657.39084  -664.40512  7.01428
4.65837  C  100/x     -85   -658.48502  -664.40512  5.9201
4.65837  C  100/x     -80   -659.43649  -664.40512  4.96863
4.65837  C  100/x     -75   -660.26141  -664.40512  4.14371
4.65837  C  100/x     -70   -660.97414  -664.40512  3.43098
4.65837  C  100/x     -65   -661.58769  -664.40512  2.81743
4.65837  C  100/x     -60   -662.11378  -664.40512  2.29134
4.65837  C  100/x     -55   -662.56295  -664.40512  1.84217
4.65837  C  100/x     -50   -662.94457  -664.40512  1.46055
4.65837  C  100/x     -45   -663.26689  -664.40512  1.13823
4.65837  C  100/x     -40   -663.53714  -664.40512  0.86798
4.65837  C  100/x     -35   -663.76162  -664.40512  0.6435
4.65837  C  100/x     -30   -663.94571  -664.40512  0.45941
4.65837  C  100/x     -25   -664.09399  -664.40512  0.31113
4.65837  C  100/x     -20   -664.21024  -664.40512  0.19488
4.65837  C  100/x     -15   -664.29749  -664.40512  0.10763
4.65837  C  100/x     -14   -664.31167  -664.40512  0.09345
4.65837  C  100/x     -13   -664.32481  -664.40512  0.08031
4.65837  C  100/x     -12   -664.33691  -664.40512  0.06821
4.65837  C  100/x     -11   -664.34799  -664.40512  0.05713
4.65837  C  100/x     -10   -664.35805  -664.40512  0.04707
4.65837  C  100/x     -9    -664.36712  -664.40512  0.038
4.65837  C  100/x     -8    -664.3752   -664.40512  0.02992
4.65837  C  100/x     -7    -664.3823   -664.40512  0.02282
4.65837  C  100/x     -6    -664.38843  -664.40512  0.01669
4.65837  C  100/x     -5    -664.39359  -664.40512  0.01153
4.65837  C  100/x     -4    -664.3978   -664.40512  0.00732
4.65837  C  100/x     -3    -664.40105  -664.40512  0.00407
4.65837  C  100/x     -2    -664.40335  -664.40512  0.00177
4.65837  C  100/x     -1    -664.40471  -664.40512  0.00041
4.65837  C  100/x     0     -664.40512  -664.40512  0
4.65837  C  100/x     1     -664.4046   -664.40512  0.00052
4.65837  C  100/x     2     -664.40312  -664.40512  0.002
4.65837  C  100/x     3     -664.40071  -664.40512  0.00441
4.65837  C  100/x     4     -664.39735  -664.40512  0.00777
4.65837  C  100/x     5     -664.39305  -664.40512  0.01207
4.65837  C  100/x     6     -664.3878   -664.40512  0.01732
4.65837  C  100/x     7     -664.38159  -664.40512  0.02353
4.65837  C  100/x     8     -664.37442  -664.40512  0.0307
4.65837  C  100/x     9     -664.36628  -664.40512  0.03884
4.65837  C  100/x     10    -664.35718  -664.40512  0.04794
4.65837  C  100/x     11    -664.34709  -664.40512  0.05803
4.65837  C  100/x     12    -664.33601  -664.40512  0.06911
4.65837  C  100/x     13    -664.32393  -664.40512  0.08119
4.65837  C  100/x     14    -664.31083  -664.40512  0.09429
4.65837  C  100/x     15    -664.29671  -664.40512  0.10841
4.65837  C  100/x     20    -664.21024  -664.40512  0.19488
4.65837  C  100/x     25    -664.09568  -664.40512  0.30944
4.65837  C  100/x     30    -663.9503   -664.40512  0.45482
4.65837  C  100/x     35    -663.7706   -664.40512  0.63452
4.65837  C  100/x     40    -663.55232  -664.40512  0.8528
4.65837  C  100/x     45    -663.29036  -664.40512  1.11476
4.65837  C  100/x     50    -662.97878  -664.40512  1.42634
4.65837  C  100/x     55    -662.61069  -664.40512  1.79443
4.65837  C  100/x     60    -662.17821  -664.40512  2.22691
4.65837  C  100/x     65    -661.67237  -664.40512  2.73275
4.65837  C  100/x     70    -661.08307  -664.40512  3.32205
4.65837  C  100/x     75    -660.39899  -664.40512  4.00613
4.65837  C  100/x     80    -659.60757  -664.40512  4.79755
4.65837  C  100/x     85    -658.6949   -664.40512  5.71022
4.65837  C  100/x     90    -657.64552  -664.40512  6.7596
4.65837  C  100/x     95    -656.44189  -664.40512  7.96323
4.65837  C  100/x     100   -655.06328  -664.40512  9.34184
4.65837  C  110/xy    -100  -659.10051  -664.40512  5.30461
4.65837  C  110/xy    -95   -659.62313  -664.40512  4.78199
4.65837  C  110/xy    -90   -660.12374  -664.40512  4.28138
4.65837  C  110/xy    -85   -660.59973  -664.40512  3.80539
4.65837  C  110/xy    -80   -661.04913  -664.40512  3.35599
4.65837  C  110/xy    -75   -661.47058  -664.40512  2.93454
4.65837  C  110/xy    -70   -661.86317  -664.40512  2.54195
4.65837  C  110/xy    -65   -662.22641  -664.40512  2.17871
4.65837  C  110/xy    -60   -662.56015  -664.40512  1.84497
4.65837  C  110/xy    -55   -662.86447  -664.40512  1.54065
4.65837  C  110/xy    -50   -663.13968  -664.40512  1.26544
4.65837  C  110/xy    -45   -663.38623  -664.40512  1.01889
4.65837  C  110/xy    -40   -663.60464  -664.40512  0.80048
4.65837  C  110/xy    -35   -663.79552  -664.40512  0.6096
4.65837  C  110/xy    -30   -663.95945  -664.40512  0.44567
4.65837  C  110/xy    -25   -664.09702  -664.40512  0.3081
4.65837  C  110/xy    -20   -664.20876  -664.40512  0.19636
4.65837  C  110/xy    -15   -664.29512  -664.40512  0.11
4.65837  C  110/xy    -14   -664.30938  -664.40512  0.09574
4.65837  C  110/xy    -13   -664.32264  -664.40512  0.08248
4.65837  C  110/xy    -12   -664.33491  -664.40512  0.07021
4.65837  C  110/xy    -11   -664.34619  -664.40512  0.05893
4.65837  C  110/xy    -10   -664.35647  -664.40512  0.04865
4.65837  C  110/xy    -9    -664.36576  -664.40512  0.03936
4.65837  C  110/xy    -8    -664.37407  -664.40512  0.03105
4.65837  C  110/xy    -7    -664.38139  -664.40512  0.02373
4.65837  C  110/xy    -6    -664.38772  -664.40512  0.0174
4.65837  C  110/xy    -5    -664.39308  -664.40512  0.01204
4.65837  C  110/xy    -4    -664.39745  -664.40512  0.00767
4.65837  C  110/xy    -3    -664.40084  -664.40512  0.00428
4.65837  C  110/xy    -2    -664.40325  -664.40512  0.00187
4.65837  C  110/xy    -1    -664.40468  -664.40512  0.00044
4.65837  C  110/xy    0     -664.40512  -664.40512  0
4.65837  C  110/xy    1     -664.40459  -664.40512  0.00053
4.65837  C  110/xy    2     -664.40308  -664.40512  0.00204
4.65837  C  110/xy    3     -664.40059  -664.40512  0.00453
4.65837  C  110/xy    4     -664.39712  -664.40512  0.008
4.65837  C  110/xy    5     -664.39267  -664.40512  0.01245
4.65837  C  110/xy    6     -664.38724  -664.40512  0.01788
4.65837  C  110/xy    7     -664.38083  -664.40512  0.02429
4.65837  C  110/xy    8     -664.37343  -664.40512  0.03169
4.65837  C  110/xy    9     -664.36506  -664.40512  0.04006
4.65837  C  110/xy    10    -664.35569  -664.40512  0.04943
4.65837  C  110/xy    11    -664.34535  -664.40512  0.05977
4.65837  C  110/xy    12    -664.33401  -664.40512  0.07111
4.65837  C  110/xy    13    -664.32168  -664.40512  0.08344
4.65837  C  110/xy    14    -664.30836  -664.40512  0.09676
4.65837  C  110/xy    15    -664.29405  -664.40512  0.11107
4.65837  C  110/xy    20    -664.20751  -664.40512  0.19761
4.65837  C  110/xy    25    -664.09575  -664.40512  0.30937
4.65837  C  110/xy    30    -663.95837  -664.40512  0.44675
4.65837  C  110/xy    35    -663.79488  -664.40512  0.61024
4.65837  C  110/xy    40    -663.60473  -664.40512  0.80039
4.65837  C  110/xy    45    -663.38735  -664.40512  1.01777
4.65837  C  110/xy    50    -663.14214  -664.40512  1.26298
4.65837  C  110/xy    55    -662.86856  -664.40512  1.53656
4.65837  C  110/xy    60    -662.56616  -664.40512  1.83896
4.65837  C  110/xy    65    -662.23462  -664.40512  2.1705
4.65837  C  110/xy    70    -661.87381  -664.40512  2.53131
4.65837  C  110/xy    75    -661.48386  -664.40512  2.92126
4.65837  C  110/xy    80    -661.06521  -664.40512  3.33991
4.65837  C  110/xy    85    -660.61867  -664.40512  3.78645
4.65837  C  110/xy    90    -660.14554  -664.40512  4.25958
4.65837  C  110/xy    95    -659.64762  -664.40512  4.7575
4.65837  C  110/xy    100   -659.12739  -664.40512  5.27773
4.65837  C  110/xz    -100  -660.11306  -664.40512  4.29206
4.65837  C  110/xz    -95   -660.5044   -664.40512  3.90072
4.65837  C  110/xz    -90   -660.88486  -664.40512  3.52026
4.65837  C  110/xz    -85   -661.25185  -664.40512  3.15327
4.65837  C  110/xz    -80   -661.60319  -664.40512  2.80193
4.65837  C  110/xz    -75   -661.93709  -664.40512  2.46803
4.65837  C  110/xz    -70   -662.25211  -664.40512  2.15301
4.65837  C  110/xz    -65   -662.54712  -664.40512  1.858
4.65837  C  110/xz    -60   -662.8213   -664.40512  1.58382
4.65837  C  110/xz    -55   -663.07408  -664.40512  1.33104
4.65837  C  110/xz    -50   -663.3051   -664.40512  1.10002
4.65837  C  110/xz    -45   -663.51415  -664.40512  0.89097
4.65837  C  110/xz    -40   -663.70115  -664.40512  0.70397
4.65837  C  110/xz    -35   -663.86611  -664.40512  0.53901
4.65837  C  110/xz    -30   -664.00904  -664.40512  0.39608
4.65837  C  110/xz    -25   -664.13001  -664.40512  0.27511
4.65837  C  110/xz    -20   -664.22904  -664.40512  0.17608
4.65837  C  110/xz    -15   -664.30615  -664.40512  0.09897
4.65837  C  110/xz    -14   -664.31894  -664.40512  0.08618
4.65837  C  110/xz    -13   -664.33085  -664.40512  0.07427
4.65837  C  110/xz    -12   -664.34187  -664.40512  0.06325
4.65837  C  110/xz    -11   -664.35202  -664.40512  0.0531
4.65837  C  110/xz    -10   -664.36128  -664.40512  0.04384
4.65837  C  110/xz    -9    -664.36966  -664.40512  0.03546
4.65837  C  110/xz    -8    -664.37716  -664.40512  0.02796
4.65837  C  110/xz    -7    -664.38377  -664.40512  0.02135
4.65837  C  110/xz    -6    -664.38949  -664.40512  0.01563
4.65837  C  110/xz    -5    -664.39433  -664.40512  0.01079
4.65837  C  110/xz    -4    -664.39828  -664.40512  0.00684
4.65837  C  110/xz    -3    -664.40133  -664.40512  0.00379
4.65837  C  110/xz    -2    -664.40349  -664.40512  0.00163
4.65837  C  110/xz    -1    -664.40476  -664.40512  0.00036
4.65837  C  110/xz    0     -664.40512  -664.40512  0
4.65837  C  110/xz    1     -664.40459  -664.40512  0.00053
4.65837  C  110/xz    2     -664.40316  -664.40512  0.00196
4.65837  C  110/xz    3     -664.40082  -664.40512  0.0043
4.65837  C  110/xz    4     -664.39757  -664.40512  0.00755
4.65837  C  110/xz    5     -664.39342  -664.40512  0.0117
4.65837  C  110/xz    6     -664.38835  -664.40512  0.01677
4.65837  C  110/xz    7     -664.38237  -664.40512  0.02275
4.65837  C  110/xz    8     -664.37547  -664.40512  0.02965
4.65837  C  110/xz    9     -664.36765  -664.40512  0.03747
4.65837  C  110/xz    10    -664.3589   -664.40512  0.04622
4.65837  C  110/xz    11    -664.34923  -664.40512  0.05589
4.65837  C  110/xz    12    -664.33863  -664.40512  0.06649
4.65837  C  110/xz    13    -664.32709  -664.40512  0.07803
4.65837  C  110/xz    14    -664.31461  -664.40512  0.09051
4.65837  C  110/xz    15    -664.3012   -664.40512  0.10392
4.65837  C  110/xz    20    -664.21985  -664.40512  0.18527
4.65837  C  110/xz    25    -664.11437  -664.40512  0.29075
4.65837  C  110/xz    30    -663.98416  -664.40512  0.42096
4.65837  C  110/xz    35    -663.82858  -664.40512  0.57654
4.65837  C  110/xz    40    -663.6469   -664.40512  0.75822
4.65837  C  110/xz    45    -663.4384   -664.40512  0.96672
4.65837  C  110/xz    50    -663.2023   -664.40512  1.20282
4.65837  C  110/xz    55    -662.93786  -664.40512  1.46726
4.65837  C  110/xz    60    -662.6444   -664.40512  1.76072
4.65837  C  110/xz    65    -662.32136  -664.40512  2.08376
4.65837  C  110/xz    70    -661.96835  -664.40512  2.43677
4.65837  C  110/xz    75    -661.5852   -664.40512  2.81992
4.65837  C  110/xz    80    -661.17206  -664.40512  3.23306
4.65837  C  110/xz    85    -660.72942  -664.40512  3.6757
4.65837  C  110/xz    90    -660.25825  -664.40512  4.14687
4.65837  C  110/xz    95    -659.76005  -664.40512  4.64507
4.65837  C  110/xz    100   -659.23691  -664.40512  5.16821
4.65837  C  111/bxyz  -100  -660.09899  -664.40512  4.30613
4.65837  C  111/bxyz  -95   -660.445    -664.40512  3.96012
4.65837  C  111/bxyz  -90   -660.78992  -664.40512  3.6152
4.65837  C  111/bxyz  -85   -661.13073  -664.40512  3.27439
4.65837  C  111/bxyz  -80   -661.4646   -664.40512  2.94052
4.65837  C  111/bxyz  -75   -661.78893  -664.40512  2.61619
4.65837  C  111/bxyz  -70   -662.10132  -664.40512  2.3038
4.65837  C  111/bxyz  -65   -662.39963  -664.40512  2.00549
4.65837  C  111/bxyz  -60   -662.68195  -664.40512  1.72317
4.65837  C  111/bxyz  -55   -662.9466   -664.40512  1.45852
4.65837  C  111/bxyz  -50   -663.19212  -664.40512  1.213
4.65837  C  111/bxyz  -45   -663.41726  -664.40512  0.98786
4.65837  C  111/bxyz  -40   -663.621    -664.40512  0.78412
4.65837  C  111/bxyz  -35   -663.80245  -664.40512  0.60267
4.65837  C  111/bxyz  -30   -663.96092  -664.40512  0.4442
4.65837  C  111/bxyz  -25   -664.09583  -664.40512  0.30929
4.65837  C  111/bxyz  -20   -664.20676  -664.40512  0.19836
4.65837  C  111/bxyz  -15   -664.29337  -664.40512  0.11175
4.65837  C  111/bxyz  -14   -664.30775  -664.40512  0.09737
4.65837  C  111/bxyz  -13   -664.32114  -664.40512  0.08398
4.65837  C  111/bxyz  -12   -664.33355  -664.40512  0.07157
4.65837  C  111/bxyz  -11   -664.34497  -664.40512  0.06015
4.65837  C  111/bxyz  -10   -664.3554   -664.40512  0.04972
4.65837  C  111/bxyz  -9    -664.36484  -664.40512  0.04028
4.65837  C  111/bxyz  -8    -664.37329  -664.40512  0.03183
4.65837  C  111/bxyz  -7    -664.38075  -664.40512  0.02437
4.65837  C  111/bxyz  -6    -664.38721  -664.40512  0.01791
4.65837  C  111/bxyz  -5    -664.39268  -664.40512  0.01244
4.65837  C  111/bxyz  -4    -664.39716  -664.40512  0.00796
4.65837  C  111/bxyz  -3    -664.40065  -664.40512  0.00447
4.65837  C  111/bxyz  -2    -664.40313  -664.40512  0.00199
4.65837  C  111/bxyz  -1    -664.40463  -664.40512  0.00049
4.65837  C  111/bxyz  0     -664.40512  -664.40512  0
4.65837  C  111/bxyz  1     -664.40463  -664.40512  0.00049
4.65837  C  111/bxyz  2     -664.40313  -664.40512  0.00199
4.65837  C  111/bxyz  3     -664.40065  -664.40512  0.00447
4.65837  C  111/bxyz  4     -664.39716  -664.40512  0.00796
4.65837  C  111/bxyz  5     -664.39268  -664.40512  0.01244
4.65837  C  111/bxyz  6     -664.38721  -664.40512  0.01791
4.65837  C  111/bxyz  7     -664.38075  -664.40512  0.02437
4.65837  C  111/bxyz  8     -664.37329  -664.40512  0.03183
4.65837  C  111/bxyz  9     -664.36484  -664.40512  0.04028
4.65837  C  111/bxyz  10    -664.3554   -664.40512  0.04972
4.65837  C  111/bxyz  11    -664.34497  -664.40512  0.06015
4.65837  C  111/bxyz  12    -664.33355  -664.40512  0.07157
4.65837  C  111/bxyz  13    -664.32114  -664.40512  0.08398
4.65837  C  111/bxyz  14    -664.30775  -664.40512  0.09737
4.65837  C  111/bxyz  15    -664.29337  -664.40512  0.11175
4.65837  C  111/bxyz  20    -664.20676  -664.40512  0.19836
4.65837  C  111/bxyz  25    -664.09583  -664.40512  0.30929
4.65837  C  111/bxyz  30    -663.96092  -664.40512  0.4442
4.65837  C  111/bxyz  35    -663.80245  -664.40512  0.60267
4.65837  C  111/bxyz  40    -663.621    -664.40512  0.78412
4.65837  C  111/bxyz  45    -663.41726  -664.40512  0.98786
4.65837  C  111/bxyz  50    -663.19212  -664.40512  1.213
4.65837  C  111/bxyz  55    -662.9466   -664.40512  1.45852
4.65837  C  111/bxyz  60    -662.68195  -664.40512  1.72317
4.65837  C  111/bxyz  65    -662.39963  -664.40512  2.00549
4.65837  C  111/bxyz  70    -662.10132  -664.40512  2.3038
4.65837  C  111/bxyz  75    -661.78893  -664.40512  2.61619
4.65837  C  111/bxyz  80    -661.4646   -664.40512  2.94052
4.65837  C  111/bxyz  85    -661.13073  -664.40512  3.27439
4.65837  C  111/bxyz  90    -660.78992  -664.40512  3.6152
4.65837  C  111/bxyz  95    -660.445    -664.40512  3.96012
4.65837  C  111/bxyz  100   -660.09899  -664.40512  4.30613
4.65837  C  111/xyz   -100  -660.67098  -664.40512  3.73414
4.65837  C  111/xyz   -95   -660.95065  -664.40512  3.45447
4.65837  C  111/xyz   -90   -661.23329  -664.40512  3.17183
4.65837  C  111/xyz   -85   -661.51621  -664.40512  2.88891
4.65837  C  111/xyz   -80   -661.79677  -664.40512  2.60835
4.65837  C  111/xyz   -75   -662.07244  -664.40512  2.33268
4.65837  C  111/xyz   -70   -662.34082  -664.40512  2.0643
4.65837  C  111/xyz   -65   -662.59966  -664.40512  1.80546
4.65837  C  111/xyz   -60   -662.84692  -664.40512  1.5582
4.65837  C  111/xyz   -55   -663.08071  -664.40512  1.32441
4.65837  C  111/xyz   -50   -663.29934  -664.40512  1.10578
4.65837  C  111/xyz   -45   -663.50132  -664.40512  0.9038
4.65837  C  111/xyz   -40   -663.68534  -664.40512  0.71978
4.65837  C  111/xyz   -35   -663.85025  -664.40512  0.55487
4.65837  C  111/xyz   -30   -663.99508  -664.40512  0.41004
4.65837  C  111/xyz   -25   -664.11901  -664.40512  0.28611
4.65837  C  111/xyz   -20   -664.22135  -664.40512  0.18377
4.65837  C  111/xyz   -15   -664.30155  -664.40512  0.10357
4.65837  C  111/xyz   -14   -664.31489  -664.40512  0.09023
4.65837  C  111/xyz   -13   -664.32732  -664.40512  0.0778
4.65837  C  111/xyz   -12   -664.33884  -664.40512  0.06628
4.65837  C  111/xyz   -11   -664.34945  -664.40512  0.05567
4.65837  C  111/xyz   -10   -664.35914  -664.40512  0.04598
4.65837  C  111/xyz   -9    -664.36791  -664.40512  0.03721
4.65837  C  111/xyz   -8    -664.37576  -664.40512  0.02936
4.65837  C  111/xyz   -7    -664.38268  -664.40512  0.02244
4.65837  C  111/xyz   -6    -664.38869  -664.40512  0.01643
4.65837  C  111/xyz   -5    -664.39376  -664.40512  0.01136
4.65837  C  111/xyz   -4    -664.3979   -664.40512  0.00722
4.65837  C  111/xyz   -3    -664.40111  -664.40512  0.00401
4.65837  C  111/xyz   -2    -664.40338  -664.40512  0.00174
4.65837  C  111/xyz   -1    -664.40472  -664.40512  0.0004
4.65837  C  111/xyz   0     -664.40512  -664.40512  0
4.65837  C  111/xyz   1     -664.40459  -664.40512  0.00053
4.65837  C  111/xyz   2     -664.40311  -664.40512  0.00201
4.65837  C  111/xyz   3     -664.40069  -664.40512  0.00443
4.65837  C  111/xyz   4     -664.39733  -664.40512  0.00779
4.65837  C  111/xyz   5     -664.39303  -664.40512  0.01209
4.65837  C  111/xyz   6     -664.38778  -664.40512  0.01734
4.65837  C  111/xyz   7     -664.38159  -664.40512  0.02353
4.65837  C  111/xyz   8     -664.37445  -664.40512  0.03067
4.65837  C  111/xyz   9     -664.36637  -664.40512  0.03875
4.65837  C  111/xyz   10    -664.35734  -664.40512  0.04778
4.65837  C  111/xyz   11    -664.34736  -664.40512  0.05776
4.65837  C  111/xyz   12    -664.33644  -664.40512  0.06868
4.65837  C  111/xyz   13    -664.32457  -664.40512  0.08055
4.65837  C  111/xyz   14    -664.31175  -664.40512  0.09337
4.65837  C  111/xyz   15    -664.29799  -664.40512  0.10713
4.65837  C  111/xyz   20    -664.21501  -664.40512  0.19011
4.65837  C  111/xyz   25    -664.10852  -664.40512  0.2966
4.65837  C  111/xyz   30    -663.97873  -664.40512  0.42639
4.65837  C  111/xyz   35    -663.82595  -664.40512  0.57917
4.65837  C  111/xyz   40    -663.65063  -664.40512  0.75449
4.65837  C  111/xyz   45    -663.45334  -664.40512  0.95178
4.65837  C  111/xyz   50    -663.23484  -664.40512  1.17028
4.65837  C  111/xyz   55    -662.99605  -664.40512  1.40907
4.65837  C  111/xyz   60    -662.73812  -664.40512  1.667
4.65837  C  111/xyz   65    -662.46238  -664.40512  1.94274
4.65837  C  111/xyz   70    -662.1704   -664.40512  2.23472
4.65837  C  111/xyz   75    -661.864    -664.40512  2.54112
4.65837  C  111/xyz   80    -661.54522  -664.40512  2.8599
4.65837  C  111/xyz   85    -661.21635  -664.40512  3.18877
4.65837  C  111/xyz   90    -660.87991  -664.40512  3.52521
4.65837  C  111/xyz   95    -660.53864  -664.40512  3.86648
4.65837  C  111/xyz   100   -660.19545  -664.40512  4.20967
