4.65837  Zr  100/x    -100  -648.30206  -664.40512  16.1031
4.65837  Zr  100/x    -95   -650.63329  -664.40512  13.7718
4.65837  Zr  100/x    -90   -652.71057  -664.40512  11.6946
4.65837  Zr  100/x    -85   -654.54932  -664.40512  9.8558
4.65837  Zr  100/x    -80   -656.15784  -664.40512  8.24728
4.65837  Zr  100/x    -75   -657.55348  -664.40512  6.85164
4.65837  Zr  100/x    -70   -658.75761  -664.40512  5.64751
4.65837  Zr  100/x    -65   -659.79176  -664.40512  4.61336
4.65837  Zr  100/x    -60   -660.67597  -664.40512  3.72915
4.65837  Zr  100/x    -55   -661.42823  -664.40512  2.97689
4.65837  Zr  100/x    -50   -662.06447  -664.40512  2.34065
4.65837  Zr  100/x    -45   -662.59872  -664.40512  1.8064
4.65837  Zr  100/x    -40   -663.04325  -664.40512  1.36187
4.65837  Zr  100/x    -35   -663.40884  -664.40512  0.99628
4.65837  Zr  100/x    -30   -663.70483  -664.40512  0.70029
4.65837  Zr  100/x    -25   -663.93935  -664.40512  0.46577
4.65837  Zr  100/x    -20   -664.11947  -664.40512  0.28565
4.65837  Zr  100/x    -15   -664.25126  -664.40512  0.15386
4.65837  Zr  100/x    -14   -664.27229  -664.40512  0.13283
4.65837  Zr  100/x    -13   -664.29163  -664.40512  0.11349
4.65837  Zr  100/x    -12   -664.30933  -664.40512  0.09579
4.65837  Zr  100/x    -11   -664.32542  -664.40512  0.0797
4.65837  Zr  100/x    -10   -664.33993  -664.40512  0.06519
4.65837  Zr  100/x    -9    -664.3529   -664.40512  0.05222
4.65837  Zr  100/x    -8    -664.36435  -664.40512  0.04077
4.65837  Zr  100/x    -7    -664.37433  -664.40512  0.03079
4.65837  Zr  100/x    -6    -664.38285  -664.40512  0.02227
4.65837  Zr  100/x    -5    -664.38997  -664.40512  0.01515
4.65837  Zr  100/x    -4    -664.39568  -664.40512  0.00944
4.65837  Zr  100/x    -3    -664.40002  -664.40512  0.0051
4.65837  Zr  100/x    -2    -664.40303  -664.40512  0.00209
4.65837  Zr  100/x    -1    -664.40472  -664.40512  0.0004
4.65837  Zr  100/x    0     -664.40512  -664.40512  0
4.65837  Zr  100/x    1     -664.40427  -664.40512  0.00085
4.65837  Zr  100/x    2     -664.40218  -664.40512  0.00294
4.65837  Zr  100/x    3     -664.39886  -664.40512  0.00626
4.65837  Zr  100/x    4     -664.39434  -664.40512  0.01078
4.65837  Zr  100/x    5     -664.38865  -664.40512  0.01647
4.65837  Zr  100/x    6     -664.3818   -664.40512  0.02332
4.65837  Zr  100/x    7     -664.37382  -664.40512  0.0313
4.65837  Zr  100/x    8     -664.36473  -664.40512  0.04039
4.65837  Zr  100/x    9     -664.35453  -664.40512  0.05059
4.65837  Zr  100/x    10    -664.34326  -664.40512  0.06186
4.65837  Zr  100/x    11    -664.33093  -664.40512  0.07419
4.65837  Zr  100/x    12    -664.31755  -664.40512  0.08757
4.65837  Zr  100/x    13    -664.30315  -664.40512  0.10197
4.65837  Zr  100/x    14    -664.28773  -664.40512  0.11739
4.65837  Zr  100/x    15    -664.27133  -664.40512  0.13379
4.65837  Zr  100/x    20    -664.17493  -664.40512  0.23019
4.65837  Zr  100/x    25    -664.05594  -664.40512  0.34918
4.65837  Zr  100/x    30    -663.91603  -664.40512  0.48909
4.65837  Zr  100/x    35    -663.75675  -664.40512  0.64837
4.65837  Zr  100/x    40    -663.57956  -664.40512  0.82556
4.65837  Zr  100/x    45    -663.386    -664.40512  1.01912
4.65837  Zr  100/x    50    -663.17807  -664.40512  1.22705
4.65837  Zr  100/x    55    -662.95868  -664.40512  1.44644
4.65837  Zr  100/x    60    -662.73116  -664.40512  1.67396
4.65837  Zr  100/x    65    -662.49759  -664.40512  1.90753
4.65837  Zr  100/x    70    -662.25796  -664.40512  2.14716
4.65837  Zr  100/x    75    -662.01163  -664.40512  2.39349
4.65837  Zr  100/x    80    -661.75861  -664.40512  2.64651
4.65837  Zr  100/x    85    -661.49901  -664.40512  2.90611
4.65837  Zr  100/x    90    -661.2323   -664.40512  3.17282
4.65837  Zr  100/x    95    -660.9575   -664.40512  3.44762
4.65837  Zr  100/x    100   -660.67385  -664.40512  3.73127
4.65837  Zr  100/y    -100  -651.39888  -664.40512  13.0062
4.65837  Zr  100/y    -95   -653.32065  -664.40512  11.0845
4.65837  Zr  100/y    -90   -655.00377  -664.40512  9.40135
4.65837  Zr  100/y    -85   -656.46899  -664.40512  7.93613
4.65837  Zr  100/y    -80   -657.7396   -664.40512  6.66552
4.65837  Zr  100/y    -75   -658.83858  -664.40512  5.56654
4.65837  Zr  100/y    -70   -659.78704  -664.40512  4.61808
4.65837  Zr  100/y    -65   -660.60369  -664.40512  3.80143
4.65837  Zr  100/y    -60   -661.30493  -664.40512  3.10019
4.65837  Zr  100/y    -55   -661.90503  -664.40512  2.50009
4.65837  Zr  100/y    -50   -662.41645  -664.40512  1.98867
4.65837  Zr  100/y    -45   -662.85     -664.40512  1.55512
4.65837  Zr  100/y    -40   -663.21501  -664.40512  1.19011
4.65837  Zr  100/y    -35   -663.51958  -664.40512  0.88554
4.65837  Zr  100/y    -30   -663.77056  -664.40512  0.63456
4.65837  Zr  100/y    -25   -663.97372  -664.40512  0.4314
4.65837  Zr  100/y    -20   -664.13381  -664.40512  0.27131
4.65837  Zr  100/y    -15   -664.25457  -664.40512  0.15055
4.65837  Zr  100/y    -14   -664.27427  -664.40512  0.13085
4.65837  Zr  100/y    -13   -664.29253  -664.40512  0.11259
4.65837  Zr  100/y    -12   -664.30938  -664.40512  0.09574
4.65837  Zr  100/y    -11   -664.32482  -664.40512  0.0803
4.65837  Zr  100/y    -10   -664.33886  -664.40512  0.06626
4.65837  Zr  100/y    -9    -664.35153  -664.40512  0.05359
4.65837  Zr  100/y    -8    -664.36284  -664.40512  0.04228
4.65837  Zr  100/y    -7    -664.37279  -664.40512  0.03233
4.65837  Zr  100/y    -6    -664.38139  -664.40512  0.02373
4.65837  Zr  100/y    -5    -664.38866  -664.40512  0.01646
4.65837  Zr  100/y    -4    -664.3946   -664.40512  0.01052
4.65837  Zr  100/y    -3    -664.39921  -664.40512  0.00591
4.65837  Zr  100/y    -2    -664.4025   -664.40512  0.00262
4.65837  Zr  100/y    -1    -664.40447  -664.40512  0.00065
4.65837  Zr  100/y    0     -664.40512  -664.40512  0
4.65837  Zr  100/y    1     -664.40447  -664.40512  0.00065
4.65837  Zr  100/y    2     -664.4025   -664.40512  0.00262
4.65837  Zr  100/y    3     -664.39921  -664.40512  0.00591
4.65837  Zr  100/y    4     -664.3946   -664.40512  0.01052
4.65837  Zr  100/y    5     -664.38866  -664.40512  0.01646
4.65837  Zr  100/y    6     -664.38139  -664.40512  0.02373
4.65837  Zr  100/y    7     -664.37279  -664.40512  0.03233
4.65837  Zr  100/y    8     -664.36284  -664.40512  0.04228
4.65837  Zr  100/y    9     -664.35153  -664.40512  0.05359
4.65837  Zr  100/y    10    -664.33886  -664.40512  0.06626
4.65837  Zr  100/y    11    -664.32482  -664.40512  0.0803
4.65837  Zr  100/y    12    -664.30938  -664.40512  0.09574
4.65837  Zr  100/y    13    -664.29253  -664.40512  0.11259
4.65837  Zr  100/y    14    -664.27427  -664.40512  0.13085
4.65837  Zr  100/y    15    -664.25457  -664.40512  0.15055
4.65837  Zr  100/y    20    -664.13381  -664.40512  0.27131
4.65837  Zr  100/y    25    -663.97372  -664.40512  0.4314
4.65837  Zr  100/y    30    -663.77056  -664.40512  0.63456
4.65837  Zr  100/y    35    -663.51958  -664.40512  0.88554
4.65837  Zr  100/y    40    -663.21501  -664.40512  1.19011
4.65837  Zr  100/y    45    -662.85     -664.40512  1.55512
4.65837  Zr  100/y    50    -662.41645  -664.40512  1.98867
4.65837  Zr  100/y    55    -661.90503  -664.40512  2.50009
4.65837  Zr  100/y    60    -661.30493  -664.40512  3.10019
4.65837  Zr  100/y    65    -660.60369  -664.40512  3.80143
4.65837  Zr  100/y    70    -659.78704  -664.40512  4.61808
4.65837  Zr  100/y    75    -658.83858  -664.40512  5.56654
4.65837  Zr  100/y    80    -657.7396   -664.40512  6.66552
4.65837  Zr  100/y    85    -656.46899  -664.40512  7.93613
4.65837  Zr  100/y    90    -655.00377  -664.40512  9.40135
4.65837  Zr  100/y    95    -653.32065  -664.40512  11.0845
4.65837  Zr  100/y    100   -651.39888  -664.40512  13.0062
4.65837  Zr  110/xz   -100  -655.89396  -664.40512  8.51116
4.65837  Zr  110/xz   -95   -656.73199  -664.40512  7.67313
4.65837  Zr  110/xz   -90   -657.54486  -664.40512  6.86026
4.65837  Zr  110/xz   -85   -658.32597  -664.40512  6.07915
4.65837  Zr  110/xz   -80   -659.06872  -664.40512  5.3364
4.65837  Zr  110/xz   -75   -659.7674   -664.40512  4.63772
4.65837  Zr  110/xz   -70   -660.41777  -664.40512  3.98735
4.65837  Zr  110/xz   -65   -661.01705  -664.40512  3.38807
4.65837  Zr  110/xz   -60   -661.56381  -664.40512  2.84131
4.65837  Zr  110/xz   -55   -662.05771  -664.40512  2.34741
4.65837  Zr  110/xz   -50   -662.4992   -664.40512  1.90592
4.65837  Zr  110/xz   -45   -662.88939  -664.40512  1.51573
4.65837  Zr  110/xz   -40   -663.22982  -664.40512  1.1753
4.65837  Zr  110/xz   -35   -663.52235  -664.40512  0.88277
4.65837  Zr  110/xz   -30   -663.76902  -664.40512  0.6361
4.65837  Zr  110/xz   -25   -663.972    -664.40512  0.43312
4.65837  Zr  110/xz   -20   -664.13346  -664.40512  0.27166
4.65837  Zr  110/xz   -15   -664.25554  -664.40512  0.14958
4.65837  Zr  110/xz   -14   -664.27541  -664.40512  0.12971
4.65837  Zr  110/xz   -13   -664.29381  -664.40512  0.11131
4.65837  Zr  110/xz   -12   -664.31074  -664.40512  0.09438
4.65837  Zr  110/xz   -11   -664.32623  -664.40512  0.07889
4.65837  Zr  110/xz   -10   -664.34029  -664.40512  0.06483
4.65837  Zr  110/xz   -9    -664.35292  -664.40512  0.0522
4.65837  Zr  110/xz   -8    -664.36416  -664.40512  0.04096
4.65837  Zr  110/xz   -7    -664.374    -664.40512  0.03112
4.65837  Zr  110/xz   -6    -664.38247  -664.40512  0.02265
4.65837  Zr  110/xz   -5    -664.38958  -664.40512  0.01554
4.65837  Zr  110/xz   -4    -664.39534  -664.40512  0.00978
4.65837  Zr  110/xz   -3    -664.39976  -664.40512  0.00536
4.65837  Zr  110/xz   -2    -664.40286  -664.40512  0.00226
4.65837  Zr  110/xz   -1    -664.40464  -664.40512  0.00048
4.65837  Zr  110/xz   0     -664.40512  -664.40512  0
4.65837  Zr  110/xz   1     -664.40433  -664.40512  0.00079
4.65837  Zr  110/xz   2     -664.40225  -664.40512  0.00287
4.65837  Zr  110/xz   3     -664.39889  -664.40512  0.00623
4.65837  Zr  110/xz   4     -664.39428  -664.40512  0.01084
4.65837  Zr  110/xz   5     -664.38842  -664.40512  0.0167
4.65837  Zr  110/xz   6     -664.38132  -664.40512  0.0238
4.65837  Zr  110/xz   7     -664.37299  -664.40512  0.03213
4.65837  Zr  110/xz   8     -664.36344  -664.40512  0.04168
4.65837  Zr  110/xz   9     -664.35267  -664.40512  0.05245
4.65837  Zr  110/xz   10    -664.34071  -664.40512  0.06441
4.65837  Zr  110/xz   11    -664.32754  -664.40512  0.07758
4.65837  Zr  110/xz   12    -664.31318  -664.40512  0.09194
4.65837  Zr  110/xz   13    -664.29764  -664.40512  0.10748
4.65837  Zr  110/xz   14    -664.28092  -664.40512  0.1242
4.65837  Zr  110/xz   15    -664.26303  -664.40512  0.14209
4.65837  Zr  110/xz   20    -664.15621  -664.40512  0.24891
4.65837  Zr  110/xz   25    -664.02084  -664.40512  0.38428
4.65837  Zr  110/xz   30    -663.85734  -664.40512  0.54778
4.65837  Zr  110/xz   35    -663.66596  -664.40512  0.73916
4.65837  Zr  110/xz   40    -663.4468   -664.40512  0.95832
4.65837  Zr  110/xz   45    -663.19987  -664.40512  1.20525
4.65837  Zr  110/xz   50    -662.92511  -664.40512  1.48001
4.65837  Zr  110/xz   55    -662.62242  -664.40512  1.7827
4.65837  Zr  110/xz   60    -662.29172  -664.40512  2.1134
4.65837  Zr  110/xz   65    -661.93297  -664.40512  2.47215
4.65837  Zr  110/xz   70    -661.5462   -664.40512  2.85892
4.65837  Zr  110/xz   75    -661.13152  -664.40512  3.2736
4.65837  Zr  110/xz   80    -660.68919  -664.40512  3.71593
4.65837  Zr  110/xz   85    -660.21965  -664.40512  4.18547
4.65837  Zr  110/xz   90    -659.72365  -664.40512  4.68147
4.65837  Zr  110/xz   95    -659.20248  -664.40512  5.20264
4.65837  Zr  110/xz   100   -658.65808  -664.40512  5.74704
4.65837  Zr  110/yz   -100  -656.29807  -664.40512  8.10705
4.65837  Zr  110/yz   -95   -657.14236  -664.40512  7.26276
4.65837  Zr  110/yz   -90   -657.94792  -664.40512  6.4572
4.65837  Zr  110/yz   -85   -658.70924  -664.40512  5.69588
4.65837  Zr  110/yz   -80   -659.4223   -664.40512  4.98282
4.65837  Zr  110/yz   -75   -660.08458  -664.40512  4.32054
4.65837  Zr  110/yz   -70   -660.69485  -664.40512  3.71027
4.65837  Zr  110/yz   -65   -661.25281  -664.40512  3.15231
4.65837  Zr  110/yz   -60   -661.75897  -664.40512  2.64615
4.65837  Zr  110/yz   -55   -662.21444  -664.40512  2.19068
4.65837  Zr  110/yz   -50   -662.62077  -664.40512  1.78435
4.65837  Zr  110/yz   -45   -662.97984  -664.40512  1.42528
4.65837  Zr  110/yz   -40   -663.29369  -664.40512  1.11143
4.65837  Zr  110/yz   -35   -663.56444  -664.40512  0.84068
4.65837  Zr  110/yz   -30   -663.79417  -664.40512  0.61095
4.65837  Zr  110/yz   -25   -663.98486  -664.40512  0.42026
4.65837  Zr  110/yz   -20   -664.13829  -664.40512  0.26683
4.65837  Zr  110/yz   -15   -664.25597  -664.40512  0.14915
4.65837  Zr  110/yz   -14   -664.27533  -664.40512  0.12979
4.65837  Zr  110/yz   -13   -664.29331  -664.40512  0.11181
4.65837  Zr  110/yz   -12   -664.30994  -664.40512  0.09518
4.65837  Zr  110/yz   -11   -664.32521  -664.40512  0.07991
4.65837  Zr  110/yz   -10   -664.33913  -664.40512  0.06599
4.65837  Zr  110/yz   -9    -664.35171  -664.40512  0.05341
4.65837  Zr  110/yz   -8    -664.36295  -664.40512  0.04217
4.65837  Zr  110/yz   -7    -664.37285  -664.40512  0.03227
4.65837  Zr  110/yz   -6    -664.38142  -664.40512  0.0237
4.65837  Zr  110/yz   -5    -664.38867  -664.40512  0.01645
4.65837  Zr  110/yz   -4    -664.3946   -664.40512  0.01052
4.65837  Zr  110/yz   -3    -664.39921  -664.40512  0.00591
4.65837  Zr  110/yz   -2    -664.4025   -664.40512  0.00262
4.65837  Zr  110/yz   -1    -664.40447  -664.40512  0.00065
4.65837  Zr  110/yz   0     -664.40512  -664.40512  0
4.65837  Zr  110/yz   1     -664.40447  -664.40512  0.00065
4.65837  Zr  110/yz   2     -664.4025   -664.40512  0.00262
4.65837  Zr  110/yz   3     -664.39921  -664.40512  0.00591
4.65837  Zr  110/yz   4     -664.3946   -664.40512  0.01052
4.65837  Zr  110/yz   5     -664.38867  -664.40512  0.01645
4.65837  Zr  110/yz   6     -664.38142  -664.40512  0.0237
4.65837  Zr  110/yz   7     -664.37285  -664.40512  0.03227
4.65837  Zr  110/yz   8     -664.36295  -664.40512  0.04217
4.65837  Zr  110/yz   9     -664.35171  -664.40512  0.05341
4.65837  Zr  110/yz   10    -664.33913  -664.40512  0.06599
4.65837  Zr  110/yz   11    -664.32521  -664.40512  0.07991
4.65837  Zr  110/yz   12    -664.30994  -664.40512  0.09518
4.65837  Zr  110/yz   13    -664.29331  -664.40512  0.11181
4.65837  Zr  110/yz   14    -664.27533  -664.40512  0.12979
4.65837  Zr  110/yz   15    -664.25597  -664.40512  0.14915
4.65837  Zr  110/yz   20    -664.13829  -664.40512  0.26683
4.65837  Zr  110/yz   25    -663.98486  -664.40512  0.42026
4.65837  Zr  110/yz   30    -663.79417  -664.40512  0.61095
4.65837  Zr  110/yz   35    -663.56444  -664.40512  0.84068
4.65837  Zr  110/yz   40    -663.29369  -664.40512  1.11143
4.65837  Zr  110/yz   45    -662.97984  -664.40512  1.42528
4.65837  Zr  110/yz   50    -662.62077  -664.40512  1.78435
4.65837  Zr  110/yz   55    -662.21444  -664.40512  2.19068
4.65837  Zr  110/yz   60    -661.75897  -664.40512  2.64615
4.65837  Zr  110/yz   65    -661.25281  -664.40512  3.15231
4.65837  Zr  110/yz   70    -660.69485  -664.40512  3.71027
4.65837  Zr  110/yz   75    -660.08458  -664.40512  4.32054
4.65837  Zr  110/yz   80    -659.4223   -664.40512  4.98282
4.65837  Zr  110/yz   85    -658.70924  -664.40512  5.69588
4.65837  Zr  110/yz   90    -657.94792  -664.40512  6.4572
4.65837  Zr  110/yz   95    -657.14236  -664.40512  7.26276
4.65837  Zr  110/yz   100   -656.29807  -664.40512  8.10705
4.65837  Zr  111/xyz  -100  -657.16675  -664.40512  7.23837
4.65837  Zr  111/xyz  -95   -657.81027  -664.40512  6.59485
4.65837  Zr  111/xyz  -90   -658.44605  -664.40512  5.95907
4.65837  Zr  111/xyz  -85   -659.06746  -664.40512  5.33766
4.65837  Zr  111/xyz  -80   -659.66848  -664.40512  4.73664
4.65837  Zr  111/xyz  -75   -660.24387  -664.40512  4.16125
4.65837  Zr  111/xyz  -70   -660.78916  -664.40512  3.61596
4.65837  Zr  111/xyz  -65   -661.3007   -664.40512  3.10442
4.65837  Zr  111/xyz  -60   -661.77565  -664.40512  2.62947
4.65837  Zr  111/xyz  -55   -662.21193  -664.40512  2.19319
4.65837  Zr  111/xyz  -50   -662.60818  -664.40512  1.79694
4.65837  Zr  111/xyz  -45   -662.96368  -664.40512  1.44144
4.65837  Zr  111/xyz  -40   -663.27824  -664.40512  1.12688
4.65837  Zr  111/xyz  -35   -663.55212  -664.40512  0.853
4.65837  Zr  111/xyz  -30   -663.78591  -664.40512  0.61921
4.65837  Zr  111/xyz  -25   -663.9805   -664.40512  0.42462
4.65837  Zr  111/xyz  -20   -664.13696  -664.40512  0.26816
4.65837  Zr  111/xyz  -15   -664.25646  -664.40512  0.14866
4.65837  Zr  111/xyz  -14   -664.27604  -664.40512  0.12908
4.65837  Zr  111/xyz  -13   -664.29419  -664.40512  0.11093
4.65837  Zr  111/xyz  -12   -664.31093  -664.40512  0.09419
4.65837  Zr  111/xyz  -11   -664.32627  -664.40512  0.07885
4.65837  Zr  111/xyz  -10   -664.34022  -664.40512  0.0649
4.65837  Zr  111/xyz  -9    -664.35279  -664.40512  0.05233
4.65837  Zr  111/xyz  -8    -664.36398  -664.40512  0.04114
4.65837  Zr  111/xyz  -7    -664.37381  -664.40512  0.03131
4.65837  Zr  111/xyz  -6    -664.38228  -664.40512  0.02284
4.65837  Zr  111/xyz  -5    -664.3894   -664.40512  0.01572
4.65837  Zr  111/xyz  -4    -664.39519  -664.40512  0.00993
4.65837  Zr  111/xyz  -3    -664.39965  -664.40512  0.00547
4.65837  Zr  111/xyz  -2    -664.40278  -664.40512  0.00234
4.65837  Zr  111/xyz  -1    -664.40461  -664.40512  0.00051
4.65837  Zr  111/xyz  0     -664.40512  -664.40512  0
4.65837  Zr  111/xyz  1     -664.40435  -664.40512  0.00077
4.65837  Zr  111/xyz  2     -664.40228  -664.40512  0.00284
4.65837  Zr  111/xyz  3     -664.39893  -664.40512  0.00619
4.65837  Zr  111/xyz  4     -664.39429  -664.40512  0.01083
4.65837  Zr  111/xyz  5     -664.38839  -664.40512  0.01673
4.65837  Zr  111/xyz  6     -664.38123  -664.40512  0.02389
4.65837  Zr  111/xyz  7     -664.3728   -664.40512  0.03232
4.65837  Zr  111/xyz  8     -664.36313  -664.40512  0.04199
4.65837  Zr  111/xyz  9     -664.35221  -664.40512  0.05291
4.65837  Zr  111/xyz  10    -664.34005  -664.40512  0.06507
4.65837  Zr  111/xyz  11    -664.32665  -664.40512  0.07847
4.65837  Zr  111/xyz  12    -664.31202  -664.40512  0.0931
4.65837  Zr  111/xyz  13    -664.29616  -664.40512  0.10896
4.65837  Zr  111/xyz  14    -664.27909  -664.40512  0.12603
4.65837  Zr  111/xyz  15    -664.26079  -664.40512  0.14433
4.65837  Zr  111/xyz  20    -664.15118  -664.40512  0.25394
4.65837  Zr  111/xyz  25    -664.01163  -664.40512  0.39349
4.65837  Zr  111/xyz  30    -663.84236  -664.40512  0.56276
4.65837  Zr  111/xyz  35    -663.64352  -664.40512  0.7616
4.65837  Zr  111/xyz  40    -663.41519  -664.40512  0.98993
4.65837  Zr  111/xyz  45    -663.15739  -664.40512  1.24773
4.65837  Zr  111/xyz  50    -662.87014  -664.40512  1.53498
4.65837  Zr  111/xyz  55    -662.55354  -664.40512  1.85158
4.65837  Zr  111/xyz  60    -662.20783  -664.40512  2.19729
4.65837  Zr  111/xyz  65    -661.83338  -664.40512  2.57174
4.65837  Zr  111/xyz  70    -661.43081  -664.40512  2.97431
4.65837  Zr  111/xyz  75    -661.00103  -664.40512  3.40409
4.65837  Zr  111/xyz  80    -660.54527  -664.40512  3.85985
4.65837  Zr  111/xyz  85    -660.06514  -664.40512  4.33998
4.65837  Zr  111/xyz  90    -659.56276  -664.40512  4.84236
4.65837  Zr  111/xyz  95    -659.04069  -664.40512  5.36443
4.65837  Zr  111/xyz  100   -658.50213  -664.40512  5.90299
