4.685  Zr  100/x    -100  -647.97961  -664.24507  16.2655
4.685  Zr  100/x    -95   -650.35254  -664.24507  13.8925
4.685  Zr  100/x    -90   -652.46356  -664.24507  11.7815
4.685  Zr  100/x    -85   -654.32873  -664.24507  9.91634
4.685  Zr  100/x    -80   -655.95759  -664.24507  8.28748
4.685  Zr  100/x    -75   -657.36858  -664.24507  6.87649
4.685  Zr  100/x    -70   -658.58399  -664.24507  5.66108
4.685  Zr  100/x    -65   -659.62612  -664.24507  4.61895
4.685  Zr  100/x    -60   -660.51569  -664.24507  3.72938
4.685  Zr  100/x    -55   -661.27126  -664.24507  2.97381
4.685  Zr  100/x    -50   -661.90924  -664.24507  2.33583
4.685  Zr  100/x    -45   -662.44406  -664.24507  1.80101
4.685  Zr  100/x    -40   -662.88835  -664.24507  1.35672
4.685  Zr  100/x    -35   -663.25316  -664.24507  0.99191
4.685  Zr  100/x    -30   -663.54814  -664.24507  0.69693
4.685  Zr  100/x    -25   -663.7816   -664.24507  0.46347
4.685  Zr  100/x    -20   -663.96078  -664.24507  0.28429
4.685  Zr  100/x    -15   -664.09184  -664.24507  0.15323
4.685  Zr  100/x    -14   -664.11275  -664.24507  0.13232
4.685  Zr  100/x    -13   -664.13199  -664.24507  0.11308
4.685  Zr  100/x    -12   -664.1496   -664.24507  0.09547
4.685  Zr  100/x    -11   -664.1656   -664.24507  0.07947
4.685  Zr  100/x    -10   -664.18003  -664.24507  0.06504
4.685  Zr  100/x    -9    -664.19293  -664.24507  0.05214
4.685  Zr  100/x    -8    -664.20433  -664.24507  0.04074
4.685  Zr  100/x    -7    -664.21426  -664.24507  0.03081
4.685  Zr  100/x    -6    -664.22276  -664.24507  0.02231
4.685  Zr  100/x    -5    -664.22984  -664.24507  0.01523
4.685  Zr  100/x    -4    -664.23554  -664.24507  0.00953
4.685  Zr  100/x    -3    -664.23989  -664.24507  0.00518
4.685  Zr  100/x    -2    -664.24291  -664.24507  0.00216
4.685  Zr  100/x    -1    -664.24463  -664.24507  0.00044
4.685  Zr  100/x    0     -664.24507  -664.24507  0
4.685  Zr  100/x    1     -664.24426  -664.24507  0.00081
4.685  Zr  100/x    2     -664.24223  -664.24507  0.00284
4.685  Zr  100/x    3     -664.23898  -664.24507  0.00609
4.685  Zr  100/x    4     -664.23454  -664.24507  0.01053
4.685  Zr  100/x    5     -664.22895  -664.24507  0.01612
4.685  Zr  100/x    6     -664.22221  -664.24507  0.02286
4.685  Zr  100/x    7     -664.21435  -664.24507  0.03072
4.685  Zr  100/x    8     -664.20539  -664.24507  0.03968
4.685  Zr  100/x    9     -664.19534  -664.24507  0.04973
4.685  Zr  100/x    10    -664.18422  -664.24507  0.06085
4.685  Zr  100/x    11    -664.17206  -664.24507  0.07301
4.685  Zr  100/x    12    -664.15887  -664.24507  0.0862
4.685  Zr  100/x    13    -664.14466  -664.24507  0.10041
4.685  Zr  100/x    14    -664.12946  -664.24507  0.11561
4.685  Zr  100/x    15    -664.11327  -664.24507  0.1318
4.685  Zr  100/x    20    -664.01814  -664.24507  0.22693
4.685  Zr  100/x    25    -663.90071  -664.24507  0.34436
4.685  Zr  100/x    30    -663.76264  -664.24507  0.48243
4.685  Zr  100/x    35    -663.60543  -664.24507  0.63964
4.685  Zr  100/x    40    -663.43056  -664.24507  0.81451
4.685  Zr  100/x    45    -663.23948  -664.24507  1.00559
4.685  Zr  100/x    50    -663.034    -664.24507  1.21107
4.685  Zr  100/x    55    -662.81672  -664.24507  1.42835
4.685  Zr  100/x    60    -662.59085  -664.24507  1.65422
4.685  Zr  100/x    65    -662.35867  -664.24507  1.8864
4.685  Zr  100/x    70    -662.1205   -664.24507  2.12457
4.685  Zr  100/x    75    -661.87578  -664.24507  2.36929
4.685  Zr  100/x    80    -661.62447  -664.24507  2.6206
4.685  Zr  100/x    85    -661.36678  -664.24507  2.87829
4.685  Zr  100/x    90    -661.10229  -664.24507  3.14278
4.685  Zr  100/x    95    -660.83009  -664.24507  3.41498
4.685  Zr  100/x    100   -660.54925  -664.24507  3.69582
4.685  Zr  100/y    -100  -651.4547   -664.24507  12.7904
4.685  Zr  100/y    -95   -653.36377  -664.24507  10.8813
4.685  Zr  100/y    -90   -655.03159  -664.24507  9.21348
4.685  Zr  100/y    -85   -656.48013  -664.24507  7.76494
4.685  Zr  100/y    -80   -657.73358  -664.24507  6.51149
4.685  Zr  100/y    -75   -658.8155   -664.24507  5.42957
4.685  Zr  100/y    -70   -659.74735  -664.24507  4.49772
4.685  Zr  100/y    -65   -660.54809  -664.24507  3.69698
4.685  Zr  100/y    -60   -661.23425  -664.24507  3.01082
4.685  Zr  100/y    -55   -661.82026  -664.24507  2.42481
4.685  Zr  100/y    -50   -662.31866  -664.24507  1.92641
4.685  Zr  100/y    -45   -662.74034  -664.24507  1.50473
4.685  Zr  100/y    -40   -663.0947   -664.24507  1.15037
4.685  Zr  100/y    -35   -663.38986  -664.24507  0.85521
4.685  Zr  100/y    -30   -663.63272  -664.24507  0.61235
4.685  Zr  100/y    -25   -663.82904  -664.24507  0.41603
4.685  Zr  100/y    -20   -663.98356  -664.24507  0.26151
4.685  Zr  100/y    -15   -664.10001  -664.24507  0.14506
4.685  Zr  100/y    -14   -664.119    -664.24507  0.12607
4.685  Zr  100/y    -13   -664.1366   -664.24507  0.10847
4.685  Zr  100/y    -12   -664.15283  -664.24507  0.09224
4.685  Zr  100/y    -11   -664.16771  -664.24507  0.07736
4.685  Zr  100/y    -10   -664.18124  -664.24507  0.06383
4.685  Zr  100/y    -9    -664.19345  -664.24507  0.05162
4.685  Zr  100/y    -8    -664.20434  -664.24507  0.04073
4.685  Zr  100/y    -7    -664.21392  -664.24507  0.03115
4.685  Zr  100/y    -6    -664.22221  -664.24507  0.02286
4.685  Zr  100/y    -5    -664.22921  -664.24507  0.01586
4.685  Zr  100/y    -4    -664.23493  -664.24507  0.01014
4.685  Zr  100/y    -3    -664.23937  -664.24507  0.0057
4.685  Zr  100/y    -2    -664.24253  -664.24507  0.00254
4.685  Zr  100/y    -1    -664.24443  -664.24507  0.00064
4.685  Zr  100/y    0     -664.24507  -664.24507  0
4.685  Zr  100/y    1     -664.24443  -664.24507  0.00064
4.685  Zr  100/y    2     -664.24253  -664.24507  0.00254
4.685  Zr  100/y    3     -664.23937  -664.24507  0.0057
4.685  Zr  100/y    4     -664.23493  -664.24507  0.01014
4.685  Zr  100/y    5     -664.22921  -664.24507  0.01586
4.685  Zr  100/y    6     -664.22221  -664.24507  0.02286
4.685  Zr  100/y    7     -664.21392  -664.24507  0.03115
4.685  Zr  100/y    8     -664.20434  -664.24507  0.04073
4.685  Zr  100/y    9     -664.19345  -664.24507  0.05162
4.685  Zr  100/y    10    -664.18124  -664.24507  0.06383
4.685  Zr  100/y    11    -664.16771  -664.24507  0.07736
4.685  Zr  100/y    12    -664.15283  -664.24507  0.09224
4.685  Zr  100/y    13    -664.1366   -664.24507  0.10847
4.685  Zr  100/y    14    -664.119    -664.24507  0.12607
4.685  Zr  100/y    15    -664.10001  -664.24507  0.14506
4.685  Zr  100/y    20    -663.98356  -664.24507  0.26151
4.685  Zr  100/y    25    -663.82904  -664.24507  0.41603
4.685  Zr  100/y    30    -663.63272  -664.24507  0.61235
4.685  Zr  100/y    35    -663.38986  -664.24507  0.85521
4.685  Zr  100/y    40    -663.0947   -664.24507  1.15037
4.685  Zr  100/y    45    -662.74034  -664.24507  1.50473
4.685  Zr  100/y    50    -662.31866  -664.24507  1.92641
4.685  Zr  100/y    55    -661.82026  -664.24507  2.42481
4.685  Zr  100/y    60    -661.23425  -664.24507  3.01082
4.685  Zr  100/y    65    -660.54809  -664.24507  3.69698
4.685  Zr  100/y    70    -659.74735  -664.24507  4.49772
4.685  Zr  100/y    75    -658.8155   -664.24507  5.42957
4.685  Zr  100/y    80    -657.73358  -664.24507  6.51149
4.685  Zr  100/y    85    -656.48013  -664.24507  7.76494
4.685  Zr  100/y    90    -655.03159  -664.24507  9.21348
4.685  Zr  100/y    95    -653.36377  -664.24507  10.8813
4.685  Zr  100/y    100   -651.4547   -664.24507  12.7904
4.685  Zr  110/xz   -100  -655.86043  -664.24507  8.38464
4.685  Zr  110/xz   -95   -656.68818  -664.24507  7.55689
4.685  Zr  110/xz   -90   -657.49055  -664.24507  6.75452
4.685  Zr  110/xz   -85   -658.26112  -664.24507  5.98395
4.685  Zr  110/xz   -80   -658.99361  -664.24507  5.25146
4.685  Zr  110/xz   -75   -659.68251  -664.24507  4.56256
4.685  Zr  110/xz   -70   -660.32364  -664.24507  3.92143
4.685  Zr  110/xz   -65   -660.91422  -664.24507  3.33085
4.685  Zr  110/xz   -60   -661.45284  -664.24507  2.79223
4.685  Zr  110/xz   -55   -661.93912  -664.24507  2.30595
4.685  Zr  110/xz   -50   -662.37354  -664.24507  1.87153
4.685  Zr  110/xz   -45   -662.75724  -664.24507  1.48783
4.685  Zr  110/xz   -40   -663.09179  -664.24507  1.15328
4.685  Zr  110/xz   -35   -663.37909  -664.24507  0.86598
4.685  Zr  110/xz   -30   -663.62122  -664.24507  0.62385
4.685  Zr  110/xz   -25   -663.82036  -664.24507  0.42471
4.685  Zr  110/xz   -20   -663.97869  -664.24507  0.26638
4.685  Zr  110/xz   -15   -664.09837  -664.24507  0.1467
4.685  Zr  110/xz   -14   -664.11785  -664.24507  0.12722
4.685  Zr  110/xz   -13   -664.13587  -664.24507  0.1092
4.685  Zr  110/xz   -12   -664.15247  -664.24507  0.0926
4.685  Zr  110/xz   -11   -664.16765  -664.24507  0.07742
4.685  Zr  110/xz   -10   -664.18142  -664.24507  0.06365
4.685  Zr  110/xz   -9    -664.19381  -664.24507  0.05126
4.685  Zr  110/xz   -8    -664.20482  -664.24507  0.04025
4.685  Zr  110/xz   -7    -664.21447  -664.24507  0.0306
4.685  Zr  110/xz   -6    -664.22278  -664.24507  0.02229
4.685  Zr  110/xz   -5    -664.22975  -664.24507  0.01532
4.685  Zr  110/xz   -4    -664.2354   -664.24507  0.00967
4.685  Zr  110/xz   -3    -664.23975  -664.24507  0.00532
4.685  Zr  110/xz   -2    -664.2428   -664.24507  0.00227
4.685  Zr  110/xz   -1    -664.24457  -664.24507  0.0005
4.685  Zr  110/xz   0     -664.24507  -664.24507  0
4.685  Zr  110/xz   1     -664.24431  -664.24507  0.00076
4.685  Zr  110/xz   2     -664.2423   -664.24507  0.00277
4.685  Zr  110/xz   3     -664.23906  -664.24507  0.00601
4.685  Zr  110/xz   4     -664.23458  -664.24507  0.01049
4.685  Zr  110/xz   5     -664.22889  -664.24507  0.01618
4.685  Zr  110/xz   6     -664.22199  -664.24507  0.02308
4.685  Zr  110/xz   7     -664.21388  -664.24507  0.03119
4.685  Zr  110/xz   8     -664.2046   -664.24507  0.04047
4.685  Zr  110/xz   9     -664.19413  -664.24507  0.05094
4.685  Zr  110/xz   10    -664.18248  -664.24507  0.06259
4.685  Zr  110/xz   11    -664.16966  -664.24507  0.07541
4.685  Zr  110/xz   12    -664.15569  -664.24507  0.08938
4.685  Zr  110/xz   13    -664.14057  -664.24507  0.1045
4.685  Zr  110/xz   14    -664.1243   -664.24507  0.12077
4.685  Zr  110/xz   15    -664.1069   -664.24507  0.13817
4.685  Zr  110/xz   20    -664.00297  -664.24507  0.2421
4.685  Zr  110/xz   25    -663.87129  -664.24507  0.37378
4.685  Zr  110/xz   30    -663.71226  -664.24507  0.53281
4.685  Zr  110/xz   35    -663.52611  -664.24507  0.71896
4.685  Zr  110/xz   40    -663.31291  -664.24507  0.93216
4.685  Zr  110/xz   45    -663.07261  -664.24507  1.17246
4.685  Zr  110/xz   50    -662.8051   -664.24507  1.43997
4.685  Zr  110/xz   55    -662.51022  -664.24507  1.73485
4.685  Zr  110/xz   60    -662.18779  -664.24507  2.05728
4.685  Zr  110/xz   65    -661.83771  -664.24507  2.40736
4.685  Zr  110/xz   70    -661.45988  -664.24507  2.78519
4.685  Zr  110/xz   75    -661.05432  -664.24507  3.19075
4.685  Zr  110/xz   80    -660.62117  -664.24507  3.6239
4.685  Zr  110/xz   85    -660.16072  -664.24507  4.08435
4.685  Zr  110/xz   90    -659.67355  -664.24507  4.57152
4.685  Zr  110/xz   95    -659.1607   -664.24507  5.08437
4.685  Zr  110/xz   100   -658.62387  -664.24507  5.6212
4.685  Zr  110/yz   -100  -656.3468   -664.24507  7.89827
4.685  Zr  110/yz   -95   -657.17477  -664.24507  7.0703
4.685  Zr  110/yz   -90   -657.96392  -664.24507  6.28115
4.685  Zr  110/yz   -85   -658.70889  -664.24507  5.53618
4.685  Zr  110/yz   -80   -659.40585  -664.24507  4.83922
4.685  Zr  110/yz   -75   -660.05246  -664.24507  4.19261
4.685  Zr  110/yz   -70   -660.64758  -664.24507  3.59749
4.685  Zr  110/yz   -65   -661.19103  -664.24507  3.05404
4.685  Zr  110/yz   -60   -661.68341  -664.24507  2.56166
4.685  Zr  110/yz   -55   -662.12593  -664.24507  2.11914
4.685  Zr  110/yz   -50   -662.52022  -664.24507  1.72485
4.685  Zr  110/yz   -45   -662.86823  -664.24507  1.37684
4.685  Zr  110/yz   -40   -663.17207  -664.24507  1.073
4.685  Zr  110/yz   -35   -663.43391  -664.24507  0.81116
4.685  Zr  110/yz   -30   -663.65587  -664.24507  0.5892
4.685  Zr  110/yz   -25   -663.83995  -664.24507  0.40512
4.685  Zr  110/yz   -20   -663.98793  -664.24507  0.25714
4.685  Zr  110/yz   -15   -664.10137  -664.24507  0.1437
4.685  Zr  110/yz   -14   -664.12003  -664.24507  0.12504
4.685  Zr  110/yz   -13   -664.13736  -664.24507  0.10771
4.685  Zr  110/yz   -12   -664.15338  -664.24507  0.09169
4.685  Zr  110/yz   -11   -664.1681   -664.24507  0.07697
4.685  Zr  110/yz   -10   -664.18151  -664.24507  0.06356
4.685  Zr  110/yz   -9    -664.19362  -664.24507  0.05145
4.685  Zr  110/yz   -8    -664.20445  -664.24507  0.04062
4.685  Zr  110/yz   -7    -664.21399  -664.24507  0.03108
4.685  Zr  110/yz   -6    -664.22224  -664.24507  0.02283
4.685  Zr  110/yz   -5    -664.22922  -664.24507  0.01585
4.685  Zr  110/yz   -4    -664.23493  -664.24507  0.01014
4.685  Zr  110/yz   -3    -664.23937  -664.24507  0.0057
4.685  Zr  110/yz   -2    -664.24253  -664.24507  0.00254
4.685  Zr  110/yz   -1    -664.24443  -664.24507  0.00064
4.685  Zr  110/yz   0     -664.24507  -664.24507  0
4.685  Zr  110/yz   1     -664.24443  -664.24507  0.00064
4.685  Zr  110/yz   2     -664.24253  -664.24507  0.00254
4.685  Zr  110/yz   3     -664.23937  -664.24507  0.0057
4.685  Zr  110/yz   4     -664.23493  -664.24507  0.01014
4.685  Zr  110/yz   5     -664.22922  -664.24507  0.01585
4.685  Zr  110/yz   6     -664.22224  -664.24507  0.02283
4.685  Zr  110/yz   7     -664.21399  -664.24507  0.03108
4.685  Zr  110/yz   8     -664.20445  -664.24507  0.04062
4.685  Zr  110/yz   9     -664.19362  -664.24507  0.05145
4.685  Zr  110/yz   10    -664.18151  -664.24507  0.06356
4.685  Zr  110/yz   11    -664.1681   -664.24507  0.07697
4.685  Zr  110/yz   12    -664.15338  -664.24507  0.09169
4.685  Zr  110/yz   13    -664.13736  -664.24507  0.10771
4.685  Zr  110/yz   14    -664.12003  -664.24507  0.12504
4.685  Zr  110/yz   15    -664.10137  -664.24507  0.1437
4.685  Zr  110/yz   20    -663.98793  -664.24507  0.25714
4.685  Zr  110/yz   25    -663.83995  -664.24507  0.40512
4.685  Zr  110/yz   30    -663.65587  -664.24507  0.5892
4.685  Zr  110/yz   35    -663.43391  -664.24507  0.81116
4.685  Zr  110/yz   40    -663.17207  -664.24507  1.073
4.685  Zr  110/yz   45    -662.86823  -664.24507  1.37684
4.685  Zr  110/yz   50    -662.52022  -664.24507  1.72485
4.685  Zr  110/yz   55    -662.12593  -664.24507  2.11914
4.685  Zr  110/yz   60    -661.68341  -664.24507  2.56166
4.685  Zr  110/yz   65    -661.19103  -664.24507  3.05404
4.685  Zr  110/yz   70    -660.64758  -664.24507  3.59749
4.685  Zr  110/yz   75    -660.05246  -664.24507  4.19261
4.685  Zr  110/yz   80    -659.40585  -664.24507  4.83922
4.685  Zr  110/yz   85    -658.70889  -664.24507  5.53618
4.685  Zr  110/yz   90    -657.96392  -664.24507  6.28115
4.685  Zr  110/yz   95    -657.17477  -664.24507  7.0703
4.685  Zr  110/yz   100   -656.3468   -664.24507  7.89827
4.685  Zr  111/xyz  -100  -657.16832  -664.24507  7.07675
4.685  Zr  111/xyz  -95   -657.79732  -664.24507  6.44775
4.685  Zr  111/xyz  -90   -658.41896  -664.24507  5.82611
4.685  Zr  111/xyz  -85   -659.02668  -664.24507  5.21839
4.685  Zr  111/xyz  -80   -659.61457  -664.24507  4.6305
4.685  Zr  111/xyz  -75   -660.17745  -664.24507  4.06762
4.685  Zr  111/xyz  -70   -664.24507  -664.245    3.55
4.685  Zr  111/xyz  -65   -661.21137  -664.24507  3.0337
4.685  Zr  111/xyz  -60   -664.24507  -664.245    2.59
4.685  Zr  111/xyz  -55   -662.10269  -664.24507  2.14238
4.685  Zr  111/xyz  -50   -662.49017  -664.24507  1.7549
4.685  Zr  111/xyz  -45   -662.83769  -664.24507  1.40738
4.685  Zr  111/xyz  -40   -663.14509  -664.24507  1.09998
4.685  Zr  111/xyz  -35   -663.41263  -664.24507  0.83244
4.685  Zr  111/xyz  -30   -663.64092  -664.24507  0.60415
4.685  Zr  111/xyz  -25   -663.83086  -664.24507  0.41421
4.685  Zr  111/xyz  -20   -663.98351  -664.24507  0.26156
4.685  Zr  111/xyz  -15   -664.10006  -664.24507  0.14501
4.685  Zr  111/xyz  -14   -664.11914  -664.24507  0.12593
4.685  Zr  111/xyz  -13   -664.13684  -664.24507  0.10823
4.685  Zr  111/xyz  -12   -664.15317  -664.24507  0.0919
4.685  Zr  111/xyz  -11   -664.16812  -664.24507  0.07695
4.685  Zr  111/xyz  -10   -664.18172  -664.24507  0.06335
4.685  Zr  111/xyz  -9    -664.19397  -664.24507  0.0511
4.685  Zr  111/xyz  -8    -664.20488  -664.24507  0.04019
4.685  Zr  111/xyz  -7    -664.21446  -664.24507  0.03061
4.685  Zr  111/xyz  -6    -664.22273  -664.24507  0.02234
4.685  Zr  111/xyz  -5    -664.22968  -664.24507  0.01539
4.685  Zr  111/xyz  -4    -664.23533  -664.24507  0.00974
4.685  Zr  111/xyz  -3    -664.23968  -664.24507  0.00539
4.685  Zr  111/xyz  -2    -664.24275  -664.24507  0.00232
4.685  Zr  111/xyz  -1    -664.24455  -664.24507  0.00052
4.685  Zr  111/xyz  0     -664.24507  -664.24507  0
4.685  Zr  111/xyz  1     -664.24433  -664.24507  0.00074
4.685  Zr  111/xyz  2     -664.24234  -664.24507  0.00273
4.685  Zr  111/xyz  3     -664.2391   -664.24507  0.00597
4.685  Zr  111/xyz  4     -664.23462  -664.24507  0.01045
4.685  Zr  111/xyz  5     -664.22891  -664.24507  0.01616
4.685  Zr  111/xyz  6     -664.22197  -664.24507  0.0231
4.685  Zr  111/xyz  7     -664.21381  -664.24507  0.03126
4.685  Zr  111/xyz  8     -664.20444  -664.24507  0.04063
4.685  Zr  111/xyz  9     -664.19386  -664.24507  0.05121
4.685  Zr  111/xyz  10    -664.18207  -664.24507  0.063
4.685  Zr  111/xyz  11    -664.16908  -664.24507  0.07599
4.685  Zr  111/xyz  12    -664.1549   -664.24507  0.09017
4.685  Zr  111/xyz  13    -664.13954  -664.24507  0.10553
4.685  Zr  111/xyz  14    -664.12299  -664.24507  0.12208
4.685  Zr  111/xyz  15    -664.10526  -664.24507  0.13981
4.685  Zr  111/xyz  20    -663.99904  -664.24507  0.24603
4.685  Zr  111/xyz  25    -663.8638   -664.24507  0.38127
4.685  Zr  111/xyz  30    -663.69977  -664.24507  0.5453
4.685  Zr  111/xyz  35    -663.50706  -664.24507  0.73801
4.685  Zr  111/xyz  40    -663.2857   -664.24507  0.95937
4.685  Zr  111/xyz  45    -663.03567  -664.24507  1.2094
4.685  Zr  111/xyz  50    -662.7569   -664.24507  1.48817
4.685  Zr  111/xyz  55    -662.44945  -664.24507  1.79562
4.685  Zr  111/xyz  60    -662.11342  -664.24507  2.13165
4.685  Zr  111/xyz  65    -661.74911  -664.24507  2.49596
4.685  Zr  111/xyz  70    -661.35704  -664.24507  2.88803
4.685  Zr  111/xyz  75    -660.93799  -664.24507  3.30708
4.685  Zr  111/xyz  80    -660.49312  -664.24507  3.75195
4.685  Zr  111/xyz  85    -660.02394  -664.24507  4.22113
4.685  Zr  111/xyz  90    -659.53244  -664.24507  4.71263
4.685  Zr  111/xyz  95    -659.02112  -664.24507  5.22395
4.685  Zr  111/xyz  100   -658.49305  -664.24507  5.75202
