4.685  C  100/x     -100  -654.62636  -664.24507  9.61871
4.685  C  100/x     -95   -656.0642   -664.24507  8.18087
4.685  C  100/x     -90   -657.3164   -664.24507  6.92867
4.685  C  100/x     -85   -658.40582  -664.24507  5.83925
4.685  C  100/x     -80   -659.35145  -664.24507  4.89362
4.685  C  100/x     -75   -660.16968  -664.24507  4.07539
4.685  C  100/x     -70   -660.87517  -664.24507  3.3699
4.685  C  100/x     -65   -661.48122  -664.24507  2.76385
4.685  C  100/x     -60   -661.99983  -664.24507  2.24524
4.685  C  100/x     -55   -662.44178  -664.24507  1.80329
4.685  C  100/x     -50   -662.81659  -664.24507  1.42848
4.685  C  100/x     -45   -663.13266  -664.24507  1.11241
4.685  C  100/x     -40   -663.3973   -664.24507  0.84777
4.685  C  100/x     -35   -663.61685  -664.24507  0.62822
4.685  C  100/x     -30   -663.79672  -664.24507  0.44835
4.685  C  100/x     -25   -663.9415   -664.24507  0.30357
4.685  C  100/x     -20   -664.05493  -664.24507  0.19014
4.685  C  100/x     -15   -664.14003  -664.24507  0.10504
4.685  C  100/x     -14   -664.15387  -664.24507  0.0912
4.685  C  100/x     -13   -664.16668  -664.24507  0.07839
4.685  C  100/x     -12   -664.17848  -664.24507  0.06659
4.685  C  100/x     -11   -664.18929  -664.24507  0.05578
4.685  C  100/x     -10   -664.19911  -664.24507  0.04596
4.685  C  100/x     -9    -664.20795  -664.24507  0.03712
4.685  C  100/x     -8    -664.21584  -664.24507  0.02923
4.685  C  100/x     -7    -664.22276  -664.24507  0.02231
4.685  C  100/x     -6    -664.22875  -664.24507  0.01632
4.685  C  100/x     -5    -664.23378  -664.24507  0.01129
4.685  C  100/x     -4    -664.23789  -664.24507  0.00718
4.685  C  100/x     -3    -664.24107  -664.24507  0.004
4.685  C  100/x     -2    -664.24332  -664.24507  0.00175
4.685  C  100/x     -1    -664.24466  -664.24507  0.00041
4.685  C  100/x     0     -664.24507  -664.24507  0
4.685  C  100/x     1     -664.24456  -664.24507  0.00051
4.685  C  100/x     2     -664.24314  -664.24507  0.00193
4.685  C  100/x     3     -664.2408   -664.24507  0.00427
4.685  C  100/x     4     -664.23753  -664.24507  0.00754
4.685  C  100/x     5     -664.23335  -664.24507  0.01172
4.685  C  100/x     6     -664.22824  -664.24507  0.01683
4.685  C  100/x     7     -664.22219  -664.24507  0.02288
4.685  C  100/x     8     -664.21522  -664.24507  0.02985
4.685  C  100/x     9     -664.2073   -664.24507  0.03777
4.685  C  100/x     10    -664.19843  -664.24507  0.04664
4.685  C  100/x     11    -664.1886   -664.24507  0.05647
4.685  C  100/x     12    -664.1778   -664.24507  0.06727
4.685  C  100/x     13    -664.16603  -664.24507  0.07904
4.685  C  100/x     14    -664.15327  -664.24507  0.0918
4.685  C  100/x     15    -664.1395   -664.24507  0.10557
4.685  C  100/x     20    -664.05516  -664.24507  0.18991
4.685  C  100/x     25    -663.94332  -664.24507  0.30175
4.685  C  100/x     30    -663.80124  -664.24507  0.44383
4.685  C  100/x     35    -663.6254   -664.24507  0.61967
4.685  C  100/x     40    -663.41152  -664.24507  0.83355
4.685  C  100/x     45    -663.15445  -664.24507  1.09062
4.685  C  100/x     50    -662.84817  -664.24507  1.3969
4.685  C  100/x     55    -662.48571  -664.24507  1.75936
4.685  C  100/x     60    -662.05903  -664.24507  2.18604
4.685  C  100/x     65    -661.55901  -664.24507  2.68606
4.685  C  100/x     70    -660.97532  -664.24507  3.26975
4.685  C  100/x     75    -660.29638  -664.24507  3.94869
4.685  C  100/x     80    -659.50931  -664.24507  4.73576
4.685  C  100/x     85    -658.59982  -664.24507  5.64525
4.685  C  100/x     90    -657.5521   -664.24507  6.69297
4.685  C  100/x     95    -656.34822  -664.24507  7.89685
4.685  C  100/x     100   -654.96711  -664.24507  9.27796
4.685  C  110/xy    -100  -659.05568  -664.24507  5.18939
4.685  C  110/xy    -95   -659.56754  -664.24507  4.67753
4.685  C  110/xy    -90   -660.0579   -664.24507  4.18717
4.685  C  110/xy    -85   -660.52414  -664.24507  3.72093
4.685  C  110/xy    -80   -660.96426  -664.24507  3.28081
4.685  C  110/xy    -75   -661.3769   -664.24507  2.86817
4.685  C  110/xy    -70   -661.76116  -664.24507  2.48391
4.685  C  110/xy    -65   -662.11657  -664.24507  2.1285
4.685  C  110/xy    -60   -662.44297  -664.24507  1.8021
4.685  C  110/xy    -55   -662.74048  -664.24507  1.50459
4.685  C  110/xy    -50   -663.00943  -664.24507  1.23564
4.685  C  110/xy    -45   -663.25029  -664.24507  0.99478
4.685  C  110/xy    -40   -663.4636   -664.24507  0.78147
4.685  C  110/xy    -35   -663.64997  -664.24507  0.5951
4.685  C  110/xy    -30   -663.81001  -664.24507  0.43506
4.685  C  110/xy    -25   -663.94429  -664.24507  0.30078
4.685  C  110/xy    -20   -664.05335  -664.24507  0.19172
4.685  C  110/xy    -15   -664.13765  -664.24507  0.10742
4.685  C  110/xy    -14   -664.15156  -664.24507  0.09351
4.685  C  110/xy    -13   -664.16451  -664.24507  0.08056
4.685  C  110/xy    -12   -664.17649  -664.24507  0.06858
4.685  C  110/xy    -11   -664.18749  -664.24507  0.05758
4.685  C  110/xy    -10   -664.19753  -664.24507  0.04754
4.685  C  110/xy    -9    -664.20661  -664.24507  0.03846
4.685  C  110/xy    -8    -664.21472  -664.24507  0.03035
4.685  C  110/xy    -7    -664.22186  -664.24507  0.02321
4.685  C  110/xy    -6    -664.22805  -664.24507  0.01702
4.685  C  110/xy    -5    -664.23328  -664.24507  0.01179
4.685  C  110/xy    -4    -664.23755  -664.24507  0.00752
4.685  C  110/xy    -3    -664.24087  -664.24507  0.0042
4.685  C  110/xy    -2    -664.24322  -664.24507  0.00185
4.685  C  110/xy    -1    -664.24462  -664.24507  0.00045
4.685  C  110/xy    0     -664.24507  -664.24507  0
4.685  C  110/xy    1     -664.24456  -664.24507  0.00051
4.685  C  110/xy    2     -664.24309  -664.24507  0.00198
4.685  C  110/xy    3     -664.24067  -664.24507  0.0044
4.685  C  110/xy    4     -664.23729  -664.24507  0.00778
4.685  C  110/xy    5     -664.23296  -664.24507  0.01211
4.685  C  110/xy    6     -664.22766  -664.24507  0.01741
4.685  C  110/xy    7     -664.22141  -664.24507  0.02366
4.685  C  110/xy    8     -664.21421  -664.24507  0.03086
4.685  C  110/xy    9     -664.20604  -664.24507  0.03903
4.685  C  110/xy    10    -664.19691  -664.24507  0.04816
4.685  C  110/xy    11    -664.18682  -664.24507  0.05825
4.685  C  110/xy    12    -664.17577  -664.24507  0.0693
4.685  C  110/xy    13    -664.16375  -664.24507  0.08132
4.685  C  110/xy    14    -664.15076  -664.24507  0.09431
4.685  C  110/xy    15    -664.1368   -664.24507  0.10827
4.685  C  110/xy    20    -664.05239  -664.24507  0.19268
4.685  C  110/xy    25    -663.94337  -664.24507  0.3017
4.685  C  110/xy    30    -663.80931  -664.24507  0.43576
4.685  C  110/xy    35    -663.64973  -664.24507  0.59534
4.685  C  110/xy    40    -663.46406  -664.24507  0.78101
4.685  C  110/xy    45    -663.25173  -664.24507  0.99334
4.685  C  110/xy    50    -663.01212  -664.24507  1.23295
4.685  C  110/xy    55    -662.74469  -664.24507  1.50038
4.685  C  110/xy    60    -662.44895  -664.24507  1.79612
4.685  C  110/xy    65    -662.12457  -664.24507  2.1205
4.685  C  110/xy    70    -661.7714   -664.24507  2.47367
4.685  C  110/xy    75    -661.38954  -664.24507  2.85553
4.685  C  110/xy    80    -660.97944  -664.24507  3.26563
4.685  C  110/xy    85    -660.54191  -664.24507  3.70316
4.685  C  110/xy    90    -660.07824  -664.24507  4.16683
4.685  C  110/xy    95    -659.59027  -664.24507  4.6548
4.685  C  110/xy    100   -659.08049  -664.24507  5.16458
4.685  C  110/xz    -100  -660.08986  -664.24507  4.15521
4.685  C  110/xz    -95   -660.46741  -664.24507  3.77766
4.685  C  110/xz    -90   -660.83473  -664.24507  3.41034
4.685  C  110/xz    -85   -661.18926  -664.24507  3.05581
4.685  C  110/xz    -80   -661.52889  -664.24507  2.71618
4.685  C  110/xz    -75   -661.85184  -664.24507  2.39323
4.685  C  110/xz    -70   -662.15667  -664.24507  2.0884
4.685  C  110/xz    -65   -662.44227  -664.24507  1.8028
4.685  C  110/xz    -60   -662.7078   -664.24507  1.53727
4.685  C  110/xz    -55   -662.9527   -664.24507  1.29237
4.685  C  110/xz    -50   -663.17659  -664.24507  1.06848
4.685  C  110/xz    -45   -663.37928  -664.24507  0.86579
4.685  C  110/xz    -40   -663.56068  -664.24507  0.68439
4.685  C  110/xz    -35   -663.72078  -664.24507  0.52429
4.685  C  110/xz    -30   -663.85959  -664.24507  0.38548
4.685  C  110/xz    -25   -663.97715  -664.24507  0.26792
4.685  C  110/xz    -20   -664.07347  -664.24507  0.1716
4.685  C  110/xz    -15   -664.14852  -664.24507  0.09655
4.685  C  110/xz    -14   -664.16097  -664.24507  0.0841
4.685  C  110/xz    -13   -664.17258  -664.24507  0.07249
4.685  C  110/xz    -12   -664.18332  -664.24507  0.06175
4.685  C  110/xz    -11   -664.19321  -664.24507  0.05186
4.685  C  110/xz    -10   -664.20224  -664.24507  0.04283
4.685  C  110/xz    -9    -664.21041  -664.24507  0.03466
4.685  C  110/xz    -8    -664.21772  -664.24507  0.02735
4.685  C  110/xz    -7    -664.22418  -664.24507  0.02089
4.685  C  110/xz    -6    -664.22976  -664.24507  0.01531
4.685  C  110/xz    -5    -664.23448  -664.24507  0.01059
4.685  C  110/xz    -4    -664.23834  -664.24507  0.00673
4.685  C  110/xz    -3    -664.24133  -664.24507  0.00374
4.685  C  110/xz    -2    -664.24345  -664.24507  0.00162
4.685  C  110/xz    -1    -664.2447   -664.24507  0.00037
4.685  C  110/xz    0     -664.24507  -664.24507  0
4.685  C  110/xz    1     -664.24456  -664.24507  0.00051
4.685  C  110/xz    2     -664.24318  -664.24507  0.00189
4.685  C  110/xz    3     -664.24091  -664.24507  0.00416
4.685  C  110/xz    4     -664.23776  -664.24507  0.00731
4.685  C  110/xz    5     -664.23372  -664.24507  0.01135
4.685  C  110/xz    6     -664.2288   -664.24507  0.01627
4.685  C  110/xz    7     -664.22298  -664.24507  0.02209
4.685  C  110/xz    8     -664.21626  -664.24507  0.02881
4.685  C  110/xz    9     -664.20865  -664.24507  0.03642
4.685  C  110/xz    10    -664.20013  -664.24507  0.04494
4.685  C  110/xz    11    -664.19071  -664.24507  0.05436
4.685  C  110/xz    12    -664.18038  -664.24507  0.06469
4.685  C  110/xz    13    -664.16914  -664.24507  0.07593
4.685  C  110/xz    14    -664.15698  -664.24507  0.08809
4.685  C  110/xz    15    -664.1439   -664.24507  0.10117
4.685  C  110/xz    20    -664.06457  -664.24507  0.1805
4.685  C  110/xz    25    -663.96163  -664.24507  0.28344
4.685  C  110/xz    30    -663.8345   -664.24507  0.41057
4.685  C  110/xz    35    -663.68251  -664.24507  0.56256
4.685  C  110/xz    40    -663.50493  -664.24507  0.74014
4.685  C  110/xz    45    -663.30102  -664.24507  0.94405
4.685  C  110/xz    50    -663.06999  -664.24507  1.17508
4.685  C  110/xz    55    -662.81108  -664.24507  1.43399
4.685  C  110/xz    60    -662.52357  -664.24507  1.7215
4.685  C  110/xz    65    -662.20687  -664.24507  2.0382
4.685  C  110/xz    70    -661.86057  -664.24507  2.3845
4.685  C  110/xz    75    -661.48447  -664.24507  2.7606
4.685  C  110/xz    80    -661.07868  -664.24507  3.16639
4.685  C  110/xz    85    -660.64371  -664.24507  3.60136
4.685  C  110/xz    90    -660.1805   -664.24507  4.06457
4.685  C  110/xz    95    -659.69057  -664.24507  4.5545
4.685  C  110/xz    100   -659.17605  -664.24507  5.06902
4.685  C  111/bxyz  -100  -660.04321  -664.24507  4.20186
4.685  C  111/bxyz  -95   -660.38087  -664.24507  3.8642
4.685  C  111/bxyz  -90   -660.71753  -664.24507  3.52754
4.685  C  111/bxyz  -85   -661.05021  -664.24507  3.19486
4.685  C  111/bxyz  -80   -661.37612  -664.24507  2.86895
4.685  C  111/bxyz  -75   -661.69271  -664.24507  2.55236
4.685  C  111/bxyz  -70   -661.99764  -664.24507  2.24743
4.685  C  111/bxyz  -65   -662.28879  -664.24507  1.95628
4.685  C  111/bxyz  -60   -662.56429  -664.24507  1.68078
4.685  C  111/bxyz  -55   -662.82252  -664.24507  1.42255
4.685  C  111/bxyz  -50   -663.06205  -664.24507  1.18302
4.685  C  111/bxyz  -45   -663.28168  -664.24507  0.96339
4.685  C  111/bxyz  -40   -663.48039  -664.24507  0.76468
4.685  C  111/bxyz  -35   -663.65736  -664.24507  0.58771
4.685  C  111/bxyz  -30   -663.8119   -664.24507  0.43317
4.685  C  111/bxyz  -25   -663.94347  -664.24507  0.3016
4.685  C  111/bxyz  -20   -664.05164  -664.24507  0.19343
4.685  C  111/bxyz  -15   -664.13609  -664.24507  0.10898
4.685  C  111/bxyz  -14   -664.15011  -664.24507  0.09496
4.685  C  111/bxyz  -13   -664.16317  -664.24507  0.0819
4.685  C  111/bxyz  -12   -664.17527  -664.24507  0.0698
4.685  C  111/bxyz  -11   -664.18641  -664.24507  0.05866
4.685  C  111/bxyz  -10   -664.19658  -664.24507  0.04849
4.685  C  111/bxyz  -9    -664.20579  -664.24507  0.03928
4.685  C  111/bxyz  -8    -664.21403  -664.24507  0.03104
4.685  C  111/bxyz  -7    -664.2213   -664.24507  0.02377
4.685  C  111/bxyz  -6    -664.2276   -664.24507  0.01747
4.685  C  111/bxyz  -5    -664.23294  -664.24507  0.01213
4.685  C  111/bxyz  -4    -664.2373   -664.24507  0.00777
4.685  C  111/bxyz  -3    -664.2407   -664.24507  0.00437
4.685  C  111/bxyz  -2    -664.24313  -664.24507  0.00194
4.685  C  111/bxyz  -1    -664.24458  -664.24507  0.00049
4.685  C  111/bxyz  0     -664.24507  -664.24507  0
4.685  C  111/bxyz  1     -664.24458  -664.24507  0.00049
4.685  C  111/bxyz  2     -664.24313  -664.24507  0.00194
4.685  C  111/bxyz  3     -664.2407   -664.24507  0.00437
4.685  C  111/bxyz  4     -664.2373   -664.24507  0.00777
4.685  C  111/bxyz  5     -664.23294  -664.24507  0.01213
4.685  C  111/bxyz  6     -664.2276   -664.24507  0.01747
4.685  C  111/bxyz  7     -664.2213   -664.24507  0.02377
4.685  C  111/bxyz  8     -664.21403  -664.24507  0.03104
4.685  C  111/bxyz  9     -664.20579  -664.24507  0.03928
4.685  C  111/bxyz  10    -664.19658  -664.24507  0.04849
4.685  C  111/bxyz  11    -664.18641  -664.24507  0.05866
4.685  C  111/bxyz  12    -664.17527  -664.24507  0.0698
4.685  C  111/bxyz  13    -664.16317  -664.24507  0.0819
4.685  C  111/bxyz  14    -664.15011  -664.24507  0.09496
4.685  C  111/bxyz  15    -664.13609  -664.24507  0.10898
4.685  C  111/bxyz  20    -664.05164  -664.24507  0.19343
4.685  C  111/bxyz  25    -663.94347  -664.24507  0.3016
4.685  C  111/bxyz  30    -663.8119   -664.24507  0.43317
4.685  C  111/bxyz  35    -663.65736  -664.24507  0.58771
4.685  C  111/bxyz  40    -663.48039  -664.24507  0.76468
4.685  C  111/bxyz  45    -663.28168  -664.24507  0.96339
4.685  C  111/bxyz  50    -663.06205  -664.24507  1.18302
4.685  C  111/bxyz  55    -662.82252  -664.24507  1.42255
4.685  C  111/bxyz  60    -662.56429  -664.24507  1.68078
4.685  C  111/bxyz  65    -662.28879  -664.24507  1.95628
4.685  C  111/bxyz  70    -661.99764  -664.24507  2.24743
4.685  C  111/bxyz  75    -661.69271  -664.24507  2.55236
4.685  C  111/bxyz  80    -661.37612  -664.24507  2.86895
4.685  C  111/bxyz  85    -661.05021  -664.24507  3.19486
4.685  C  111/bxyz  90    -660.71753  -664.24507  3.52754
4.685  C  111/bxyz  95    -660.38087  -664.24507  3.8642
4.685  C  111/bxyz  100   -660.04321  -664.24507  4.20186
4.685  C  111/xyz   -100  -660.61824  -664.24507  3.62683
4.685  C  111/xyz   -95   -660.88901  -664.24507  3.35606
4.685  C  111/xyz   -90   -661.16283  -664.24507  3.08224
4.685  C  111/xyz   -85   -661.43707  -664.24507  2.808
4.685  C  111/xyz   -80   -661.70916  -664.24507  2.53591
4.685  C  111/xyz   -75   -661.97663  -664.24507  2.26844
4.685  C  111/xyz   -70   -662.23715  -664.24507  2.00792
4.685  C  111/xyz   -65   -662.48852  -664.24507  1.75655
4.685  C  111/xyz   -60   -662.72872  -664.24507  1.51635
4.685  C  111/xyz   -55   -662.9559   -664.24507  1.28917
4.685  C  111/xyz   -50   -663.16843  -664.24507  1.07664
4.685  C  111/xyz   -45   -663.36485  -664.24507  0.88022
4.685  C  111/xyz   -40   -663.54385  -664.24507  0.70122
4.685  C  111/xyz   -35   -663.70433  -664.24507  0.54074
4.685  C  111/xyz   -30   -663.84532  -664.24507  0.39975
4.685  C  111/xyz   -25   -663.96603  -664.24507  0.27904
4.685  C  111/xyz   -20   -664.06575  -664.24507  0.17932
4.685  C  111/xyz   -15   -664.14394  -664.24507  0.10113
4.685  C  111/xyz   -14   -664.15695  -664.24507  0.08812
4.685  C  111/xyz   -13   -664.16907  -664.24507  0.076
4.685  C  111/xyz   -12   -664.18031  -664.24507  0.06476
4.685  C  111/xyz   -11   -664.19066  -664.24507  0.05441
4.685  C  111/xyz   -10   -664.20012  -664.24507  0.04495
4.685  C  111/xyz   -9    -664.20868  -664.24507  0.03639
4.685  C  111/xyz   -8    -664.21635  -664.24507  0.02872
4.685  C  111/xyz   -7    -664.22311  -664.24507  0.02196
4.685  C  111/xyz   -6    -664.22897  -664.24507  0.0161
4.685  C  111/xyz   -5    -664.23393  -664.24507  0.01114
4.685  C  111/xyz   -4    -664.23798  -664.24507  0.00709
4.685  C  111/xyz   -3    -664.24112  -664.24507  0.00395
4.685  C  111/xyz   -2    -664.24335  -664.24507  0.00172
4.685  C  111/xyz   -1    -664.24466  -664.24507  0.00041
4.685  C  111/xyz   0     -664.24507  -664.24507  0
4.685  C  111/xyz   1     -664.24456  -664.24507  0.00051
4.685  C  111/xyz   2     -664.24313  -664.24507  0.00194
4.685  C  111/xyz   3     -664.24078  -664.24507  0.00429
4.685  C  111/xyz   4     -664.23751  -664.24507  0.00756
4.685  C  111/xyz   5     -664.23333  -664.24507  0.01174
4.685  C  111/xyz   6     -664.22822  -664.24507  0.01685
4.685  C  111/xyz   7     -664.22219  -664.24507  0.02288
4.685  C  111/xyz   8     -664.21523  -664.24507  0.02984
4.685  C  111/xyz   9     -664.20736  -664.24507  0.03771
4.685  C  111/xyz   10    -664.19856  -664.24507  0.04651
4.685  C  111/xyz   11    -664.18884  -664.24507  0.05623
4.685  C  111/xyz   12    -664.1782   -664.24507  0.06687
4.685  C  111/xyz   13    -664.16662  -664.24507  0.07845
4.685  C  111/xyz   14    -664.15413  -664.24507  0.09094
4.685  C  111/xyz   15    -664.14072  -664.24507  0.10435
4.685  C  111/xyz   20    -664.0598   -664.24507  0.18527
4.685  C  111/xyz   25    -663.95594  -664.24507  0.28913
4.685  C  111/xyz   30    -663.82932  -664.24507  0.41575
4.685  C  111/xyz   35    -663.68025  -664.24507  0.56482
4.685  C  111/xyz   40    -663.50916  -664.24507  0.73591
4.685  C  111/xyz   45    -663.31659  -664.24507  0.92848
4.685  C  111/xyz   50    -663.1033   -664.24507  1.14177
4.685  C  111/xyz   55    -662.87018  -664.24507  1.37489
4.685  C  111/xyz   60    -662.61834  -664.24507  1.62673
4.685  C  111/xyz   65    -662.34908  -664.24507  1.89599
4.685  C  111/xyz   70    -662.06395  -664.24507  2.18112
4.685  C  111/xyz   75    -661.76471  -664.24507  2.48036
4.685  C  111/xyz   80    -661.45337  -664.24507  2.7917
4.685  C  111/xyz   85    -661.13217  -664.24507  3.1129
4.685  C  111/xyz   90    -660.8036   -664.24507  3.44147
4.685  C  111/xyz   95    -660.47036  -664.24507  3.77471
4.685  C  111/xyz   100   -660.13532  -664.24507  4.10975
