4.730  Zr  100/x    -100  -646.64529  -663.21933  16.574
4.730  Zr  100/x    -95   -649.09503  -663.21933  14.1243
4.730  Zr  100/x    -90   -651.26849  -663.21933  11.9508
4.730  Zr  100/x    -85   -653.18302  -663.21933  10.0363
4.730  Zr  100/x    -80   -654.85031  -663.21933  8.36902
4.730  Zr  100/x    -75   -656.29066  -663.21933  6.92867
4.730  Zr  100/x    -70   -657.52792  -663.21933  5.69141
4.730  Zr  100/x    -65   -658.5858   -663.21933  4.63353
4.730  Zr  100/x    -60   -659.48621  -663.21933  3.73312
4.730  Zr  100/x    -55   -660.24879  -663.21933  2.97054
4.730  Zr  100/x    -50   -660.89076  -663.21933  2.32857
4.730  Zr  100/x    -45   -661.42732  -663.21933  1.79201
4.730  Zr  100/x    -40   -661.8717   -663.21933  1.34763
4.730  Zr  100/x    -35   -662.2355   -663.21933  0.98383
4.730  Zr  100/x    -30   -662.5288   -663.21933  0.69053
4.730  Zr  100/x    -25   -662.76036  -663.21933  0.45897
4.730  Zr  100/x    -20   -662.9377   -663.21933  0.28163
4.730  Zr  100/x    -15   -663.06726  -663.21933  0.15207
4.730  Zr  100/x    -14   -663.08793  -663.21933  0.1314
4.730  Zr  100/x    -13   -663.10695  -663.21933  0.11238
4.730  Zr  100/x    -12   -663.12435  -663.21933  0.09498
4.730  Zr  100/x    -11   -663.14018  -663.21933  0.07915
4.730  Zr  100/x    -10   -663.15446  -663.21933  0.06487
4.730  Zr  100/x    -9    -663.16724  -663.21933  0.05209
4.730  Zr  100/x    -8    -663.17853  -663.21933  0.0408
4.730  Zr  100/x    -7    -663.18839  -663.21933  0.03094
4.730  Zr  100/x    -6    -663.19682  -663.21933  0.02251
4.730  Zr  100/x    -5    -663.20388  -663.21933  0.01545
4.730  Zr  100/x    -4    -663.20957  -663.21933  0.00976
4.730  Zr  100/x    -3    -663.21393  -663.21933  0.0054
4.730  Zr  100/x    -2    -663.21699  -663.21933  0.00234
4.730  Zr  100/x    -1    -663.21879  -663.21933  0.00054
4.730  Zr  100/x    0     -663.21933  -663.21933  0
4.730  Zr  100/x    1     -663.21863  -663.21933  0.0007
4.730  Zr  100/x    2     -663.21673  -663.21933  0.0026
4.730  Zr  100/x    3     -663.21365  -663.21933  0.00568
4.730  Zr  100/x    4     -663.20941  -663.21933  0.00992
4.730  Zr  100/x    5     -663.20403  -663.21933  0.0153
4.730  Zr  100/x    6     -663.19752  -663.21933  0.02181
4.730  Zr  100/x    7     -663.18992  -663.21933  0.02941
4.730  Zr  100/x    8     -663.18123  -663.21933  0.0381
4.730  Zr  100/x    9     -663.17148  -663.21933  0.04785
4.730  Zr  100/x    10    -663.16069  -663.21933  0.05864
4.730  Zr  100/x    11    -663.14887  -663.21933  0.07046
4.730  Zr  100/x    12    -663.13604  -663.21933  0.08329
4.730  Zr  100/x    13    -663.12221  -663.21933  0.09712
4.730  Zr  100/x    14    -663.10741  -663.21933  0.11192
4.730  Zr  100/x    15    -663.09165  -663.21933  0.12768
4.730  Zr  100/x    20    -662.99893  -663.21933  0.2204
4.730  Zr  100/x    25    -662.88436  -663.21933  0.33497
4.730  Zr  100/x    30    -662.74959  -663.21933  0.46974
4.730  Zr  100/x    35    -662.59611  -663.21933  0.62322
4.730  Zr  100/x    40    -662.42545  -663.21933  0.79388
4.730  Zr  100/x    45    -662.23902  -663.21933  0.98031
4.730  Zr  100/x    50    -662.03832  -663.21933  1.18101
4.730  Zr  100/x    55    -661.82533  -663.21933  1.394
4.730  Zr  100/x    60    -661.60284  -663.21933  1.61649
4.730  Zr  100/x    65    -661.37337  -663.21933  1.84596
4.730  Zr  100/x    70    -661.13787  -663.21933  2.08146
4.730  Zr  100/x    75    -660.89606  -663.21933  2.32327
4.730  Zr  100/x    80    -660.64788  -663.21933  2.57145
4.730  Zr  100/x    85    -660.39359  -663.21933  2.82574
4.730  Zr  100/x    90    -660.13305  -663.21933  3.08628
4.730  Zr  100/x    95    -659.86551  -663.21933  3.35382
4.730  Zr  100/x    100   -659.5899   -663.21933  3.62943
4.730  Zr  100/y    -100  -650.80938  -663.21933  12.4099
4.730  Zr  100/y    -95   -652.694    -663.21933  10.5253
4.730  Zr  100/y    -90   -654.33351  -663.21933  8.88582
4.730  Zr  100/y    -85   -655.75189  -663.21933  7.46744
4.730  Zr  100/y    -80   -656.97477  -663.21933  6.24456
4.730  Zr  100/y    -75   -658.0266   -663.21933  5.19273
4.730  Zr  100/y    -70   -658.92933  -663.21933  4.29
4.730  Zr  100/y    -65   -659.70228  -663.21933  3.51705
4.730  Zr  100/y    -60   -660.36224  -663.21933  2.85709
4.730  Zr  100/y    -55   -660.92382  -663.21933  2.29551
4.730  Zr  100/y    -50   -661.39972  -663.21933  1.81961
4.730  Zr  100/y    -45   -661.80094  -663.21933  1.41839
4.730  Zr  100/y    -40   -662.13697  -663.21933  1.08236
4.730  Zr  100/y    -35   -662.41599  -663.21933  0.80334
4.730  Zr  100/y    -30   -662.64493  -663.21933  0.5744
4.730  Zr  100/y    -25   -662.82954  -663.21933  0.38979
4.730  Zr  100/y    -20   -662.97455  -663.21933  0.24478
4.730  Zr  100/y    -15   -663.08365  -663.21933  0.13568
4.730  Zr  100/y    -14   -663.10143  -663.21933  0.1179
4.730  Zr  100/y    -13   -663.1179   -663.21933  0.10143
4.730  Zr  100/y    -12   -663.13308  -663.21933  0.08625
4.730  Zr  100/y    -11   -663.147    -663.21933  0.07233
4.730  Zr  100/y    -10   -663.15966  -663.21933  0.05967
4.730  Zr  100/y    -9    -663.17107  -663.21933  0.04826
4.730  Zr  100/y    -8    -663.18125  -663.21933  0.03808
4.730  Zr  100/y    -7    -663.19022  -663.21933  0.02911
4.730  Zr  100/y    -6    -663.19796  -663.21933  0.02137
4.730  Zr  100/y    -5    -663.2045   -663.21933  0.01483
4.730  Zr  100/y    -4    -663.20984  -663.21933  0.00949
4.730  Zr  100/y    -3    -663.21399  -663.21933  0.00534
4.730  Zr  100/y    -2    -663.21695  -663.21933  0.00238
4.730  Zr  100/y    -1    -663.21873  -663.21933  0.0006
4.730  Zr  100/y    0     -663.21933  -663.21933  0
4.730  Zr  100/y    1     -663.21873  -663.21933  0.0006
4.730  Zr  100/y    2     -663.21695  -663.21933  0.00238
4.730  Zr  100/y    3     -663.21399  -663.21933  0.00534
4.730  Zr  100/y    4     -663.20984  -663.21933  0.00949
4.730  Zr  100/y    5     -663.2045   -663.21933  0.01483
4.730  Zr  100/y    6     -663.19796  -663.21933  0.02137
4.730  Zr  100/y    7     -663.19022  -663.21933  0.02911
4.730  Zr  100/y    8     -663.18125  -663.21933  0.03808
4.730  Zr  100/y    9     -663.17107  -663.21933  0.04826
4.730  Zr  100/y    10    -663.15966  -663.21933  0.05967
4.730  Zr  100/y    11    -663.147    -663.21933  0.07233
4.730  Zr  100/y    12    -663.13308  -663.21933  0.08625
4.730  Zr  100/y    13    -663.1179   -663.21933  0.10143
4.730  Zr  100/y    14    -663.10143  -663.21933  0.1179
4.730  Zr  100/y    15    -663.08365  -663.21933  0.13568
4.730  Zr  100/y    20    -662.97455  -663.21933  0.24478
4.730  Zr  100/y    25    -662.82954  -663.21933  0.38979
4.730  Zr  100/y    30    -662.64493  -663.21933  0.5744
4.730  Zr  100/y    35    -662.41599  -663.21933  0.80334
4.730  Zr  100/y    40    -662.13697  -663.21933  1.08236
4.730  Zr  100/y    45    -661.80094  -663.21933  1.41839
4.730  Zr  100/y    50    -661.39972  -663.21933  1.81961
4.730  Zr  100/y    55    -660.92382  -663.21933  2.29551
4.730  Zr  100/y    60    -660.36224  -663.21933  2.85709
4.730  Zr  100/y    65    -659.70228  -663.21933  3.51705
4.730  Zr  100/y    70    -658.92933  -663.21933  4.29
4.730  Zr  100/y    75    -658.0266   -663.21933  5.19273
4.730  Zr  100/y    80    -656.97477  -663.21933  6.24456
4.730  Zr  100/y    85    -655.75189  -663.21933  7.46744
4.730  Zr  100/y    90    -654.33351  -663.21933  8.88582
4.730  Zr  100/y    95    -652.694    -663.21933  10.5253
4.730  Zr  100/y    100   -650.80938  -663.21933  12.4099
4.730  Zr  110/xz   -100  -655.04599  -663.21933  8.17334
4.730  Zr  110/xz   -95   -655.85675  -663.21933  7.36258
4.730  Zr  110/xz   -90   -656.64205  -663.21933  6.57728
4.730  Zr  110/xz   -85   -657.39553  -663.21933  5.8238
4.730  Zr  110/xz   -80   -658.11124  -663.21933  5.10809
4.730  Zr  110/xz   -75   -658.78402  -663.21933  4.43531
4.730  Zr  110/xz   -70   -659.40984  -663.21933  3.80949
4.730  Zr  110/xz   -65   -659.98598  -663.21933  3.23335
4.730  Zr  110/xz   -60   -660.51101  -663.21933  2.70832
4.730  Zr  110/xz   -55   -660.98456  -663.21933  2.23477
4.730  Zr  110/xz   -50   -661.40712  -663.21933  1.81221
4.730  Zr  110/xz   -45   -661.77985  -663.21933  1.43948
4.730  Zr  110/xz   -40   -662.10439  -663.21933  1.11494
4.730  Zr  110/xz   -35   -662.38269  -663.21933  0.83664
4.730  Zr  110/xz   -30   -662.61691  -663.21933  0.60242
4.730  Zr  110/xz   -25   -662.80929  -663.21933  0.41004
4.730  Zr  110/xz   -20   -662.96209  -663.21933  0.25724
4.730  Zr  110/xz   -15   -663.07751  -663.21933  0.14182
4.730  Zr  110/xz   -14   -663.09629  -663.21933  0.12304
4.730  Zr  110/xz   -13   -663.11367  -663.21933  0.10566
4.730  Zr  110/xz   -12   -663.12968  -663.21933  0.08965
4.730  Zr  110/xz   -11   -663.14432  -663.21933  0.07501
4.730  Zr  110/xz   -10   -663.15761  -663.21933  0.06172
4.730  Zr  110/xz   -9    -663.16956  -663.21933  0.04977
4.730  Zr  110/xz   -8    -663.1802   -663.21933  0.03913
4.730  Zr  110/xz   -7    -663.18952  -663.21933  0.02981
4.730  Zr  110/xz   -6    -663.19755  -663.21933  0.02178
4.730  Zr  110/xz   -5    -663.20431  -663.21933  0.01502
4.730  Zr  110/xz   -4    -663.20979  -663.21933  0.00954
4.730  Zr  110/xz   -3    -663.21402  -663.21933  0.00531
4.730  Zr  110/xz   -2    -663.21702  -663.21933  0.00231
4.730  Zr  110/xz   -1    -663.21878  -663.21933  0.00055
4.730  Zr  110/xz   0     -663.21933  -663.21933  0
4.730  Zr  110/xz   1     -663.21866  -663.21933  0.00067
4.730  Zr  110/xz   2     -663.21681  -663.21933  0.00252
4.730  Zr  110/xz   3     -663.21377  -663.21933  0.00556
4.730  Zr  110/xz   4     -663.20956  -663.21933  0.00977
4.730  Zr  110/xz   5     -663.20418  -663.21933  0.01515
4.730  Zr  110/xz   6     -663.19765  -663.21933  0.02168
4.730  Zr  110/xz   7     -663.18998  -663.21933  0.02935
4.730  Zr  110/xz   8     -663.18116  -663.21933  0.03817
4.730  Zr  110/xz   9     -663.17122  -663.21933  0.04811
4.730  Zr  110/xz   10    -663.16016  -663.21933  0.05917
4.730  Zr  110/xz   11    -663.14799  -663.21933  0.07134
4.730  Zr  110/xz   12    -663.13471  -663.21933  0.08462
4.730  Zr  110/xz   13    -663.12033  -663.21933  0.099
4.730  Zr  110/xz   14    -663.10487  -663.21933  0.11446
4.730  Zr  110/xz   15    -663.08832  -663.21933  0.13101
4.730  Zr  110/xz   20    -662.98948  -663.21933  0.22985
4.730  Zr  110/xz   25    -662.86422  -663.21933  0.35511
4.730  Zr  110/xz   30    -662.71295  -663.21933  0.50638
4.730  Zr  110/xz   35    -662.53585  -663.21933  0.68348
4.730  Zr  110/xz   40    -662.33294  -663.21933  0.88639
4.730  Zr  110/xz   45    -662.10411  -663.21933  1.11522
4.730  Zr  110/xz   50    -661.84915  -663.21933  1.37018
4.730  Zr  110/xz   55    -661.56781  -663.21933  1.65152
4.730  Zr  110/xz   60    -661.25978  -663.21933  1.95955
4.730  Zr  110/xz   65    -660.92481  -663.21933  2.29452
4.730  Zr  110/xz   70    -660.56263  -663.21933  2.6567
4.730  Zr  110/xz   75    -660.17311  -663.21933  3.04622
4.730  Zr  110/xz   80    -659.75619  -663.21933  3.46314
4.730  Zr  110/xz   85    -659.31194  -663.21933  3.90739
4.730  Zr  110/xz   90    -658.84068  -663.21933  4.37865
4.730  Zr  110/xz   95    -658.34309  -663.21933  4.87624
4.730  Zr  110/xz   100   -657.82045  -663.21933  5.39888
4.730  Zr  110/yz   -100  -655.67897  -663.21933  7.54036
4.730  Zr  110/yz   -95   -656.47867  -663.21933  6.74066
4.730  Zr  110/yz   -90   -657.23945  -663.21933  5.97988
4.730  Zr  110/yz   -85   -657.95624  -663.21933  5.26309
4.730  Zr  110/yz   -80   -658.62552  -663.21933  4.59381
4.730  Zr  110/yz   -75   -659.2452   -663.21933  3.97413
4.730  Zr  110/yz   -70   -659.81434  -663.21933  3.40499
4.730  Zr  110/yz   -65   -660.33293  -663.21933  2.8864
4.730  Zr  110/yz   -60   -660.80175  -663.21933  2.41758
4.730  Zr  110/yz   -55   -661.22213  -663.21933  1.9972
4.730  Zr  110/yz   -50   -661.59586  -663.21933  1.62347
4.730  Zr  110/yz   -45   -661.92502  -663.21933  1.29431
4.730  Zr  110/yz   -40   -662.2118   -663.21933  1.00753
4.730  Zr  110/yz   -35   -662.45845  -663.21933  0.76088
4.730  Zr  110/yz   -30   -662.66716  -663.21933  0.55217
4.730  Zr  110/yz   -25   -662.83998  -663.21933  0.37935
4.730  Zr  110/yz   -20   -662.97872  -663.21933  0.24061
4.730  Zr  110/yz   -15   -663.08495  -663.21933  0.13438
4.730  Zr  110/yz   -14   -663.1024   -663.21933  0.11693
4.730  Zr  110/yz   -13   -663.11862  -663.21933  0.10071
4.730  Zr  110/yz   -12   -663.13361  -663.21933  0.08572
4.730  Zr  110/yz   -11   -663.14737  -663.21933  0.07196
4.730  Zr  110/yz   -10   -663.15991  -663.21933  0.05942
4.730  Zr  110/yz   -9    -663.17124  -663.21933  0.04809
4.730  Zr  110/yz   -8    -663.18136  -663.21933  0.03797
4.730  Zr  110/yz   -7    -663.19028  -663.21933  0.02905
4.730  Zr  110/yz   -6    -663.19799  -663.21933  0.02134
4.730  Zr  110/yz   -5    -663.20452  -663.21933  0.01481
4.730  Zr  110/yz   -4    -663.20985  -663.21933  0.00948
4.730  Zr  110/yz   -3    -663.21399  -663.21933  0.00534
4.730  Zr  110/yz   -2    -663.21695  -663.21933  0.00238
4.730  Zr  110/yz   -1    -663.21873  -663.21933  0.0006
4.730  Zr  110/yz   0     -663.21933  -663.21933  0
4.730  Zr  110/yz   1     -663.21873  -663.21933  0.0006
4.730  Zr  110/yz   2     -663.21695  -663.21933  0.00238
4.730  Zr  110/yz   3     -663.21399  -663.21933  0.00534
4.730  Zr  110/yz   4     -663.20985  -663.21933  0.00948
4.730  Zr  110/yz   5     -663.20452  -663.21933  0.01481
4.730  Zr  110/yz   6     -663.19799  -663.21933  0.02134
4.730  Zr  110/yz   7     -663.19028  -663.21933  0.02905
4.730  Zr  110/yz   8     -663.18136  -663.21933  0.03797
4.730  Zr  110/yz   9     -663.17124  -663.21933  0.04809
4.730  Zr  110/yz   10    -663.15991  -663.21933  0.05942
4.730  Zr  110/yz   11    -663.14737  -663.21933  0.07196
4.730  Zr  110/yz   12    -663.13361  -663.21933  0.08572
4.730  Zr  110/yz   13    -663.11862  -663.21933  0.10071
4.730  Zr  110/yz   14    -663.1024   -663.21933  0.11693
4.730  Zr  110/yz   15    -663.08495  -663.21933  0.13438
4.730  Zr  110/yz   20    -662.97872  -663.21933  0.24061
4.730  Zr  110/yz   25    -662.83998  -663.21933  0.37935
4.730  Zr  110/yz   30    -662.66716  -663.21933  0.55217
4.730  Zr  110/yz   35    -662.45845  -663.21933  0.76088
4.730  Zr  110/yz   40    -662.2118   -663.21933  1.00753
4.730  Zr  110/yz   45    -661.92502  -663.21933  1.29431
4.730  Zr  110/yz   50    -661.59586  -663.21933  1.62347
4.730  Zr  110/yz   55    -661.22213  -663.21933  1.9972
4.730  Zr  110/yz   60    -660.80175  -663.21933  2.41758
4.730  Zr  110/yz   65    -660.33293  -663.21933  2.8864
4.730  Zr  110/yz   70    -659.81434  -663.21933  3.40499
4.730  Zr  110/yz   75    -659.2452   -663.21933  3.97413
4.730  Zr  110/yz   80    -658.62552  -663.21933  4.59381
4.730  Zr  110/yz   85    -657.95624  -663.21933  5.26309
4.730  Zr  110/yz   90    -657.23945  -663.21933  5.97988
4.730  Zr  110/yz   95    -656.47867  -663.21933  6.74066
4.730  Zr  110/yz   100   -655.67897  -663.21933  7.54036
4.730  Zr  111/xyz  -100  -656.41553  -663.21933  6.8038
4.730  Zr  111/xyz  -95   -657.02026  -663.21933  6.19907
4.730  Zr  111/xyz  -90   -657.61829  -663.21933  5.60104
4.730  Zr  111/xyz  -85   -658.2032   -663.21933  5.01613
4.730  Zr  111/xyz  -80   -658.76916  -663.21933  4.45017
4.730  Zr  111/xyz  -75   -659.31113  -663.21933  3.9082
4.730  Zr  111/xyz  -70   -659.82477  -663.21933  3.39456
4.730  Zr  111/xyz  -65   -660.30657  -663.21933  2.91276
4.730  Zr  111/xyz  -60   -660.75375  -663.21933  2.46558
4.730  Zr  111/xyz  -55   -661.1643   -663.21933  2.05503
4.730  Zr  111/xyz  -50   -661.53688  -663.21933  1.68245
4.730  Zr  111/xyz  -45   -661.8708   -663.21933  1.34853
4.730  Zr  111/xyz  -40   -662.1659   -663.21933  1.05343
4.730  Zr  111/xyz  -35   -662.4225   -663.21933  0.79683
4.730  Zr  111/xyz  -30   -662.64125  -663.21933  0.57808
4.730  Zr  111/xyz  -25   -662.82307  -663.21933  0.39626
4.730  Zr  111/xyz  -20   -662.96907  -663.21933  0.25026
4.730  Zr  111/xyz  -15   -663.08047  -663.21933  0.13886
4.730  Zr  111/xyz  -14   -663.09871  -663.21933  0.12062
4.730  Zr  111/xyz  -13   -663.11563  -663.21933  0.1037
4.730  Zr  111/xyz  -12   -663.13123  -663.21933  0.0881
4.730  Zr  111/xyz  -11   -663.14552  -663.21933  0.07381
4.730  Zr  111/xyz  -10   -663.15852  -663.21933  0.06081
4.730  Zr  111/xyz  -9    -663.17023  -663.21933  0.0491
4.730  Zr  111/xyz  -8    -663.18067  -663.21933  0.03866
4.730  Zr  111/xyz  -7    -663.18984  -663.21933  0.02949
4.730  Zr  111/xyz  -6    -663.19776  -663.21933  0.02157
4.730  Zr  111/xyz  -5    -663.20442  -663.21933  0.01491
4.730  Zr  111/xyz  -4    -663.20985  -663.21933  0.00948
4.730  Zr  111/xyz  -3    -663.21404  -663.21933  0.00529
4.730  Zr  111/xyz  -2    -663.21701  -663.21933  0.00232
4.730  Zr  111/xyz  -1    -663.21877  -663.21933  0.00056
4.730  Zr  111/xyz  0     -663.21933  -663.21933  0
4.730  Zr  111/xyz  1     -663.21868  -663.21933  0.00065
4.730  Zr  111/xyz  2     -663.21684  -663.21933  0.00249
4.730  Zr  111/xyz  3     -663.21382  -663.21933  0.00551
4.730  Zr  111/xyz  4     -663.20962  -663.21933  0.00971
4.730  Zr  111/xyz  5     -663.20426  -663.21933  0.01507
4.730  Zr  111/xyz  6     -663.19773  -663.21933  0.0216
4.730  Zr  111/xyz  7     -663.19005  -663.21933  0.02928
4.730  Zr  111/xyz  8     -663.18121  -663.21933  0.03812
4.730  Zr  111/xyz  9     -663.17123  -663.21933  0.0481
4.730  Zr  111/xyz  10    -663.16011  -663.21933  0.05922
4.730  Zr  111/xyz  11    -663.14785  -663.21933  0.07148
4.730  Zr  111/xyz  12    -663.13446  -663.21933  0.08487
4.730  Zr  111/xyz  13    -663.11996  -663.21933  0.09937
4.730  Zr  111/xyz  14    -663.10433  -663.21933  0.115
4.730  Zr  111/xyz  15    -663.08758  -663.21933  0.13175
4.730  Zr  111/xyz  20    -662.98724  -663.21933  0.23209
4.730  Zr  111/xyz  25    -662.85946  -663.21933  0.35987
4.730  Zr  111/xyz  30    -662.70443  -663.21933  0.5149
4.730  Zr  111/xyz  35    -662.52222  -663.21933  0.69711
4.730  Zr  111/xyz  40    -662.31281  -663.21933  0.90652
4.730  Zr  111/xyz  45    -662.07606  -663.21933  1.14327
4.730  Zr  111/xyz  50    -661.81183  -663.21933  1.4075
4.730  Zr  111/xyz  55    -661.52003  -663.21933  1.6993
4.730  Zr  111/xyz  60    -661.20064  -663.21933  2.01869
4.730  Zr  111/xyz  65    -660.85378  -663.21933  2.36555
4.730  Zr  111/xyz  70    -660.47982  -663.21933  2.73951
4.730  Zr  111/xyz  75    -660.07936  -663.21933  3.13997
4.730  Zr  111/xyz  80    -659.65338  -663.21933  3.56595
4.730  Zr  111/xyz  85    -659.20322  -663.21933  4.01611
4.730  Zr  111/xyz  90    -658.7307   -663.21933  4.48863
4.730  Zr  111/xyz  95    -658.23812  -663.21933  4.98121
4.730  Zr  111/xyz  100   -657.72838  -663.21933  5.49095
