4.730  C  100/x     -100  -653.77347  -663.21933  9.44586
4.730  C  100/x     -95   -655.20593  -663.21933  8.0134
4.730  C  100/x     -90   -656.45037  -663.21933  6.76896
4.730  C  100/x     -85   -657.52999  -663.21933  5.68934
4.730  C  100/x     -80   -658.46405  -663.21933  4.75528
4.730  C  100/x     -75   -659.26935  -663.21933  3.94998
4.730  C  100/x     -70   -659.9611   -663.21933  3.25823
4.730  C  100/x     -65   -660.55313  -663.21933  2.6662
4.730  C  100/x     -60   -661.05792  -663.21933  2.16141
4.730  C  100/x     -55   -661.4866   -663.21933  1.73273
4.730  C  100/x     -50   -661.84899  -663.21933  1.37034
4.730  C  100/x     -45   -662.15367  -663.21933  1.06566
4.730  C  100/x     -40   -662.40811  -663.21933  0.81122
4.730  C  100/x     -35   -662.61871  -663.21933  0.60062
4.730  C  100/x     -30   -662.79093  -663.21933  0.4284
4.730  C  100/x     -25   -662.92935  -663.21933  0.28998
4.730  C  100/x     -20   -663.03771  -663.21933  0.18162
4.730  C  100/x     -15   -663.11896  -663.21933  0.10037
4.730  C  100/x     -14   -663.13216  -663.21933  0.08717
4.730  C  100/x     -13   -663.14439  -663.21933  0.07494
4.730  C  100/x     -12   -663.15566  -663.21933  0.06367
4.730  C  100/x     -11   -663.16597  -663.21933  0.05336
4.730  C  100/x     -10   -663.17535  -663.21933  0.04398
4.730  C  100/x     -9    -663.1838   -663.21933  0.03553
4.730  C  100/x     -8    -663.19133  -663.21933  0.028
4.730  C  100/x     -7    -663.19795  -663.21933  0.02138
4.730  C  100/x     -6    -663.20367  -663.21933  0.01566
4.730  C  100/x     -5    -663.20849  -663.21933  0.01084
4.730  C  100/x     -4    -663.21242  -663.21933  0.00691
4.730  C  100/x     -3    -663.21547  -663.21933  0.00386
4.730  C  100/x     -2    -663.21763  -663.21933  0.0017
4.730  C  100/x     -1    -663.21892  -663.21933  0.00041
4.730  C  100/x     0     -663.21933  -663.21933  0
4.730  C  100/x     1     -663.21886  -663.21933  0.00047
4.730  C  100/x     2     -663.21752  -663.21933  0.00181
4.730  C  100/x     3     -663.21531  -663.21933  0.00402
4.730  C  100/x     4     -663.21221  -663.21933  0.00712
4.730  C  100/x     5     -663.20823  -663.21933  0.0111
4.730  C  100/x     6     -663.20337  -663.21933  0.01596
4.730  C  100/x     7     -663.19763  -663.21933  0.0217
4.730  C  100/x     8     -663.19098  -663.21933  0.02835
4.730  C  100/x     9     -663.18344  -663.21933  0.03589
4.730  C  100/x     10    -663.17499  -663.21933  0.04434
4.730  C  100/x     11    -663.16562  -663.21933  0.05371
4.730  C  100/x     12    -663.15532  -663.21933  0.06401
4.730  C  100/x     13    -663.14409  -663.21933  0.07524
4.730  C  100/x     14    -663.13191  -663.21933  0.08742
4.730  C  100/x     15    -663.11877  -663.21933  0.10056
4.730  C  100/x     20    -663.03815  -663.21933  0.18118
4.730  C  100/x     25    -662.93105  -663.21933  0.28828
4.730  C  100/x     30    -662.7947   -663.21933  0.42463
4.730  C  100/x     35    -662.62556  -663.21933  0.59377
4.730  C  100/x     40    -662.41929  -663.21933  0.80004
4.730  C  100/x     45    -662.17067  -663.21933  1.04866
4.730  C  100/x     50    -661.87356  -663.21933  1.34577
4.730  C  100/x     55    -661.5208   -663.21933  1.69853
4.730  C  100/x     60    -661.10415  -663.21933  2.11518
4.730  C  100/x     65    -660.61419  -663.21933  2.60514
4.730  C  100/x     70    -660.04021  -663.21933  3.17912
4.730  C  100/x     75    -659.37017  -663.21933  3.84916
4.730  C  100/x     80    -658.5906   -663.21933  4.62873
4.730  C  100/x     85    -657.68662  -663.21933  5.53271
4.730  C  100/x     90    -656.64169  -663.21933  6.57764
4.730  C  100/x     95    -655.43719  -663.21933  7.78214
4.730  C  100/x     100   -654.05138  -663.21933  9.16795
4.730  C  110/xy    -100  -658.23205  -663.21933  4.98728
4.730  C  110/xy    -95   -658.72499  -663.21933  4.49434
4.730  C  110/xy    -90   -659.19738  -663.21933  4.02195
4.730  C  110/xy    -85   -659.64651  -663.21933  3.57282
4.730  C  110/xy    -80   -660.07037  -663.21933  3.14896
4.730  C  110/xy    -75   -660.46758  -663.21933  2.75175
4.730  C  110/xy    -70   -660.83724  -663.21933  2.38209
4.730  C  110/xy    -65   -661.17891  -663.21933  2.04042
4.730  C  110/xy    -60   -661.49246  -663.21933  1.72687
4.730  C  110/xy    -55   -661.77805  -663.21933  1.44128
4.730  C  110/xy    -50   -662.03604  -663.21933  1.18329
4.730  C  110/xy    -45   -662.26692  -663.21933  0.95241
4.730  C  110/xy    -40   -662.47128  -663.21933  0.74805
4.730  C  110/xy    -35   -662.64975  -663.21933  0.56958
4.730  C  110/xy    -30   -662.80294  -663.21933  0.41639
4.730  C  110/xy    -25   -662.93145  -663.21933  0.28788
4.730  C  110/xy    -20   -663.0358   -663.21933  0.18353
4.730  C  110/xy    -15   -663.11645  -663.21933  0.10288
4.730  C  110/xy    -14   -663.12977  -663.21933  0.08956
4.730  C  110/xy    -13   -663.14216  -663.21933  0.07717
4.730  C  110/xy    -12   -663.15362  -663.21933  0.06571
4.730  C  110/xy    -11   -663.16416  -663.21933  0.05517
4.730  C  110/xy    -10   -663.17377  -663.21933  0.04556
4.730  C  110/xy    -9    -663.18245  -663.21933  0.03688
4.730  C  110/xy    -8    -663.19022  -663.21933  0.02911
4.730  C  110/xy    -7    -663.19706  -663.21933  0.02227
4.730  C  110/xy    -6    -663.20299  -663.21933  0.01634
4.730  C  110/xy    -5    -663.208    -663.21933  0.01133
4.730  C  110/xy    -4    -663.2121   -663.21933  0.00723
4.730  C  110/xy    -3    -663.21528  -663.21933  0.00405
4.730  C  110/xy    -2    -663.21754  -663.21933  0.00179
4.730  C  110/xy    -1    -663.21889  -663.21933  0.00044
4.730  C  110/xy    0     -663.21933  -663.21933  0
4.730  C  110/xy    1     -663.21885  -663.21933  0.00048
4.730  C  110/xy    2     -663.21746  -663.21933  0.00187
4.730  C  110/xy    3     -663.21516  -663.21933  0.00417
4.730  C  110/xy    4     -663.21194  -663.21933  0.00739
4.730  C  110/xy    5     -663.20781  -663.21933  0.01152
4.730  C  110/xy    6     -663.20276  -663.21933  0.01657
4.730  C  110/xy    7     -663.1968   -663.21933  0.02253
4.730  C  110/xy    8     -663.18992  -663.21933  0.02941
4.730  C  110/xy    9     -663.18213  -663.21933  0.0372
4.730  C  110/xy    10    -663.17341  -663.21933  0.04592
4.730  C  110/xy    11    -663.16377  -663.21933  0.05556
4.730  C  110/xy    12    -663.15322  -663.21933  0.06611
4.730  C  110/xy    13    -663.14173  -663.21933  0.0776
4.730  C  110/xy    14    -663.12932  -663.21933  0.09001
4.730  C  110/xy    15    -663.11599  -663.21933  0.10334
4.730  C  110/xy    20    -663.03531  -663.21933  0.18402
4.730  C  110/xy    25    -662.93104  -663.21933  0.28829
4.730  C  110/xy    30    -662.80276  -663.21933  0.41657
4.730  C  110/xy    35    -662.64996  -663.21933  0.56937
4.730  C  110/xy    40    -662.47206  -663.21933  0.74727
4.730  C  110/xy    45    -662.26847  -663.21933  0.95086
4.730  C  110/xy    50    -662.03855  -663.21933  1.18078
4.730  C  110/xy    55    -661.78172  -663.21933  1.43761
4.730  C  110/xy    60    -661.49747  -663.21933  1.72186
4.730  C  110/xy    65    -661.18543  -663.21933  2.0339
4.730  C  110/xy    70    -660.84544  -663.21933  2.37389
4.730  C  110/xy    75    -660.47756  -663.21933  2.74177
4.730  C  110/xy    80    -660.08223  -663.21933  3.1371
4.730  C  110/xy    85    -659.66026  -663.21933  3.55907
4.730  C  110/xy    90    -659.21295  -663.21933  4.00638
4.730  C  110/xy    95    -658.7422   -663.21933  4.47713
4.730  C  110/xy    100   -658.25055  -663.21933  4.96878
4.730  C  110/xz    -100  -659.29949  -663.21933  3.91984
4.730  C  110/xz    -95   -659.6535   -663.21933  3.56583
4.730  C  110/xz    -90   -659.99836  -663.21933  3.22097
4.730  C  110/xz    -85   -660.33164  -663.21933  2.88769
4.730  C  110/xz    -80   -660.65127  -663.21933  2.56806
4.730  C  110/xz    -75   -660.95552  -663.21933  2.26381
4.730  C  110/xz    -70   -661.24295  -663.21933  1.97638
4.730  C  110/xz    -65   -661.51244  -663.21933  1.70689
4.730  C  110/xz    -60   -661.76316  -663.21933  1.45617
4.730  C  110/xz    -55   -661.99451  -663.21933  1.22482
4.730  C  110/xz    -50   -662.20614  -663.21933  1.01319
4.730  C  110/xz    -45   -662.39783  -663.21933  0.8215
4.730  C  110/xz    -40   -662.56949  -663.21933  0.64984
4.730  C  110/xz    -35   -662.7211   -663.21933  0.49823
4.730  C  110/xz    -30   -662.85267  -663.21933  0.36666
4.730  C  110/xz    -25   -662.96421  -663.21933  0.25512
4.730  C  110/xz    -20   -663.05572  -663.21933  0.16361
4.730  C  110/xz    -15   -663.12712  -663.21933  0.09221
4.730  C  110/xz    -14   -663.13898  -663.21933  0.08035
4.730  C  110/xz    -13   -663.15003  -663.21933  0.0693
4.730  C  110/xz    -12   -663.16027  -663.21933  0.05906
4.730  C  110/xz    -11   -663.1697   -663.21933  0.04963
4.730  C  110/xz    -10   -663.17831  -663.21933  0.04102
4.730  C  110/xz    -9    -663.18611  -663.21933  0.03322
4.730  C  110/xz    -8    -663.19309  -663.21933  0.02624
4.730  C  110/xz    -7    -663.19926  -663.21933  0.02007
4.730  C  110/xz    -6    -663.2046   -663.21933  0.01473
4.730  C  110/xz    -5    -663.20912  -663.21933  0.01021
4.730  C  110/xz    -4    -663.21282  -663.21933  0.00651
4.730  C  110/xz    -3    -663.21569  -663.21933  0.00364
4.730  C  110/xz    -2    -663.21774  -663.21933  0.00159
4.730  C  110/xz    -1    -663.21895  -663.21933  0.00038
4.730  C  110/xz    0     -663.21933  -663.21933  0
4.730  C  110/xz    1     -663.21887  -663.21933  0.00046
4.730  C  110/xz    2     -663.21758  -663.21933  0.00175
4.730  C  110/xz    3     -663.21544  -663.21933  0.00389
4.730  C  110/xz    4     -663.21246  -663.21933  0.00687
4.730  C  110/xz    5     -663.20863  -663.21933  0.0107
4.730  C  110/xz    6     -663.20394  -663.21933  0.01539
4.730  C  110/xz    7     -663.19841  -663.21933  0.02092
4.730  C  110/xz    8     -663.19202  -663.21933  0.02731
4.730  C  110/xz    9     -663.18477  -663.21933  0.03456
4.730  C  110/xz    10    -663.17666  -663.21933  0.04267
4.730  C  110/xz    11    -663.16768  -663.21933  0.05165
4.730  C  110/xz    12    -663.15783  -663.21933  0.0615
4.730  C  110/xz    13    -663.14711  -663.21933  0.07222
4.730  C  110/xz    14    -663.1355   -663.21933  0.08383
4.730  C  110/xz    15    -663.12302  -663.21933  0.09631
4.730  C  110/xz    20    -663.04721  -663.21933  0.17212
4.730  C  110/xz    25    -662.9487   -663.21933  0.27063
4.730  C  110/xz    30    -662.82688  -663.21933  0.39245
4.730  C  110/xz    35    -662.68107  -663.21933  0.53826
4.730  C  110/xz    40    -662.51053  -663.21933  0.7088
4.730  C  110/xz    45    -662.31447  -663.21933  0.90486
4.730  C  110/xz    50    -662.09208  -663.21933  1.12725
4.730  C  110/xz    55    -661.84256  -663.21933  1.37677
4.730  C  110/xz    60    -661.56515  -663.21933  1.65418
4.730  C  110/xz    65    -661.25921  -663.21933  1.96012
4.730  C  110/xz    70    -660.92427  -663.21933  2.29506
4.730  C  110/xz    75    -660.56009  -663.21933  2.65924
4.730  C  110/xz    80    -660.16677  -663.21933  3.05256
4.730  C  110/xz    85    -659.74477  -663.21933  3.47456
4.730  C  110/xz    90    -659.29507  -663.21933  3.92426
4.730  C  110/xz    95    -658.81919  -663.21933  4.40014
4.730  C  110/xz    100   -658.31935  -663.21933  4.89998
4.730  C  111/bxyz  -100  -659.19802  -663.21933  4.02131
4.730  C  111/bxyz  -95   -659.52146  -663.21933  3.69787
4.730  C  111/bxyz  -90   -659.84398  -663.21933  3.37535
4.730  C  111/bxyz  -85   -660.16272  -663.21933  3.05661
4.730  C  111/bxyz  -80   -660.47495  -663.21933  2.74438
4.730  C  111/bxyz  -75   -660.7782   -663.21933  2.44113
4.730  C  111/bxyz  -70   -661.07022  -663.21933  2.14911
4.730  C  111/bxyz  -65   -661.34896  -663.21933  1.87037
4.730  C  111/bxyz  -60   -661.61265  -663.21933  1.60668
4.730  C  111/bxyz  -55   -661.85971  -663.21933  1.35962
4.730  C  111/bxyz  -50   -662.08882  -663.21933  1.13051
4.730  C  111/bxyz  -45   -662.29882  -663.21933  0.92051
4.730  C  111/bxyz  -40   -662.48877  -663.21933  0.73056
4.730  C  111/bxyz  -35   -662.65789  -663.21933  0.56144
4.730  C  111/bxyz  -30   -662.80555  -663.21933  0.41378
4.730  C  111/bxyz  -25   -662.93125  -663.21933  0.28808
4.730  C  111/bxyz  -20   -663.03458  -663.21933  0.18475
4.730  C  111/bxyz  -15   -663.11525  -663.21933  0.10408
4.730  C  111/bxyz  -14   -663.12864  -663.21933  0.09069
4.730  C  111/bxyz  -13   -663.14111  -663.21933  0.07822
4.730  C  111/bxyz  -12   -663.15267  -663.21933  0.06666
4.730  C  111/bxyz  -11   -663.1633   -663.21933  0.05603
4.730  C  111/bxyz  -10   -663.17302  -663.21933  0.04631
4.730  C  111/bxyz  -9    -663.18181  -663.21933  0.03752
4.730  C  111/bxyz  -8    -663.18968  -663.21933  0.02965
4.730  C  111/bxyz  -7    -663.19663  -663.21933  0.0227
4.730  C  111/bxyz  -6    -663.20265  -663.21933  0.01668
4.730  C  111/bxyz  -5    -663.20774  -663.21933  0.01159
4.730  C  111/bxyz  -4    -663.21191  -663.21933  0.00742
4.730  C  111/bxyz  -3    -663.21516  -663.21933  0.00417
4.730  C  111/bxyz  -2    -663.21747  -663.21933  0.00186
4.730  C  111/bxyz  -1    -663.21886  -663.21933  0.00047
4.730  C  111/bxyz  0     -663.21933  -663.21933  0
4.730  C  111/bxyz  1     -663.21886  -663.21933  0.00047
4.730  C  111/bxyz  2     -663.21747  -663.21933  0.00186
4.730  C  111/bxyz  3     -663.21516  -663.21933  0.00417
4.730  C  111/bxyz  4     -663.21191  -663.21933  0.00742
4.730  C  111/bxyz  5     -663.20774  -663.21933  0.01159
4.730  C  111/bxyz  6     -663.20265  -663.21933  0.01668
4.730  C  111/bxyz  7     -663.19663  -663.21933  0.0227
4.730  C  111/bxyz  8     -663.18968  -663.21933  0.02965
4.730  C  111/bxyz  9     -663.18181  -663.21933  0.03752
4.730  C  111/bxyz  10    -663.17302  -663.21933  0.04631
4.730  C  111/bxyz  11    -663.1633   -663.21933  0.05603
4.730  C  111/bxyz  12    -663.15267  -663.21933  0.06666
4.730  C  111/bxyz  13    -663.14111  -663.21933  0.07822
4.730  C  111/bxyz  14    -663.12864  -663.21933  0.09069
4.730  C  111/bxyz  15    -663.11525  -663.21933  0.10408
4.730  C  111/bxyz  20    -663.03458  -663.21933  0.18475
4.730  C  111/bxyz  25    -662.93125  -663.21933  0.28808
4.730  C  111/bxyz  30    -662.80555  -663.21933  0.41378
4.730  C  111/bxyz  35    -662.65789  -663.21933  0.56144
4.730  C  111/bxyz  40    -662.48877  -663.21933  0.73056
4.730  C  111/bxyz  45    -662.29882  -663.21933  0.92051
4.730  C  111/bxyz  50    -662.08882  -663.21933  1.13051
4.730  C  111/bxyz  55    -661.85971  -663.21933  1.35962
4.730  C  111/bxyz  60    -661.61265  -663.21933  1.60668
4.730  C  111/bxyz  65    -661.34896  -663.21933  1.87037
4.730  C  111/bxyz  70    -661.07022  -663.21933  2.14911
4.730  C  111/bxyz  75    -660.7782   -663.21933  2.44113
4.730  C  111/bxyz  80    -660.47495  -663.21933  2.74438
4.730  C  111/bxyz  85    -660.16272  -663.21933  3.05661
4.730  C  111/bxyz  90    -659.84398  -663.21933  3.37535
4.730  C  111/bxyz  95    -659.52146  -663.21933  3.69787
4.730  C  111/bxyz  100   -659.19802  -663.21933  4.02131
4.730  C  111/xyz   -100  -659.77527  -663.21933  3.44406
4.730  C  111/xyz   -95   -660.0312   -663.21933  3.18813
4.730  C  111/xyz   -90   -660.29025  -663.21933  2.92908
4.730  C  111/xyz   -85   -660.54992  -663.21933  2.66941
4.730  C  111/xyz   -80   -660.80778  -663.21933  2.41155
4.730  C  111/xyz   -75   -661.06144  -663.21933  2.15789
4.730  C  111/xyz   -70   -661.30867  -663.21933  1.91066
4.730  C  111/xyz   -65   -661.54734  -663.21933  1.67199
4.730  C  111/xyz   -60   -661.77551  -663.21933  1.44382
4.730  C  111/xyz   -55   -661.99141  -663.21933  1.22792
4.730  C  111/xyz   -50   -662.19347  -663.21933  1.02586
4.730  C  111/xyz   -45   -662.38029  -663.21933  0.83904
4.730  C  111/xyz   -40   -662.55062  -663.21933  0.66871
4.730  C  111/xyz   -35   -662.7034   -663.21933  0.51593
4.730  C  111/xyz   -30   -662.83771  -663.21933  0.38162
4.730  C  111/xyz   -25   -662.95275  -663.21933  0.26658
4.730  C  111/xyz   -20   -663.04788  -663.21933  0.17145
4.730  C  111/xyz   -15   -663.12253  -663.21933  0.0968
4.730  C  111/xyz   -14   -663.13496  -663.21933  0.08437
4.730  C  111/xyz   -13   -663.14654  -663.21933  0.07279
4.730  C  111/xyz   -12   -663.15728  -663.21933  0.06205
4.730  C  111/xyz   -11   -663.16718  -663.21933  0.05215
4.730  C  111/xyz   -10   -663.17622  -663.21933  0.04311
4.730  C  111/xyz   -9    -663.18442  -663.21933  0.03491
4.730  C  111/xyz   -8    -663.19175  -663.21933  0.02758
4.730  C  111/xyz   -7    -663.19823  -663.21933  0.0211
4.730  C  111/xyz   -6    -663.20384  -663.21933  0.01549
4.730  C  111/xyz   -5    -663.20859  -663.21933  0.01074
4.730  C  111/xyz   -4    -663.21248  -663.21933  0.00685
4.730  C  111/xyz   -3    -663.2155   -663.21933  0.00383
4.730  C  111/xyz   -2    -663.21764  -663.21933  0.00169
4.730  C  111/xyz   -1    -663.21892  -663.21933  0.00041
4.730  C  111/xyz   0     -663.21933  -663.21933  0
4.730  C  111/xyz   1     -663.21886  -663.21933  0.00047
4.730  C  111/xyz   2     -663.21751  -663.21933  0.00182
4.730  C  111/xyz   3     -663.21529  -663.21933  0.00404
4.730  C  111/xyz   4     -663.21219  -663.21933  0.00714
4.730  C  111/xyz   5     -663.20821  -663.21933  0.01112
4.730  C  111/xyz   6     -663.20335  -663.21933  0.01598
4.730  C  111/xyz   7     -663.1976   -663.21933  0.02173
4.730  C  111/xyz   8     -663.19098  -663.21933  0.02835
4.730  C  111/xyz   9     -663.18347  -663.21933  0.03586
4.730  C  111/xyz   10    -663.17508  -663.21933  0.04425
4.730  C  111/xyz   11    -663.16581  -663.21933  0.05352
4.730  C  111/xyz   12    -663.15565  -663.21933  0.06368
4.730  C  111/xyz   13    -663.1446   -663.21933  0.07473
4.730  C  111/xyz   14    -663.13268  -663.21933  0.08665
4.730  C  111/xyz   15    -663.11987  -663.21933  0.09946
4.730  C  111/xyz   20    -663.04256  -663.21933  0.17677
4.730  C  111/xyz   25    -662.94327  -663.21933  0.27606
4.730  C  111/xyz   30    -662.82215  -663.21933  0.39718
4.730  C  111/xyz   35    -662.67949  -663.21933  0.53984
4.730  C  111/xyz   40    -662.51569  -663.21933  0.70364
4.730  C  111/xyz   45    -662.33126  -663.21933  0.88807
4.730  C  111/xyz   50    -662.1269   -663.21933  1.09243
4.730  C  111/xyz   55    -661.90348  -663.21933  1.31585
4.730  C  111/xyz   60    -661.66203  -663.21933  1.5573
4.730  C  111/xyz   65    -661.40382  -663.21933  1.81551
4.730  C  111/xyz   70    -661.13033  -663.21933  2.089
4.730  C  111/xyz   75    -660.84325  -663.21933  2.37608
4.730  C  111/xyz   80    -660.54452  -663.21933  2.67481
4.730  C  111/xyz   85    -660.23633  -663.21933  2.983
4.730  C  111/xyz   90    -659.92106  -663.21933  3.29827
4.730  C  111/xyz   95    -659.60137  -663.21933  3.61796
4.730  C  111/xyz   100   -659.28005  -663.21933  3.93928
