4.759  C  100/x     -100  -652.76801  -662.08872  9.32071
4.759  C  100/x     -95   -654.19546  -662.08872  7.89326
4.759  C  100/x     -90   -655.43349  -662.08872  6.65523
4.759  C  100/x     -85   -656.50545  -662.08872  5.58327
4.759  C  100/x     -80   -657.43076  -662.08872  4.65796
4.759  C  100/x     -75   -658.22654  -662.08872  3.86218
4.759  C  100/x     -70   -658.90837  -662.08872  3.18035
4.759  C  100/x     -65   -659.49043  -662.08872  2.59829
4.759  C  100/x     -60   -659.98551  -662.08872  2.10321
4.759  C  100/x     -55   -660.40494  -662.08872  1.68378
4.759  C  100/x     -50   -660.75872  -662.08872  1.33
4.759  C  100/x     -45   -661.05554  -662.08872  1.03318
4.759  C  100/x     -40   -661.30294  -662.08872  0.78578
4.759  C  100/x     -35   -661.50736  -662.08872  0.58136
4.759  C  100/x     -30   -661.6743   -662.08872  0.41442
4.759  C  100/x     -25   -661.80832  -662.08872  0.2804
4.759  C  100/x     -20   -661.91314  -662.08872  0.17558
4.759  C  100/x     -15   -661.99169  -662.08872  0.09703
4.759  C  100/x     -14   -662.00446  -662.08872  0.08426
4.759  C  100/x     -13   -662.01628  -662.08872  0.07244
4.759  C  100/x     -12   -662.02717  -662.08872  0.06155
4.759  C  100/x     -11   -662.03714  -662.08872  0.05158
4.759  C  100/x     -10   -662.0462   -662.08872  0.04252
4.759  C  100/x     -9    -662.05437  -662.08872  0.03435
4.759  C  100/x     -8    -662.06165  -662.08872  0.02707
4.759  C  100/x     -7    -662.06805  -662.08872  0.02067
4.759  C  100/x     -6    -662.07357  -662.08872  0.01515
4.759  C  100/x     -5    -662.07824  -662.08872  0.01048
4.759  C  100/x     -4    -662.08204  -662.08872  0.00668
4.759  C  100/x     -3    -662.08498  -662.08872  0.00374
4.759  C  100/x     -2    -662.08708  -662.08872  0.00164
4.759  C  100/x     -1    -662.08832  -662.08872  0.0004
4.759  C  100/x     0     -662.08872  -662.08872  0
4.759  C  100/x     1     -662.08828  -662.08872  0.00044
4.759  C  100/x     2     -662.08698  -662.08872  0.00174
4.759  C  100/x     3     -662.08484  -662.08872  0.00388
4.759  C  100/x     4     -662.08186  -662.08872  0.00686
4.759  C  100/x     5     -662.07801  -662.08872  0.01071
4.759  C  100/x     6     -662.07331  -662.08872  0.01541
4.759  C  100/x     7     -662.06776  -662.08872  0.02096
4.759  C  100/x     8     -662.06133  -662.08872  0.02739
4.759  C  100/x     9     -662.05404  -662.08872  0.03468
4.759  C  100/x     10    -662.04586  -662.08872  0.04286
4.759  C  100/x     11    -662.03679  -662.08872  0.05193
4.759  C  100/x     12    -662.02683  -662.08872  0.06189
4.759  C  100/x     13    -662.01596  -662.08872  0.07276
4.759  C  100/x     14    -662.00416  -662.08872  0.08456
4.759  C  100/x     15    -661.99143  -662.08872  0.09729
4.759  C  100/x     20    -661.91329  -662.08872  0.17543
4.759  C  100/x     25    -661.80933  -662.08872  0.27939
4.759  C  100/x     30    -661.67677  -662.08872  0.41195
4.759  C  100/x     35    -661.51206  -662.08872  0.57666
4.759  C  100/x     40    -661.31081  -662.08872  0.77791
4.759  C  100/x     45    -661.06775  -662.08872  1.02097
4.759  C  100/x     50    -660.77666  -662.08872  1.31206
4.759  C  100/x     55    -660.43026  -662.08872  1.65846
4.759  C  100/x     60    -660.02017  -662.08872  2.06855
4.759  C  100/x     65    -659.53677  -662.08872  2.55195
4.759  C  100/x     70    -658.96909  -662.08872  3.11963
4.759  C  100/x     75    -658.30479  -662.08872  3.78393
4.759  C  100/x     80    -657.53002  -662.08872  4.5587
4.759  C  100/x     85    -656.62946  -662.08872  5.45926
4.759  C  100/x     90    -655.58611  -662.08872  6.50261
4.759  C  100/x     95    -654.38087  -662.08872  7.70785
4.759  C  100/x     100   -652.99148  -662.08872  9.09724
4.759  C  110/xy    -100  -657.23687  -662.08872  4.85185
4.759  C  110/xy    -95   -657.71715  -662.08872  4.37157
4.759  C  110/xy    -90   -658.1775   -662.08872  3.91122
4.759  C  110/xy    -85   -658.61519  -662.08872  3.47353
4.759  C  110/xy    -80   -659.02818  -662.08872  3.06054
4.759  C  110/xy    -75   -659.41508  -662.08872  2.67364
4.759  C  110/xy    -70   -659.77499  -662.08872  2.31373
4.759  C  110/xy    -65   -660.10749  -662.08872  1.98123
4.759  C  110/xy    -60   -660.41246  -662.08872  1.67626
4.759  C  110/xy    -55   -660.69009  -662.08872  1.39863
4.759  C  110/xy    -50   -660.94076  -662.08872  1.14796
4.759  C  110/xy    -45   -661.16497  -662.08872  0.92375
4.759  C  110/xy    -40   -661.36334  -662.08872  0.72538
4.759  C  110/xy    -35   -661.5365   -662.08872  0.55222
4.759  C  110/xy    -30   -661.68508  -662.08872  0.40364
4.759  C  110/xy    -25   -661.80969  -662.08872  0.27903
4.759  C  110/xy    -20   -661.91085  -662.08872  0.17787
4.759  C  110/xy    -15   -661.98902  -662.08872  0.0997
4.759  C  110/xy    -14   -662.00193  -662.08872  0.08679
4.759  C  110/xy    -13   -662.01393  -662.08872  0.07479
4.759  C  110/xy    -12   -662.02504  -662.08872  0.06368
4.759  C  110/xy    -11   -662.03525  -662.08872  0.05347
4.759  C  110/xy    -10   -662.04456  -662.08872  0.04416
4.759  C  110/xy    -9    -662.05298  -662.08872  0.03574
4.759  C  110/xy    -8    -662.0605   -662.08872  0.02822
4.759  C  110/xy    -7    -662.06714  -662.08872  0.02158
4.759  C  110/xy    -6    -662.07288  -662.08872  0.01584
4.759  C  110/xy    -5    -662.07774  -662.08872  0.01098
4.759  C  110/xy    -4    -662.08171  -662.08872  0.00701
4.759  C  110/xy    -3    -662.08479  -662.08872  0.00393
4.759  C  110/xy    -2    -662.08699  -662.08872  0.00173
4.759  C  110/xy    -1    -662.0883   -662.08872  0.00042
4.759  C  110/xy    0     -662.08872  -662.08872  0
4.759  C  110/xy    1     -662.08827  -662.08872  0.00045
4.759  C  110/xy    2     -662.08692  -662.08872  0.0018
4.759  C  110/xy    3     -662.08469  -662.08872  0.00403
4.759  C  110/xy    4     -662.08158  -662.08872  0.00714
4.759  C  110/xy    5     -662.07757  -662.08872  0.01115
4.759  C  110/xy    6     -662.07269  -662.08872  0.01603
4.759  C  110/xy    7     -662.06691  -662.08872  0.02181
4.759  C  110/xy    8     -662.06025  -662.08872  0.02847
4.759  C  110/xy    9     -662.05269  -662.08872  0.03603
4.759  C  110/xy    10    -662.04425  -662.08872  0.04447
4.759  C  110/xy    11    -662.03491  -662.08872  0.05381
4.759  C  110/xy    12    -662.02468  -662.08872  0.06404
4.759  C  110/xy    13    -662.01355  -662.08872  0.07517
4.759  C  110/xy    14    -662.00153  -662.08872  0.08719
4.759  C  110/xy    15    -661.9886   -662.08872  0.10012
4.759  C  110/xy    20    -661.91039  -662.08872  0.17833
4.759  C  110/xy    25    -661.80927  -662.08872  0.27945
4.759  C  110/xy    30    -661.6848   -662.08872  0.40392
4.759  C  110/xy    35    -661.53648  -662.08872  0.55224
4.759  C  110/xy    40    -661.36371  -662.08872  0.72501
4.759  C  110/xy    45    -661.16587  -662.08872  0.92285
4.759  C  110/xy    50    -660.94232  -662.08872  1.1464
4.759  C  110/xy    55    -660.69246  -662.08872  1.39626
4.759  C  110/xy    60    -660.41576  -662.08872  1.67296
4.759  C  110/xy    65    -660.11184  -662.08872  1.97688
4.759  C  110/xy    70    -659.78049  -662.08872  2.30823
4.759  C  110/xy    75    -659.4218   -662.08872  2.66692
4.759  C  110/xy    80    -659.03617  -662.08872  3.05255
4.759  C  110/xy    85    -658.62443  -662.08872  3.46429
4.759  C  110/xy    90    -658.1879   -662.08872  3.90082
4.759  C  110/xy    95    -657.72849  -662.08872  4.36023
4.759  C  110/xy    100   -657.2488   -662.08872  4.83992
4.759  C  110/xz    -100  -658.32331  -662.08872  3.76541
4.759  C  110/xz    -95   -658.66202  -662.08872  3.4267
4.759  C  110/xz    -90   -658.99229  -662.08872  3.09643
4.759  C  110/xz    -85   -659.31177  -662.08872  2.77695
4.759  C  110/xz    -80   -659.61842  -662.08872  2.4703
4.759  C  110/xz    -75   -659.91052  -662.08872  2.1782
4.759  C  110/xz    -70   -660.18663  -662.08872  1.90209
4.759  C  110/xz    -65   -660.44562  -662.08872  1.6431
4.759  C  110/xz    -60   -660.68667  -662.08872  1.40205
4.759  C  110/xz    -55   -660.90917  -662.08872  1.17955
4.759  C  110/xz    -50   -661.11275  -662.08872  0.97597
4.759  C  110/xz    -45   -661.2972   -662.08872  0.79152
4.759  C  110/xz    -40   -661.46243  -662.08872  0.62629
4.759  C  110/xz    -35   -661.6084   -662.08872  0.48032
4.759  C  110/xz    -30   -661.73512  -662.08872  0.3536
4.759  C  110/xz    -25   -661.84259  -662.08872  0.24613
4.759  C  110/xz    -20   -661.93079  -662.08872  0.15793
4.759  C  110/xz    -15   -661.99967  -662.08872  0.08905
4.759  C  110/xz    -14   -662.01111  -662.08872  0.07761
4.759  C  110/xz    -13   -662.02178  -662.08872  0.06694
4.759  C  110/xz    -12   -662.03166  -662.08872  0.05706
4.759  C  110/xz    -11   -662.04076  -662.08872  0.04796
4.759  C  110/xz    -10   -662.04908  -662.08872  0.03964
4.759  C  110/xz    -9    -662.05661  -662.08872  0.03211
4.759  C  110/xz    -8    -662.06336  -662.08872  0.02536
4.759  C  110/xz    -7    -662.06932  -662.08872  0.0194
4.759  C  110/xz    -6    -662.07447  -662.08872  0.01425
4.759  C  110/xz    -5    -662.07885  -662.08872  0.00987
4.759  C  110/xz    -4    -662.08242  -662.08872  0.0063
4.759  C  110/xz    -3    -662.0852   -662.08872  0.00352
4.759  C  110/xz    -2    -662.08718  -662.08872  0.00154
4.759  C  110/xz    -1    -662.08835  -662.08872  0.00037
4.759  C  110/xz    0     -662.08872  -662.08872  0
4.759  C  110/xz    1     -662.08829  -662.08872  0.00043
4.759  C  110/xz    2     -662.08704  -662.08872  0.00168
4.759  C  110/xz    3     -662.08497  -662.08872  0.00375
4.759  C  110/xz    4     -662.08209  -662.08872  0.00663
4.759  C  110/xz    5     -662.0784   -662.08872  0.01032
4.759  C  110/xz    6     -662.07387  -662.08872  0.01485
4.759  C  110/xz    7     -662.06852  -662.08872  0.0202
4.759  C  110/xz    8     -662.06234  -662.08872  0.02638
4.759  C  110/xz    9     -662.05533  -662.08872  0.03339
4.759  C  110/xz    10    -662.04748  -662.08872  0.04124
4.759  C  110/xz    11    -662.03879  -662.08872  0.04993
4.759  C  110/xz    12    -662.02925  -662.08872  0.05947
4.759  C  110/xz    13    -662.01887  -662.08872  0.06985
4.759  C  110/xz    14    -662.00763  -662.08872  0.08109
4.759  C  110/xz    15    -661.99553  -662.08872  0.09319
4.759  C  110/xz    20    -661.92205  -662.08872  0.16667
4.759  C  110/xz    25    -661.82647  -662.08872  0.26225
4.759  C  110/xz    30    -661.70816  -662.08872  0.38056
4.759  C  110/xz    35    -661.56642  -662.08872  0.5223
4.759  C  110/xz    40    -661.40048  -662.08872  0.68824
4.759  C  110/xz    45    -661.20954  -662.08872  0.87918
4.759  C  110/xz    50    -660.99277  -662.08872  1.09595
4.759  C  110/xz    55    -660.74933  -662.08872  1.33939
4.759  C  110/xz    60    -660.47844  -662.08872  1.61028
4.759  C  110/xz    65    -660.17942  -662.08872  1.9093
4.759  C  110/xz    70    -659.85179  -662.08872  2.23693
4.759  C  110/xz    75    -659.49528  -662.08872  2.59344
4.759  C  110/xz    80    -659.10995  -662.08872  2.97877
4.759  C  110/xz    85    -658.69629  -662.08872  3.39243
4.759  C  110/xz    90    -658.25525  -662.08872  3.83347
4.759  C  110/xz    95    -657.78841  -662.08872  4.30031
4.759  C  110/xz    100   -657.298    -662.08872  4.79072
4.759  C  111/bxyz  -100  -658.18664  -662.08872  3.90208
4.759  C  111/bxyz  -95   -658.50086  -662.08872  3.58786
4.759  C  111/bxyz  -90   -658.8142   -662.08872  3.27452
4.759  C  111/bxyz  -85   -659.12383  -662.08872  2.96489
4.759  C  111/bxyz  -80   -659.42711  -662.08872  2.66161
4.759  C  111/bxyz  -75   -659.72161  -662.08872  2.36711
4.759  C  111/bxyz  -70   -660.00513  -662.08872  2.08359
4.759  C  111/bxyz  -65   -660.2757   -662.08872  1.81302
4.759  C  111/bxyz  -60   -660.53157  -662.08872  1.55715
4.759  C  111/bxyz  -55   -660.77124  -662.08872  1.31748
4.759  C  111/bxyz  -50   -660.99341  -662.08872  1.09531
4.759  C  111/bxyz  -45   -661.19701  -662.08872  0.89171
4.759  C  111/bxyz  -40   -661.38111  -662.08872  0.70761
4.759  C  111/bxyz  -35   -661.54498  -662.08872  0.54374
4.759  C  111/bxyz  -30   -661.68803  -662.08872  0.40069
4.759  C  111/bxyz  -25   -661.80978  -662.08872  0.27894
4.759  C  111/bxyz  -20   -661.90985  -662.08872  0.17887
4.759  C  111/bxyz  -15   -661.98796  -662.08872  0.10076
4.759  C  111/bxyz  -14   -662.00092  -662.08872  0.0878
4.759  C  111/bxyz  -13   -662.013    -662.08872  0.07572
4.759  C  111/bxyz  -12   -662.02419  -662.08872  0.06453
4.759  C  111/bxyz  -11   -662.03449  -662.08872  0.05423
4.759  C  111/bxyz  -10   -662.04389  -662.08872  0.04483
4.759  C  111/bxyz  -9    -662.0524   -662.08872  0.03632
4.759  C  111/bxyz  -8    -662.06002  -662.08872  0.0287
4.759  C  111/bxyz  -7    -662.06675  -662.08872  0.02197
4.759  C  111/bxyz  -6    -662.07257  -662.08872  0.01615
4.759  C  111/bxyz  -5    -662.07751  -662.08872  0.01121
4.759  C  111/bxyz  -4    -662.08155  -662.08872  0.00717
4.759  C  111/bxyz  -3    -662.08469  -662.08872  0.00403
4.759  C  111/bxyz  -2    -662.08693  -662.08872  0.00179
4.759  C  111/bxyz  -1    -662.08828  -662.08872  0.00044
4.759  C  111/bxyz  0     -662.08872  -662.08872  0
4.759  C  111/bxyz  1     -662.08828  -662.08872  0.00044
4.759  C  111/bxyz  2     -662.08693  -662.08872  0.00179
4.759  C  111/bxyz  3     -662.08469  -662.08872  0.00403
4.759  C  111/bxyz  4     -662.08155  -662.08872  0.00717
4.759  C  111/bxyz  5     -662.07751  -662.08872  0.01121
4.759  C  111/bxyz  6     -662.07257  -662.08872  0.01615
4.759  C  111/bxyz  7     -662.06675  -662.08872  0.02197
4.759  C  111/bxyz  8     -662.06002  -662.08872  0.0287
4.759  C  111/bxyz  9     -662.0524   -662.08872  0.03632
4.759  C  111/bxyz  10    -662.04389  -662.08872  0.04483
4.759  C  111/bxyz  11    -662.03449  -662.08872  0.05423
4.759  C  111/bxyz  12    -662.02419  -662.08872  0.06453
4.759  C  111/bxyz  13    -662.013    -662.08872  0.07572
4.759  C  111/bxyz  14    -662.00092  -662.08872  0.0878
4.759  C  111/bxyz  15    -661.98796  -662.08872  0.10076
4.759  C  111/bxyz  20    -661.90985  -662.08872  0.17887
4.759  C  111/bxyz  25    -661.80978  -662.08872  0.27894
4.759  C  111/bxyz  30    -661.68803  -662.08872  0.40069
4.759  C  111/bxyz  35    -661.54498  -662.08872  0.54374
4.759  C  111/bxyz  40    -661.38111  -662.08872  0.70761
4.759  C  111/bxyz  45    -661.19701  -662.08872  0.89171
4.759  C  111/bxyz  50    -660.99341  -662.08872  1.09531
4.759  C  111/bxyz  55    -660.77124  -662.08872  1.31748
4.759  C  111/bxyz  60    -660.53157  -662.08872  1.55715
4.759  C  111/bxyz  65    -660.2757   -662.08872  1.81302
4.759  C  111/bxyz  70    -660.00513  -662.08872  2.08359
4.759  C  111/bxyz  75    -659.72161  -662.08872  2.36711
4.759  C  111/bxyz  80    -659.42711  -662.08872  2.66161
4.759  C  111/bxyz  85    -659.12383  -662.08872  2.96489
4.759  C  111/bxyz  90    -658.8142   -662.08872  3.27452
4.759  C  111/bxyz  95    -658.50086  -662.08872  3.58786
4.759  C  111/bxyz  100   -658.18664  -662.08872  3.90208
4.759  C  111/xyz   -100  -658.76345  -662.08872  3.32527
4.759  C  111/xyz   -95   -659.00998  -662.08872  3.07874
4.759  C  111/xyz   -90   -659.25964  -662.08872  2.82908
4.759  C  111/xyz   -85   -659.51004  -662.08872  2.57868
4.759  C  111/xyz   -80   -659.7588   -662.08872  2.32992
4.759  C  111/xyz   -75   -660.0036   -662.08872  2.08512
4.759  C  111/xyz   -70   -660.24227  -662.08872  1.84645
4.759  C  111/xyz   -65   -660.47274  -662.08872  1.61598
4.759  C  111/xyz   -60   -660.69311  -662.08872  1.39561
4.759  C  111/xyz   -55   -660.90168  -662.08872  1.18704
4.759  C  111/xyz   -50   -661.0969   -662.08872  0.99182
4.759  C  111/xyz   -45   -661.27741  -662.08872  0.81131
4.759  C  111/xyz   -40   -661.44202  -662.08872  0.6467
4.759  C  111/xyz   -35   -661.58969  -662.08872  0.49903
4.759  C  111/xyz   -30   -661.71953  -662.08872  0.36919
4.759  C  111/xyz   -25   -661.83078  -662.08872  0.25794
4.759  C  111/xyz   -20   -661.92279  -662.08872  0.16593
4.759  C  111/xyz   -15   -661.99501  -662.08872  0.09371
4.759  C  111/xyz   -14   -662.00703  -662.08872  0.08169
4.759  C  111/xyz   -13   -662.01825  -662.08872  0.07047
4.759  C  111/xyz   -12   -662.02864  -662.08872  0.06008
4.759  C  111/xyz   -11   -662.03822  -662.08872  0.0505
4.759  C  111/xyz   -10   -662.04698  -662.08872  0.04174
4.759  C  111/xyz   -9    -662.0549   -662.08872  0.03382
4.759  C  111/xyz   -8    -662.062    -662.08872  0.02672
4.759  C  111/xyz   -7    -662.06828  -662.08872  0.02044
4.759  C  111/xyz   -6    -662.07371  -662.08872  0.01501
4.759  C  111/xyz   -5    -662.07831  -662.08872  0.01041
4.759  C  111/xyz   -4    -662.08208  -662.08872  0.00664
4.759  C  111/xyz   -3    -662.08501  -662.08872  0.00371
4.759  C  111/xyz   -2    -662.08709  -662.08872  0.00163
4.759  C  111/xyz   -1    -662.08833  -662.08872  0.00039
4.759  C  111/xyz   0     -662.08872  -662.08872  0
4.759  C  111/xyz   1     -662.08827  -662.08872  0.00045
4.759  C  111/xyz   2     -662.08697  -662.08872  0.00175
4.759  C  111/xyz   3     -662.08483  -662.08872  0.00389
4.759  C  111/xyz   4     -662.08183  -662.08872  0.00689
4.759  C  111/xyz   5     -662.07797  -662.08872  0.01075
4.759  C  111/xyz   6     -662.07327  -662.08872  0.01545
4.759  C  111/xyz   7     -662.06771  -662.08872  0.02101
4.759  C  111/xyz   8     -662.06129  -662.08872  0.02743
4.759  C  111/xyz   9     -662.05402  -662.08872  0.0347
4.759  C  111/xyz   10    -662.0459   -662.08872  0.04282
4.759  C  111/xyz   11    -662.03692  -662.08872  0.0518
4.759  C  111/xyz   12    -662.02708  -662.08872  0.06164
4.759  C  111/xyz   13    -662.01638  -662.08872  0.07234
4.759  C  111/xyz   14    -662.00482  -662.08872  0.0839
4.759  C  111/xyz   15    -661.99241  -662.08872  0.09631
4.759  C  111/xyz   20    -661.91749  -662.08872  0.17123
4.759  C  111/xyz   25    -661.82121  -662.08872  0.26751
4.759  C  111/xyz   30    -661.70373  -662.08872  0.38499
4.759  C  111/xyz   35    -661.56529  -662.08872  0.52343
4.759  C  111/xyz   40    -661.40628  -662.08872  0.68244
4.759  C  111/xyz   45    -661.22718  -662.08872  0.86154
4.759  C  111/xyz   50    -661.02867  -662.08872  1.06005
4.759  C  111/xyz   55    -660.81157  -662.08872  1.27715
4.759  C  111/xyz   60    -660.57689  -662.08872  1.51183
4.759  C  111/xyz   65    -660.32585  -662.08872  1.76287
4.759  C  111/xyz   70    -660.05989  -662.08872  2.02883
4.759  C  111/xyz   75    -659.78066  -662.08872  2.30806
4.759  C  111/xyz   80    -659.49006  -662.08872  2.59866
4.759  C  111/xyz   85    -659.19022  -662.08872  2.8985
4.759  C  111/xyz   90    -658.8835   -662.08872  3.20522
4.759  C  111/xyz   95    -658.57249  -662.08872  3.51623
4.759  C  111/xyz   100   -658.25994  -662.08872  3.82878
