4.759  Zr  100/x    -100  -645.28759  -662.08872  16.8011
4.759  Zr  100/x    -95   -647.79173  -662.08872  14.297
4.759  Zr  100/x    -90   -650.00993  -662.08872  12.0788
4.759  Zr  100/x    -85   -651.96017  -662.08872  10.1286
4.759  Zr  100/x    -80   -653.65559  -662.08872  8.43313
4.759  Zr  100/x    -75   -655.11766  -662.08872  6.97106
4.759  Zr  100/x    -70   -656.37132  -662.08872  5.7174
4.759  Zr  100/x    -65   -657.44122  -662.08872  4.6475
4.759  Zr  100/x    -60   -658.35013  -662.08872  3.73859
4.759  Zr  100/x    -55   -659.1184   -662.08872  2.97032
4.759  Zr  100/x    -50   -659.76387  -662.08872  2.32485
4.759  Zr  100/x    -45   -660.30226  -662.08872  1.78646
4.759  Zr  100/x    -40   -660.74722  -662.08872  1.3415
4.759  Zr  100/x    -35   -661.11071  -662.08872  0.97801
4.759  Zr  100/x    -30   -661.40314  -662.08872  0.68558
4.759  Zr  100/x    -25   -661.63352  -662.08872  0.4552
4.759  Zr  100/x    -20   -661.80961  -662.08872  0.27911
4.759  Zr  100/x    -15   -661.93804  -662.08872  0.15068
4.759  Zr  100/x    -14   -661.95851  -662.08872  0.13021
4.759  Zr  100/x    -13   -661.97735  -662.08872  0.11137
4.759  Zr  100/x    -12   -661.99458  -662.08872  0.09414
4.759  Zr  100/x    -11   -662.01025  -662.08872  0.07847
4.759  Zr  100/x    -10   -662.02439  -662.08872  0.06433
4.759  Zr  100/x    -9    -662.03703  -662.08872  0.05169
4.759  Zr  100/x    -8    -662.04821  -662.08872  0.04051
4.759  Zr  100/x    -7    -662.05797  -662.08872  0.03075
4.759  Zr  100/x    -6    -662.06633  -662.08872  0.02239
4.759  Zr  100/x    -5    -662.07332  -662.08872  0.0154
4.759  Zr  100/x    -4    -662.07897  -662.08872  0.00975
4.759  Zr  100/x    -3    -662.08331  -662.08872  0.00541
4.759  Zr  100/x    -2    -662.08636  -662.08872  0.00236
4.759  Zr  100/x    -1    -662.08816  -662.08872  0.00056
4.759  Zr  100/x    0     -662.08872  -662.08872  0
4.759  Zr  100/x    1     -662.08809  -662.08872  0.00063
4.759  Zr  100/x    2     -662.08626  -662.08872  0.00246
4.759  Zr  100/x    3     -662.08326  -662.08872  0.00546
4.759  Zr  100/x    4     -662.07914  -662.08872  0.00958
4.759  Zr  100/x    5     -662.07388  -662.08872  0.01484
4.759  Zr  100/x    6     -662.06752  -662.08872  0.0212
4.759  Zr  100/x    7     -662.06008  -662.08872  0.02864
4.759  Zr  100/x    8     -662.05158  -662.08872  0.03714
4.759  Zr  100/x    9     -662.04203  -662.08872  0.04669
4.759  Zr  100/x    10    -662.03145  -662.08872  0.05727
4.759  Zr  100/x    11    -662.01987  -662.08872  0.06885
4.759  Zr  100/x    12    -662.0073   -662.08872  0.08142
4.759  Zr  100/x    13    -661.99374  -662.08872  0.09498
4.759  Zr  100/x    14    -661.97923  -662.08872  0.10949
4.759  Zr  100/x    15    -661.96377  -662.08872  0.12495
4.759  Zr  100/x    20    -661.87281  -662.08872  0.21591
4.759  Zr  100/x    25    -661.76031  -662.08872  0.32841
4.759  Zr  100/x    30    -661.6279   -662.08872  0.46082
4.759  Zr  100/x    35    -661.47707  -662.08872  0.61165
4.759  Zr  100/x    40    -661.30932  -662.08872  0.7794
4.759  Zr  100/x    45    -661.12609  -662.08872  0.96263
4.759  Zr  100/x    50    -660.92879  -662.08872  1.15993
4.759  Zr  100/x    55    -660.71903  -662.08872  1.36969
4.759  Zr  100/x    60    -660.49916  -662.08872  1.58956
4.759  Zr  100/x    65    -660.27174  -662.08872  1.81698
4.759  Zr  100/x    70    -660.03811  -662.08872  2.05061
4.759  Zr  100/x    75    -659.79829  -662.08872  2.29043
4.759  Zr  100/x    80    -659.55224  -662.08872  2.53648
4.759  Zr  100/x    85    -659.30027  -662.08872  2.78845
4.759  Zr  100/x    90    -659.04235  -662.08872  3.04637
4.759  Zr  100/x    95    -658.77792  -662.08872  3.3108
4.759  Zr  100/x    100   -658.5059   -662.08872  3.58282
4.759  Zr  100/y    -100  -649.9356   -662.08872  12.1531
4.759  Zr  100/y    -95   -651.80225  -662.08872  10.2865
4.759  Zr  100/y    -90   -653.42168  -662.08872  8.66704
4.759  Zr  100/y    -85   -654.81919  -662.08872  7.26953
4.759  Zr  100/y    -80   -656.02122  -662.08872  6.0675
4.759  Zr  100/y    -75   -657.05271  -662.08872  5.03601
4.759  Zr  100/y    -70   -657.93591  -662.08872  4.15281
4.759  Zr  100/y    -65   -658.69032  -662.08872  3.3984
4.759  Zr  100/y    -60   -659.33287  -662.08872  2.75585
4.759  Zr  100/y    -55   -659.87829  -662.08872  2.21043
4.759  Zr  100/y    -50   -660.33934  -662.08872  1.74938
4.759  Zr  100/y    -45   -660.72709  -662.08872  1.36163
4.759  Zr  100/y    -40   -661.05107  -662.08872  1.03765
4.759  Zr  100/y    -35   -661.3195   -662.08872  0.76922
4.759  Zr  100/y    -30   -661.5393   -662.08872  0.54942
4.759  Zr  100/y    -25   -661.71622  -662.08872  0.3725
4.759  Zr  100/y    -20   -661.85497  -662.08872  0.23375
4.759  Zr  100/y    -15   -661.95924  -662.08872  0.12948
4.759  Zr  100/y    -14   -661.97622  -662.08872  0.1125
4.759  Zr  100/y    -13   -661.99195  -662.08872  0.09677
4.759  Zr  100/y    -12   -662.00645  -662.08872  0.08227
4.759  Zr  100/y    -11   -662.01973  -662.08872  0.06899
4.759  Zr  100/y    -10   -662.03181  -662.08872  0.05691
4.759  Zr  100/y    -9    -662.0427   -662.08872  0.04602
4.759  Zr  100/y    -8    -662.05241  -662.08872  0.03631
4.759  Zr  100/y    -7    -662.06096  -662.08872  0.02776
4.759  Zr  100/y    -6    -662.06835  -662.08872  0.02037
4.759  Zr  100/y    -5    -662.07459  -662.08872  0.01413
4.759  Zr  100/y    -4    -662.07969  -662.08872  0.00903
4.759  Zr  100/y    -3    -662.08365  -662.08872  0.00507
4.759  Zr  100/y    -2    -662.08647  -662.08872  0.00225
4.759  Zr  100/y    -1    -662.08817  -662.08872  0.00055
4.759  Zr  100/y    0     -662.08872  -662.08872  0
4.759  Zr  100/y    1     -662.08817  -662.08872  0.00055
4.759  Zr  100/y    2     -662.08647  -662.08872  0.00225
4.759  Zr  100/y    3     -662.08365  -662.08872  0.00507
4.759  Zr  100/y    4     -662.07969  -662.08872  0.00903
4.759  Zr  100/y    5     -662.07459  -662.08872  0.01413
4.759  Zr  100/y    6     -662.06835  -662.08872  0.02037
4.759  Zr  100/y    7     -662.06096  -662.08872  0.02776
4.759  Zr  100/y    8     -662.05241  -662.08872  0.03631
4.759  Zr  100/y    9     -662.0427   -662.08872  0.04602
4.759  Zr  100/y    10    -662.03181  -662.08872  0.05691
4.759  Zr  100/y    11    -662.01973  -662.08872  0.06899
4.759  Zr  100/y    12    -662.00645  -662.08872  0.08227
4.759  Zr  100/y    13    -661.99195  -662.08872  0.09677
4.759  Zr  100/y    14    -661.97622  -662.08872  0.1125
4.759  Zr  100/y    15    -661.95924  -662.08872  0.12948
4.759  Zr  100/y    20    -661.85497  -662.08872  0.23375
4.759  Zr  100/y    25    -661.71622  -662.08872  0.3725
4.759  Zr  100/y    30    -661.5393   -662.08872  0.54942
4.759  Zr  100/y    35    -661.3195   -662.08872  0.76922
4.759  Zr  100/y    40    -661.05107  -662.08872  1.03765
4.759  Zr  100/y    45    -660.72709  -662.08872  1.36163
4.759  Zr  100/y    50    -660.33934  -662.08872  1.74938
4.759  Zr  100/y    55    -659.87829  -662.08872  2.21043
4.759  Zr  100/y    60    -659.33287  -662.08872  2.75585
4.759  Zr  100/y    65    -658.69032  -662.08872  3.3984
4.759  Zr  100/y    70    -657.93591  -662.08872  4.15281
4.759  Zr  100/y    75    -657.05271  -662.08872  5.03601
4.759  Zr  100/y    80    -656.02122  -662.08872  6.0675
4.759  Zr  100/y    85    -654.81919  -662.08872  7.26953
4.759  Zr  100/y    90    -653.42168  -662.08872  8.66704
4.759  Zr  100/y    95    -651.80225  -662.08872  10.2865
4.759  Zr  100/y    100   -649.9356   -662.08872  12.1531
4.759  Zr  110/xz   -100  -654.04941  -662.08872  8.03931
4.759  Zr  110/xz   -95   -654.84944  -662.08872  7.23928
4.759  Zr  110/xz   -90   -655.62413  -662.08872  6.46459
4.759  Zr  110/xz   -85   -656.36707  -662.08872  5.72165
4.759  Zr  110/xz   -80   -657.07241  -662.08872  5.01631
4.759  Zr  110/xz   -75   -657.73517  -662.08872  4.35355
4.759  Zr  110/xz   -70   -658.35143  -662.08872  3.73729
4.759  Zr  110/xz   -65   -658.91851  -662.08872  3.17021
4.759  Zr  110/xz   -60   -659.435    -662.08872  2.65372
4.759  Zr  110/xz   -55   -659.90053  -662.08872  2.18819
4.759  Zr  110/xz   -50   -660.3156   -662.08872  1.77312
4.759  Zr  110/xz   -45   -660.68137  -662.08872  1.40735
4.759  Zr  110/xz   -40   -660.99951  -662.08872  1.08921
4.759  Zr  110/xz   -35   -661.27201  -662.08872  0.81671
4.759  Zr  110/xz   -30   -661.50107  -662.08872  0.58765
4.759  Zr  110/xz   -25   -661.68898  -662.08872  0.39974
4.759  Zr  110/xz   -20   -661.83806  -662.08872  0.25066
4.759  Zr  110/xz   -15   -661.95054  -662.08872  0.13818
4.759  Zr  110/xz   -14   -661.96884  -662.08872  0.11988
4.759  Zr  110/xz   -13   -661.98577  -662.08872  0.10295
4.759  Zr  110/xz   -12   -662.00136  -662.08872  0.08736
4.759  Zr  110/xz   -11   -662.01561  -662.08872  0.07311
4.759  Zr  110/xz   -10   -662.02855  -662.08872  0.06017
4.759  Zr  110/xz   -9    -662.04019  -662.08872  0.04853
4.759  Zr  110/xz   -8    -662.05054  -662.08872  0.03818
4.759  Zr  110/xz   -7    -662.05962  -662.08872  0.0291
4.759  Zr  110/xz   -6    -662.06745  -662.08872  0.02127
4.759  Zr  110/xz   -5    -662.07403  -662.08872  0.01469
4.759  Zr  110/xz   -4    -662.07938  -662.08872  0.00934
4.759  Zr  110/xz   -3    -662.08351  -662.08872  0.00521
4.759  Zr  110/xz   -2    -662.08644  -662.08872  0.00228
4.759  Zr  110/xz   -1    -662.08817  -662.08872  0.00055
4.759  Zr  110/xz   0     -662.08872  -662.08872  0
4.759  Zr  110/xz   1     -662.08812  -662.08872  0.0006
4.759  Zr  110/xz   2     -662.08634  -662.08872  0.00238
4.759  Zr  110/xz   3     -662.08343  -662.08872  0.00529
4.759  Zr  110/xz   4     -662.07937  -662.08872  0.00935
4.759  Zr  110/xz   5     -662.07419  -662.08872  0.01453
4.759  Zr  110/xz   6     -662.0679   -662.08872  0.02082
4.759  Zr  110/xz   7     -662.06049  -662.08872  0.02823
4.759  Zr  110/xz   8     -662.05199  -662.08872  0.03673
4.759  Zr  110/xz   9     -662.04239  -662.08872  0.04633
4.759  Zr  110/xz   10    -662.03171  -662.08872  0.05701
4.759  Zr  110/xz   11    -662.01996  -662.08872  0.06876
4.759  Zr  110/xz   12    -662.00714  -662.08872  0.08158
4.759  Zr  110/xz   13    -661.99325  -662.08872  0.09547
4.759  Zr  110/xz   14    -661.97832  -662.08872  0.1104
4.759  Zr  110/xz   15    -661.96233  -662.08872  0.12639
4.759  Zr  110/xz   20    -661.86688  -662.08872  0.22184
4.759  Zr  110/xz   25    -661.74592  -662.08872  0.3428
4.759  Zr  110/xz   30    -661.59982  -662.08872  0.4889
4.759  Zr  110/xz   35    -661.42874  -662.08872  0.65998
4.759  Zr  110/xz   40    -661.23267  -662.08872  0.85605
4.759  Zr  110/xz   45    -661.01144  -662.08872  1.07728
4.759  Zr  110/xz   50    -660.7648   -662.08872  1.32392
4.759  Zr  110/xz   55    -660.49244  -662.08872  1.59628
4.759  Zr  110/xz   60    -660.19397  -662.08872  1.89475
4.759  Zr  110/xz   65    -659.86905  -662.08872  2.21967
4.759  Zr  110/xz   70    -659.51733  -662.08872  2.57139
4.759  Zr  110/xz   75    -659.13854  -662.08872  2.95018
4.759  Zr  110/xz   80    -658.73252  -662.08872  3.3562
4.759  Zr  110/xz   85    -658.29925  -662.08872  3.78947
4.759  Zr  110/xz   90    -657.83886  -662.08872  4.24986
4.759  Zr  110/xz   95    -657.35187  -662.08872  4.73685
4.759  Zr  110/xz   100   -656.83928  -662.08872  5.24944
4.759  Zr  110/yz   -100  -654.78291  -662.08872  7.30581
4.759  Zr  110/yz   -95   -655.56392  -662.08872  6.5248
4.759  Zr  110/yz   -90   -656.30598  -662.08872  5.78274
4.759  Zr  110/yz   -85   -657.00422  -662.08872  5.0845
4.759  Zr  110/yz   -80   -657.65534  -662.08872  4.43338
4.759  Zr  110/yz   -75   -658.25737  -662.08872  3.83135
4.759  Zr  110/yz   -70   -658.80951  -662.08872  3.27921
4.759  Zr  110/yz   -65   -659.31186  -662.08872  2.77686
4.759  Zr  110/yz   -60   -659.76529  -662.08872  2.32343
4.759  Zr  110/yz   -55   -660.17124  -662.08872  1.91748
4.759  Zr  110/yz   -50   -660.53159  -662.08872  1.55713
4.759  Zr  110/yz   -45   -660.84845  -662.08872  1.24027
4.759  Zr  110/yz   -40   -661.12411  -662.08872  0.96461
4.759  Zr  110/yz   -35   -661.36085  -662.08872  0.72787
4.759  Zr  110/yz   -30   -661.56091  -662.08872  0.52781
4.759  Zr  110/yz   -25   -661.72635  -662.08872  0.36237
4.759  Zr  110/yz   -20   -661.85901  -662.08872  0.22971
4.759  Zr  110/yz   -15   -661.96049  -662.08872  0.12823
4.759  Zr  110/yz   -14   -661.97716  -662.08872  0.11156
4.759  Zr  110/yz   -13   -661.99265  -662.08872  0.09607
4.759  Zr  110/yz   -12   -662.00695  -662.08872  0.08177
4.759  Zr  110/yz   -11   -662.02009  -662.08872  0.06863
4.759  Zr  110/yz   -10   -662.03205  -662.08872  0.05667
4.759  Zr  110/yz   -9    -662.04286  -662.08872  0.04586
4.759  Zr  110/yz   -8    -662.05252  -662.08872  0.0362
4.759  Zr  110/yz   -7    -662.06102  -662.08872  0.0277
4.759  Zr  110/yz   -6    -662.06839  -662.08872  0.02033
4.759  Zr  110/yz   -5    -662.07461  -662.08872  0.01411
4.759  Zr  110/yz   -4    -662.0797   -662.08872  0.00902
4.759  Zr  110/yz   -3    -662.08365  -662.08872  0.00507
4.759  Zr  110/yz   -2    -662.08647  -662.08872  0.00225
4.759  Zr  110/yz   -1    -662.08817  -662.08872  0.00055
4.759  Zr  110/yz   0     -662.08872  -662.08872  0
4.759  Zr  110/yz   1     -662.08817  -662.08872  0.00055
4.759  Zr  110/yz   2     -662.08647  -662.08872  0.00225
4.759  Zr  110/yz   3     -662.08365  -662.08872  0.00507
4.759  Zr  110/yz   4     -662.0797   -662.08872  0.00902
4.759  Zr  110/yz   5     -662.07461  -662.08872  0.01411
4.759  Zr  110/yz   6     -662.06839  -662.08872  0.02033
4.759  Zr  110/yz   7     -662.06102  -662.08872  0.0277
4.759  Zr  110/yz   8     -662.05252  -662.08872  0.0362
4.759  Zr  110/yz   9     -662.04286  -662.08872  0.04586
4.759  Zr  110/yz   10    -662.03205  -662.08872  0.05667
4.759  Zr  110/yz   11    -662.02009  -662.08872  0.06863
4.759  Zr  110/yz   12    -662.00695  -662.08872  0.08177
4.759  Zr  110/yz   13    -661.99265  -662.08872  0.09607
4.759  Zr  110/yz   14    -661.97716  -662.08872  0.11156
4.759  Zr  110/yz   15    -661.96049  -662.08872  0.12823
4.759  Zr  110/yz   20    -661.85901  -662.08872  0.22971
4.759  Zr  110/yz   25    -661.72635  -662.08872  0.36237
4.759  Zr  110/yz   30    -661.56091  -662.08872  0.52781
4.759  Zr  110/yz   35    -661.36085  -662.08872  0.72787
4.759  Zr  110/yz   40    -661.12411  -662.08872  0.96461
4.759  Zr  110/yz   45    -660.84845  -662.08872  1.24027
4.759  Zr  110/yz   50    -660.53159  -662.08872  1.55713
4.759  Zr  110/yz   55    -660.17124  -662.08872  1.91748
4.759  Zr  110/yz   60    -659.76529  -662.08872  2.32343
4.759  Zr  110/yz   65    -659.31186  -662.08872  2.77686
4.759  Zr  110/yz   70    -658.80951  -662.08872  3.27921
4.759  Zr  110/yz   75    -658.25737  -662.08872  3.83135
4.759  Zr  110/yz   80    -657.65534  -662.08872  4.43338
4.759  Zr  110/yz   85    -657.00422  -662.08872  5.0845
4.759  Zr  110/yz   90    -656.30598  -662.08872  5.78274
4.759  Zr  110/yz   95    -655.56392  -662.08872  6.5248
4.759  Zr  110/yz   100   -654.78291  -662.08872  7.30581
4.759  Zr  111/xyz  -100  -655.46055  -662.08872  6.62817
4.759  Zr  111/xyz  -95   -656.04979  -662.08872  6.03893
4.759  Zr  111/xyz  -90   -656.63277  -662.08872  5.45595
4.759  Zr  111/xyz  -85   -657.20318  -662.08872  4.88554
4.759  Zr  111/xyz  -80   -657.75521  -662.08872  4.33351
4.759  Zr  111/xyz  -75   -658.28388  -662.08872  3.80484
4.759  Zr  111/xyz  -70   -658.78491  -662.08872  3.30381
4.759  Zr  111/xyz  -65   -659.25482  -662.08872  2.8339
4.759  Zr  111/xyz  -60   -659.69087  -662.08872  2.39785
4.759  Zr  111/xyz  -55   -660.09107  -662.08872  1.99765
4.759  Zr  111/xyz  -50   -660.45409  -662.08872  1.63463
4.759  Zr  111/xyz  -45   -660.77924  -662.08872  1.30948
4.759  Zr  111/xyz  -40   -661.0664   -662.08872  1.02232
4.759  Zr  111/xyz  -35   -661.31589  -662.08872  0.77283
4.759  Zr  111/xyz  -30   -661.52837  -662.08872  0.56035
4.759  Zr  111/xyz  -25   -661.70481  -662.08872  0.38391
4.759  Zr  111/xyz  -20   -661.84636  -662.08872  0.24236
4.759  Zr  111/xyz  -15   -661.95427  -662.08872  0.13445
4.759  Zr  111/xyz  -14   -661.97193  -662.08872  0.11679
4.759  Zr  111/xyz  -13   -661.9883   -662.08872  0.10042
4.759  Zr  111/xyz  -12   -662.0034   -662.08872  0.08532
4.759  Zr  111/xyz  -11   -662.01724  -662.08872  0.07148
4.759  Zr  111/xyz  -10   -662.02982  -662.08872  0.0589
4.759  Zr  111/xyz  -9    -662.04115  -662.08872  0.04757
4.759  Zr  111/xyz  -8    -662.05126  -662.08872  0.03746
4.759  Zr  111/xyz  -7    -662.06013  -662.08872  0.02859
4.759  Zr  111/xyz  -6    -662.06779  -662.08872  0.02093
4.759  Zr  111/xyz  -5    -662.07425  -662.08872  0.01447
4.759  Zr  111/xyz  -4    -662.07951  -662.08872  0.00921
4.759  Zr  111/xyz  -3    -662.08357  -662.08872  0.00515
4.759  Zr  111/xyz  -2    -662.08646  -662.08872  0.00226
4.759  Zr  111/xyz  -1    -662.08817  -662.08872  0.00055
4.759  Zr  111/xyz  0     -662.08872  -662.08872  0
4.759  Zr  111/xyz  1     -662.08813  -662.08872  0.00059
4.759  Zr  111/xyz  2     -662.08638  -662.08872  0.00234
4.759  Zr  111/xyz  3     -662.08349  -662.08872  0.00523
4.759  Zr  111/xyz  4     -662.07947  -662.08872  0.00925
4.759  Zr  111/xyz  5     -662.07432  -662.08872  0.0144
4.759  Zr  111/xyz  6     -662.06805  -662.08872  0.02067
4.759  Zr  111/xyz  7     -662.06067  -662.08872  0.02805
4.759  Zr  111/xyz  8     -662.05218  -662.08872  0.03654
4.759  Zr  111/xyz  9     -662.04259  -662.08872  0.04613
4.759  Zr  111/xyz  10    -662.03191  -662.08872  0.05681
4.759  Zr  111/xyz  11    -662.02013  -662.08872  0.06859
4.759  Zr  111/xyz  12    -662.00726  -662.08872  0.08146
4.759  Zr  111/xyz  13    -661.99331  -662.08872  0.09541
4.759  Zr  111/xyz  14    -661.97829  -662.08872  0.11043
4.759  Zr  111/xyz  15    -661.96219  -662.08872  0.12653
4.759  Zr  111/xyz  20    -661.86572  -662.08872  0.223
4.759  Zr  111/xyz  25    -661.74284  -662.08872  0.34588
4.759  Zr  111/xyz  30    -661.59375  -662.08872  0.49497
4.759  Zr  111/xyz  35    -661.41845  -662.08872  0.67027
4.759  Zr  111/xyz  40    -661.21687  -662.08872  0.87185
4.759  Zr  111/xyz  45    -660.98883  -662.08872  1.09989
4.759  Zr  111/xyz  50    -660.73413  -662.08872  1.35459
4.759  Zr  111/xyz  55    -660.4526   -662.08872  1.63612
4.759  Zr  111/xyz  60    -660.14412  -662.08872  1.9446
4.759  Zr  111/xyz  65    -659.80875  -662.08872  2.27997
4.759  Zr  111/xyz  70    -659.44671  -662.08872  2.64201
4.759  Zr  111/xyz  75    -659.05852  -662.08872  3.0302
4.759  Zr  111/xyz  80    -658.64503  -662.08872  3.44369
4.759  Zr  111/xyz  85    -658.20749  -662.08872  3.88123
4.759  Zr  111/xyz  90    -657.74758  -662.08872  4.34114
4.759  Zr  111/xyz  95    -657.26749  -662.08872  4.82123
4.759  Zr  111/xyz  100   -656.76998  -662.08872  5.31874
