4.801  Zr  100/x    -100  -642.66696  -659.84951  17.1825
4.801  Zr  100/x    -95   -645.25824  -659.84951  14.5913
4.801  Zr  100/x    -90   -647.54928  -659.84951  12.3002
4.801  Zr  100/x    -85   -649.55825  -659.84951  10.2913
4.801  Zr  100/x    -80   -651.30044  -659.84951  8.54907
4.801  Zr  100/x    -75   -652.79904  -659.84951  7.05047
4.801  Zr  100/x    -70   -654.08068  -659.84951  5.76883
4.801  Zr  100/x    -65   -655.17141  -659.84951  4.6781
4.801  Zr  100/x    -60   -656.09537  -659.84951  3.75414
4.801  Zr  100/x    -55   -656.87407  -659.84951  2.97544
4.801  Zr  100/x    -50   -657.52638  -659.84951  2.32313
4.801  Zr  100/x    -45   -658.06878  -659.84951  1.78073
4.801  Zr  100/x    -40   -658.51563  -659.84951  1.33388
4.801  Zr  100/x    -35   -658.87948  -659.84951  0.97003
4.801  Zr  100/x    -30   -659.1712   -659.84951  0.67831
4.801  Zr  100/x    -25   -659.40024  -659.84951  0.44927
4.801  Zr  100/x    -20   -659.57469  -659.84951  0.27482
4.801  Zr  100/x    -15   -659.70149  -659.84951  0.14802
4.801  Zr  100/x    -14   -659.72166  -659.84951  0.12785
4.801  Zr  100/x    -13   -659.7402   -659.84951  0.10931
4.801  Zr  100/x    -12   -659.75715  -659.84951  0.09236
4.801  Zr  100/x    -11   -659.77256  -659.84951  0.07695
4.801  Zr  100/x    -10   -659.78645  -659.84951  0.06306
4.801  Zr  100/x    -9    -659.79887  -659.84951  0.05064
4.801  Zr  100/x    -8    -659.80984  -659.84951  0.03967
4.801  Zr  100/x    -7    -659.81941  -659.84951  0.0301
4.801  Zr  100/x    -6    -659.8276   -659.84951  0.02191
4.801  Zr  100/x    -5    -659.83445  -659.84951  0.01506
4.801  Zr  100/x    -4    -659.83998  -659.84951  0.00953
4.801  Zr  100/x    -3    -659.84423  -659.84951  0.00528
4.801  Zr  100/x    -2    -659.84721  -659.84951  0.0023
4.801  Zr  100/x    -1    -659.84896  -659.84951  0.00055
4.801  Zr  100/x    0     -659.84951  -659.84951  0
4.801  Zr  100/x    1     -659.84888  -659.84951  0.00063
4.801  Zr  100/x    2     -659.84709  -659.84951  0.00242
4.801  Zr  100/x    3     -659.84416  -659.84951  0.00535
4.801  Zr  100/x    4     -659.84013  -659.84951  0.00938
4.801  Zr  100/x    5     -659.835    -659.84951  0.01451
4.801  Zr  100/x    6     -659.8288   -659.84951  0.02071
4.801  Zr  100/x    7     -659.82154  -659.84951  0.02797
4.801  Zr  100/x    8     -659.81325  -659.84951  0.03626
4.801  Zr  100/x    9     -659.80395  -659.84951  0.04556
4.801  Zr  100/x    10    -659.79365  -659.84951  0.05586
4.801  Zr  100/x    11    -659.78237  -659.84951  0.06714
4.801  Zr  100/x    12    -659.77013  -659.84951  0.07938
4.801  Zr  100/x    13    -659.75694  -659.84951  0.09257
4.801  Zr  100/x    14    -659.74282  -659.84951  0.10669
4.801  Zr  100/x    15    -659.72778  -659.84951  0.12173
4.801  Zr  100/x    20    -659.63936  -659.84951  0.21015
4.801  Zr  100/x    25    -659.53004  -659.84951  0.31947
4.801  Zr  100/x    30    -659.40136  -659.84951  0.44815
4.801  Zr  100/x    35    -659.25469  -659.84951  0.59482
4.801  Zr  100/x    40    -659.09147  -659.84951  0.75804
4.801  Zr  100/x    45    -658.9131   -659.84951  0.93641
4.801  Zr  100/x    50    -658.72096  -659.84951  1.12855
4.801  Zr  100/x    55    -658.51635  -659.84951  1.33316
4.801  Zr  100/x    60    -658.30096  -659.84951  1.54855
4.801  Zr  100/x    65    -658.07703  -659.84951  1.77248
4.801  Zr  100/x    70    -657.84639  -659.84951  2.00312
4.801  Zr  100/x    75    -657.6096   -659.84951  2.23991
4.801  Zr  100/x    80    -657.36678  -659.84951  2.48273
4.801  Zr  100/x    85    -657.1183   -659.84951  2.73121
4.801  Zr  100/x    90    -656.86427  -659.84951  2.98524
4.801  Zr  100/x    95    -656.60437  -659.84951  3.24514
4.801  Zr  100/x    100   -656.33771  -659.84951  3.5118
4.801  Zr  100/y    -100  -648.08609  -659.84951  11.7634
4.801  Zr  100/y    -95   -649.92314  -659.84951  9.92637
4.801  Zr  100/y    -90   -651.51062  -659.84951  8.33889
4.801  Zr  100/y    -85   -652.87557  -659.84951  6.97394
4.801  Zr  100/y    -80   -654.04552  -659.84951  5.80399
4.801  Zr  100/y    -75   -655.04603  -659.84951  4.80348
4.801  Zr  100/y    -70   -655.89971  -659.84951  3.9498
4.801  Zr  100/y    -65   -656.62627  -659.84951  3.22324
4.801  Zr  100/y    -60   -657.24284  -659.84951  2.60667
4.801  Zr  100/y    -55   -657.76423  -659.84951  2.08528
4.801  Zr  100/y    -50   -658.2033   -659.84951  1.64621
4.801  Zr  100/y    -45   -658.57118  -659.84951  1.27833
4.801  Zr  100/y    -40   -658.87744  -659.84951  0.97207
4.801  Zr  100/y    -35   -659.1303   -659.84951  0.71921
4.801  Zr  100/y    -30   -659.33669  -659.84951  0.51282
4.801  Zr  100/y    -25   -659.50234  -659.84951  0.34717
4.801  Zr  100/y    -20   -659.63193  -659.84951  0.21758
4.801  Zr  100/y    -15   -659.7291   -659.84951  0.12041
4.801  Zr  100/y    -14   -659.7449   -659.84951  0.10461
4.801  Zr  100/y    -13   -659.75954  -659.84951  0.08997
4.801  Zr  100/y    -12   -659.77303  -659.84951  0.07648
4.801  Zr  100/y    -11   -659.78539  -659.84951  0.06412
4.801  Zr  100/y    -10   -659.79662  -659.84951  0.05289
4.801  Zr  100/y    -9    -659.80674  -659.84951  0.04277
4.801  Zr  100/y    -8    -659.81578  -659.84951  0.03373
4.801  Zr  100/y    -7    -659.82372  -659.84951  0.02579
4.801  Zr  100/y    -6    -659.83059  -659.84951  0.01892
4.801  Zr  100/y    -5    -659.83639  -659.84951  0.01312
4.801  Zr  100/y    -4    -659.84112  -659.84951  0.00839
4.801  Zr  100/y    -3    -659.8448   -659.84951  0.00471
4.801  Zr  100/y    -2    -659.84742  -659.84951  0.00209
4.801  Zr  100/y    -1    -659.84899  -659.84951  0.00052
4.801  Zr  100/y    0     -659.84951  -659.84951  0
4.801  Zr  100/y    1     -659.84899  -659.84951  0.00052
4.801  Zr  100/y    2     -659.84742  -659.84951  0.00209
4.801  Zr  100/y    3     -659.8448   -659.84951  0.00471
4.801  Zr  100/y    4     -659.84112  -659.84951  0.00839
4.801  Zr  100/y    5     -659.83639  -659.84951  0.01312
4.801  Zr  100/y    6     -659.83059  -659.84951  0.01892
4.801  Zr  100/y    7     -659.82372  -659.84951  0.02579
4.801  Zr  100/y    8     -659.81578  -659.84951  0.03373
4.801  Zr  100/y    9     -659.80674  -659.84951  0.04277
4.801  Zr  100/y    10    -659.79662  -659.84951  0.05289
4.801  Zr  100/y    11    -659.78539  -659.84951  0.06412
4.801  Zr  100/y    12    -659.77303  -659.84951  0.07648
4.801  Zr  100/y    13    -659.75954  -659.84951  0.08997
4.801  Zr  100/y    14    -659.7449   -659.84951  0.10461
4.801  Zr  100/y    15    -659.7291   -659.84951  0.12041
4.801  Zr  100/y    20    -659.63193  -659.84951  0.21758
4.801  Zr  100/y    25    -659.50234  -659.84951  0.34717
4.801  Zr  100/y    30    -659.33669  -659.84951  0.51282
4.801  Zr  100/y    35    -659.1303   -659.84951  0.71921
4.801  Zr  100/y    40    -658.87744  -659.84951  0.97207
4.801  Zr  100/y    45    -658.57118  -659.84951  1.27833
4.801  Zr  100/y    50    -658.2033   -659.84951  1.64621
4.801  Zr  100/y    55    -657.76423  -659.84951  2.08528
4.801  Zr  100/y    60    -657.24284  -659.84951  2.60667
4.801  Zr  100/y    65    -656.62627  -659.84951  3.22324
4.801  Zr  100/y    70    -655.89971  -659.84951  3.9498
4.801  Zr  100/y    75    -655.04603  -659.84951  4.80348
4.801  Zr  100/y    80    -654.04552  -659.84951  5.80399
4.801  Zr  100/y    85    -652.87557  -659.84951  6.97394
4.801  Zr  100/y    90    -651.51062  -659.84951  8.33889
4.801  Zr  100/y    95    -649.92314  -659.84951  9.92637
4.801  Zr  100/y    100   -648.08609  -659.84951  11.7634
4.801  Zr  110/xz   -100  -651.999    -659.84951  7.85051
4.801  Zr  110/xz   -95   -652.78388  -659.84951  7.06563
4.801  Zr  110/xz   -90   -653.54368  -659.84951  6.30583
4.801  Zr  110/xz   -85   -654.272    -659.84951  5.57751
4.801  Zr  110/xz   -80   -654.96303  -659.84951  4.88648
4.801  Zr  110/xz   -75   -655.61192  -659.84951  4.23759
4.801  Zr  110/xz   -70   -656.21488  -659.84951  3.63463
4.801  Zr  110/xz   -65   -656.76936  -659.84951  3.08015
4.801  Zr  110/xz   -60   -657.27393  -659.84951  2.57558
4.801  Zr  110/xz   -55   -657.72824  -659.84951  2.12127
4.801  Zr  110/xz   -50   -658.13281  -659.84951  1.7167
4.801  Zr  110/xz   -45   -658.4888   -659.84951  1.36071
4.801  Zr  110/xz   -40   -658.79792  -659.84951  1.05159
4.801  Zr  110/xz   -35   -659.06221  -659.84951  0.7873
4.801  Zr  110/xz   -30   -659.28391  -659.84951  0.5656
4.801  Zr  110/xz   -25   -659.4654   -659.84951  0.38411
4.801  Zr  110/xz   -20   -659.60905  -659.84951  0.24046
4.801  Zr  110/xz   -15   -659.71718  -659.84951  0.13233
4.801  Zr  110/xz   -14   -659.73474  -659.84951  0.11477
4.801  Zr  110/xz   -13   -659.75098  -659.84951  0.09853
4.801  Zr  110/xz   -12   -659.76593  -659.84951  0.08358
4.801  Zr  110/xz   -11   -659.77959  -659.84951  0.06992
4.801  Zr  110/xz   -10   -659.79199  -659.84951  0.05752
4.801  Zr  110/xz   -9    -659.80313  -659.84951  0.04638
4.801  Zr  110/xz   -8    -659.81304  -659.84951  0.03647
4.801  Zr  110/xz   -7    -659.82173  -659.84951  0.02778
4.801  Zr  110/xz   -6    -659.82921  -659.84951  0.0203
4.801  Zr  110/xz   -5    -659.83549  -659.84951  0.01402
4.801  Zr  110/xz   -4    -659.8406   -659.84951  0.00891
4.801  Zr  110/xz   -3    -659.84455  -659.84951  0.00496
4.801  Zr  110/xz   -2    -659.84733  -659.84951  0.00218
4.801  Zr  110/xz   -1    -659.84899  -659.84951  0.00052
4.801  Zr  110/xz   0     -659.84951  -659.84951  0
4.801  Zr  110/xz   1     -659.84892  -659.84951  0.00059
4.801  Zr  110/xz   2     -659.84723  -659.84951  0.00228
4.801  Zr  110/xz   3     -659.84445  -659.84951  0.00506
4.801  Zr  110/xz   4     -659.84059  -659.84951  0.00892
4.801  Zr  110/xz   5     -659.83565  -659.84951  0.01386
4.801  Zr  110/xz   6     -659.82965  -659.84951  0.01986
4.801  Zr  110/xz   7     -659.8226   -659.84951  0.02691
4.801  Zr  110/xz   8     -659.81451  -659.84951  0.035
4.801  Zr  110/xz   9     -659.80538  -659.84951  0.04413
4.801  Zr  110/xz   10    -659.79522  -659.84951  0.05429
4.801  Zr  110/xz   11    -659.78405  -659.84951  0.06546
4.801  Zr  110/xz   12    -659.77187  -659.84951  0.07764
4.801  Zr  110/xz   13    -659.75867  -659.84951  0.09084
4.801  Zr  110/xz   14    -659.74448  -659.84951  0.10503
4.801  Zr  110/xz   15    -659.7293   -659.84951  0.12021
4.801  Zr  110/xz   20    -659.63871  -659.84951  0.2108
4.801  Zr  110/xz   25    -659.52401  -659.84951  0.3255
4.801  Zr  110/xz   30    -659.38551  -659.84951  0.464
4.801  Zr  110/xz   35    -659.22332  -659.84951  0.62619
4.801  Zr  110/xz   40    -659.03739  -659.84951  0.81212
4.801  Zr  110/xz   45    -658.82746  -659.84951  1.02205
4.801  Zr  110/xz   50    -658.5932   -659.84951  1.25631
4.801  Zr  110/xz   55    -658.3342   -659.84951  1.51531
4.801  Zr  110/xz   60    -658.04997  -659.84951  1.79954
4.801  Zr  110/xz   65    -657.74004  -659.84951  2.10947
4.801  Zr  110/xz   70    -657.40394  -659.84951  2.44557
4.801  Zr  110/xz   75    -657.04126  -659.84951  2.80825
4.801  Zr  110/xz   80    -656.65168  -659.84951  3.19783
4.801  Zr  110/xz   85    -656.23501  -659.84951  3.6145
4.801  Zr  110/xz   90    -655.79122  -659.84951  4.05829
4.801  Zr  110/xz   95    -655.32058  -659.84951  4.52893
4.801  Zr  110/xz   100   -654.82377  -659.84951  5.02574
4.801  Zr  110/yz   -100  -652.88866  -659.84951  6.96085
4.801  Zr  110/yz   -95   -653.64189  -659.84951  6.20762
4.801  Zr  110/yz   -90   -654.35619  -659.84951  5.49332
4.801  Zr  110/yz   -85   -655.027    -659.84951  4.82251
4.801  Zr  110/yz   -80   -655.65129  -659.84951  4.19822
4.801  Zr  110/yz   -75   -656.22731  -659.84951  3.6222
4.801  Zr  110/yz   -70   -656.75443  -659.84951  3.09508
4.801  Zr  110/yz   -65   -657.23293  -659.84951  2.61658
4.801  Zr  110/yz   -60   -657.66381  -659.84951  2.1857
4.801  Zr  110/yz   -55   -658.04865  -659.84951  1.80086
4.801  Zr  110/yz   -50   -658.38941  -659.84951  1.4601
4.801  Zr  110/yz   -45   -658.68832  -659.84951  1.16119
4.801  Zr  110/yz   -40   -658.94772  -659.84951  0.90179
4.801  Zr  110/yz   -35   -659.16998  -659.84951  0.67953
4.801  Zr  110/yz   -30   -659.35737  -659.84951  0.49214
4.801  Zr  110/yz   -25   -659.51201  -659.84951  0.3375
4.801  Zr  110/yz   -20   -659.63577  -659.84951  0.21374
4.801  Zr  110/yz   -15   -659.73029  -659.84951  0.11922
4.801  Zr  110/yz   -14   -659.7458   -659.84951  0.10371
4.801  Zr  110/yz   -13   -659.76021  -659.84951  0.0893
4.801  Zr  110/yz   -12   -659.77352  -659.84951  0.07599
4.801  Zr  110/yz   -11   -659.78573  -659.84951  0.06378
4.801  Zr  110/yz   -10   -659.79685  -659.84951  0.05266
4.801  Zr  110/yz   -9    -659.8069   -659.84951  0.04261
4.801  Zr  110/yz   -8    -659.81587  -659.84951  0.03364
4.801  Zr  110/yz   -7    -659.82378  -659.84951  0.02573
4.801  Zr  110/yz   -6    -659.83062  -659.84951  0.01889
4.801  Zr  110/yz   -5    -659.8364   -659.84951  0.01311
4.801  Zr  110/yz   -4    -659.84113  -659.84951  0.00838
4.801  Zr  110/yz   -3    -659.8448   -659.84951  0.00471
4.801  Zr  110/yz   -2    -659.84742  -659.84951  0.00209
4.801  Zr  110/yz   -1    -659.84899  -659.84951  0.00052
4.801  Zr  110/yz   0     -659.84951  -659.84951  0
4.801  Zr  110/yz   1     -659.84899  -659.84951  0.00052
4.801  Zr  110/yz   2     -659.84742  -659.84951  0.00209
4.801  Zr  110/yz   3     -659.8448   -659.84951  0.00471
4.801  Zr  110/yz   4     -659.84113  -659.84951  0.00838
4.801  Zr  110/yz   5     -659.8364   -659.84951  0.01311
4.801  Zr  110/yz   6     -659.83062  -659.84951  0.01889
4.801  Zr  110/yz   7     -659.82378  -659.84951  0.02573
4.801  Zr  110/yz   8     -659.81587  -659.84951  0.03364
4.801  Zr  110/yz   9     -659.8069   -659.84951  0.04261
4.801  Zr  110/yz   10    -659.79685  -659.84951  0.05266
4.801  Zr  110/yz   11    -659.78573  -659.84951  0.06378
4.801  Zr  110/yz   12    -659.77352  -659.84951  0.07599
4.801  Zr  110/yz   13    -659.76021  -659.84951  0.0893
4.801  Zr  110/yz   14    -659.7458   -659.84951  0.10371
4.801  Zr  110/yz   15    -659.73029  -659.84951  0.11922
4.801  Zr  110/yz   20    -659.63577  -659.84951  0.21374
4.801  Zr  110/yz   25    -659.51201  -659.84951  0.3375
4.801  Zr  110/yz   30    -659.35737  -659.84951  0.49214
4.801  Zr  110/yz   35    -659.16998  -659.84951  0.67953
4.801  Zr  110/yz   40    -658.94772  -659.84951  0.90179
4.801  Zr  110/yz   45    -658.68832  -659.84951  1.16119
4.801  Zr  110/yz   50    -658.38941  -659.84951  1.4601
4.801  Zr  110/yz   55    -658.04865  -659.84951  1.80086
4.801  Zr  110/yz   60    -657.66381  -659.84951  2.1857
4.801  Zr  110/yz   65    -657.23293  -659.84951  2.61658
4.801  Zr  110/yz   70    -656.75443  -659.84951  3.09508
4.801  Zr  110/yz   75    -656.22731  -659.84951  3.6222
4.801  Zr  110/yz   80    -655.65129  -659.84951  4.19822
4.801  Zr  110/yz   85    -655.027    -659.84951  4.82251
4.801  Zr  110/yz   90    -654.35619  -659.84951  5.49332
4.801  Zr  110/yz   95    -653.64189  -659.84951  6.20762
4.801  Zr  110/yz   100   -652.88866  -659.84951  6.96085
4.801  Zr  111/xyz  -100  -653.47383  -659.84951  6.37568
4.801  Zr  111/xyz  -95   -654.04088  -659.84951  5.80863
4.801  Zr  111/xyz  -90   -654.60229  -659.84951  5.24722
4.801  Zr  111/xyz  -85   -655.15189  -659.84951  4.69762
4.801  Zr  111/xyz  -80   -655.68401  -659.84951  4.1655
4.801  Zr  111/xyz  -75   -656.19369  -659.84951  3.65582
4.801  Zr  111/xyz  -70   -656.67673  -659.84951  3.17278
4.801  Zr  111/xyz  -65   -657.12968  -659.84951  2.71983
4.801  Zr  111/xyz  -60   -657.54985  -659.84951  2.29966
4.801  Zr  111/xyz  -55   -657.93525  -659.84951  1.91426
4.801  Zr  111/xyz  -50   -658.28459  -659.84951  1.56492
4.801  Zr  111/xyz  -45   -658.59719  -659.84951  1.25232
4.801  Zr  111/xyz  -40   -658.87294  -659.84951  0.97657
4.801  Zr  111/xyz  -35   -659.11216  -659.84951  0.73735
4.801  Zr  111/xyz  -30   -659.31559  -659.84951  0.53392
4.801  Zr  111/xyz  -25   -659.48421  -659.84951  0.3653
4.801  Zr  111/xyz  -20   -659.61922  -659.84951  0.23029
4.801  Zr  111/xyz  -15   -659.72194  -659.84951  0.12757
4.801  Zr  111/xyz  -14   -659.73872  -659.84951  0.11079
4.801  Zr  111/xyz  -13   -659.75428  -659.84951  0.09523
4.801  Zr  111/xyz  -12   -659.76863  -659.84951  0.08088
4.801  Zr  111/xyz  -11   -659.78176  -659.84951  0.06775
4.801  Zr  111/xyz  -10   -659.7937   -659.84951  0.05581
4.801  Zr  111/xyz  -9    -659.80446  -659.84951  0.04505
4.801  Zr  111/xyz  -8    -659.81403  -659.84951  0.03548
4.801  Zr  111/xyz  -7    -659.82245  -659.84951  0.02706
4.801  Zr  111/xyz  -6    -659.82971  -659.84951  0.0198
4.801  Zr  111/xyz  -5    -659.83582  -659.84951  0.01369
4.801  Zr  111/xyz  -4    -659.8408   -659.84951  0.00871
4.801  Zr  111/xyz  -3    -659.84464  -659.84951  0.00487
4.801  Zr  111/xyz  -2    -659.84737  -659.84951  0.00214
4.801  Zr  111/xyz  -1    -659.84899  -659.84951  0.00052
4.801  Zr  111/xyz  0     -659.84951  -659.84951  0
4.801  Zr  111/xyz  1     -659.84894  -659.84951  0.00057
4.801  Zr  111/xyz  2     -659.84729  -659.84951  0.00222
4.801  Zr  111/xyz  3     -659.84455  -659.84951  0.00496
4.801  Zr  111/xyz  4     -659.84075  -659.84951  0.00876
4.801  Zr  111/xyz  5     -659.83589  -659.84951  0.01362
4.801  Zr  111/xyz  6     -659.82997  -659.84951  0.01954
4.801  Zr  111/xyz  7     -659.82299  -659.84951  0.02652
4.801  Zr  111/xyz  8     -659.81498  -659.84951  0.03453
4.801  Zr  111/xyz  9     -659.80593  -659.84951  0.04358
4.801  Zr  111/xyz  10    -659.79585  -659.84951  0.05366
4.801  Zr  111/xyz  11    -659.78474  -659.84951  0.06477
4.801  Zr  111/xyz  12    -659.7726   -659.84951  0.07691
4.801  Zr  111/xyz  13    -659.75945  -659.84951  0.09006
4.801  Zr  111/xyz  14    -659.74529  -659.84951  0.10422
4.801  Zr  111/xyz  15    -659.73011  -659.84951  0.1194
4.801  Zr  111/xyz  20    -659.63922  -659.84951  0.21029
4.801  Zr  111/xyz  25    -659.52348  -659.84951  0.32603
4.801  Zr  111/xyz  30    -659.38305  -659.84951  0.46646
4.801  Zr  111/xyz  35    -659.21787  -659.84951  0.63164
4.801  Zr  111/xyz  40    -659.0278   -659.84951  0.82171
4.801  Zr  111/xyz  45    -658.81258  -659.84951  1.03693
4.801  Zr  111/xyz  50    -658.57191  -659.84951  1.2776
4.801  Zr  111/xyz  55    -658.30549  -659.84951  1.54402
4.801  Zr  111/xyz  60    -658.01311  -659.84951  1.8364
4.801  Zr  111/xyz  65    -657.69467  -659.84951  2.15484
4.801  Zr  111/xyz  70    -657.35026  -659.84951  2.49925
4.801  Zr  111/xyz  75    -656.98024  -659.84951  2.86927
4.801  Zr  111/xyz  80    -656.58531  -659.84951  3.2642
4.801  Zr  111/xyz  85    -656.16653  -659.84951  3.68298
4.801  Zr  111/xyz  90    -655.72541  -659.84951  4.1241
4.801  Zr  111/xyz  95    -655.26397  -659.84951  4.58554
4.801  Zr  111/xyz  100   -654.78478  -659.84951  5.06473
