4.801  C  100/x     -100  -650.73048  -659.84951  9.11903
4.801  C  100/x     -95   -652.14812  -659.84951  7.70139
4.801  C  100/x     -90   -653.37452  -659.84951  6.47499
4.801  C  100/x     -85   -654.43315  -659.84951  5.41636
4.801  C  100/x     -80   -655.34369  -659.84951  4.50582
4.801  C  100/x     -75   -656.1238   -659.84951  3.72571
4.801  C  100/x     -70   -656.78963  -659.84951  3.05988
4.801  C  100/x     -65   -657.35589  -659.84951  2.49362
4.801  C  100/x     -60   -657.83574  -659.84951  2.01377
4.801  C  100/x     -55   -658.24082  -659.84951  1.60869
4.801  C  100/x     -50   -658.58131  -659.84951  1.2682
4.801  C  100/x     -45   -658.86605  -659.84951  0.98346
4.801  C  100/x     -40   -659.10267  -659.84951  0.74684
4.801  C  100/x     -35   -659.29767  -659.84951  0.55184
4.801  C  100/x     -30   -659.45656  -659.84951  0.39295
4.801  C  100/x     -25   -659.58387  -659.84951  0.26564
4.801  C  100/x     -20   -659.68329  -659.84951  0.16622
4.801  C  100/x     -15   -659.75772  -659.84951  0.09179
4.801  C  100/x     -14   -659.76981  -659.84951  0.0797
4.801  C  100/x     -13   -659.781    -659.84951  0.06851
4.801  C  100/x     -12   -659.79131  -659.84951  0.0582
4.801  C  100/x     -11   -659.80074  -659.84951  0.04877
4.801  C  100/x     -10   -659.80932  -659.84951  0.04019
4.801  C  100/x     -9    -659.81705  -659.84951  0.03246
4.801  C  100/x     -8    -659.82393  -659.84951  0.02558
4.801  C  100/x     -7    -659.82999  -659.84951  0.01952
4.801  C  100/x     -6    -659.83521  -659.84951  0.0143
4.801  C  100/x     -5    -659.83962  -659.84951  0.00989
4.801  C  100/x     -4    -659.84321  -659.84951  0.0063
4.801  C  100/x     -3    -659.846    -659.84951  0.00351
4.801  C  100/x     -2    -659.84797  -659.84951  0.00154
4.801  C  100/x     -1    -659.84914  -659.84951  0.00037
4.801  C  100/x     0     -659.84951  -659.84951  0
4.801  C  100/x     1     -659.84908  -659.84951  0.00043
4.801  C  100/x     2     -659.84784  -659.84951  0.00167
4.801  C  100/x     3     -659.8458   -659.84951  0.00371
4.801  C  100/x     4     -659.84295  -659.84951  0.00656
4.801  C  100/x     5     -659.8393   -659.84951  0.01021
4.801  C  100/x     6     -659.83483  -659.84951  0.01468
4.801  C  100/x     7     -659.82954  -659.84951  0.01997
4.801  C  100/x     8     -659.82343  -659.84951  0.02608
4.801  C  100/x     9     -659.81649  -659.84951  0.03302
4.801  C  100/x     10    -659.80871  -659.84951  0.0408
4.801  C  100/x     11    -659.80008  -659.84951  0.04943
4.801  C  100/x     12    -659.7906   -659.84951  0.05891
4.801  C  100/x     13    -659.78024  -659.84951  0.06927
4.801  C  100/x     14    -659.76901  -659.84951  0.0805
4.801  C  100/x     15    -659.75688  -659.84951  0.09263
4.801  C  100/x     20    -659.68235  -659.84951  0.16716
4.801  C  100/x     25    -659.58298  -659.84951  0.26653
4.801  C  100/x     30    -659.45597  -659.84951  0.39354
4.801  C  100/x     35    -659.29773  -659.84951  0.55178
4.801  C  100/x     40    -659.1038   -659.84951  0.74571
4.801  C  100/x     45    -658.86885  -659.84951  0.98066
4.801  C  100/x     50    -658.58651  -659.84951  1.263
4.801  C  100/x     55    -658.24934  -659.84951  1.60017
4.801  C  100/x     60    -657.84873  -659.84951  2.00078
4.801  C  100/x     65    -657.37476  -659.84951  2.47475
4.801  C  100/x     70    -656.81609  -659.84951  3.03342
4.801  C  100/x     75    -656.15989  -659.84951  3.68962
4.801  C  100/x     80    -655.39174  -659.84951  4.45777
4.801  C  100/x     85    -654.49564  -659.84951  5.35387
4.801  C  100/x     90    -653.45388  -659.84951  6.39563
4.801  C  100/x     95    -652.24662  -659.84951  7.60289
4.801  C  100/x     100   -650.85081  -659.84951  8.9987
4.801  C  110/xy    -100  -655.20042  -659.84951  4.64909
4.801  C  110/xy    -95   -655.66172  -659.84951  4.18779
4.801  C  110/xy    -90   -656.10404  -659.84951  3.74547
4.801  C  110/xy    -85   -656.52457  -659.84951  3.32494
4.801  C  110/xy    -80   -656.92128  -659.84951  2.92823
4.801  C  110/xy    -75   -657.29274  -659.84951  2.55677
4.801  C  110/xy    -70   -657.63808  -659.84951  2.21143
4.801  C  110/xy    -65   -657.95688  -659.84951  1.89263
4.801  C  110/xy    -60   -658.24905  -659.84951  1.60046
4.801  C  110/xy    -55   -658.5148   -659.84951  1.33471
4.801  C  110/xy    -50   -658.75453  -659.84951  1.09498
4.801  C  110/xy    -45   -658.9688   -659.84951  0.88071
4.801  C  110/xy    -40   -659.15822  -659.84951  0.69129
4.801  C  110/xy    -35   -659.32345  -659.84951  0.52606
4.801  C  110/xy    -30   -659.46513  -659.84951  0.38438
4.801  C  110/xy    -25   -659.58388  -659.84951  0.26563
4.801  C  110/xy    -20   -659.68024  -659.84951  0.16927
4.801  C  110/xy    -15   -659.75467  -659.84951  0.09484
4.801  C  110/xy    -14   -659.76696  -659.84951  0.08255
4.801  C  110/xy    -13   -659.77838  -659.84951  0.07113
4.801  C  110/xy    -12   -659.78896  -659.84951  0.06055
4.801  C  110/xy    -11   -659.79867  -659.84951  0.05084
4.801  C  110/xy    -10   -659.80753  -659.84951  0.04198
4.801  C  110/xy    -9    -659.81554  -659.84951  0.03397
4.801  C  110/xy    -8    -659.8227   -659.84951  0.02681
4.801  C  110/xy    -7    -659.82901  -659.84951  0.0205
4.801  C  110/xy    -6    -659.83447  -659.84951  0.01504
4.801  C  110/xy    -5    -659.83909  -659.84951  0.01042
4.801  C  110/xy    -4    -659.84286  -659.84951  0.00665
4.801  C  110/xy    -3    -659.84579  -659.84951  0.00372
4.801  C  110/xy    -2    -659.84787  -659.84951  0.00164
4.801  C  110/xy    -1    -659.84911  -659.84951  0.0004
4.801  C  110/xy    0     -659.84951  -659.84951  0
4.801  C  110/xy    1     -659.84907  -659.84951  0.00044
4.801  C  110/xy    2     -659.84778  -659.84951  0.00173
4.801  C  110/xy    3     -659.84565  -659.84951  0.00386
4.801  C  110/xy    4     -659.84268  -659.84951  0.00683
4.801  C  110/xy    5     -659.83886  -659.84951  0.01065
4.801  C  110/xy    6     -659.8342   -659.84951  0.01531
4.801  C  110/xy    7     -659.82869  -659.84951  0.02082
4.801  C  110/xy    8     -659.82233  -659.84951  0.02718
4.801  C  110/xy    9     -659.81513  -659.84951  0.03438
4.801  C  110/xy    10    -659.80708  -659.84951  0.04243
4.801  C  110/xy    11    -659.79818  -659.84951  0.05133
4.801  C  110/xy    12    -659.78842  -659.84951  0.06109
4.801  C  110/xy    13    -659.77781  -659.84951  0.0717
4.801  C  110/xy    14    -659.76634  -659.84951  0.08317
4.801  C  110/xy    15    -659.75401  -659.84951  0.0955
4.801  C  110/xy    20    -659.67941  -659.84951  0.1701
4.801  C  110/xy    25    -659.5829   -659.84951  0.26661
4.801  C  110/xy    30    -659.46404  -659.84951  0.38547
4.801  C  110/xy    35    -659.32228  -659.84951  0.52723
4.801  C  110/xy    40    -659.15702  -659.84951  0.69249
4.801  C  110/xy    45    -658.96762  -659.84951  0.88189
4.801  C  110/xy    50    -658.75341  -659.84951  1.0961
4.801  C  110/xy    55    -658.51375  -659.84951  1.33576
4.801  C  110/xy    60    -658.24811  -659.84951  1.6014
4.801  C  110/xy    65    -657.95606  -659.84951  1.89345
4.801  C  110/xy    70    -657.63739  -659.84951  2.21212
4.801  C  110/xy    75    -657.29216  -659.84951  2.55735
4.801  C  110/xy    80    -656.92077  -659.84951  2.92874
4.801  C  110/xy    85    -656.52405  -659.84951  3.32546
4.801  C  110/xy    90    -656.10335  -659.84951  3.74616
4.801  C  110/xy    95    -655.66064  -659.84951  4.18887
4.801  C  110/xy    100   -655.19856  -659.84951  4.65095
4.801  C  110/xz    -100  -656.31065  -659.84951  3.53886
4.801  C  110/xz    -95   -656.62708  -659.84951  3.22243
4.801  C  110/xz    -90   -656.9361   -659.84951  2.91341
4.801  C  110/xz    -85   -657.23546  -659.84951  2.61405
4.801  C  110/xz    -80   -657.52318  -659.84951  2.32633
4.801  C  110/xz    -75   -657.79754  -659.84951  2.05197
4.801  C  110/xz    -70   -658.05711  -659.84951  1.7924
4.801  C  110/xz    -65   -658.30076  -659.84951  1.54875
4.801  C  110/xz    -60   -658.52766  -659.84951  1.32185
4.801  C  110/xz    -55   -658.7372   -659.84951  1.11231
4.801  C  110/xz    -50   -658.92899  -659.84951  0.92052
4.801  C  110/xz    -45   -659.10281  -659.84951  0.7467
4.801  C  110/xz    -40   -659.25855  -659.84951  0.59096
4.801  C  110/xz    -35   -659.39618  -659.84951  0.45333
4.801  C  110/xz    -30   -659.51571  -659.84951  0.3338
4.801  C  110/xz    -25   -659.61712  -659.84951  0.23239
4.801  C  110/xz    -20   -659.70038  -659.84951  0.14913
4.801  C  110/xz    -15   -659.76542  -659.84951  0.08409
4.801  C  110/xz    -14   -659.77623  -659.84951  0.07328
4.801  C  110/xz    -13   -659.7863   -659.84951  0.06321
4.801  C  110/xz    -12   -659.79564  -659.84951  0.05387
4.801  C  110/xz    -11   -659.80424  -659.84951  0.04527
4.801  C  110/xz    -10   -659.8121   -659.84951  0.03741
4.801  C  110/xz    -9    -659.81922  -659.84951  0.03029
4.801  C  110/xz    -8    -659.82559  -659.84951  0.02392
4.801  C  110/xz    -7    -659.83122  -659.84951  0.01829
4.801  C  110/xz    -6    -659.83609  -659.84951  0.01342
4.801  C  110/xz    -5    -659.84022  -659.84951  0.00929
4.801  C  110/xz    -4    -659.84359  -659.84951  0.00592
4.801  C  110/xz    -3    -659.84621  -659.84951  0.0033
4.801  C  110/xz    -2    -659.84808  -659.84951  0.00143
4.801  C  110/xz    -1    -659.84918  -659.84951  0.00033
4.801  C  110/xz    0     -659.84951  -659.84951  0
4.801  C  110/xz    1     -659.84908  -659.84951  0.00043
4.801  C  110/xz    2     -659.84788  -659.84951  0.00163
4.801  C  110/xz    3     -659.84591  -659.84951  0.0036
4.801  C  110/xz    4     -659.84316  -659.84951  0.00635
4.801  C  110/xz    5     -659.83963  -659.84951  0.00988
4.801  C  110/xz    6     -659.83532  -659.84951  0.01419
4.801  C  110/xz    7     -659.83022  -659.84951  0.01929
4.801  C  110/xz    8     -659.82433  -659.84951  0.02518
4.801  C  110/xz    9     -659.81766  -659.84951  0.03185
4.801  C  110/xz    10    -659.81017  -659.84951  0.03934
4.801  C  110/xz    11    -659.80189  -659.84951  0.04762
4.801  C  110/xz    12    -659.7928   -659.84951  0.05671
4.801  C  110/xz    13    -659.7829   -659.84951  0.06661
4.801  C  110/xz    14    -659.77219  -659.84951  0.07732
4.801  C  110/xz    15    -659.76065  -659.84951  0.08886
4.801  C  110/xz    20    -659.69053  -659.84951  0.15898
4.801  C  110/xz    25    -659.5992   -659.84951  0.25031
4.801  C  110/xz    30    -659.48599  -659.84951  0.36352
4.801  C  110/xz    35    -659.35016  -659.84951  0.49935
4.801  C  110/xz    40    -659.19091  -659.84951  0.6586
4.801  C  110/xz    45    -659.0074   -659.84951  0.84211
4.801  C  110/xz    50    -658.79874  -659.84951  1.05077
4.801  C  110/xz    55    -658.56407  -659.84951  1.28544
4.801  C  110/xz    60    -658.30255  -659.84951  1.54696
4.801  C  110/xz    65    -658.01348  -659.84951  1.83603
4.801  C  110/xz    70    -657.69632  -659.84951  2.15319
4.801  C  110/xz    75    -657.35076  -659.84951  2.49875
4.801  C  110/xz    80    -656.97686  -659.84951  2.87265
4.801  C  110/xz    85    -656.57509  -659.84951  3.27442
4.801  C  110/xz    90    -656.14642  -659.84951  3.70309
4.801  C  110/xz    95    -655.69247  -659.84951  4.15704
4.801  C  110/xz    100   -655.21553  -659.84951  4.63398
4.801  C  111/bxyz  -100  -656.12314  -659.84951  3.72637
4.801  C  111/bxyz  -95   -656.42399  -659.84951  3.42552
4.801  C  111/bxyz  -90   -656.72396  -659.84951  3.12555
4.801  C  111/bxyz  -85   -657.02032  -659.84951  2.82919
4.801  C  111/bxyz  -80   -657.3105   -659.84951  2.53901
4.801  C  111/bxyz  -75   -657.59216  -659.84951  2.25735
4.801  C  111/bxyz  -70   -657.8632   -659.84951  1.98631
4.801  C  111/bxyz  -65   -658.12171  -659.84951  1.7278
4.801  C  111/bxyz  -60   -658.36605  -659.84951  1.48346
4.801  C  111/bxyz  -55   -658.59478  -659.84951  1.25473
4.801  C  111/bxyz  -50   -658.80669  -659.84951  1.04282
4.801  C  111/bxyz  -45   -659.00077  -659.84951  0.84874
4.801  C  111/bxyz  -40   -659.17618  -659.84951  0.67333
4.801  C  111/bxyz  -35   -659.33224  -659.84951  0.51727
4.801  C  111/bxyz  -30   -659.46841  -659.84951  0.3811
4.801  C  111/bxyz  -25   -659.58425  -659.84951  0.26526
4.801  C  111/bxyz  -20   -659.67944  -659.84951  0.17007
4.801  C  111/bxyz  -15   -659.75371  -659.84951  0.0958
4.801  C  111/bxyz  -14   -659.76604  -659.84951  0.08347
4.801  C  111/bxyz  -13   -659.77753  -659.84951  0.07198
4.801  C  111/bxyz  -12   -659.78816  -659.84951  0.06135
4.801  C  111/bxyz  -11   -659.79795  -659.84951  0.05156
4.801  C  111/bxyz  -10   -659.80689  -659.84951  0.04262
4.801  C  111/bxyz  -9    -659.81499  -659.84951  0.03452
4.801  C  111/bxyz  -8    -659.82223  -659.84951  0.02728
4.801  C  111/bxyz  -7    -659.82862  -659.84951  0.02089
4.801  C  111/bxyz  -6    -659.83416  -659.84951  0.01535
4.801  C  111/bxyz  -5    -659.83885  -659.84951  0.01066
4.801  C  111/bxyz  -4    -659.84269  -659.84951  0.00682
4.801  C  111/bxyz  -3    -659.84567  -659.84951  0.00384
4.801  C  111/bxyz  -2    -659.84781  -659.84951  0.0017
4.801  C  111/bxyz  -1    -659.84908  -659.84951  0.00043
4.801  C  111/bxyz  0     -659.84951  -659.84951  0
4.801  C  111/bxyz  1     -659.84908  -659.84951  0.00043
4.801  C  111/bxyz  2     -659.84781  -659.84951  0.0017
4.801  C  111/bxyz  3     -659.84567  -659.84951  0.00384
4.801  C  111/bxyz  4     -659.84269  -659.84951  0.00682
4.801  C  111/bxyz  5     -659.83885  -659.84951  0.01066
4.801  C  111/bxyz  6     -659.83416  -659.84951  0.01535
4.801  C  111/bxyz  7     -659.82862  -659.84951  0.02089
4.801  C  111/bxyz  8     -659.82223  -659.84951  0.02728
4.801  C  111/bxyz  9     -659.81499  -659.84951  0.03452
4.801  C  111/bxyz  10    -659.80689  -659.84951  0.04262
4.801  C  111/bxyz  11    -659.79795  -659.84951  0.05156
4.801  C  111/bxyz  12    -659.78816  -659.84951  0.06135
4.801  C  111/bxyz  13    -659.77753  -659.84951  0.07198
4.801  C  111/bxyz  14    -659.76604  -659.84951  0.08347
4.801  C  111/bxyz  15    -659.75371  -659.84951  0.0958
4.801  C  111/bxyz  20    -659.67944  -659.84951  0.17007
4.801  C  111/bxyz  25    -659.58425  -659.84951  0.26526
4.801  C  111/bxyz  30    -659.46841  -659.84951  0.3811
4.801  C  111/bxyz  35    -659.33224  -659.84951  0.51727
4.801  C  111/bxyz  40    -659.17618  -659.84951  0.67333
4.801  C  111/bxyz  45    -659.00077  -659.84951  0.84874
4.801  C  111/bxyz  50    -658.80669  -659.84951  1.04282
4.801  C  111/bxyz  55    -658.59478  -659.84951  1.25473
4.801  C  111/bxyz  60    -658.36605  -659.84951  1.48346
4.801  C  111/bxyz  65    -658.12171  -659.84951  1.7278
4.801  C  111/bxyz  70    -657.8632   -659.84951  1.98631
4.801  C  111/bxyz  75    -657.59216  -659.84951  2.25735
4.801  C  111/bxyz  80    -657.3105   -659.84951  2.53901
4.801  C  111/bxyz  85    -657.02032  -659.84951  2.82919
4.801  C  111/bxyz  90    -656.72396  -659.84951  3.12555
4.801  C  111/bxyz  95    -656.42399  -659.84951  3.42552
4.801  C  111/bxyz  100   -656.12314  -659.84951  3.72637
4.801  C  111/xyz   -100  -656.69681  -659.84951  3.1527
4.801  C  111/xyz   -95   -656.92999  -659.84951  2.91952
4.801  C  111/xyz   -90   -657.16629  -659.84951  2.68322
4.801  C  111/xyz   -85   -657.40343  -659.84951  2.44608
4.801  C  111/xyz   -80   -657.63913  -659.84951  2.21038
4.801  C  111/xyz   -75   -657.87118  -659.84951  1.97833
4.801  C  111/xyz   -70   -658.0975   -659.84951  1.75201
4.801  C  111/xyz   -65   -658.31608  -659.84951  1.53343
4.801  C  111/xyz   -60   -658.52514  -659.84951  1.32437
4.801  C  111/xyz   -55   -658.72302  -659.84951  1.12649
4.801  C  111/xyz   -50   -658.90824  -659.84951  0.94127
4.801  C  111/xyz   -45   -659.07953  -659.84951  0.76998
4.801  C  111/xyz   -40   -659.23573  -659.84951  0.61378
4.801  C  111/xyz   -35   -659.37588  -659.84951  0.47363
4.801  C  111/xyz   -30   -659.49911  -659.84951  0.3504
4.801  C  111/xyz   -25   -659.6047   -659.84951  0.24481
4.801  C  111/xyz   -20   -659.69204  -659.84951  0.15747
4.801  C  111/xyz   -15   -659.7606   -659.84951  0.08891
4.801  C  111/xyz   -14   -659.77202  -659.84951  0.07749
4.801  C  111/xyz   -13   -659.78266  -659.84951  0.06685
4.801  C  111/xyz   -12   -659.79253  -659.84951  0.05698
4.801  C  111/xyz   -11   -659.80162  -659.84951  0.04789
4.801  C  111/xyz   -10   -659.80993  -659.84951  0.03958
4.801  C  111/xyz   -9    -659.81746  -659.84951  0.03205
4.801  C  111/xyz   -8    -659.8242   -659.84951  0.02531
4.801  C  111/xyz   -7    -659.83015  -659.84951  0.01936
4.801  C  111/xyz   -6    -659.8353   -659.84951  0.01421
4.801  C  111/xyz   -5    -659.83967  -659.84951  0.00984
4.801  C  111/xyz   -4    -659.84324  -659.84951  0.00627
4.801  C  111/xyz   -3    -659.84601  -659.84951  0.0035
4.801  C  111/xyz   -2    -659.84798  -659.84951  0.00153
4.801  C  111/xyz   -1    -659.84915  -659.84951  0.00036
4.801  C  111/xyz   0     -659.84951  -659.84951  0
4.801  C  111/xyz   1     -659.84907  -659.84951  0.00044
4.801  C  111/xyz   2     -659.84782  -659.84951  0.00169
4.801  C  111/xyz   3     -659.84577  -659.84951  0.00374
4.801  C  111/xyz   4     -659.8429   -659.84951  0.00661
4.801  C  111/xyz   5     -659.83922  -659.84951  0.01029
4.801  C  111/xyz   6     -659.83473  -659.84951  0.01478
4.801  C  111/xyz   7     -659.82943  -659.84951  0.02008
4.801  C  111/xyz   8     -659.82331  -659.84951  0.0262
4.801  C  111/xyz   9     -659.81638  -659.84951  0.03313
4.801  C  111/xyz   10    -659.80863  -659.84951  0.04088
4.801  C  111/xyz   11    -659.80006  -659.84951  0.04945
4.801  C  111/xyz   12    -659.79068  -659.84951  0.05883
4.801  C  111/xyz   13    -659.78048  -659.84951  0.06903
4.801  C  111/xyz   14    -659.76946  -659.84951  0.08005
4.801  C  111/xyz   15    -659.75762  -659.84951  0.09189
4.801  C  111/xyz   20    -659.68615  -659.84951  0.16336
4.801  C  111/xyz   25    -659.59426  -659.84951  0.25525
4.801  C  111/xyz   30    -659.48207  -659.84951  0.36744
4.801  C  111/xyz   35    -659.3498   -659.84951  0.49971
4.801  C  111/xyz   40    -659.19778  -659.84951  0.65173
4.801  C  111/xyz   45    -659.02646  -659.84951  0.82305
4.801  C  111/xyz   50    -658.83645  -659.84951  1.01306
4.801  C  111/xyz   55    -658.62853  -659.84951  1.22098
4.801  C  111/xyz   60    -658.40365  -659.84951  1.44586
4.801  C  111/xyz   65    -658.16299  -659.84951  1.68652
4.801  C  111/xyz   70    -657.9079   -659.84951  1.94161
4.801  C  111/xyz   75    -657.63999  -659.84951  2.20952
4.801  C  111/xyz   80    -657.3611   -659.84951  2.48841
4.801  C  111/xyz   85    -657.07327  -659.84951  2.77624
4.801  C  111/xyz   90    -656.77881  -659.84951  3.0707
4.801  C  111/xyz   95    -656.48023  -659.84951  3.36928
4.801  C  111/xyz   100   -656.18022  -659.84951  3.66929
