4.850  Zr  100/x    -100  -638.6796   -656.41256  17.733
4.850  Zr  100/x    -95   -641.38856  -656.41256  15.024
4.850  Zr  100/x    -90   -643.78036  -656.41256  12.6322
4.850  Zr  100/x    -85   -645.8715   -656.41256  10.5411
4.850  Zr  100/x    -80   -647.68011  -656.41256  8.73245
4.850  Zr  100/x    -75   -649.23136  -656.41256  7.1812
4.850  Zr  100/x    -70   -650.5539   -656.41256  5.85866
4.850  Zr  100/x    -65   -651.67571  -656.41256  4.73685
4.850  Zr  100/x    -60   -652.62274  -656.41256  3.78982
4.850  Zr  100/x    -55   -653.41805  -656.41256  2.99451
4.850  Zr  100/x    -50   -654.08186  -656.41256  2.3307
4.850  Zr  100/x    -45   -654.63172  -656.41256  1.78084
4.850  Zr  100/x    -40   -655.08296  -656.41256  1.3296
4.850  Zr  100/x    -35   -655.44889  -656.41256  0.96367
4.850  Zr  100/x    -30   -655.74104  -656.41256  0.67152
4.850  Zr  100/x    -25   -655.96943  -656.41256  0.44313
4.850  Zr  100/x    -20   -656.14261  -656.41256  0.26995
4.850  Zr  100/x    -15   -656.26786  -656.41256  0.1447
4.850  Zr  100/x    -14   -656.28772  -656.41256  0.12484
4.850  Zr  100/x    -13   -656.30596  -656.41256  0.1066
4.850  Zr  100/x    -12   -656.32261  -656.41256  0.08995
4.850  Zr  100/x    -11   -656.33772  -656.41256  0.07484
4.850  Zr  100/x    -10   -656.35133  -656.41256  0.06123
4.850  Zr  100/x    -9    -656.36348  -656.41256  0.04908
4.850  Zr  100/x    -8    -656.3742   -656.41256  0.03836
4.850  Zr  100/x    -7    -656.38353  -656.41256  0.02903
4.850  Zr  100/x    -6    -656.3915   -656.41256  0.02106
4.850  Zr  100/x    -5    -656.39815  -656.41256  0.01441
4.850  Zr  100/x    -4    -656.4035   -656.41256  0.00906
4.850  Zr  100/x    -3    -656.40759  -656.41256  0.00497
4.850  Zr  100/x    -2    -656.41045  -656.41256  0.00211
4.850  Zr  100/x    -1    -656.4121   -656.41256  0.00046
4.850  Zr  100/x    0     -656.41256  -656.41256  0
4.850  Zr  100/x    1     -656.41187  -656.41256  0.00069
4.850  Zr  100/x    2     -656.41005  -656.41256  0.00251
4.850  Zr  100/x    3     -656.40713  -656.41256  0.00543
4.850  Zr  100/x    4     -656.40313  -656.41256  0.00943
4.850  Zr  100/x    5     -656.39806  -656.41256  0.0145
4.850  Zr  100/x    6     -656.39196  -656.41256  0.0206
4.850  Zr  100/x    7     -656.38486  -656.41256  0.0277
4.850  Zr  100/x    8     -656.37673  -656.41256  0.03583
4.850  Zr  100/x    9     -656.36763  -656.41256  0.04493
4.850  Zr  100/x    10    -656.35756  -656.41256  0.055
4.850  Zr  100/x    11    -656.34655  -656.41256  0.06601
4.850  Zr  100/x    12    -656.33461  -656.41256  0.07795
4.850  Zr  100/x    13    -656.32176  -656.41256  0.0908
4.850  Zr  100/x    14    -656.30802  -656.41256  0.10454
4.850  Zr  100/x    15    -656.29339  -656.41256  0.11917
4.850  Zr  100/x    20    -656.20756  -656.41256  0.205
4.850  Zr  100/x    25    -656.10174  -656.41256  0.31082
4.850  Zr  100/x    30    -655.9774   -656.41256  0.43516
4.850  Zr  100/x    35    -655.83579  -656.41256  0.57677
4.850  Zr  100/x    40    -655.67816  -656.41256  0.7344
4.850  Zr  100/x    45    -655.50574  -656.41256  0.90682
4.850  Zr  100/x    50    -655.31982  -656.41256  1.09274
4.850  Zr  100/x    55    -655.12161  -656.41256  1.29095
4.850  Zr  100/x    60    -654.9123   -656.41256  1.50026
4.850  Zr  100/x    65    -654.69342  -656.41256  1.71914
4.850  Zr  100/x    70    -654.46688  -656.41256  1.94568
4.850  Zr  100/x    75    -654.23391  -656.41256  2.17865
4.850  Zr  100/x    80    -653.99507  -656.41256  2.41749
4.850  Zr  100/x    85    -653.75077  -656.41256  2.66179
4.850  Zr  100/x    90    -653.50137  -656.41256  2.91119
4.850  Zr  100/x    95    -653.24676  -656.41256  3.1658
4.850  Zr  100/x    100   -652.98636  -656.41256  3.4262
4.850  Zr  100/y    -100  -645.13453  -656.41256  11.278
4.850  Zr  100/y    -95   -646.93069  -656.41256  9.48187
4.850  Zr  100/y    -90   -648.47568  -656.41256  7.93688
4.850  Zr  100/y    -85   -649.79843  -656.41256  6.61413
4.850  Zr  100/y    -80   -650.92757  -656.41256  5.48499
4.850  Zr  100/y    -75   -651.88918  -656.41256  4.52338
4.850  Zr  100/y    -70   -652.70622  -656.41256  3.70634
4.850  Zr  100/y    -65   -653.39856  -656.41256  3.014
4.850  Zr  100/y    -60   -653.98346  -656.41256  2.4291
4.850  Zr  100/y    -55   -654.47577  -656.41256  1.93679
4.850  Zr  100/y    -50   -654.88842  -656.41256  1.52414
4.850  Zr  100/y    -45   -655.23255  -656.41256  1.18001
4.850  Zr  100/y    -40   -655.51773  -656.41256  0.89483
4.850  Zr  100/y    -35   -655.75216  -656.41256  0.6604
4.850  Zr  100/y    -30   -655.94273  -656.41256  0.46983
4.850  Zr  100/y    -25   -656.09511  -656.41256  0.31745
4.850  Zr  100/y    -20   -656.21393  -656.41256  0.19863
4.850  Zr  100/y    -15   -656.30278  -656.41256  0.10978
4.850  Zr  100/y    -14   -656.31721  -656.41256  0.09535
4.850  Zr  100/y    -13   -656.33056  -656.41256  0.082
4.850  Zr  100/y    -12   -656.34287  -656.41256  0.06969
4.850  Zr  100/y    -11   -656.35414  -656.41256  0.05842
4.850  Zr  100/y    -10   -656.36438  -656.41256  0.04818
4.850  Zr  100/y    -9    -656.37361  -656.41256  0.03895
4.850  Zr  100/y    -8    -656.38184  -656.41256  0.03072
4.850  Zr  100/y    -7    -656.38908  -656.41256  0.02348
4.850  Zr  100/y    -6    -656.39533  -656.41256  0.01723
4.850  Zr  100/y    -5    -656.40061  -656.41256  0.01195
4.850  Zr  100/y    -4    -656.40492  -656.41256  0.00764
4.850  Zr  100/y    -3    -656.40827  -656.41256  0.00429
4.850  Zr  100/y    -2    -656.41065  -656.41256  0.00191
4.850  Zr  100/y    -1    -656.41208  -656.41256  0.00048
4.850  Zr  100/y    0     -656.41256  -656.41256  0
4.850  Zr  100/y    1     -656.41208  -656.41256  0.00048
4.850  Zr  100/y    2     -656.41065  -656.41256  0.00191
4.850  Zr  100/y    3     -656.40827  -656.41256  0.00429
4.850  Zr  100/y    4     -656.40492  -656.41256  0.00764
4.850  Zr  100/y    5     -656.40061  -656.41256  0.01195
4.850  Zr  100/y    6     -656.39533  -656.41256  0.01723
4.850  Zr  100/y    7     -656.38908  -656.41256  0.02348
4.850  Zr  100/y    8     -656.38184  -656.41256  0.03072
4.850  Zr  100/y    9     -656.37361  -656.41256  0.03895
4.850  Zr  100/y    10    -656.36438  -656.41256  0.04818
4.850  Zr  100/y    11    -656.35414  -656.41256  0.05842
4.850  Zr  100/y    12    -656.34287  -656.41256  0.06969
4.850  Zr  100/y    13    -656.33056  -656.41256  0.082
4.850  Zr  100/y    14    -656.31721  -656.41256  0.09535
4.850  Zr  100/y    15    -656.30278  -656.41256  0.10978
4.850  Zr  100/y    20    -656.21393  -656.41256  0.19863
4.850  Zr  100/y    25    -656.09511  -656.41256  0.31745
4.850  Zr  100/y    30    -655.94273  -656.41256  0.46983
4.850  Zr  100/y    35    -655.75216  -656.41256  0.6604
4.850  Zr  100/y    40    -655.51773  -656.41256  0.89483
4.850  Zr  100/y    45    -655.23255  -656.41256  1.18001
4.850  Zr  100/y    50    -654.88842  -656.41256  1.52414
4.850  Zr  100/y    55    -654.47577  -656.41256  1.93679
4.850  Zr  100/y    60    -653.98346  -656.41256  2.4291
4.850  Zr  100/y    65    -653.39856  -656.41256  3.014
4.850  Zr  100/y    70    -652.70622  -656.41256  3.70634
4.850  Zr  100/y    75    -651.88918  -656.41256  4.52338
4.850  Zr  100/y    80    -650.92757  -656.41256  5.48499
4.850  Zr  100/y    85    -649.79843  -656.41256  6.61413
4.850  Zr  100/y    90    -648.47568  -656.41256  7.93688
4.850  Zr  100/y    95    -646.93069  -656.41256  9.48187
4.850  Zr  100/y    100   -645.13453  -656.41256  11.278
4.850  Zr  110/xz   -100  -648.77049  -656.41256  7.64207
4.850  Zr  110/xz   -95   -649.53853  -656.41256  6.87403
4.850  Zr  110/xz   -90   -650.28177  -656.41256  6.13079
4.850  Zr  110/xz   -85   -650.99405  -656.41256  5.41851
4.850  Zr  110/xz   -80   -651.66954  -656.41256  4.74302
4.850  Zr  110/xz   -75   -652.3034   -656.41256  4.10916
4.850  Zr  110/xz   -70   -652.89196  -656.41256  3.5206
4.850  Zr  110/xz   -65   -653.43272  -656.41256  2.97984
4.850  Zr  110/xz   -60   -653.92428  -656.41256  2.48828
4.850  Zr  110/xz   -55   -654.36633  -656.41256  2.04623
4.850  Zr  110/xz   -50   -654.75937  -656.41256  1.65319
4.850  Zr  110/xz   -45   -655.10461  -656.41256  1.30795
4.850  Zr  110/xz   -40   -655.40378  -656.41256  1.00878
4.850  Zr  110/xz   -35   -655.65897  -656.41256  0.75359
4.850  Zr  110/xz   -30   -655.87249  -656.41256  0.54007
4.850  Zr  110/xz   -25   -656.04677  -656.41256  0.36579
4.850  Zr  110/xz   -20   -656.18427  -656.41256  0.22829
4.850  Zr  110/xz   -15   -656.28739  -656.41256  0.12517
4.850  Zr  110/xz   -14   -656.30409  -656.41256  0.10847
4.850  Zr  110/xz   -13   -656.31953  -656.41256  0.09303
4.850  Zr  110/xz   -12   -656.33373  -656.41256  0.07883
4.850  Zr  110/xz   -11   -656.34669  -656.41256  0.06587
4.850  Zr  110/xz   -10   -656.35844  -656.41256  0.05412
4.850  Zr  110/xz   -9    -656.36899  -656.41256  0.04357
4.850  Zr  110/xz   -8    -656.37836  -656.41256  0.0342
4.850  Zr  110/xz   -7    -656.38656  -656.41256  0.026
4.850  Zr  110/xz   -6    -656.39361  -656.41256  0.01895
4.850  Zr  110/xz   -5    -656.39952  -656.41256  0.01304
4.850  Zr  110/xz   -4    -656.40431  -656.41256  0.00825
4.850  Zr  110/xz   -3    -656.408    -656.41256  0.00456
4.850  Zr  110/xz   -2    -656.4106   -656.41256  0.00196
4.850  Zr  110/xz   -1    -656.41211  -656.41256  0.00045
4.850  Zr  110/xz   0     -656.41256  -656.41256  0
4.850  Zr  110/xz   1     -656.41195  -656.41256  0.00061
4.850  Zr  110/xz   2     -656.41031  -656.41256  0.00225
4.850  Zr  110/xz   3     -656.40763  -656.41256  0.00493
4.850  Zr  110/xz   4     -656.40394  -656.41256  0.00862
4.850  Zr  110/xz   5     -656.39923  -656.41256  0.01333
4.850  Zr  110/xz   6     -656.39353  -656.41256  0.01903
4.850  Zr  110/xz   7     -656.38684  -656.41256  0.02572
4.850  Zr  110/xz   8     -656.37917  -656.41256  0.03339
4.850  Zr  110/xz   9     -656.37054  -656.41256  0.04202
4.850  Zr  110/xz   10    -656.36094  -656.41256  0.05162
4.850  Zr  110/xz   11    -656.35039  -656.41256  0.06217
4.850  Zr  110/xz   12    -656.33889  -656.41256  0.07367
4.850  Zr  110/xz   13    -656.32645  -656.41256  0.08611
4.850  Zr  110/xz   14    -656.31309  -656.41256  0.09947
4.850  Zr  110/xz   15    -656.2988   -656.41256  0.11376
4.850  Zr  110/xz   20    -656.21366  -656.41256  0.1989
4.850  Zr  110/xz   25    -656.10608  -656.41256  0.30648
4.850  Zr  110/xz   30    -655.97638  -656.41256  0.43618
4.850  Zr  110/xz   35    -655.82461  -656.41256  0.58795
4.850  Zr  110/xz   40    -655.65065  -656.41256  0.76191
4.850  Zr  110/xz   45    -655.45416  -656.41256  0.9584
4.850  Zr  110/xz   50    -655.23471  -656.41256  1.17785
4.850  Zr  110/xz   55    -654.99175  -656.41256  1.42081
4.850  Zr  110/xz   60    -654.72468  -656.41256  1.68788
4.850  Zr  110/xz   65    -654.4329   -656.41256  1.97966
4.850  Zr  110/xz   70    -654.11578  -656.41256  2.29678
4.850  Zr  110/xz   75    -653.77276  -656.41256  2.6398
4.850  Zr  110/xz   80    -653.40335  -656.41256  3.00921
4.850  Zr  110/xz   85    -653.0072   -656.41256  3.40536
4.850  Zr  110/xz   90    -652.58407  -656.41256  3.82849
4.850  Zr  110/xz   95    -652.13402  -656.41256  4.27854
4.850  Zr  110/xz   100   -651.65741  -656.41256  4.75515
4.850  Zr  110/yz   -100  -649.86282  -656.41256  6.54974
4.850  Zr  110/yz   -95   -650.58239  -656.41256  5.83017
4.850  Zr  110/yz   -90   -651.26314  -656.41256  5.14942
4.850  Zr  110/yz   -85   -651.90089  -656.41256  4.51167
4.850  Zr  110/yz   -80   -652.49291  -656.41256  3.91965
4.850  Zr  110/yz   -75   -653.03775  -656.41256  3.37481
4.850  Zr  110/yz   -70   -653.53498  -656.41256  2.87758
4.850  Zr  110/yz   -65   -653.98505  -656.41256  2.42751
4.850  Zr  110/yz   -60   -654.38915  -656.41256  2.02341
4.850  Zr  110/yz   -55   -654.74896  -656.41256  1.6636
4.850  Zr  110/yz   -50   -655.06658  -656.41256  1.34598
4.850  Zr  110/yz   -45   -655.3443   -656.41256  1.06826
4.850  Zr  110/yz   -40   -655.58456  -656.41256  0.828
4.850  Zr  110/yz   -35   -655.78978  -656.41256  0.62278
4.850  Zr  110/yz   -30   -655.96228  -656.41256  0.45028
4.850  Zr  110/yz   -25   -656.10423  -656.41256  0.30833
4.850  Zr  110/yz   -20   -656.21755  -656.41256  0.19501
4.850  Zr  110/yz   -15   -656.3039   -656.41256  0.10866
4.850  Zr  110/yz   -14   -656.31805  -656.41256  0.09451
4.850  Zr  110/yz   -13   -656.33119  -656.41256  0.08137
4.850  Zr  110/yz   -12   -656.34333  -656.41256  0.06923
4.850  Zr  110/yz   -11   -656.35446  -656.41256  0.0581
4.850  Zr  110/yz   -10   -656.3646   -656.41256  0.04796
4.850  Zr  110/yz   -9    -656.37376  -656.41256  0.0388
4.850  Zr  110/yz   -8    -656.38193  -656.41256  0.03063
4.850  Zr  110/yz   -7    -656.38913  -656.41256  0.02343
4.850  Zr  110/yz   -6    -656.39536  -656.41256  0.0172
4.850  Zr  110/yz   -5    -656.40062  -656.41256  0.01194
4.850  Zr  110/yz   -4    -656.40493  -656.41256  0.00763
4.850  Zr  110/yz   -3    -656.40827  -656.41256  0.00429
4.850  Zr  110/yz   -2    -656.41065  -656.41256  0.00191
4.850  Zr  110/yz   -1    -656.41208  -656.41256  0.00048
4.850  Zr  110/yz   0     -656.41256  -656.41256  0
4.850  Zr  110/yz   1     -656.41208  -656.41256  0.00048
4.850  Zr  110/yz   2     -656.41065  -656.41256  0.00191
4.850  Zr  110/yz   3     -656.40827  -656.41256  0.00429
4.850  Zr  110/yz   4     -656.40493  -656.41256  0.00763
4.850  Zr  110/yz   5     -656.40062  -656.41256  0.01194
4.850  Zr  110/yz   6     -656.39536  -656.41256  0.0172
4.850  Zr  110/yz   7     -656.38913  -656.41256  0.02343
4.850  Zr  110/yz   8     -656.38193  -656.41256  0.03063
4.850  Zr  110/yz   9     -656.37376  -656.41256  0.0388
4.850  Zr  110/yz   10    -656.3646   -656.41256  0.04796
4.850  Zr  110/yz   11    -656.35446  -656.41256  0.0581
4.850  Zr  110/yz   12    -656.34333  -656.41256  0.06923
4.850  Zr  110/yz   13    -656.33119  -656.41256  0.08137
4.850  Zr  110/yz   14    -656.31805  -656.41256  0.09451
4.850  Zr  110/yz   15    -656.3039   -656.41256  0.10866
4.850  Zr  110/yz   20    -656.21755  -656.41256  0.19501
4.850  Zr  110/yz   25    -656.10423  -656.41256  0.30833
4.850  Zr  110/yz   30    -655.96228  -656.41256  0.45028
4.850  Zr  110/yz   35    -655.78978  -656.41256  0.62278
4.850  Zr  110/yz   40    -655.58456  -656.41256  0.828
4.850  Zr  110/yz   45    -655.3443   -656.41256  1.06826
4.850  Zr  110/yz   50    -655.06658  -656.41256  1.34598
4.850  Zr  110/yz   55    -654.74896  -656.41256  1.6636
4.850  Zr  110/yz   60    -654.38915  -656.41256  2.02341
4.850  Zr  110/yz   65    -653.98505  -656.41256  2.42751
4.850  Zr  110/yz   70    -653.53498  -656.41256  2.87758
4.850  Zr  110/yz   75    -653.03775  -656.41256  3.37481
4.850  Zr  110/yz   80    -652.49291  -656.41256  3.91965
4.850  Zr  110/yz   85    -651.90089  -656.41256  4.51167
4.850  Zr  110/yz   90    -651.26314  -656.41256  5.14942
4.850  Zr  110/yz   95    -650.58239  -656.41256  5.83017
4.850  Zr  110/yz   100   -649.86282  -656.41256  6.54974
4.850  Zr  111/xyz  -100  -650.32681  -656.41256  6.08575
4.850  Zr  111/xyz  -95   -650.86834  -656.41256  5.54422
4.850  Zr  111/xyz  -90   -651.4049   -656.41256  5.00766
4.850  Zr  111/xyz  -85   -651.93055  -656.41256  4.48201
4.850  Zr  111/xyz  -80   -652.43979  -656.41256  3.97277
4.850  Zr  111/xyz  -75   -652.92772  -656.41256  3.48484
4.850  Zr  111/xyz  -70   -653.39018  -656.41256  3.02238
4.850  Zr  111/xyz  -65   -653.82375  -656.41256  2.58881
4.850  Zr  111/xyz  -60   -654.22578  -656.41256  2.18678
4.850  Zr  111/xyz  -55   -654.5943   -656.41256  1.81826
4.850  Zr  111/xyz  -50   -654.92804  -656.41256  1.48452
4.850  Zr  111/xyz  -45   -655.22633  -656.41256  1.18623
4.850  Zr  111/xyz  -40   -655.48904  -656.41256  0.92352
4.850  Zr  111/xyz  -35   -655.71655  -656.41256  0.69601
4.850  Zr  111/xyz  -30   -655.9096   -656.41256  0.50296
4.850  Zr  111/xyz  -25   -656.06923  -656.41256  0.34333
4.850  Zr  111/xyz  -20   -656.19669  -656.41256  0.21587
4.850  Zr  111/xyz  -15   -656.29335  -656.41256  0.11921
4.850  Zr  111/xyz  -14   -656.30912  -656.41256  0.10344
4.850  Zr  111/xyz  -13   -656.32372  -656.41256  0.08884
4.850  Zr  111/xyz  -12   -656.33716  -656.41256  0.0754
4.850  Zr  111/xyz  -11   -656.34947  -656.41256  0.06309
4.850  Zr  111/xyz  -10   -656.36065  -656.41256  0.05191
4.850  Zr  111/xyz  -9    -656.3707   -656.41256  0.04186
4.850  Zr  111/xyz  -8    -656.37965  -656.41256  0.03291
4.850  Zr  111/xyz  -7    -656.3875   -656.41256  0.02506
4.850  Zr  111/xyz  -6    -656.39426  -656.41256  0.0183
4.850  Zr  111/xyz  -5    -656.39995  -656.41256  0.01261
4.850  Zr  111/xyz  -4    -656.40456  -656.41256  0.008
4.850  Zr  111/xyz  -3    -656.40813  -656.41256  0.00443
4.850  Zr  111/xyz  -2    -656.41064  -656.41256  0.00192
4.850  Zr  111/xyz  -1    -656.41212  -656.41256  0.00044
4.850  Zr  111/xyz  0     -656.41256  -656.41256  0
4.850  Zr  111/xyz  1     -656.41198  -656.41256  0.00058
4.850  Zr  111/xyz  2     -656.4104   -656.41256  0.00216
4.850  Zr  111/xyz  3     -656.40781  -656.41256  0.00475
4.850  Zr  111/xyz  4     -656.40422  -656.41256  0.00834
4.850  Zr  111/xyz  5     -656.39965  -656.41256  0.01291
4.850  Zr  111/xyz  6     -656.39409  -656.41256  0.01847
4.850  Zr  111/xyz  7     -656.38756  -656.41256  0.025
4.850  Zr  111/xyz  8     -656.38006  -656.41256  0.0325
4.850  Zr  111/xyz  9     -656.37159  -656.41256  0.04097
4.850  Zr  111/xyz  10    -656.36217  -656.41256  0.05039
4.850  Zr  111/xyz  11    -656.35181  -656.41256  0.06075
4.850  Zr  111/xyz  12    -656.34048  -656.41256  0.07208
4.850  Zr  111/xyz  13    -656.32822  -656.41256  0.08434
4.850  Zr  111/xyz  14    -656.31503  -656.41256  0.09753
4.850  Zr  111/xyz  15    -656.3009   -656.41256  0.11166
4.850  Zr  111/xyz  20    -656.21635  -656.41256  0.19621
4.850  Zr  111/xyz  25    -656.10884  -656.41256  0.30372
4.850  Zr  111/xyz  30    -655.97847  -656.41256  0.43409
4.850  Zr  111/xyz  35    -655.82514  -656.41256  0.58742
4.850  Zr  111/xyz  40    -655.64862  -656.41256  0.76394
4.850  Zr  111/xyz  45    -655.44854  -656.41256  0.96402
4.850  Zr  111/xyz  50    -655.22448  -656.41256  1.18808
4.850  Zr  111/xyz  55    -654.97604  -656.41256  1.43652
4.850  Zr  111/xyz  60    -654.70284  -656.41256  1.70972
4.850  Zr  111/xyz  65    -654.40464  -656.41256  2.00792
4.850  Zr  111/xyz  70    -654.08136  -656.41256  2.3312
4.850  Zr  111/xyz  75    -653.73318  -656.41256  2.67938
4.850  Zr  111/xyz  80    -653.3606   -656.41256  3.05196
4.850  Zr  111/xyz  85    -652.96449  -656.41256  3.44807
4.850  Zr  111/xyz  90    -652.54615  -656.41256  3.86641
4.850  Zr  111/xyz  95    -652.10738  -656.41256  4.30518
4.850  Zr  111/xyz  100   -651.65051  -656.41256  4.76205
