4.850  C  100/x     -100  -647.56301  -656.41256  8.84955
4.850  C  100/x     -95   -648.96448  -656.41256  7.44808
4.850  C  100/x     -90   -650.17298  -656.41256  6.23958
4.850  C  100/x     -85   -651.21195  -656.41256  5.20061
4.850  C  100/x     -80   -652.10153  -656.41256  4.31103
4.850  C  100/x     -75   -652.8601   -656.41256  3.55246
4.850  C  100/x     -70   -653.50452  -656.41256  2.90804
4.850  C  100/x     -65   -654.05004  -656.41256  2.36252
4.850  C  100/x     -60   -654.51023  -656.41256  1.90233
4.850  C  100/x     -55   -654.897    -656.41256  1.51556
4.850  C  100/x     -50   -655.22072  -656.41256  1.19184
4.850  C  100/x     -45   -655.49035  -656.41256  0.92221
4.850  C  100/x     -40   -655.71358  -656.41256  0.69898
4.850  C  100/x     -35   -655.89695  -656.41256  0.51561
4.850  C  100/x     -30   -656.04593  -656.41256  0.36663
4.850  C  100/x     -25   -656.16503  -656.41256  0.24753
4.850  C  100/x     -20   -656.25786  -656.41256  0.1547
4.850  C  100/x     -15   -656.32724  -656.41256  0.08532
4.850  C  100/x     -14   -656.3385   -656.41256  0.07406
4.850  C  100/x     -13   -656.34892  -656.41256  0.06364
4.850  C  100/x     -12   -656.35852  -656.41256  0.05404
4.850  C  100/x     -11   -656.36731  -656.41256  0.04525
4.850  C  100/x     -10   -656.37529  -656.41256  0.03727
4.850  C  100/x     -9    -656.38247  -656.41256  0.03009
4.850  C  100/x     -8    -656.38888  -656.41256  0.02368
4.850  C  100/x     -7    -656.3945   -656.41256  0.01806
4.850  C  100/x     -6    -656.39936  -656.41256  0.0132
4.850  C  100/x     -5    -656.40345  -656.41256  0.00911
4.850  C  100/x     -4    -656.40678  -656.41256  0.00578
4.850  C  100/x     -3    -656.40935  -656.41256  0.00321
4.850  C  100/x     -2    -656.41117  -656.41256  0.00139
4.850  C  100/x     -1    -656.41224  -656.41256  0.00032
4.850  C  100/x     0     -656.41256  -656.41256  0
4.850  C  100/x     1     -656.41213  -656.41256  0.00043
4.850  C  100/x     2     -656.41094  -656.41256  0.00162
4.850  C  100/x     3     -656.40901  -656.41256  0.00355
4.850  C  100/x     4     -656.40632  -656.41256  0.00624
4.850  C  100/x     5     -656.40287  -656.41256  0.00969
4.850  C  100/x     6     -656.39866  -656.41256  0.0139
4.850  C  100/x     7     -656.39368  -656.41256  0.01888
4.850  C  100/x     8     -656.38793  -656.41256  0.02463
4.850  C  100/x     9     -656.3814   -656.41256  0.03116
4.850  C  100/x     10    -656.37407  -656.41256  0.03849
4.850  C  100/x     11    -656.36595  -656.41256  0.04661
4.850  C  100/x     12    -656.35702  -656.41256  0.05554
4.850  C  100/x     13    -656.34727  -656.41256  0.06529
4.850  C  100/x     14    -656.33668  -656.41256  0.07588
4.850  C  100/x     15    -656.32525  -656.41256  0.08731
4.850  C  100/x     20    -656.25491  -656.41256  0.15765
4.850  C  100/x     25    -656.16089  -656.41256  0.25167
4.850  C  100/x     30    -656.04032  -656.41256  0.37224
4.850  C  100/x     35    -655.88957  -656.41256  0.52299
4.850  C  100/x     40    -655.70412  -656.41256  0.70844
4.850  C  100/x     45    -655.47851  -656.41256  0.93405
4.850  C  100/x     50    -655.20624  -656.41256  1.20632
4.850  C  100/x     55    -654.87962  -656.41256  1.53294
4.850  C  100/x     60    -654.48978  -656.41256  1.92278
4.850  C  100/x     65    -654.02642  -656.41256  2.38614
4.850  C  100/x     70    -653.47772  -656.41256  2.93484
4.850  C  100/x     75    -652.83025  -656.41256  3.58231
4.850  C  100/x     80    -652.06887  -656.41256  4.34369
4.850  C  100/x     85    -651.17671  -656.41256  5.23585
4.850  C  100/x     90    -650.13512  -656.41256  6.27744
4.850  C  100/x     95    -648.92332  -656.41256  7.48924
4.850  C  100/x     100   -647.51726  -656.41256  8.8953
4.850  C  110/xy    -100  -652.00965  -656.41256  4.40291
4.850  C  110/xy    -95   -652.44782  -656.41256  3.96474
4.850  C  110/xy    -90   -652.86813  -656.41256  3.54443
4.850  C  110/xy    -85   -653.26776  -656.41256  3.1448
4.850  C  110/xy    -80   -653.64462  -656.41256  2.76794
4.850  C  110/xy    -75   -653.9973   -656.41256  2.41526
4.850  C  110/xy    -70   -654.32492  -656.41256  2.08764
4.850  C  110/xy    -65   -654.62708  -656.41256  1.78548
4.850  C  110/xy    -60   -654.90373  -656.41256  1.50883
4.850  C  110/xy    -55   -655.1551   -656.41256  1.25746
4.850  C  110/xy    -50   -655.38162  -656.41256  1.03094
4.850  C  110/xy    -45   -655.58387  -656.41256  0.82869
4.850  C  110/xy    -40   -655.76249  -656.41256  0.65007
4.850  C  110/xy    -35   -655.91815  -656.41256  0.49441
4.850  C  110/xy    -30   -656.05152  -656.41256  0.36104
4.850  C  110/xy    -25   -656.16321  -656.41256  0.24935
4.850  C  110/xy    -20   -656.25377  -656.41256  0.15879
4.850  C  110/xy    -15   -656.32367  -656.41256  0.08889
4.850  C  110/xy    -14   -656.3352   -656.41256  0.07736
4.850  C  110/xy    -13   -656.34593  -656.41256  0.06663
4.850  C  110/xy    -12   -656.35585  -656.41256  0.05671
4.850  C  110/xy    -11   -656.36496  -656.41256  0.0476
4.850  C  110/xy    -10   -656.37328  -656.41256  0.03928
4.850  C  110/xy    -9    -656.38078  -656.41256  0.03178
4.850  C  110/xy    -8    -656.3875   -656.41256  0.02506
4.850  C  110/xy    -7    -656.39341  -656.41256  0.01915
4.850  C  110/xy    -6    -656.39853  -656.41256  0.01403
4.850  C  110/xy    -5    -656.40285  -656.41256  0.00971
4.850  C  110/xy    -4    -656.40638  -656.41256  0.00618
4.850  C  110/xy    -3    -656.40911  -656.41256  0.00345
4.850  C  110/xy    -2    -656.41105  -656.41256  0.00151
4.850  C  110/xy    -1    -656.4122   -656.41256  0.00036
4.850  C  110/xy    0     -656.41256  -656.41256  0
4.850  C  110/xy    1     -656.41212  -656.41256  0.00044
4.850  C  110/xy    2     -656.41089  -656.41256  0.00167
4.850  C  110/xy    3     -656.40887  -656.41256  0.00369
4.850  C  110/xy    4     -656.40606  -656.41256  0.0065
4.850  C  110/xy    5     -656.40245  -656.41256  0.01011
4.850  C  110/xy    6     -656.39804  -656.41256  0.01452
4.850  C  110/xy    7     -656.39285  -656.41256  0.01971
4.850  C  110/xy    8     -656.38685  -656.41256  0.02571
4.850  C  110/xy    9     -656.38005  -656.41256  0.03251
4.850  C  110/xy    10    -656.37246  -656.41256  0.0401
4.850  C  110/xy    11    -656.36407  -656.41256  0.04849
4.850  C  110/xy    12    -656.35487  -656.41256  0.05769
4.850  C  110/xy    13    -656.34486  -656.41256  0.0677
4.850  C  110/xy    14    -656.33405  -656.41256  0.07851
4.850  C  110/xy    15    -656.32242  -656.41256  0.09014
4.850  C  110/xy    20    -656.25205  -656.41256  0.16051
4.850  C  110/xy    25    -656.16097  -656.41256  0.25159
4.850  C  110/xy    30    -656.04869  -656.41256  0.36387
4.850  C  110/xy    35    -655.91466  -656.41256  0.4979
4.850  C  110/xy    40    -655.75825  -656.41256  0.65431
4.850  C  110/xy    45    -655.57876  -656.41256  0.8338
4.850  C  110/xy    50    -655.37552  -656.41256  1.03704
4.850  C  110/xy    55    -655.14787  -656.41256  1.26469
4.850  C  110/xy    60    -654.89522  -656.41256  1.51734
4.850  C  110/xy    65    -654.61714  -656.41256  1.79542
4.850  C  110/xy    70    -654.31339  -656.41256  2.09917
4.850  C  110/xy    75    -653.98401  -656.41256  2.42855
4.850  C  110/xy    80    -653.6294   -656.41256  2.78316
4.850  C  110/xy    85    -653.2504   -656.41256  3.16216
4.850  C  110/xy    90    -652.84841  -656.41256  3.56415
4.850  C  110/xy    95    -652.42542  -656.41256  3.98714
4.850  C  110/xy    100   -651.98419  -656.41256  4.42837
4.850  C  110/xz    -100  -653.14149  -656.41256  3.27107
4.850  C  110/xz    -95   -653.43174  -656.41256  2.98082
4.850  C  110/xz    -90   -653.71577  -656.41256  2.69679
4.850  C  110/xz    -85   -653.99142  -656.41256  2.42114
4.850  C  110/xz    -80   -654.25678  -656.41256  2.15578
4.850  C  110/xz    -75   -654.51018  -656.41256  1.90238
4.850  C  110/xz    -70   -654.75021  -656.41256  1.66235
4.850  C  110/xz    -65   -654.97574  -656.41256  1.43682
4.850  C  110/xz    -60   -655.18593  -656.41256  1.22663
4.850  C  110/xz    -55   -655.38015  -656.41256  1.03241
4.850  C  110/xz    -50   -655.558    -656.41256  0.85456
4.850  C  110/xz    -45   -655.71926  -656.41256  0.6933
4.850  C  110/xz    -40   -655.86379  -656.41256  0.54877
4.850  C  110/xz    -35   -655.99155  -656.41256  0.42101
4.850  C  110/xz    -30   -656.10254  -656.41256  0.31002
4.850  C  110/xz    -25   -656.19674  -656.41256  0.21582
4.850  C  110/xz    -20   -656.27411  -656.41256  0.13845
4.850  C  110/xz    -15   -656.33457  -656.41256  0.07799
4.850  C  110/xz    -14   -656.34462  -656.41256  0.06794
4.850  C  110/xz    -13   -656.35398  -656.41256  0.05858
4.850  C  110/xz    -12   -656.36266  -656.41256  0.0499
4.850  C  110/xz    -11   -656.37065  -656.41256  0.04191
4.850  C  110/xz    -10   -656.37795  -656.41256  0.03461
4.850  C  110/xz    -9    -656.38456  -656.41256  0.028
4.850  C  110/xz    -8    -656.41256  -656.413    0.022
4.850  C  110/xz    -7    -656.3957   -656.41256  0.01686
4.850  C  110/xz    -6    -656.40022  -656.41256  0.01234
4.850  C  110/xz    -5    -656.40405  -656.41256  0.00851
4.850  C  110/xz    -4    -656.40717  -656.41256  0.00539
4.850  C  110/xz    -3    -656.40958  -656.41256  0.00298
4.850  C  110/xz    -2    -656.41129  -656.41256  0.00127
4.850  C  110/xz    -1    -656.41228  -656.41256  0.00028
4.850  C  110/xz    0     -656.41256  -656.41256  0.00036
4.850  C  110/xz    1     -656.41212  -656.41256  0.00044
4.850  C  110/xz    2     -656.41096  -656.41256  0.0016
4.850  C  110/xz    3     -656.40907  -656.41256  0.00349
4.850  C  110/xz    4     -656.40646  -656.41256  0.0061
4.850  C  110/xz    5     -656.40311  -656.41256  0.00945
4.850  C  110/xz    6     -656.39903  -656.41256  0.01353
4.850  C  110/xz    7     -656.39421  -656.41256  0.01835
4.850  C  110/xz    8     -656.38865  -656.41256  0.02391
4.850  C  110/xz    9     -656.38233  -656.41256  0.03023
4.850  C  110/xz    10    -656.37527  -656.41256  0.03729
4.850  C  110/xz    11    -656.36745  -656.41256  0.04511
4.850  C  110/xz    12    -656.35886  -656.41256  0.0537
4.850  C  110/xz    13    -656.34951  -656.41256  0.06305
4.850  C  110/xz    14    -656.33939  -656.41256  0.07317
4.850  C  110/xz    15    -656.3285   -656.41256  0.08406
4.850  C  110/xz    20    -656.26222  -656.41256  0.15034
4.850  C  110/xz    25    -656.17578  -656.41256  0.23678
4.850  C  110/xz    30    -656.06844  -656.41256  0.34412
4.850  C  110/xz    35    -655.93943  -656.41256  0.47313
4.850  C  110/xz    40    -655.78788  -656.41256  0.62468
4.850  C  110/xz    45    -655.6129   -656.41256  0.79966
4.850  C  110/xz    50    -655.41355  -656.41256  0.99901
4.850  C  110/xz    55    -655.1889   -656.41256  1.22366
4.850  C  110/xz    60    -654.93808  -656.41256  1.47448
4.850  C  110/xz    65    -654.66031  -656.41256  1.75225
4.850  C  110/xz    70    -654.35501  -656.41256  2.05755
4.850  C  110/xz    75    -654.02184  -656.41256  2.39072
4.850  C  110/xz    80    -653.66082  -656.41256  2.75174
4.850  C  110/xz    85    -653.27243  -656.41256  3.14013
4.850  C  110/xz    90    -652.85767  -656.41256  3.55489
4.850  C  110/xz    95    -652.41818  -656.41256  3.99438
4.850  C  110/xz    100   -651.95639  -656.41256  4.45617
4.850  C  111/bxyz  -100  -652.8948   -656.41256  3.51776
4.850  C  111/bxyz  -95   -653.18004  -656.41256  3.23252
4.850  C  111/bxyz  -90   -653.46435  -656.41256  2.94821
4.850  C  111/bxyz  -85   -653.74511  -656.41256  2.66745
4.850  C  111/bxyz  -80   -654.01985  -656.41256  2.39271
4.850  C  111/bxyz  -75   -654.28634  -656.41256  2.12622
4.850  C  111/bxyz  -70   -654.54258  -656.41256  1.86998
4.850  C  111/bxyz  -65   -654.78677  -656.41256  1.62579
4.850  C  111/bxyz  -60   -655.01739  -656.41256  1.39517
4.850  C  111/bxyz  -55   -655.23308  -656.41256  1.17948
4.850  C  111/bxyz  -50   -655.43274  -656.41256  0.97982
4.850  C  111/bxyz  -45   -655.61544  -656.41256  0.79712
4.850  C  111/bxyz  -40   -655.78044  -656.41256  0.63212
4.850  C  111/bxyz  -35   -655.92712  -656.41256  0.48544
4.850  C  111/bxyz  -30   -656.05502  -656.41256  0.35754
4.850  C  111/bxyz  -25   -656.16377  -656.41256  0.24879
4.850  C  111/bxyz  -20   -656.25308  -656.41256  0.15948
4.850  C  111/bxyz  -15   -656.32275  -656.41256  0.08981
4.850  C  111/bxyz  -14   -656.33431  -656.41256  0.07825
4.850  C  111/bxyz  -13   -656.34508  -656.41256  0.06748
4.850  C  111/bxyz  -12   -656.35505  -656.41256  0.05751
4.850  C  111/bxyz  -11   -656.36423  -656.41256  0.04833
4.850  C  111/bxyz  -10   -656.37261  -656.41256  0.03995
4.850  C  111/bxyz  -9    -656.3802   -656.41256  0.03236
4.850  C  111/bxyz  -8    -656.38699  -656.41256  0.02557
4.850  C  111/bxyz  -7    -656.39298  -656.41256  0.01958
4.850  C  111/bxyz  -6    -656.39817  -656.41256  0.01439
4.850  C  111/bxyz  -5    -656.40257  -656.41256  0.00999
4.850  C  111/bxyz  -4    -656.40616  -656.41256  0.0064
4.850  C  111/bxyz  -3    -656.40896  -656.41256  0.0036
4.850  C  111/bxyz  -2    -656.41096  -656.41256  0.0016
4.850  C  111/bxyz  -1    -656.41216  -656.41256  0.0004
4.850  C  111/bxyz  0     -656.41256  -656.41256  0
4.850  C  111/bxyz  1     -656.41216  -656.41256  0.0004
4.850  C  111/bxyz  2     -656.41096  -656.41256  0.0016
4.850  C  111/bxyz  3     -656.40896  -656.41256  0.0036
4.850  C  111/bxyz  4     -656.40616  -656.41256  0.0064
4.850  C  111/bxyz  5     -656.40257  -656.41256  0.00999
4.850  C  111/bxyz  6     -656.39817  -656.41256  0.01439
4.850  C  111/bxyz  7     -656.39298  -656.41256  0.01958
4.850  C  111/bxyz  8     -656.38699  -656.41256  0.02557
4.850  C  111/bxyz  9     -656.3802   -656.41256  0.03236
4.850  C  111/bxyz  10    -656.37261  -656.41256  0.03995
4.850  C  111/bxyz  11    -656.36423  -656.41256  0.04833
4.850  C  111/bxyz  12    -656.35505  -656.41256  0.05751
4.850  C  111/bxyz  13    -656.34508  -656.41256  0.06748
4.850  C  111/bxyz  14    -656.33431  -656.41256  0.07825
4.850  C  111/bxyz  15    -656.32275  -656.41256  0.08981
4.850  C  111/bxyz  20    -656.25308  -656.41256  0.15948
4.850  C  111/bxyz  25    -656.16377  -656.41256  0.24879
4.850  C  111/bxyz  30    -656.05502  -656.41256  0.35754
4.850  C  111/bxyz  35    -655.92712  -656.41256  0.48544
4.850  C  111/bxyz  40    -655.78044  -656.41256  0.63212
4.850  C  111/bxyz  45    -655.61544  -656.41256  0.79712
4.850  C  111/bxyz  50    -655.43274  -656.41256  0.97982
4.850  C  111/bxyz  55    -655.23308  -656.41256  1.17948
4.850  C  111/bxyz  60    -655.01739  -656.41256  1.39517
4.850  C  111/bxyz  65    -654.78677  -656.41256  1.62579
4.850  C  111/bxyz  70    -654.54258  -656.41256  1.86998
4.850  C  111/bxyz  75    -654.28634  -656.41256  2.12622
4.850  C  111/bxyz  80    -654.01985  -656.41256  2.39271
4.850  C  111/bxyz  85    -653.74511  -656.41256  2.66745
4.850  C  111/bxyz  90    -653.46435  -656.41256  2.94821
4.850  C  111/bxyz  95    -653.18004  -656.41256  3.23252
4.850  C  111/bxyz  100   -652.8948   -656.41256  3.51776
4.850  C  111/xyz   -100  -653.46112  -656.41256  2.95144
4.850  C  111/xyz   -95   -653.67914  -656.41256  2.73342
4.850  C  111/xyz   -90   -653.90018  -656.41256  2.51238
4.850  C  111/xyz   -85   -654.12209  -656.41256  2.29047
4.850  C  111/xyz   -80   -654.34273  -656.41256  2.06983
4.850  C  111/xyz   -75   -654.56002  -656.41256  1.85254
4.850  C  111/xyz   -70   -654.77197  -656.41256  1.64059
4.850  C  111/xyz   -65   -654.97671  -656.41256  1.43585
4.850  C  111/xyz   -60   -655.17254  -656.41256  1.24002
4.850  C  111/xyz   -55   -655.35789  -656.41256  1.05467
4.850  C  111/xyz   -50   -655.53138  -656.41256  0.88118
4.850  C  111/xyz   -45   -655.69181  -656.41256  0.72075
4.850  C  111/xyz   -40   -655.8381   -656.41256  0.57446
4.850  C  111/xyz   -35   -655.96933  -656.41256  0.44323
4.850  C  111/xyz   -30   -656.08472  -656.41256  0.32784
4.850  C  111/xyz   -25   -656.18359  -656.41256  0.22897
4.850  C  111/xyz   -20   -656.26536  -656.41256  0.1472
4.850  C  111/xyz   -15   -656.32954  -656.41256  0.08302
4.850  C  111/xyz   -14   -656.34022  -656.41256  0.07234
4.850  C  111/xyz   -13   -656.35018  -656.41256  0.06238
4.850  C  111/xyz   -12   -656.35941  -656.41256  0.05315
4.850  C  111/xyz   -11   -656.36792  -656.41256  0.04464
4.850  C  111/xyz   -10   -656.37569  -656.41256  0.03687
4.850  C  111/xyz   -9    -656.38272  -656.41256  0.02984
4.850  C  111/xyz   -8    -656.38902  -656.41256  0.02354
4.850  C  111/xyz   -7    -656.39458  -656.41256  0.01798
4.850  C  111/xyz   -6    -656.39939  -656.41256  0.01317
4.850  C  111/xyz   -5    -656.40346  -656.41256  0.0091
4.850  C  111/xyz   -4    -656.40678  -656.41256  0.00578
4.850  C  111/xyz   -3    -656.40936  -656.41256  0.0032
4.850  C  111/xyz   -2    -656.41118  -656.41256  0.00138
4.850  C  111/xyz   -1    -656.41225  -656.41256  0.00031
4.850  C  111/xyz   0     -656.41256  -656.41256  0
4.850  C  111/xyz   1     -656.41211  -656.41256  0.00045
4.850  C  111/xyz   2     -656.41091  -656.41256  0.00165
4.850  C  111/xyz   3     -656.40895  -656.41256  0.00361
4.850  C  111/xyz   4     -656.40622  -656.41256  0.00634
4.850  C  111/xyz   5     -656.40274  -656.41256  0.00982
4.850  C  111/xyz   6     -656.39849  -656.41256  0.01407
4.850  C  111/xyz   7     -656.39347  -656.41256  0.01909
4.850  C  111/xyz   8     -656.38768  -656.41256  0.02488
4.850  C  111/xyz   9     -656.38113  -656.41256  0.03143
4.850  C  111/xyz   10    -656.37381  -656.41256  0.03875
4.850  C  111/xyz   11    -656.36572  -656.41256  0.04684
4.850  C  111/xyz   12    -656.35686  -656.41256  0.0557
4.850  C  111/xyz   13    -656.34723  -656.41256  0.06533
4.850  C  111/xyz   14    -656.33682  -656.41256  0.07574
4.850  C  111/xyz   15    -656.32564  -656.41256  0.08692
4.850  C  111/xyz   20    -656.25817  -656.41256  0.15439
4.850  C  111/xyz   25    -656.17138  -656.41256  0.24118
4.850  C  111/xyz   30    -656.06535  -656.41256  0.34721
4.850  C  111/xyz   35    -655.94026  -656.41256  0.4723
4.850  C  111/xyz   40    -655.79637  -656.41256  0.61619
4.850  C  111/xyz   45    -655.6341   -656.41256  0.77846
4.850  C  111/xyz   50    -655.45398  -656.41256  0.95858
4.850  C  111/xyz   55    -655.25671  -656.41256  1.15585
4.850  C  111/xyz   60    -655.04319  -656.41256  1.36937
4.850  C  111/xyz   65    -654.81451  -656.41256  1.59805
4.850  C  111/xyz   70    -654.57197  -656.41256  1.84059
4.850  C  111/xyz   75    -654.31709  -656.41256  2.09547
4.850  C  111/xyz   80    -654.05163  -656.41256  2.36093
4.850  C  111/xyz   85    -653.77758  -656.41256  2.63498
4.850  C  111/xyz   90    -653.49714  -656.41256  2.91542
4.850  C  111/xyz   95    -653.21277  -656.41256  3.19979
4.850  C  111/xyz   100   -652.92708  -656.41256  3.48548
